/home/eecs/mattjones/.local/lib/python3.6/site-packages/Cassiopeia/TreeSolver/reconstruct_tree.py:99: NumbaWarning: 
Compilation is falling back to object mode WITH looplifting enabled because Function "compute_distance_mat" failed type inference due to: Untyped global name 'tqdm': cannot determine Numba type of <class 'type'>

File "../../../../../../../../../home/eecs/mattjones/.local/lib/python3.6/site-packages/Cassiopeia/TreeSolver/reconstruct_tree.py", line 104:
def compute_distance_mat(cm, C, priors=None):
    <source elided>
    k = 0
    for i in tqdm(range(C-1), desc = 'solving distance matrix'):
    ^

  @jit(parallel=True)
/home/eecs/mattjones/.local/lib/python3.6/site-packages/Cassiopeia/TreeSolver/reconstruct_tree.py:99: NumbaWarning: 
Compilation is falling back to object mode WITHOUT looplifting enabled because Function "compute_distance_mat" failed type inference due to: cannot determine Numba type of <class 'numba.dispatcher.LiftedLoop'>

File "../../../../../../../../../home/eecs/mattjones/.local/lib/python3.6/site-packages/Cassiopeia/TreeSolver/reconstruct_tree.py", line 104:
def compute_distance_mat(cm, C, priors=None):
    <source elided>
    k = 0
    for i in tqdm(range(C-1), desc = 'solving distance matrix'):
    ^

  @jit(parallel=True)
/home/eecs/mattjones/anaconda3/envs/py36/lib/python3.6/site-packages/numba/compiler.py:725: NumbaWarning: Function "compute_distance_mat" was compiled in object mode without forceobj=True, but has lifted loops.

File "../../../../../../../../../home/eecs/mattjones/.local/lib/python3.6/site-packages/Cassiopeia/TreeSolver/reconstruct_tree.py", line 100:
@jit(parallel=True)
def compute_distance_mat(cm, C, priors=None):
^

  self.func_ir.loc))
/home/eecs/mattjones/anaconda3/envs/py36/lib/python3.6/site-packages/numba/compiler.py:734: NumbaDeprecationWarning: 
Fall-back from the nopython compilation path to the object mode compilation path has been detected, this is deprecated behaviour.

For more information visit http://numba.pydata.org/numba-doc/latest/reference/deprecation.html#deprecation-of-object-mode-fall-back-behaviour-when-using-jit

File "../../../../../../../../../home/eecs/mattjones/.local/lib/python3.6/site-packages/Cassiopeia/TreeSolver/reconstruct_tree.py", line 100:
@jit(parallel=True)
def compute_distance_mat(cm, C, priors=None):
^

  warnings.warn(errors.NumbaDeprecationWarning(msg, self.func_ir.loc))
/home/eecs/mattjones/.local/lib/python3.6/site-packages/Cassiopeia/TreeSolver/reconstruct_tree.py:99: NumbaWarning: 
Compilation is falling back to object mode WITHOUT looplifting enabled because Function "compute_distance_mat" failed type inference due to: Untyped global name 'tqdm': cannot determine Numba type of <class 'type'>

File "../../../../../../../../../home/eecs/mattjones/.local/lib/python3.6/site-packages/Cassiopeia/TreeSolver/reconstruct_tree.py", line 104:
def compute_distance_mat(cm, C, priors=None):
    <source elided>
    k = 0
    for i in tqdm(range(C-1), desc = 'solving distance matrix'):
    ^

  @jit(parallel=True)
/home/eecs/mattjones/anaconda3/envs/py36/lib/python3.6/site-packages/numba/compiler.py:725: NumbaWarning: Function "compute_distance_mat" was compiled in object mode without forceobj=True.

File "../../../../../../../../../home/eecs/mattjones/.local/lib/python3.6/site-packages/Cassiopeia/TreeSolver/reconstruct_tree.py", line 104:
def compute_distance_mat(cm, C, priors=None):
    <source elided>
    k = 0
    for i in tqdm(range(C-1), desc = 'solving distance matrix'):
    ^

  self.func_ir.loc))
/home/eecs/mattjones/anaconda3/envs/py36/lib/python3.6/site-packages/numba/compiler.py:734: NumbaDeprecationWarning: 
Fall-back from the nopython compilation path to the object mode compilation path has been detected, this is deprecated behaviour.

For more information visit http://numba.pydata.org/numba-doc/latest/reference/deprecation.html#deprecation-of-object-mode-fall-back-behaviour-when-using-jit

File "../../../../../../../../../home/eecs/mattjones/.local/lib/python3.6/site-packages/Cassiopeia/TreeSolver/reconstruct_tree.py", line 104:
def compute_distance_mat(cm, C, priors=None):
    <source elided>
    k = 0
    for i in tqdm(range(C-1), desc = 'solving distance matrix'):
    ^

  warnings.warn(errors.NumbaDeprecationWarning(msg, self.func_ir.loc))
/home/eecs/mattjones/.local/lib/python3.6/site-packages/Cassiopeia/TreeSolver/reconstruct_tree.py:99: NumbaWarning: 
Compilation is falling back to object mode WITHOUT looplifting enabled because Function "compute_distance_mat" failed type inference due to: Untyped global name 'tqdm': cannot determine Numba type of <class 'type'>

File "../../../../../../../../../home/eecs/mattjones/.local/lib/python3.6/site-packages/Cassiopeia/TreeSolver/reconstruct_tree.py", line 104:
def compute_distance_mat(cm, C, priors=None):
    <source elided>
    k = 0
    for i in tqdm(range(C-1), desc = 'solving distance matrix'):
    ^

  @jit(parallel=True)
solving distance matrix:   0%|          | 0/150 [00:00<?, ?it/s]solving distance matrix:   2%|▏         | 3/150 [00:00<00:04, 29.83it/s]solving distance matrix:   4%|▍         | 6/150 [00:00<00:05, 28.15it/s]solving distance matrix:   6%|▌         | 9/150 [00:00<00:04, 28.51it/s]solving distance matrix:   9%|▊         | 13/150 [00:00<00:04, 29.59it/s]solving distance matrix:  11%|█▏        | 17/150 [00:00<00:04, 31.84it/s]solving distance matrix:  17%|█▋        | 26/150 [00:00<00:03, 38.80it/s]solving distance matrix:  23%|██▎       | 34/150 [00:00<00:02, 45.65it/s]solving distance matrix:  29%|██▊       | 43/150 [00:00<00:02, 53.45it/s]solving distance matrix:  36%|███▌      | 54/150 [00:00<00:01, 62.85it/s]solving distance matrix:  43%|████▎     | 65/150 [00:01<00:01, 71.88it/s]solving distance matrix:  52%|█████▏    | 78/150 [00:01<00:00, 82.62it/s]solving distance matrix:  62%|██████▏   | 93/150 [00:01<00:00, 94.64it/s]solving distance matrix:  75%|███████▌  | 113/150 [00:01<00:00, 112.19it/s]solving distance matrix: 100%|██████████| 150/150 [00:01<00:00, 102.89it/s]
0it [00:00, ?it/s]300it [00:00, 20279.32it/s]
