
Gurobi 8.1.1 (linux64, Python) logging started Wed Jul 24 14:03:24 2019

Academic license - for non-commercial use only
Changed value of parameter MIPGap to 0.01
   Prev: 0.0001  Min: 0.0  Max: 1e+100  Default: 0.0001
Changed value of parameter Threads to 1
   Prev: 0  Min: 0  Max: 1024  Default: 0
Changed value of parameter Presolve to 2
   Prev: -1  Min: -1  Max: 2  Default: -1
Changed value of parameter MIPFocus to 1
   Prev: 0  Min: 0  Max: 3  Default: 0
Changed value of parameter Cuts to 1
   Prev: -1  Min: -1  Max: 3  Default: -1
Changed value of parameter Method to 4
   Prev: -1  Min: -1  Max: 5  Default: -1
Changed value of parameter TimeLimit to 12600.0
   Prev: 1e+100  Min: 0.0  Max: 1e+100  Default: 1e+100
Optimize a model with 421032 rows, 819986 columns and 1639972 nonzeros
Variable types: 0 continuous, 819986 integer (409993 binary)
Coefficient statistics:
  Matrix range     [1e-02, 1e+00]
  Objective range  [1e+00, 2e+01]
  Bounds range     [1e+00, 7e+01]
  RHS range        [1e+00, 7e+01]
Presolve removed 20121 rows and 20121 columns (presolve time = 22s) ...
Presolve removed 20121 rows and 20121 columns (presolve time = 36s) ...
Presolve removed 20121 rows and 20121 columns
Presolve time: 35.71s
Presolved: 400911 rows, 799865 columns, 1599734 nonzeros
Variable types: 0 continuous, 799865 integer (391002 binary)
Presolve removed 389882 rows and 391341 columns
Presolved: 11029 rows, 408524 columns, 817024 nonzeros


Root simplex log...

Iteration    Objective       Primal Inf.    Dual Inf.      Time
       0    1.4000000e+02   7.662500e+01   0.000000e+00     43s
    3788    2.3476081e+02   1.875000e+00   0.000000e+00     45s
    4678    2.3480306e+02   5.000000e-01   0.000000e+00     50s
    5478    2.3483123e+02   5.000000e-01   0.000000e+00     56s
    6178    2.3485940e+02   2.500000e-01   0.000000e+00     60s
    6878    2.3485940e+02   7.500000e-01   0.000000e+00     65s
    7578    2.3488757e+02   2.500000e-01   0.000000e+00     71s
    8178    2.3488757e+02   5.000000e-01   0.000000e+00     75s
    8678    2.3491574e+02   7.500000e-01   0.000000e+00     81s
    9278    2.3491775e+02   7.500000e-01   0.000000e+00     86s
    9778    2.3494391e+02   2.500000e-01   0.000000e+00     91s
   10378    2.3497207e+02   5.000000e-01   0.000000e+00     95s
   10978    2.3500842e+02   2.500000e-01   0.000000e+00    100s
   11688    2.3506891e+02   2.500000e-01   0.000000e+00    105s
   12388    2.3513757e+02   5.000000e-01   0.000000e+00    111s
   13088    2.3525940e+02   1.250000e+00   0.000000e+00    116s
   13768    2.3558240e+02   1.000000e+00   0.000000e+00    121s
   14368    2.3585940e+02   1.250000e+00   0.000000e+00    126s
   14639    2.3631039e+02   0.000000e+00   0.000000e+00    127s
   14639    2.3631039e+02   0.000000e+00   0.000000e+00    128s

Root relaxation: objective 2.363104e+02, 14639 iterations, 87.12 seconds
Total elapsed time = 130.95s

    Nodes    |    Current Node    |     Objective Bounds      |     Work
 Expl Unexpl |  Obj  Depth IntInf | Incumbent    BestBd   Gap | It/Node Time

     0     0  236.31039    0  184          -  236.31039      -     -  134s
H    0     0                     766.0000000  236.31039  69.2%     -  137s
H    0     0                     759.0000000  236.31039  68.9%     -  140s
H    0     0                     718.0000000  236.31039  67.1%     -  147s
     0     0  270.77212    0  358  718.00000  270.77212  62.3%     -  155s
H    0     0                     698.0000000  270.77212  61.2%     -  163s
H    0     0                     694.0000000  270.77212  61.0%     -  168s
     0     0  279.89863    0  343  694.00000  279.89863  59.7%     -  169s
     0     0  280.01061    0  340  694.00000  280.01061  59.7%     -  170s
     0     0  280.04292    0  343  694.00000  280.04292  59.6%     -  172s
     0     0  280.05127    0  356  694.00000  280.05127  59.6%     -  173s
     0     0  280.05167    0  358  694.00000  280.05167  59.6%     -  173s
     0     0  291.54300    0  505  694.00000  291.54300  58.0%     -  181s
H    0     0                     668.0000000  291.54300  56.4%     -  183s
H    0     0                     665.0000000  291.54300  56.2%     -  191s
     0     0  294.04942    0  507  665.00000  294.04942  55.8%     -  192s
     0     0  294.53608    0  478  665.00000  294.53608  55.7%     -  193s
     0     0  294.54794    0  489  665.00000  294.54794  55.7%     -  194s
     0     0  294.54969    0  494  665.00000  294.54969  55.7%     -  195s
     0     0  299.59512    0  635  665.00000  299.59512  54.9%     -  203s
H    0     0                     618.0000000  299.59512  51.5%     -  213s
     0     0  301.18840    0  633  618.00000  301.18840  51.3%     -  214s
     0     0  301.38032    0  610  618.00000  301.38032  51.2%     -  215s
     0     0  301.40296    0  594  618.00000  301.40296  51.2%     -  216s
     0     0  301.40338    0  594  618.00000  301.40338  51.2%     -  216s
     0     0  305.77988    0  660  618.00000  305.77988  50.5%     -  223s
H    0     0                     608.0000000  305.77988  49.7%     -  230s
H    0     0                     572.0000000  305.77988  46.5%     -  234s
     0     0  306.93369    0  718  572.00000  306.93369  46.3%     -  236s
     0     0  307.42795    0  728  572.00000  307.42795  46.3%     -  237s
     0     0  307.50797    0  778  572.00000  307.50797  46.2%     -  238s
     0     0  307.52484    0  757  572.00000  307.52484  46.2%     -  239s
     0     0  307.52484    0  763  572.00000  307.52484  46.2%     -  241s
     0     0  310.56926    0  683  572.00000  310.56926  45.7%     -  258s
H    0     0                     528.0000000  310.56926  41.2%     -  310s
H    0     0                     526.0000000  310.56926  41.0%     -  396s
H    0     0                     524.0000000  310.56926  40.7%     -  425s
     0     2  310.57231    0  680  524.00000  310.57231  40.7%     -  425s
H    1     1                     523.0000000  310.57231  40.6%  8579  428s
H    2     2                     521.0000000  310.57231  40.4%  4325  430s
H    4     4                     520.0000000  310.57231  40.3%  2164  435s
H    5     5                     519.0000000  310.57231  40.2%  1736  438s
H    6     6                     518.0000000  310.57231  40.0%  1448  440s
H    7     7                     517.0000000  310.57231  39.9%  1241  442s
H    8     8                     514.0000000  310.57231  39.6%  1088  446s
H    9     9                     512.0000000  310.57231  39.3%   967  448s
    13    15  311.99230   12  534  512.00000  310.57231  39.3%   675  450s
    27    29  312.63036   24  382  512.00000  310.57231  39.3%   329  456s
    43    45  313.65808   38  308  512.00000  310.57231  39.3%   209  460s
H   54    54                     511.0000000  310.57231  39.2%   169  466s
    58    60  315.16135   52  297  511.00000  310.57231  39.2%   158  470s
    67    69  315.49691   60  283  511.00000  310.57231  39.2%   138  475s
    81    83  318.03557   73  288  511.00000  310.57231  39.2%   115  480s
    97    99  318.05670   89  285  511.00000  310.57231  39.2%  96.5  485s
   100   102  318.13379   92  276  511.00000  310.57231  39.2%  93.6  490s
H  108   108                     508.0000000  310.57231  38.9%  86.9  493s
   113   115  318.51619  105  276  508.00000  310.57231  38.9%  83.2  495s
   135   137  319.07393  127  276  508.00000  310.57231  38.9%  69.9  501s
   148   150  319.24135  140  266  508.00000  310.57231  38.9%  64.0  505s
   162   164  319.81059  154  256  508.00000  310.57231  38.9%  58.9  511s
   172   174  319.81059  164  256  508.00000  310.57231  38.9%  55.5  515s
H  189   189                     507.0000000  310.57231  38.7%  50.6  521s
   200   202  319.88968  192  260  507.00000  310.57231  38.7%  47.9  527s
   202   204  319.88968  194  260  507.00000  310.57231  38.7%  47.5  530s
H  216   216                     506.0000000  310.57231  38.6%  44.5  535s
   237   239  326.99341  228  236  506.00000  310.57231  38.6%  40.8  540s
   249   251  328.54105  239  241  506.00000  310.57231  38.6%  39.1  545s
   269   271  328.54105  259  240  506.00000  310.57231  38.6%  36.3  550s
   285   287  328.54105  275  239  506.00000  310.57231  38.6%  34.3  555s
H  297   297                     502.0000000  310.57231  38.1%  32.9  558s
   300   302  328.54105  290  240  502.00000  310.57231  38.1%  32.6  563s
   303   305  328.54105  293  240  502.00000  310.57231  38.1%  32.3  565s
   324   326  328.54105  314  240  502.00000  310.57231  38.1%  30.3  571s
   337   339  328.54105  327  239  502.00000  310.57231  38.1%  29.2  575s
   351   353  328.54105  341  237  502.00000  310.57231  38.1%  28.1  580s
   371   373  328.54105  361  236  502.00000  310.57231  38.1%  26.6  585s
H  378   378                     499.0000000  310.57231  37.8%  26.1  588s
H  382   382                     498.0000000  310.57231  37.6%  25.9  590s
   398   400  328.54105  388  238  498.00000  310.57231  37.6%  24.9  595s
   401   403  328.54105  391  238  498.00000  310.57231  37.6%  24.7  600s
   406   408  328.54105  396  238  498.00000  310.57231  37.6%  24.4  605s
   426   428  328.54105  416  239  498.00000  310.57231  37.6%  23.3  610s
   427   429  328.54105  417  239  498.00000  310.57231  37.6%  23.3  615s
   437   439  328.54105  427  240  498.00000  310.57231  37.6%  22.8  620s
   453   455  328.54105  443  239  498.00000  310.57231  37.6%  22.0  625s
H  459   459                     497.0000000  310.57231  37.5%  21.7  628s
   460   462  328.54105  450  239  497.00000  310.57231  37.5%  21.7  630s
   479   481  328.54105  469  240  497.00000  310.57231  37.5%  20.9  635s
H  486   486                     496.0000000  310.57231  37.4%  20.6  638s
   494   496  328.54105  484  239  496.00000  310.57231  37.4%  20.3  640s
   500   502  328.54105  490  238  496.00000  310.57231  37.4%  20.0  645s
   513   515  328.54224  503  248  496.00000  310.57231  37.4%  19.6  651s
   525   527  330.10360  514  238  496.00000  310.57231  37.4%  19.3  655s
   534   536  338.51780  523  247  496.00000  310.57231  37.4%  28.8  696s
   535   537  336.88863  523  250  496.00000  310.57231  37.4%  33.9  722s
H  536   536                     495.0000000  310.57231  37.3%  33.9  725s
H  540   540                     494.0000000  310.57231  37.1%  33.6  731s
   546   548  340.40142  534  246  494.00000  310.57231  37.1%  35.5  738s
   547   549  338.40142  534  248  494.00000  310.57231  37.1%  38.9  747s
H  549   549                     493.0000000  310.57231  37.0%  38.8  750s
   564   566  339.60559  550  233  493.00000  310.57231  37.0%  38.1  755s
   575   577  341.51967  560  231  493.00000  310.57231  37.0%  37.5  760s
   592   594  343.68807  575  208  493.00000  310.57231  37.0%  36.5  765s
   600   602  343.68807  583  213  493.00000  310.57231  37.0%  36.0  774s
   604   606  343.68807  587  212  493.00000  310.57231  37.0%  35.8  775s
   618   620  343.68807  601  211  493.00000  310.57231  37.0%  35.1  780s
H  621   621                     489.0000000  310.57231  36.5%  34.9  782s
   625   627  343.68807  608  212  489.00000  310.57231  36.5%  34.7  785s
   640   642  343.68807  623  212  489.00000  310.57231  36.5%  33.9  790s
H  648   648                     486.0000000  310.57231  36.1%  33.5  794s
   651   653  343.68807  634  211  486.00000  310.57231  36.1%  33.4  795s
   671   673  343.68807  654  212  486.00000  310.57231  36.1%  32.4  800s
H  675   675                     484.0000000  310.57231  35.8%  32.2  802s
   678   680  343.68807  661  213  484.00000  310.57231  35.8%  32.1  805s
   696   698  343.68807  679  212  484.00000  310.57231  35.8%  31.3  812s
   700   702  343.68807  683  212  484.00000  310.57231  35.8%  31.1  817s
   703   705  343.68807  686  213  484.00000  310.57231  35.8%  31.0  820s
   717   719  343.68807  700  213  484.00000  310.57231  35.8%  30.4  825s
   729   731  343.68807  712  211  484.00000  310.57231  35.8%  29.9  830s
   745   747  343.68807  728  212  484.00000  310.57231  35.8%  29.3  835s
   749   751  343.68807  732  212  484.00000  310.57231  35.8%  29.1  840s
   757   759  343.74441  740  212  484.00000  310.57231  35.8%  28.9  845s
   772   774  343.74441  755  211  484.00000  310.57231  35.8%  28.3  850s
   783   785  343.74441  766  212  484.00000  310.57231  35.8%  28.0  855s
   795   797  343.74441  778  213  484.00000  310.57231  35.8%  27.6  860s
   800   802  343.74441  783  214  484.00000  310.57231  35.8%  27.4  865s
   811   813  343.74441  794  214  484.00000  310.57231  35.8%  27.0  870s
   831   833  343.74441  814  212  484.00000  310.57231  35.8%  26.4  875s
   843   845  343.74441  826  213  484.00000  310.57231  35.8%  26.1  880s
   864   866  343.74441  847  213  484.00000  310.57231  35.8%  25.5  886s
   876   878  343.74441  859  211  484.00000  310.57231  35.8%  25.1  890s
   886   888  343.74441  869  213  484.00000  310.57231  35.8%  24.9  895s
   895   897  343.74441  878  212  484.00000  310.57231  35.8%  24.6  900s
   900   902  343.74441  883  211  484.00000  310.57231  35.8%  24.5  905s
   918   920  343.74441  901  211  484.00000  310.57231  35.8%  24.0  912s
   932   934  343.74441  915  211  484.00000  310.57231  35.8%  23.7  915s
   945   947  343.74441  928  212  484.00000  310.57231  35.8%  23.4  921s
   959   961  343.74441  942  212  484.00000  310.57231  35.8%  23.1  925s
   972   974  343.74441  955  211  484.00000  310.57231  35.8%  22.8  933s
   979   981  343.74441  962  211  484.00000  310.57231  35.8%  22.6  935s
   993   995  343.80075  976  213  484.00000  310.57231  35.8%  22.4  940s
  1000  1002  343.80075  983  212  484.00000  310.57231  35.8%  22.2  947s
  1011  1013  343.80075  994  212  484.00000  310.57231  35.8%  22.0  950s
  1026  1028  343.80075 1009  212  484.00000  310.57231  35.8%  21.7  956s
  1036  1038  343.80075 1019  212  484.00000  310.57231  35.8%  21.5  960s
  1053  1055  343.80075 1036  211  484.00000  310.57231  35.8%  21.2  967s
  1063  1065  343.80075 1046  211  484.00000  310.57231  35.8%  21.0  970s
  1080  1082  343.80075 1063  213  484.00000  310.57231  35.8%  20.7  977s
  1092  1094  343.80075 1075  213  484.00000  310.57231  35.8%  20.5  980s
  1100  1102  343.85709 1083  211  484.00000  310.57231  35.8%  20.3  986s
  1107  1109  343.85709 1090  211  484.00000  310.57231  35.8%  20.2  990s
  1109  1111  343.85709 1092  211  484.00000  310.57231  35.8%  20.2  996s
  1120  1122  352.14854 1103  214  484.00000  310.57231  35.8%  20.2 1000s
  1134  1136  352.16589 1117  222  484.00000  310.57231  35.8%  20.0 1007s
  1139  1141  352.16589 1122  224  484.00000  310.57231  35.8%  19.9 1010s
  1154  1156  352.44985 1137  223  484.00000  310.57231  35.8%  19.7 1015s
  1161  1163  352.52168 1144  223  484.00000  310.57231  35.8%  19.6 1020s
  1178  1180  361.77818 1160  223  484.00000  310.57231  35.8%  19.6 1025s
H 1188  1188                     481.0000000  310.57231  35.4%  19.5 1032s
  1196  1198  362.03183 1178  220  481.00000  310.57231  35.4%  19.4 1035s
  1200  1202  362.11775 1182  221  481.00000  310.57231  35.4%  19.3 1040s
  1213  1215  372.05906 1194  209  481.00000  310.57231  35.4%  22.1 1074s
  1215  1217  372.20507 1196  219  481.00000  310.57231  35.4%  22.1 1080s
  1229  1231  372.21768 1210  225  481.00000  310.57231  35.4%  21.9 1085s
  1242  1244  372.24086 1223  230  481.00000  310.57231  35.4%  21.6 1094s
  1245  1247  372.27201 1226  235  481.00000  310.57231  35.4%  21.6 1095s
  1261  1263  372.30940 1242  227  481.00000  310.57231  35.4%  21.5 1100s
  1265  1267  372.31011 1246  236  481.00000  310.57231  35.4%  21.4 1105s
  1269  1271  372.32272 1250  236  481.00000  310.57231  35.4%  21.4 1112s
  1279  1281  372.32298 1260  239  481.00000  310.57231  35.4%  21.3 1115s
  1289  1291  372.33559 1270  241  481.00000  310.57231  35.4%  21.1 1120s
  1296  1298  372.34793 1277  234  481.00000  310.57231  35.4%  21.0 1126s
  1300  1302  372.34820 1281  241  481.00000  310.57231  35.4%  20.9 1131s
  1313  1315  372.36081 1294  237  481.00000  310.57231  35.4%  20.8 1135s
  1323  1325  372.39274 1304  229  481.00000  310.57231  35.4%  20.6 1141s
  1338  1340  372.60326 1319  229  481.00000  310.57231  35.4%  20.4 1145s
  1350  1352  372.68036 1331  228  481.00000  310.57231  35.4%  20.2 1152s
  1351  1353  372.68036 1332  228  481.00000  310.57231  35.4%  20.2 1155s
  1362  1364  372.75745 1343  229  481.00000  310.57231  35.4%  20.1 1161s
  1367  1369  372.75745 1348  229  481.00000  310.57231  35.4%  20.0 1165s
  1377  1379  372.83454 1358  228  481.00000  310.57231  35.4%  19.9 1171s
  1394  1396  372.87064 1375  240  481.00000  310.57231  35.4%  19.7 1175s
  1400  1402  372.93676 1381  237  481.00000  310.57231  35.4%  19.6 1180s
  1408  1410  372.93676 1389  243  481.00000  310.57231  35.4%  19.5 1185s
  1418  1420  382.96427 1399  226  481.00000  310.57231  35.4%  19.9 1190s
  1419  1421  382.83984 1399  195  481.00000  310.57231  35.4%  21.9 1211s
  1429  1431  382.83984 1409  195  481.00000  310.57231  35.4%  21.8 1215s
  1438  1440  382.83984 1418  193  481.00000  310.57231  35.4%  21.7 1220s
  1441  1443  382.83984 1421  193  481.00000  310.57231  35.4%  21.6 1225s
  1455  1457  383.76509 1434  192  481.00000  310.57231  35.4%  21.4 1230s
  1459  1461  383.93656 1438  227  481.00000  310.57231  35.4%  21.4 1236s
  1464  1466  388.06475 1441  185  481.00000  310.57231  35.4%  21.3 1240s
  1480  1482  389.11257 1455  190  481.00000  310.57231  35.4%  21.1 1245s
  1490  1492  389.19332 1465  192  481.00000  310.57231  35.4%  21.0 1250s
  1500  1502  389.24590 1475  190  481.00000  310.57231  35.4%  20.9 1256s
  1512  1514  389.31257 1487  190  481.00000  310.57231  35.4%  20.7 1262s
  1521  1523  389.36515 1496  190  481.00000  310.57231  35.4%  20.6 1265s
  1539  1541  389.51237 1514  190  481.00000  310.57231  35.4%  20.4 1272s
  1548  1550  389.84570 1523  189  481.00000  310.57231  35.4%  20.3 1275s
  1556  1558  390.17904 1531  191  481.00000  310.57231  35.4%  20.2 1282s
  1559  1561  390.42904 1534  192  481.00000  310.57231  35.4%  20.2 1285s
  1566  1568  390.48420 1541  190  481.00000  310.57231  35.4%  20.1 1292s
  1577  1579  390.78936 1552  189  481.00000  310.57231  35.4%  20.0 1295s
  1593  1595  390.85979 1568  191  481.00000  310.57231  35.4%  19.8 1301s
  1600  1602  391.16495 1575  191  481.00000  310.57231  35.4%  19.7 1307s
  1606  1608  391.16495 1581  190  481.00000  310.57231  35.4%  19.6 1310s
  1620  1622  391.47012 1595  190  481.00000  310.57231  35.4%  19.5 1316s
  1631  1633  391.80345 1606  190  481.00000  310.57231  35.4%  19.4 1320s
  1641  1643  392.12270 1616  189  481.00000  310.57231  35.4%  19.3 1325s
  1647  1649  392.13678 1622  190  481.00000  310.57231  35.4%  19.2 1331s
  1653  1655  398.76991 1628  189  481.00000  310.57231  35.4%  19.2 1336s
  1659  1661  398.77071 1634  184  481.00000  310.57231  35.4%  19.1 1340s
  1670  1672  398.77071 1645  185  481.00000  310.57231  35.4%  19.0 1345s
  1676  1678  398.77071 1651  186  481.00000  310.57231  35.4%  18.9 1350s
  1687  1689  398.77071 1662  185  481.00000  310.57231  35.4%  18.8 1355s
  1700  1702  398.79888 1675  186  481.00000  310.57231  35.4%  18.7 1362s
  1701  1703  398.79888 1676  186  481.00000  310.57231  35.4%  18.7 1367s
  1715  1717  398.81217 1690  193  481.00000  310.57231  35.4%  18.6 1370s
  1728  1730  398.81296 1703  186  481.00000  310.57231  35.4%  18.4 1376s
  1740  1742  398.81296 1715  187  481.00000  310.57231  35.4%  18.3 1380s
  1750  1752  398.84113 1725  190  481.00000  310.57231  35.4%  18.2 1386s
  1753  1755  398.84113 1727  187  481.00000  310.57231  35.4%  18.2 1390s
  1755  1757  398.84113 1729  186  481.00000  310.57231  35.4%  18.2 1395s
  1758  1760  404.64229 1731  190  481.00000  310.57231  35.4%  19.2 1407s
  1766  1768  404.64229 1739  194  481.00000  310.57231  35.4%  19.1 1410s
  1782  1784  408.76828 1752  172  481.00000  310.57231  35.4%  19.2 1418s
  1787  1789  408.79380 1757  171  481.00000  310.57231  35.4%  19.2 1420s
  1800  1802  408.79380 1770  172  481.00000  310.57231  35.4%  19.1 1427s
  1809  1811  408.83015 1779  173  481.00000  310.57231  35.4%  19.0 1434s
  1811  1813  408.83015 1781  174  481.00000  310.57231  35.4%  19.0 1435s
H 1826  1826                     480.0000000  310.57231  35.3%  18.8 1446s
  1836  1838  408.95918 1806  172  480.00000  310.57231  35.3%  18.8 1453s
  1841  1843  408.95918 1811  173  480.00000  310.57231  35.3%  18.7 1455s
  1849  1851  408.95918 1819  172  480.00000  310.57231  35.3%  18.6 1460s
  1859  1861  408.99553 1829  171  480.00000  310.57231  35.3%  18.6 1465s
  1866  1868  408.99553 1836  172  480.00000  310.57231  35.3%  18.5 1470s
  1886  1888  409.05187 1856  172  480.00000  310.57231  35.3%  18.3 1475s
  1893  1895  409.05187 1863  173  480.00000  310.57231  35.3%  18.3 1480s
  1900  1902  409.05187 1870  172  480.00000  310.57231  35.3%  18.2 1486s
  1914  1916  409.06005 1884  172  480.00000  310.57231  35.3%  18.1 1490s
  1917  1919  409.06823 1887  170  480.00000  310.57231  35.3%  18.1 1498s
  1921  1923  409.08822 1891  172  480.00000  310.57231  35.3%  18.0 1500s
  1939  1941  409.13274 1909  170  480.00000  310.57231  35.3%  17.9 1505s
  1944  1946  409.16091 1914  171  480.00000  310.57231  35.3%  17.9 1512s
  1947  1949  410.02543 1917  170  480.00000  310.57231  35.3%  17.8 1516s
  1949  1951  419.41661 1918  166  480.00000  310.57231  35.3%  18.7 1521s
  1960  1962  421.74995 1926  165  480.00000  310.57231  35.3%  18.6 1525s
  1971  1973  421.74995 1937  158  480.00000  310.57231  35.3%  18.5 1532s
H 1975  1975                     477.0000000  310.57231  34.9%  18.5 1544s
  1976  1978  421.76630 1942  170  477.00000  310.57231  34.9%  18.5 1545s
  1994  1996  421.80752 1960  175  477.00000  310.57231  34.9%  18.3 1558s
  1997  1999  421.80752 1963  175  477.00000  310.57231  34.9%  18.3 1564s
  1998  2000  421.80752 1964  175  477.00000  310.57231  34.9%  18.3 1569s
  1999  2001  421.80752 1965  177  477.00000  310.57231  34.9%  18.3 1570s
  2000  2002  421.80752 1966  176  477.00000  310.57231  34.9%  18.3 1579s
  2002  2004  421.80752 1968  173  477.00000  310.57231  34.9%  18.3 1580s
  2009  2011  421.80752 1975  178  477.00000  310.57231  34.9%  18.2 1585s
  2021  2023  421.80752 1987  180  477.00000  310.57231  34.9%  18.1 1590s
  2025  2027  421.80752 1991  180  477.00000  310.57231  34.9%  18.1 1596s
  2035  2037  422.75118 2001  178  477.00000  310.57231  34.9%  18.1 1600s
  2041  2043  422.79265 2007  180  477.00000  310.57231  34.9%  18.1 1605s
  2048  2050  422.87559 2014  179  477.00000  310.57231  34.9%  18.1 1610s
  2055  2057  423.00001 2021  178  477.00000  310.57231  34.9%  18.0 1615s
  2072  2074  431.57184 2037  172  477.00000  310.57231  34.9%  18.0 1620s
  2079  2081  431.65399 2044  171  477.00000  310.57231  34.9%  18.0 1626s
  2093  2095  431.73990 2058  171  477.00000  310.57231  34.9%  17.9 1630s
  2100  2102  431.75399 2065  170  477.00000  310.57231  34.9%  17.8 1635s
  2106  2108  431.82582 2071  170  477.00000  310.57231  34.9%  17.8 1642s
  2114  2116  431.86291 2079  171  477.00000  310.57231  34.9%  17.7 1645s
  2133  2135  432.18216 2098  170  477.00000  310.57231  34.9%  17.6 1655s
  2138  2140  432.18216 2103  172  477.00000  310.57231  34.9%  17.5 1660s
  2148  2150  432.20653 2113  165  477.00000  310.57231  34.9%  17.5 1665s
  2160  2162  432.29698 2125  161  477.00000  310.57231  34.9%  17.4 1671s
  2163  2165  432.29698 2128  162  477.00000  310.57231  34.9%  17.4 1675s
  2182  2184  432.39421 2147  158  477.00000  310.57231  34.9%  17.2 1680s
  2189  2191  432.41240 2154  163  477.00000  310.57231  34.9%  17.2 1685s
  2200  2202  432.42270 2165  163  477.00000  310.57231  34.9%  17.1 1692s
  2211  2213  432.43678 2176  163  477.00000  310.57231  34.9%  17.0 1695s
  2220  2222  432.46116 2185  163  477.00000  310.57231  34.9%  17.0 1700s
  2235  2237  441.49188 2199  139  477.00000  310.57231  34.9%  17.1 1707s
  2238  2240  441.52128 2202  138  477.00000  310.57231  34.9%  17.0 1711s
  2241  2243  441.55067 2205  137  477.00000  310.57231  34.9%  17.0 1719s
  2242  2244  441.58006 2206  138  477.00000  310.57231  34.9%  17.0 1720s
  2259  2261  450.26787 2222  124  477.00000  310.57231  34.9%  17.8 1736s
  2268  2270  450.26787 2231  129  477.00000  310.57231  34.9%  17.7 1742s
  2274  2276  450.26787 2237  133  477.00000  310.57231  34.9%  17.7 1745s
  2290  2292  451.33428 2252  137  477.00000  310.57231  34.9%  17.6 1750s
  2295  2297  451.52020 2257  137  477.00000  310.57231  34.9%  17.5 1757s
  2300  2302  451.70611 2262  137  477.00000  310.57231  34.9%  17.5 1761s
  2315  2317  452.10611 2277  136  477.00000  310.57231  34.9%  17.4 1765s
  2322  2324  452.29203 2284  136  477.00000  310.57231  34.9%  17.4 1770s
  2332  2334  460.87815 2293  135  477.00000  310.57231  34.9%  17.3 1775s
  2339  2341  461.47815 2299  136  477.00000  310.57231  34.9%  17.3 1780s
  2349  2351  461.81644 2309  134  477.00000  310.57231  34.9%  17.2 1789s
  2350  2352  461.81644 2310  134  477.00000  310.57231  34.9%  17.2 1790s
  2370  2372  462.20236 2330  134  477.00000  310.57231  34.9%  17.1 1795s
  2377  2379  462.38827 2337  133  477.00000  310.57231  34.9%  17.0 1800s
  2397  2399  469.76010 2356  131  477.00000  310.57231  34.9%  16.9 1805s
  2401  2403  469.94602 2360  130  477.00000  310.57231  34.9%  16.9 1810s
  2403  2405  469.94602 2362  130  477.00000  310.57231  34.9%  16.9 1818s
  2413  2415  470.31785 2372  129  477.00000  310.57231  34.9%  16.8 1820s
  2429  2426  470.71785 2388  130  477.00000  310.57231  34.9%  16.7 1827s
  2430  2426  470.71785 2389  129  477.00000  310.57231  34.9%  16.7 1830s
  2437  2427  393.52229 1540  683  477.00000  310.92967  34.8%  16.7 2050s
  2439  2428  343.68807  608  185  477.00000  310.92967  34.8%  16.7 2144s
  2440  2429  352.51384 1136  371  477.00000  310.92967  34.8%  16.7 2158s
  2441  2430  320.99113  113  466  477.00000  310.92967  34.8%  16.7 2161s
  2444  2432  435.11393 2151  674  477.00000  310.92967  34.8%  16.7 2166s
  2447  2434  466.30109 2339  786  477.00000  311.16429  34.8%  16.6 2170s
  2449  2435  343.74441  739  799  477.00000  311.25926  34.7%  16.6 2177s
  2450  2436  319.40633  122  936  477.00000  312.99258  34.4%  16.6 2189s
  2451  2436  372.21768 1213  989  477.00000  313.62195  34.3%  16.6 2191s
  2455  2439  328.56154  233  952  477.00000  313.80250  34.2%  16.6 2201s
H 2455  2316                     474.0000000  316.32547  33.3%  16.6 2218s
  2457  2317  398.84113 1722 1001  474.00000  316.82589  33.2%  16.6 2220s
  2461  2320  372.79512 1311 1044  474.00000  317.11243  33.1%  16.5 2231s
H 2461  2204                     471.0000000  318.86521  32.3%  16.5 2243s
  2463  2205  408.95918 1813 1178  471.00000  319.49119  32.2%  16.5 2245s
  2467  2208  392.90355 1476 1252  471.00000  319.77836  32.1%  16.5 2250s
  2469  2209  409.05187 1870 1250  471.00000  319.78640  32.1%  16.5 2259s
  2470  2210  375.89274 1270 1109  471.00000  320.85426  31.9%  16.5 2272s
  2472  2213  328.54105  368  683  471.00000  320.85426  31.9%  42.6 2305s
  2474  2214  399.60717 1700  185  471.00000  320.85426  31.9%  42.6 2397s
  2475  2215  437.22582 2070  329  471.00000  320.85426  31.9%  42.6 2411s
  2477  2216  389.11845 1443  552  471.00000  320.85426  31.9%  42.5 2415s
  2480  2218  320.85426  129  851  471.00000  320.85426  31.9%  42.5 2420s
  2483  2220  466.37151 2341 1074  471.00000  320.85426  31.9%  42.4 2426s
  2486  2222  409.27495 1786 1157  471.00000  320.90864  31.9%  42.4 2430s
  2489  2224  343.80075 1055 1269  471.00000  320.95317  31.9%  42.3 2443s
H 2489  2112                     470.0000000  322.21452  31.4%  42.3 2463s
  2492  2114  396.84721 1511 1101  470.00000  322.76184  31.3%  42.3 2465s
  2494  2116  322.79702  176 1125  470.00000  322.79702  31.3%  42.3 2474s
  2495  2116  465.30109 2327 1009  470.00000  323.60259  31.1%  42.2 2493s
  2497  2118  372.99689 1342 1087  470.00000  324.12692  31.0%  42.2 2496s
  2501  2120  395.87538 1509 1098  470.00000  324.21862  31.0%  42.1 2500s
  2502  2121  391.80345 1608 1098  470.00000  324.21866  31.0%  42.1 2507s
H 2502  2014                     469.0000000  324.95798  30.7%  42.1 2522s
  2505  2016  432.28256 2082 1328  469.00000  325.42853  30.6%  42.1 2526s
  2509  2019  363.20460 1162 1352  469.00000  325.47243  30.6%  42.0 2538s
  2510  2019  383.76509 1435 1174  469.00000  326.55128  30.4%  42.0 2554s
  2512  2022  330.32675  229  683  469.00000  326.55128  30.4%  64.3 2594s
  2514  2023  326.55128   72  184  469.00000  326.55128  30.4%  64.2 2694s
  2515  2024  398.81296 1713  340  469.00000  326.55128  30.4%  64.2 2708s
  2516  2025  328.54105  394  425  469.00000  326.55128  30.4%  64.2 2710s
  2519  2027  343.74441  769  731  469.00000  326.55128  30.4%  64.1 2715s
  2522  2029  382.83984 1424 1132  469.00000  326.55128  30.4%  64.0 2721s
  2525  2031  432.20948 2104 1135  469.00000  326.55128  30.4%  64.0 2726s
  2528  2033  460.75778 2292 1341  469.00000  326.55128  30.4%  63.9 2730s
  2531  2035  421.80752 1972 1231  469.00000  326.59420  30.4%  63.8 2735s
  2533  2036  326.60532  187 1238  469.00000  326.60532  30.4%  63.8 2745s
  2534  2037  421.99119 1952 1297  469.00000  326.98279  30.3%  63.7 2767s
  2537  2039  393.52229 1540 1263  469.00000  327.65381  30.1%  63.7 2771s
  2538  2039  394.90355 1501 1265  469.00000  327.65470  30.1%  63.6 2778s
  2539  2040  343.68807  608 1469  469.00000  328.14402  30.0%  63.6 2795s
  2542  2042  352.51384 1134 1276  469.00000  328.37481  30.0%  63.5 2800s
  2544  2043  435.11393 2151 1302  469.00000  328.39316  30.0%  63.5 2810s
H 2544  1940                     468.0000000  329.06099  29.7%  63.5 2832s
  2547  1942  466.30109 2339 1342  468.00000  329.56978  29.6%  63.4 2835s
  2550  1944  329.62657  122 1427  468.00000  329.62657  29.6%  63.3 2846s
  2551  1945  372.21768 1213 1070  468.00000  330.07153  29.5%  63.3 2867s
  2553  1948  438.22582 2087  683  468.00000  330.07153  29.5%  90.3 2903s
  2555  1949  330.07153  233  183  468.00000  330.07153  29.5%  90.3 3000s
  2556  1950  421.99119 1952  342  468.00000  330.07153  29.5%  90.2 3016s
  2558  1951  367.46557 1177  558  468.00000  330.07153  29.5%  90.1 3020s
  2561  1953  372.79512 1311  856  468.00000  330.07153  29.5%  90.0 3026s
  2564  1955  343.68807  657  933  468.00000  330.07153  29.5%  89.9 3031s
  2566  1957  343.74441  861 1174  468.00000  330.07153  29.5%  89.9 3035s
  2568  1958  392.52229 1529 1235  468.00000  330.07153  29.5%  89.8 3040s
  2570  1959  375.89274 1270 1028  468.00000  330.07153  29.5%  89.7 3045s
  2573  1961  330.07179  271 1077  468.00000  330.07179  29.5%  89.6 3050s
  2574  1962  399.60717 1700 1079  468.00000  330.07179  29.5%  89.6 3060s
  2575  1963  437.22582 2070 1223  468.00000  330.40204  29.4%  89.6 3083s
  2577  1964  389.11845 1443 1232  468.00000  330.52579  29.4%  89.5 3085s
  2580  1966  330.54552  129 1202  468.00000  330.54552  29.4%  89.4 3095s
  2581  1967  432.41240 2161 1276  468.00000  331.00327  29.3%  89.3 3114s
  2582  1967  331.13473  434 1415  468.00000  331.13473  29.2%  89.3 3117s
  2584  1969  343.80075 1005 1392  468.00000  331.17911  29.2%  89.2 3120s
  2586  1970  409.27495 1786 1398  468.00000  331.18230  29.2%  89.2 3129s
H 2586  1870                     466.0000000  331.57466  28.8%  89.2 3153s
  2588  1871  352.12067 1098 1422  466.00000  331.93025  28.8%  89.1 3155s
  2592  1874  396.84721 1511 1406  466.00000  331.98917  28.8%  89.0 3167s
  2593  1875  343.74441  927 1293  466.00000  332.26102  28.7%  88.9 3190s
  2595  1877  465.30109 2327  683  466.00000  332.26102  28.7%   113 3225s
  2597  1878  372.99689 1342  184  466.00000  332.26102  28.7%   113 3322s
  2598  1879  398.81296 1705  372  466.00000  332.26102  28.7%   113 3336s
  2600  1880  394.43779 1552  594  466.00000  332.26102  28.7%   112 3340s
  2603  1882  372.68755 1324  958  466.00000  332.26102  28.7%   112 3345s
  2606  1884  373.48038 1334 1043  466.00000  332.26102  28.7%   112 3352s
  2608  1886  398.84113 1720 1050  466.00000  332.26102  28.7%   112 3356s
  2610  1887  383.76509 1435 1233  466.00000  332.26102  28.7%   112 3360s
  2613  1889  396.45187 1597 1234  466.00000  332.26102  28.7%   112 3366s
  2616  1891  332.26102  394 1419  466.00000  332.26102  28.7%   112 3371s
  2619  1893  343.74441  769 1414  466.00000  332.27251  28.7%   112 3375s
  2621  1894  352.16589 1123 1415  466.00000  332.27698  28.7%   112 3389s
  2622  1895  382.83984 1424 1464  466.00000  332.59656  28.6%   112 3416s
  2624  1896  332.80243  139 1294  466.00000  332.80243  28.6%   111 3420s
  2626  1898  465.30109 2328 1292  466.00000  332.82634  28.6%   111 3429s
H 2626  1802                     465.0000000  333.14978  28.4%   111 3451s
  2629  1804  413.32084 1874 1661  465.00000  333.67245  28.2%   111 3455s
  2631  1805  421.80752 1972 1654  465.00000  333.70149  28.2%   111 3467s
H 2631  1714                     464.0000000  334.02869  28.0%   111 3493s
  2633  1715  334.18181  187 1562  464.00000  334.18181  28.0%   111 3497s
  2635  1717  334.27170  413 1540  464.00000  334.27170  28.0%   111 3500s
  2638  1719  394.90355 1501 1552  464.00000  334.27955  28.0%   111 3515s
  2639  1719  343.68807  608 1329  464.00000  334.57257  27.9%   111 3533s
  2641  1722  334.57257  113  683  464.00000  334.57257  27.9%   136 3572s
  2643  1723  334.57257  296  184  464.00000  334.57257  27.9%   136 3655s
  2644  1724  435.11393 2151  354  464.00000  334.57257  27.9%   136 3666s
  2647  1726  464.00000 2339  711  464.00000  334.57257  27.9%   136 3671s
  2650  1728  334.57257  122  895  464.00000  334.57257  27.9%   136 3676s
  2652  1729  343.74441  797 1086  464.00000  334.57257  27.9%   136 3680s
  2655  1731  334.57257  233 1292  464.00000  334.57257  27.9%   135 3685s
  2658  1733  367.46557 1177 1471  464.00000  334.57257  27.9%   135 3691s
  2661  1735  372.79512 1311 1287  464.00000  334.57257  27.9%   135 3696s
  2665  1738  372.69150 1305 1328  464.00000  334.57257  27.9%   135 3701s
  2666  1739  343.74441  861 1333  464.00000  334.57257  27.9%   135 3710s
  2667  1739  392.90355 1476 1410  464.00000  334.76731  27.9%   135 3731s
  2668  1740  392.52229 1529 1346  464.00000  334.98460  27.8%   135 3741s
  2670  1741  375.89274 1270 1256  464.00000  334.99757  27.8%   135 3747s
H 2670  1653                     462.0000000  335.25382  27.4%   135 3767s
  2673  1655  335.40076  271 1403  462.00000  335.40076  27.4%   134 3770s
  2674  1656  399.60717 1700 1411  462.00000  335.40198  27.4%   134 3776s
  2675  1657  437.22582 2070 1607  462.00000  335.57131  27.4%   134 3793s
  2676  1657  343.74441  758 1578  462.00000  335.62779  27.4%   134 3795s
  2680  1660  335.64492  129 1590  462.00000  335.64492  27.3%   134 3807s
  2681  1661  432.41240 2161 1406  462.00000  335.94453  27.3%   134 3818s
H 2681  1577                     461.0000000  335.94453  27.1%   134 3904s
  2682  1577  335.94453  434 1406  461.00000  335.94453  27.1%   134 3932s
  2683  1580  335.98075   61 1368  461.00000  335.94559  27.1%   162 3964s
  2684  1581  335.97778   61 1408  461.00000  335.97778  27.1%   162 3974s
  2685  1581  336.05147   62 1420  461.00000  335.97778  27.1%   162 3979s
  2686  1582  336.11815   62 1416  461.00000  335.98190  27.1%   162 3980s
  2692  1586  336.68701   65 1309  461.00000  335.98190  27.1%   162 3985s
  2698  1590  337.06789   68 1217  461.00000  335.98190  27.1%   162 3990s
  2700  1591  336.83390   69 1211  461.00000  335.98190  27.1%   162 3995s
  2709  1597  337.42276   74 1100  461.00000  335.98190  27.1%   162 4003s
  2713  1600  337.43864   76 1065  461.00000  335.98190  27.1%   162 4008s
  2715  1601  337.46286   77 1058  461.00000  335.98190  27.1%   161 4010s
  2723  1607  339.14999   81  917  461.00000  335.98190  27.1%   161 4015s
  2733  1613  340.32683   86  791  461.00000  335.98190  27.1%   161 4020s
  2743  1620  343.00205   91  686  461.00000  335.98190  27.1%   160 4025s
  2754  1627  351.55976   96  601  461.00000  335.98190  27.1%   160 4030s
  2765  1635  351.72434  102  591  461.00000  335.98190  27.1%   159 4035s
  2780  1645  362.16381  109  483  461.00000  335.98190  27.1%   159 4041s
  2791  1652  358.28162  115  435  461.00000  335.98190  27.1%   159 4045s
  2800  1658  359.28327  119  452  461.00000  335.98190  27.1%   158 4051s
  2802  1659  363.78473  120  459  461.00000  335.98190  27.1%   159 4055s
  2804  1661  362.26687  121  441  461.00000  335.98190  27.1%   160 4084s
  2805  1661  359.28327  122  455  461.00000  335.98190  27.1%   160 4085s
  2806  1662  361.56496  122  452  461.00000  335.98190  27.1%   161 4100s
  2814  1667  368.94400  126  449  461.00000  335.98190  27.1%   161 4105s
  2816  1669  364.67624  127  522  461.00000  335.98190  27.1%   161 4120s
  2820  1671  360.92521  129  411  461.00000  335.98190  27.1%   161 4125s
  2827  1676  363.18825  133  389  461.00000  335.98190  27.1%   162 4146s
  2828  1677  362.45585  133  387  461.00000  335.98190  27.1%   162 4155s
  2833  1680  362.47017  136  373  461.00000  335.98190  27.1%   162 4160s
  2840  1685  366.19591  139  336  461.00000  335.98190  27.1%   162 4166s
  2844  1687  370.02709  141  334  461.00000  335.98190  27.1%   162 4170s
  2850  1691  368.83921  144  352  461.00000  335.98190  27.1%   163 4181s
  2854  1694  367.16842  146  330  461.00000  335.98190  27.1%   163 4185s
  2858  1697  368.94454  148  325  461.00000  335.98190  27.1%   163 4197s
  2861  1699  363.13060  150  309  461.00000  335.98190  27.1%   163 4200s
  2868  1703  369.77209  153  333  461.00000  335.98190  27.1%   164 4210s
  2872  1706  367.83625  155  314  461.00000  335.98190  27.1%   164 4216s
  2876  1709  365.87768  157  325  461.00000  335.98190  27.1%   165 4259s
  2878  1710  365.79980  158  305  461.00000  335.98190  27.1%   165 4261s
  2885  1715  363.38703  162  279  461.00000  335.98190  27.1%   165 4265s
  2896  1722  372.90458  167  262  461.00000  335.98190  27.1%   165 4272s
  2900  1725  373.07834  169  278  461.00000  335.98190  27.1%   165 4278s
  2904  1727  373.07834  171  278  461.00000  335.98190  27.1%   165 4280s
  2908  1730  374.97828  173  274  461.00000  335.98190  27.1%   165 4289s
  2910  1731  368.84736  174  271  461.00000  335.98190  27.1%   165 4292s
  2914  1734  375.07834  176  292  461.00000  335.98190  27.1%   166 4301s
  2919  1737  367.26144  179  274  461.00000  335.98190  27.1%   165 4305s
  2922  1739  375.64968  180  272  461.00000  335.98190  27.1%   166 4316s
  2924  1741  375.73625  181  271  461.00000  335.98190  27.1%   166 4320s
  2932  1746  376.55722  185  281  461.00000  335.98190  27.1%   167 4335s
  2938  1750  376.47271  188  280  461.00000  335.98190  27.1%   167 4356s
  2942  1753  376.79332  190  273  461.00000  335.98190  27.1%   167 4360s
  2953  1760  367.29779  196  274  461.00000  335.98190  27.1%   167 4365s
H 2954  1680                     460.0000000  335.98190  27.0%   167 4367s
H 2958  1606                     458.0000000  335.98190  26.6%   167 4409s
  2959  1609  367.39047  199  271  458.00000  335.98190  26.6%   166 4410s
  2962  1611  375.92569  200  290  458.00000  335.98190  26.6%   168 4448s
  2964  1612  372.17921  201  278  458.00000  335.98190  26.6%   168 4457s
  2965  1613  367.39047  202  271  458.00000  335.98190  26.6%   168 4460s
  2966  1614  370.26371  202  273  458.00000  335.98190  26.6%   168 4466s
  2968  1615  373.13695  203  285  458.00000  335.98190  26.6%   168 4472s
  2970  1616  372.12287  204  279  458.00000  335.98190  26.6%   169 4495s
  2974  1619  373.02623  206  260  458.00000  335.98190  26.6%   170 4542s
  2976  1620  368.99047  207  271  458.00000  335.98190  26.6%   170 4546s
  2981  1624  367.90510  210  273  458.00000  335.98190  26.6%   170 4550s
  2988  1628  371.62322  213  323  458.00000  335.98190  26.6%   170 4555s
  2991  1630  368.03266  215  322  458.00000  335.98190  26.6%   170 4566s
  2992  1631  369.59741  215  282  458.00000  335.98190  26.6%   170 4570s
  2994  1632  369.59741  216  272  458.00000  335.98190  26.6%   169 4576s
  2997  1634  369.59741  218  267  458.00000  335.98190  26.6%   169 4583s
  3000  1636  373.43064  219  243  458.00000  335.98190  26.6%   169 4588s
  3004  1639  376.36275  221  259  458.00000  335.98190  26.6%   169 4590s
  3006  1640  377.07579  222  262  458.00000  335.98190  26.6%   170 4615s
  3011  1644  370.44725  225  260  458.00000  335.98190  26.6%   169 4622s
  3014  1646  372.93884  226  229  458.00000  335.98190  26.6%   169 4625s
  3022  1651  377.19555  230  227  458.00000  335.98190  26.6%   169 4630s
  3026  1654  377.15629  232  232  458.00000  335.98190  26.6%   170 4637s
  3030  1656  378.92267  234  235  458.00000  335.98190  26.6%   171 4659s
  3031  1657  373.30822  235  232  458.00000  335.98190  26.6%   171 4660s
  3038  1662  380.11104  238  231  458.00000  335.98190  26.6%   170 4665s
  3050  1670  380.84343  244  244  458.00000  335.98190  26.6%   171 4702s
  3052  1671  378.89977  245  239  458.00000  335.98190  26.6%   172 4738s
  3054  1672  379.13921  246  231  458.00000  335.98190  26.6%   172 4741s
  3061  1677  373.30822  250  234  458.00000  335.98190  26.6%   171 4745s
  3070  1683  374.62305  254  229  458.00000  335.98190  26.6%   172 4796s
  3072  1684  376.87107  255  222  458.00000  335.98190  26.6%   173 4812s
  3074  1686  377.64122  256  219  458.00000  335.98190  26.6%   174 4832s
H 3076  1613                     457.0000000  335.98190  26.5%   174 4834s
  3077  1616  373.30822  258  232  457.00000  335.98190  26.5%   174 4835s
  3078  1616  376.82935  258  234  457.00000  335.98190  26.5%   175 4873s
  3080  1618  382.88569  259  232  457.00000  335.98190  26.5%   175 4876s
  3084  1620  382.75118  261  238  457.00000  335.98190  26.5%   175 4891s
  3089  1624  373.30822  264  232  457.00000  335.98190  26.5%   175 4895s
  3092  1626  382.66034  265  239  457.00000  335.98190  26.5%   176 4916s
  3096  1628  382.85419  267  230  457.00000  335.98190  26.5%   176 4921s
  3100  1631  380.97019  269  233  457.00000  335.98190  26.5%   176 4926s
  3108  1636  378.09696  273  228  457.00000  335.98190  26.5%   176 4934s
  3109  1637  373.30822  274  233  457.00000  335.98190  26.5%   176 4935s
  3112  1639  382.85752  275  218  457.00000  335.98190  26.5%   177 4942s
  3114  1640  379.70259  276  242  457.00000  335.98190  26.5%   177 4961s
  3124  1647  382.82994  281  228  457.00000  335.98190  26.5%   178 4965s
  3135  1654  373.30822  287  233  457.00000  335.98190  26.5%   178 4970s
  3140  1658  378.97019  289  233  457.00000  335.98190  26.5%   178 4977s
  3141  1658  373.30822  290  240  457.00000  335.98190  26.5%   178 4981s
  3142  1659  378.95611  290  235  457.00000  335.98190  26.5%   180 5002s
  3144  1660  381.82564  291  227  457.00000  335.98190  26.5%   180 5005s
  3154  1667  377.03729  296  242  457.00000  335.98190  26.5%   180 5012s
  3158  1670  379.89644  298  249  457.00000  335.98190  26.5%   181 5018s
  3163  1673  373.30822  301  236  457.00000  335.98190  26.5%   181 5020s
H 3168  1606                     456.0000000  335.98190  26.3%   181 5064s
  3169  1609  373.30822  304  236  456.00000  335.98190  26.3%   183 5065s
  3172  1611  380.01245  305  235  456.00000  335.98190  26.3%   183 5070s
  3176  1614  379.05470  307  235  456.00000  335.98190  26.3%   183 5075s
  3182  1618  378.75893  310  248  456.00000  335.98190  26.3%   184 5098s
  3184  1619  378.06508  311  230  456.00000  335.98190  26.3%   184 5103s
  3186  1620  377.08287  312  237  456.00000  335.98190  26.3%   185 5117s
  3188  1622  381.83973  313  233  456.00000  335.98190  26.3%   186 5123s
  3192  1624  377.13921  315  238  456.00000  335.98190  26.3%   186 5125s
  3200  1630  380.01245  319  236  456.00000  335.98190  26.3%   185 5133s
  3202  1631  381.70259  320  245  456.00000  335.98190  26.3%   186 5152s
  3205  1633  373.30822  322  248  456.00000  335.98190  26.3%   186 5158s
  3208  1635  380.01245  323  236  456.00000  335.98190  26.3%   186 5161s
  3218  1642  378.02653  328  236  456.00000  335.98190  26.3%   186 5166s
  3222  1644  376.14413  330  241  456.00000  335.98190  26.3%   186 5170s
  3228  1648  378.93361  333  246  456.00000  335.98190  26.3%   186 5194s
  3229  1649  373.30822  334  250  456.00000  335.98190  26.3%   186 5195s
  3232  1651  378.01611  335  248  456.00000  335.98190  26.3%   187 5207s
  3236  1654  378.15759  337  233  456.00000  335.98190  26.3%   187 5211s
  3240  1656  376.08654  339  267  456.00000  335.98190  26.3%   188 5218s
  3242  1658  375.51827  340  224  456.00000  335.98190  26.3%   189 5256s
  3244  1659  383.29291  341  225  456.00000  335.98190  26.3%   189 5261s
  3248  1662  381.23658  343  233  456.00000  335.98190  26.3%   190 5277s
  3249  1662  375.51827  344  223  456.00000  335.98190  26.3%   190 5280s
  3252  1664  385.03939  345  224  456.00000  335.98190  26.3%   190 5295s
  3258  1668  385.06756  348  227  456.00000  335.98190  26.3%   191 5306s
  3266  1674  381.06756  352  219  456.00000  335.98190  26.3%   191 5341s
  3268  1675  381.22392  353  220  456.00000  335.98190  26.3%   192 5352s
  3274  1679  381.34925  356  222  456.00000  335.98190  26.3%   191 5355s
  3280  1683  380.34107  359  226  456.00000  335.98190  26.3%   191 5360s
  3282  1684  381.34925  360  218  456.00000  335.98190  26.3%   192 5382s
  3284  1686  381.29563  361  213  456.00000  335.98190  26.3%   192 5403s
  3286  1687  379.28375  362  221  456.00000  335.98190  26.3%   192 5406s
  3296  1694  382.12390  367  224  456.00000  335.98190  26.3%   192 5410s
  3298  1695  380.05348  368  226  456.00000  335.98190  26.3%   193 5456s
  3300  1696  379.29291  369  230  456.00000  335.98190  26.3%   194 5473s
  3302  1698  381.43376  370  227  456.00000  335.98190  26.3%   194 5480s
  3305  1700  375.51827  372  228  456.00000  335.98190  26.3%   194 5486s
  3308  1702  379.40559  373  226  456.00000  335.98190  26.3%   194 5490s
  3314  1706  381.34925  376  227  456.00000  335.98190  26.3%   193 5496s
  3316  1707  383.29291  377  234  456.00000  335.98190  26.3%   194 5504s
  3318  1708  378.35417  378  222  456.00000  335.98190  26.3%   194 5505s
  3330  1716  381.18024  384  227  456.00000  335.98190  26.3%   193 5511s
  3338  1722  381.16355  388  215  456.00000  335.98190  26.3%   193 5522s
  3340  1723  378.39151  389  229  456.00000  335.98190  26.3%   193 5526s
  3342  1724  379.31848  390  222  456.00000  335.98190  26.3%   193 5532s
  3351  1730  375.51827  395  228  456.00000  335.98190  26.3%   193 5535s
  3352  1731  383.94080  395  227  456.00000  335.98190  26.3%   194 5570s
  3357  1734  375.51827  398  227  456.00000  335.98190  26.3%   193 5578s
  3358  1735  379.34925  398  228  456.00000  335.98190  26.3%   194 5586s
  3360  1736  381.13024  399  226  456.00000  335.98190  26.3%   194 5602s
  3366  1740  381.26475  402  227  456.00000  335.98190  26.3%   194 5605s
  3372  1744  379.27209  405  226  456.00000  335.98190  26.3%   195 5621s
  3376  1747  380.11615  407  231  456.00000  335.98190  26.3%   195 5635s
  3384  1752  384.10721  411  219  456.00000  335.98190  26.3%   195 5647s
  3386  1754  381.26475  412  228  456.00000  335.98190  26.3%   195 5651s
  3392  1758  384.10982  415  230  456.00000  335.98190  26.3%   196 5655s
  3399  1762  375.51827  419  229  456.00000  335.98190  26.3%   195 5661s
  3400  1763  384.08224  419  228  456.00000  335.98190  26.3%   195 5666s
  3402  1764  381.18024  420  226  456.00000  335.98190  26.3%   195 5670s
  3411  1770  375.51827  425  228  456.00000  335.98190  26.3%   195 5676s
  3414  1772  380.22249  426  232  456.00000  335.98190  26.3%   196 5680s
  3420  1776  378.30759  429  229  456.00000  335.98190  26.3%   196 5685s
  3430  1783  380.27883  434  227  456.00000  335.98190  26.3%   196 5690s
  3434  1786  378.34925  436  229  456.00000  335.98190  26.3%   196 5696s
  3436  1787  381.23397  437  222  456.00000  335.98190  26.3%   196 5704s
  3438  1788  380.30700  438  227  456.00000  335.98190  26.3%   196 5706s
  3444  1792  381.06756  441  225  456.00000  335.98190  26.3%   197 5731s
  3448  1795  379.34925  443  228  456.00000  335.98190  26.3%   197 5735s
  3454  1799  378.39151  446  225  456.00000  335.98190  26.3%   197 5740s
  3458  1802  381.15266  448  221  456.00000  335.98190  26.3%   197 5745s
  3465  1806  375.51827  452  227  456.00000  335.98190  26.3%   197 5750s
  3468  1808  385.00803  453  221  456.00000  335.98190  26.3%   197 5756s
  3472  1811  379.23717  455  225  456.00000  335.98190  26.3%   198 5761s
  3474  1812  379.06816  456  227  456.00000  335.98190  26.3%   199 5789s
  3475  1813  375.51827  457  229  456.00000  335.98190  26.3%   199 5790s
  3480  1816  382.09633  459  229  456.00000  335.98190  26.3%   199 5795s
  3486  1820  380.17249  462  229  456.00000  335.98190  26.3%   199 5801s
  3488  1822  380.10982  463  225  456.00000  335.98190  26.3%   200 5823s
  3490  1823  379.34925  464  228  456.00000  335.98190  26.3%   200 5826s
  3493  1825  375.51827  466  229  456.00000  335.98190  26.3%   200 5830s
  3496  1827  379.34925  467  233  456.00000  335.98190  26.3%   200 5835s
  3500  1830  379.25801  469  228  456.00000  335.98190  26.3%   200 5848s
  3502  1831  381.23658  470  233  456.00000  335.98190  26.3%   200 5850s
  3510  1836  378.34925  474  228  456.00000  335.98190  26.3%   200 5855s
  3512  1838  380.05348  475  220  456.00000  335.98190  26.3%   201 5890s
  3514  1839  379.29291  476  228  456.00000  335.98190  26.3%   201 5895s
  3517  1841  375.51827  478  230  456.00000  335.98190  26.3%   202 5900s
  3522  1844  380.20983  480  230  456.00000  335.98190  26.3%   202 5911s
  3530  1850  378.39151  484  227  456.00000  335.98190  26.3%   202 5915s
  3537  1854  375.51827  488  227  456.00000  335.98190  26.3%   202 5921s
  3542  1858  381.13024  490  231  456.00000  335.98190  26.3%   202 5927s
  3546  1860  380.23658  492  234  456.00000  335.98190  26.3%   203 5939s
  3548  1862  380.05348  493  227  456.00000  335.98190  26.3%   204 5966s
  3550  1863  380.23658  494  228  456.00000  335.98190  26.3%   204 5972s
  3558  1868  379.33146  498  231  456.00000  335.98190  26.3%   204 5975s
  3560  1870  382.16245  499  220  456.00000  335.98190  26.3%   205 5985s
  3562  1871  383.86667  500  210  456.00000  335.98190  26.3%   205 6004s
  3564  1872  382.16245  501  224  456.00000  335.98190  26.3%   205 6005s
  3573  1878  375.51827  506  228  456.00000  335.98190  26.3%   205 6011s
  3584  1886  382.11376  511  223  456.00000  335.98190  26.3%   205 6016s
  3588  1888  382.05109  513  222  456.00000  335.98190  26.3%   205 6050s
  3593  1892  375.54405  516  228  456.00000  335.98190  26.3%   205 6058s
  3596  1894  380.33278  517  227  456.00000  335.98190  26.3%   205 6061s
  3600  1896  378.39151  519  228  456.00000  335.98190  26.3%   205 6068s
  3606  1900  383.22249  522  227  456.00000  335.98190  26.3%   205 6070s
  3612  1904  383.02531  525  217  456.00000  335.98190  26.3%   205 6102s
  3614  1906  383.19172  526  221  456.00000  335.98190  26.3%   205 6108s
  3619  1909  375.56052  529  228  456.00000  335.98190  26.3%   205 6110s
  3627  1914  375.56052  533  228  456.00000  335.98190  26.3%   205 6115s
  3641  1924  375.56052  540  228  456.00000  335.98190  26.3%   204 6120s
  3650  1930  382.06756  544  223  456.00000  335.98190  26.3%   205 6140s
  3658  1935  382.26475  548  228  456.00000  335.98190  26.3%   205 6145s
  3668  1942  383.16675  553  229  456.00000  335.98190  26.3%   204 6151s
  3674  1946  380.21474  556  230  456.00000  335.98190  26.3%   205 6158s
  3676  1947  378.43376  557  227  456.00000  335.98190  26.3%   205 6161s
  3681  1950  375.56052  560  229  456.00000  335.98190  26.3%   205 6165s
  3686  1954  381.17249  562  222  456.00000  335.98190  26.3%   205 6170s
  3688  1955  381.10982  563  233  456.00000  335.98190  26.3%   206 6209s
  3690  1956  379.39151  564  227  456.00000  335.98190  26.3%   206 6215s
  3694  1959  378.43376  566  224  456.00000  335.98190  26.3%   207 6221s
  3700  1963  382.26475  569  229  456.00000  335.98190  26.3%   207 6227s
  3708  1968  383.22249  573  227  456.00000  335.98190  26.3%   206 6231s
  3717  1974  375.56052  578  230  456.00000  335.98190  26.3%   206 6235s
  3718  1975  380.15207  578  227  456.00000  335.98190  26.3%   207 6255s
  3720  1976  379.33576  579  223  456.00000  335.98190  26.3%   207 6260s
  3722  1978  379.26534  580  219  456.00000  335.98190  26.3%   207 6270s
  3735  1986  375.56052  587  229  456.00000  335.98190  26.3%   207 6277s
  3736  1987  381.30700  587  228  456.00000  335.98190  26.3%   207 6280s
  3742  1991  380.27623  590  222  456.00000  335.98190  26.3%   207 6286s
  3751  1997  375.56052  595  228  456.00000  335.98190  26.3%   207 6290s
  3761  2004  375.56052  600  228  456.00000  335.98190  26.3%   207 6295s
  3770  2010  383.22249  604  227  456.00000  335.98190  26.3%   207 6300s
  3785  2020  375.56052  612  228  456.00000  335.98190  26.3%   206 6305s
  3789  2022  375.56052  614  227  456.00000  335.98190  26.3%   206 6311s
  3795  2026  375.56052  617  227  456.00000  335.98190  26.3%   206 6315s
  3800  2030  380.34925  619  227  456.00000  335.98190  26.3%   206 6320s
  3806  2034  386.01122  622  227  456.00000  335.98190  26.3%   206 6325s
  3816  2040  381.30700  627  228  456.00000  335.98190  26.3%   205 6330s
  3829  2049  375.56052  634  228  456.00000  335.98190  26.3%   205 6335s
  3843  2058  375.56052  641  226  456.00000  335.98190  26.3%   205 6342s
  3853  2065  375.56052  646  227  456.00000  335.98190  26.3%   204 6345s
  3868  2075  384.18024  653  226  456.00000  335.98190  26.3%   204 6350s
  3878  2082  380.34925  658  228  456.00000  335.98190  26.3%   204 6355s
  3884  2086  383.19432  661  224  456.00000  335.98190  26.3%   204 6364s
  3885  2086  375.56052  662  228  456.00000  335.98190  26.3%   204 6365s
  3887  2088  375.56052  663  229  456.00000  335.98190  26.3%   204 6370s
  3894  2092  383.08798  666  235  456.00000  335.98190  26.3%   204 6381s
  3897  2094  375.56052  668  227  456.00000  335.98190  26.3%   205 6385s
  3898  2095  378.39151  668  220  456.00000  335.98190  26.3%   205 6390s
  3900  2096  383.02531  669  217  456.00000  335.98190  26.3%   206 6410s
  3904  2099  381.30700  671  229  456.00000  335.98190  26.3%   206 6415s
  3910  2103  381.17249  674  231  456.00000  335.98190  26.3%   207 6430s
  3918  2108  380.33517  678  228  456.00000  335.98190  26.3%   207 6435s
  3920  2110  381.30700  679  237  456.00000  335.98190  26.3%   207 6441s
  3922  2111  379.39151  680  226  456.00000  335.98190  26.3%   208 6445s
  3926  2114  383.22249  682  227  456.00000  335.98190  26.3%   208 6452s
  3932  2118  378.39151  685  231  456.00000  335.98190  26.3%   209 6455s
  3936  2120  379.33517  687  230  456.00000  335.98190  26.3%   209 6461s
  3938  2122  381.22249  688  237  456.00000  335.98190  26.3%   210 6468s
H 3941  2057                     455.0000000  335.98190  26.2%   210 6523s
  3943  2060  375.56052  691  229  455.00000  335.98190  26.2%   210 6528s
  3946  2062  380.34925  692  228  455.00000  335.98190  26.2%   210 6530s
  3951  2065  375.56052  695  229  455.00000  335.98190  26.2%   210 6536s
  3952  2066  382.06756  695  222  455.00000  335.98190  26.2%   211 6553s
H 3954  2004                     454.0000000  335.98190  26.0%   210 6556s
  3964  2013  380.34925  701  226  454.00000  335.98190  26.0%   211 6560s
  3972  2018  385.12390  705  225  454.00000  335.98190  26.0%   211 6565s
  3979  2023  375.56052  709  228  454.00000  335.98190  26.0%   211 6570s
  3984  2026  383.22249  711  227  454.00000  335.98190  26.0%   211 6576s
  3988  2029  385.13799  713  226  454.00000  335.98190  26.0%   210 6581s
  3991  2031  375.56052  715  227  454.00000  335.98190  26.0%   210 6586s
  3994  2033  382.06756  716  217  454.00000  335.98190  26.0%   211 6608s
  3996  2034  380.34925  717  227  454.00000  335.98190  26.0%   211 6611s
  4000  2037  380.34925  719  227  454.00000  335.98190  26.0%   211 6617s
  4005  2040  375.56052  722  230  454.00000  335.98190  26.0%   211 6621s
  4010  2044  382.13024  724  227  454.00000  335.98190  26.0%   211 6625s
  4012  2045  381.10982  725  228  454.00000  335.98190  26.0%   212 6647s
  4019  2050  375.56052  729  230  454.00000  335.98190  26.0%   212 6650s
  4024  2053  379.39151  731  229  454.00000  335.98190  26.0%   212 6656s
  4032  2058  385.13799  735  226  454.00000  335.98190  26.0%   212 6661s
  4042  2065  380.26475  740  228  454.00000  335.98190  26.0%   212 6665s
  4048  2069  382.23397  743  220  454.00000  335.98190  26.0%   212 6670s
  4059  2076  375.56052  749  228  454.00000  335.98190  26.0%   212 6676s
  4062  2078  385.12450  750  220  454.00000  335.98190  26.0%   213 6680s
  4078  2089  381.26475  758  227  454.00000  335.98190  26.0%   212 6687s
  4081  2091  375.56983  760  227  454.00000  335.98190  26.0%   212 6690s
  4090  2097  382.22249  764  227  454.00000  335.98190  26.0%   212 6695s
  4100  2104  382.22249  769  226  454.00000  335.98190  26.0%   211 6700s
  4104  2106  383.05109  771  224  454.00000  335.98190  26.0%   212 6734s
  4105  2107  375.58630  772  229  454.00000  335.98190  26.0%   212 6735s
  4115  2114  375.58702  777  227  454.00000  335.98190  26.0%   211 6740s
  4131  2124  375.59490  785  229  454.00000  335.98190  26.0%   211 6745s
  4139  2130  375.59561  789  227  454.00000  335.98190  26.0%   210 6750s
  4140  2130  384.89855  789  229  454.00000  335.98190  26.0%   211 6780s
  4142  2132  385.06496  790  221  454.00000  335.98190  26.0%   212 6786s
  4153  2139  375.60277  796  228  454.00000  335.98190  26.0%   211 6790s
  4158  2142  381.15207  798  222  454.00000  335.98190  26.0%   212 6812s
  4160  2144  378.47601  799  230  454.00000  335.98190  26.0%   212 6815s
  4162  2145  384.02531  800  230  454.00000  335.98190  26.0%   212 6848s
  4164  2146  384.19172  801  220  454.00000  335.98190  26.0%   212 6851s
H 4167  2087                     453.0000000  335.98190  25.8%   212 6854s
  4168  2090  382.30700  803  234  453.00000  335.98190  25.8%   212 6855s
  4175  2095  375.60277  807  228  453.00000  335.98190  25.8%   212 6862s
  4178  2097  386.05348  808  227  453.00000  335.98190  25.8%   213 6870s
  4189  2104  375.60277  814  229  453.00000  335.98190  25.8%   212 6875s
  4190  2105  387.01122  814  225  453.00000  335.98190  25.8%   213 6882s
  4192  2106  381.34925  815  234  453.00000  335.98190  25.8%   213 6886s
  4198  2110  383.26475  818  234  453.00000  335.98190  25.8%   213 6890s
  4204  2114  384.22249  821  234  453.00000  335.98190  25.8%   213 6895s
  4219  2124  375.60277  829  230  453.00000  335.98190  25.8%   212 6900s
  4227  2129  375.60277  833  228  453.00000  335.98190  25.8%   212 6905s
  4243  2140  375.60277  841  227  453.00000  335.98190  25.8%   212 6910s
  4248  2143  382.30700  843  233  453.00000  335.98190  25.8%   212 6915s
  4262  2153  385.18024  850  232  453.00000  335.98190  25.8%   212 6920s
  4272  2159  385.18024  855  232  453.00000  335.98190  25.8%   212 6929s
  4275  2161  375.60277  857  227  453.00000  335.98190  25.8%   212 6934s
  4277  2163  375.60277  858  228  453.00000  335.98190  25.8%   212 6935s
  4286  2169  384.22249  862  231  453.00000  335.98190  25.8%   212 6941s
  4291  2172  375.60277  865  230  453.00000  335.98190  25.8%   212 6946s
  4300  2178  382.30700  869  234  453.00000  335.98190  25.8%   212 6952s
  4302  2179  382.30700  870  233  453.00000  335.98190  25.8%   212 6955s
  4315  2188  375.60277  877  228  453.00000  335.98190  25.8%   212 6960s
  4322  2193  381.21474  880  229  453.00000  335.98190  25.8%   213 6967s
  4329  2197  375.60277  884  229  453.00000  335.98190  25.8%   212 6971s
  4338  2203  384.13799  888  228  453.00000  335.98190  25.8%   212 6976s
  4347  2209  375.60349  893  228  453.00000  335.98190  25.8%   212 6980s
  4356  2215  385.09573  897  225  453.00000  335.98190  25.8%   212 6985s
  4369  2224  375.62038  904  228  453.00000  335.98190  25.8%   211 6992s
  4372  2226  382.26475  905  228  453.00000  335.98190  25.8%   211 6995s
  4383  2233  375.62610  911  227  453.00000  335.98190  25.8%   211 7001s
  4394  2241  383.22249  916  227  453.00000  335.98190  25.8%   211 7005s
  4400  2245  383.22249  919  227  453.00000  335.98190  25.8%   210 7010s
  4408  2250  379.43376  923  230  453.00000  335.98190  25.8%   210 7015s
  4415  2255  375.63183  927  227  453.00000  335.98190  25.8%   210 7020s
  4433  2267  375.63183  936  227  453.00000  335.98190  25.8%   209 7025s
  4441  2272  375.63661  940  227  453.00000  335.98190  25.8%   209 7030s
  4455  2281  375.63661  947  229  453.00000  335.98190  25.8%   209 7035s
  4464  2287  385.22249  951  228  453.00000  335.98190  25.8%   208 7040s
  4466  2289  385.22249  952  228  453.00000  335.98190  25.8%   208 7046s
  4470  2291  384.26475  954  227  453.00000  335.98190  25.8%   208 7050s
  4481  2299  375.63709  960  229  453.00000  335.98190  25.8%   208 7055s
  4491  2305  375.63756  965  227  453.00000  335.98190  25.8%   208 7062s
  4498  2310  386.09573  968  226  453.00000  335.98190  25.8%   208 7065s
  4504  2314  386.08224  971  218  453.00000  335.98190  25.8%   208 7070s
  4518  2323  382.30700  978  226  453.00000  335.98190  25.8%   207 7076s
  4530  2331  383.26475  984  227  453.00000  335.98190  25.8%   207 7080s
  4545  2341  375.66000  992  227  453.00000  335.98190  25.8%   206 7086s
  4558  2350  384.22249  998  226  453.00000  335.98190  25.8%   205 7090s
  4563  2353  375.66573 1001  227  453.00000  335.98190  25.8%   205 7095s
  4572  2359  385.18024 1005  226  453.00000  335.98190  25.8%   205 7103s
  4578  2363  385.18024 1008  226  453.00000  335.98190  25.8%   205 7105s
  4596  2375  388.09573 1017  225  453.00000  335.98190  25.8%   204 7110s
  4600  2378  378.34447 1019  227  453.00000  335.98190  25.8%   204 7118s
  4608  2383  379.21947 1023  227  453.00000  335.98190  25.8%   203 7120s
  4626  2395  381.09271 1032  228  453.00000  335.98190  25.8%   203 7127s
  4628  2397  381.09271 1033  229  453.00000  335.98190  25.8%   202 7130s
  4647  2409  376.05311 1043  235  453.00000  335.98190  25.8%   202 7135s
  4654  2414  382.05046 1046  228  453.00000  335.98190  25.8%   201 7140s
  4660  2418  382.05046 1049  228  453.00000  335.98190  25.8%   201 7145s
  4672  2426  382.09271 1055  229  453.00000  335.98190  25.8%   201 7150s
  4685  2435  376.11045 1062  233  453.00000  335.98190  25.8%   200 7155s
  4700  2445  383.00821 1069  227  453.00000  335.98190  25.8%   199 7161s
  4707  2449  376.13963 1073  233  453.00000  335.98190  25.8%   199 7165s
  4723  2460  376.15371 1081  234  453.00000  335.98190  25.8%   199 7170s
  4734  2467  383.09271 1086  228  453.00000  335.98190  25.8%   198 7175s
  4753  2480  376.19697 1096  233  453.00000  335.98190  25.8%   197 7180s
  4760  2485  385.82570 1099  222  453.00000  335.98190  25.8%   197 7186s
  4761  2485  376.19697 1100  233  453.00000  335.98190  25.8%   197 7191s
  4778  2497  384.00821 1108  228  453.00000  335.98190  25.8%   197 7195s
  4791  2505  376.22514 1115  234  453.00000  335.98190  25.8%   196 7200s
  4800  2511  384.05046 1119  227  453.00000  335.98190  25.8%   196 7205s
  4810  2518  385.68426 1124  230  453.00000  335.98190  25.8%   196 7232s
  4812  2519  385.85068 1125  221  453.00000  335.98190  25.8%   196 7236s
  4814  2521  385.86736 1126  217  453.00000  335.98190  25.8%   196 7240s
  4818  2523  384.92370 1128  227  453.00000  335.98190  25.8%   196 7245s
  4839  2537  376.26840 1139  234  453.00000  335.98190  25.8%   195 7250s
  4851  2545  376.26840 1145  233  453.00000  335.98190  25.8%   195 7255s
  4857  2549  376.28248 1148  233  453.00000  335.98190  25.8%   195 7260s
  4869  2557  376.28248 1154  233  453.00000  335.98190  25.8%   194 7265s
  4882  2566  387.71243 1160  222  453.00000  335.98190  25.8%   194 7271s
  4895  2575  385.05046 1167  230  453.00000  335.98190  25.8%   193 7275s
  4898  2577  390.96595 1168  229  453.00000  335.98190  25.8%   194 7288s
  4900  2578  389.98004 1169  229  453.00000  335.98190  25.8%   194 7292s
  4910  2585  388.00966 1174  229  453.00000  335.98190  25.8%   193 7295s
  4923  2593  385.63300 1181  232  453.00000  335.98190  25.8%   193 7300s
  4924  2594  395.90203 1181  235  453.00000  335.98190  25.8%   193 7358s
H 4926  2537                     452.0000000  335.98190  25.7%   193 7439s
  4927  2540  386.32124 1183  237  452.00000  335.98190  25.7%   193 7440s
  4930  2542  388.43706 1184  223  452.00000  335.98190  25.7%   193 7445s
  4932  2543  389.32438 1185  217  452.00000  335.98190  25.7%   193 7453s
  4938  2547  386.71241 1188  231  452.00000  335.98190  25.7%   193 7455s
  4950  2555  392.03236 1194  215  452.00000  335.98190  25.7%   193 7461s
  4952  2557  389.89152 1195  210  452.00000  335.98190  25.7%   193 7468s
  4954  2558  389.92156 1196  204  452.00000  335.98190  25.7%   193 7504s
  4955  2559  387.17321 1197  217  452.00000  335.98190  25.7%   193 7505s
  4958  2561  394.90748 1198  213  452.00000  335.98190  25.7%   194 7523s
  4960  2562  390.07523 1199  227  452.00000  335.98190  25.7%   194 7549s
  4962  2563  391.02015 1200  207  452.00000  335.98190  25.7%   195 7556s
  4971  2569  387.17321 1205  217  452.00000  335.98190  25.7%   194 7560s
  4977  2573  387.17321 1208  219  452.00000  335.98190  25.7%   194 7565s
  4978  2574  390.87743 1208  211  452.00000  335.98190  25.7%   194 7575s
  4982  2577  390.82109 1210  206  452.00000  335.98190  25.7%   195 7588s
  4984  2578  392.03236 1211  216  452.00000  335.98190  25.7%   195 7591s
  4985  2579  387.17321 1212  217  452.00000  335.98190  25.7%   195 7595s
  4986  2579  393.91969 1212  223  452.00000  335.98190  25.7%   195 7636s
  4988  2581  394.89152 1213  221  452.00000  335.98190  25.7%   196 7686s
  4991  2583  387.17321 1215  217  452.00000  335.98190  25.7%   196 7691s
  4992  2583  396.79883 1215  221  452.00000  335.98190  25.7%   197 7734s
  4994  2585  392.94785 1216  211  452.00000  335.98190  25.7%   198 7787s
  4996  2586  394.89152 1217  210  452.00000  335.98190  25.7%   199 7851s
  5000  2589  392.03236 1219  217  452.00000  335.98190  25.7%   199 7856s
  5002  2590  391.96194 1220  231  452.00000  335.98190  25.7%   200 7907s
  5004  2591  390.95419 1221  211  452.00000  335.98190  25.7%   200 7915s
  5006  2593  391.86335 1222  207  452.00000  335.98190  25.7%   201 7941s
  5010  2595  390.72250 1224  209  452.00000  335.98190  25.7%   201 7950s
  5012  2597  389.83518 1225  204  452.00000  335.98190  25.7%   202 7960s
  5020  2602  388.94785 1229  213  452.00000  335.98190  25.7%   202 7965s
  5022  2603  389.83518 1230  207  452.00000  335.98190  25.7%   202 7971s
  5026  2606  388.94785 1232  208  452.00000  335.98190  25.7%   202 7976s
  5031  2609  387.17321 1235  212  452.00000  335.98190  25.7%   202 7980s
  5040  2615  389.89152 1239  212  452.00000  335.98190  25.7%   202 7989s
  5042  2617  389.89152 1240  213  452.00000  335.98190  25.7%   202 7991s
  5048  2621  390.79292 1243  205  452.00000  335.98190  25.7%   202 7997s
  5050  2622  388.99011 1244  207  452.00000  335.98190  25.7%   203 8002s
  5052  2623  393.40146 1245  194  452.00000  335.98190  25.7%   203 8005s
  5058  2627  389.89152 1248  208  452.00000  335.98190  25.7%   203 8015s
  5060  2629  389.89152 1249  204  452.00000  335.98190  25.7%   203 8027s
  5062  2630  389.89152 1250  213  452.00000  335.98190  25.7%   204 8037s
  5066  2633  389.89152 1252  210  452.00000  335.98190  25.7%   204 8044s
  5068  2634  391.69433 1253  204  452.00000  335.98190  25.7%   205 8052s
  5070  2635  390.79292 1254  203  452.00000  335.98190  25.7%   205 8060s
  5072  2637  390.79292 1255  210  452.00000  335.98190  25.7%   205 8065s
  5079  2641  387.17321 1259  209  452.00000  335.98190  25.7%   205 8070s
  5086  2646  392.50005 1262  197  452.00000  335.98190  25.7%   205 8075s
  5096  2653  396.24653 1267  200  452.00000  335.98190  25.7%   206 8124s
  5098  2654  396.31883 1268  189  452.00000  335.98190  25.7%   206 8148s
  5100  2655  394.50005 1269  196  452.00000  335.98190  25.7%   206 8152s
  5108  2661  389.06680 1273  221  452.00000  335.98190  25.7%   207 8192s
  5112  2663  390.99637 1275  215  452.00000  335.98190  25.7%   207 8199s
  5113  2664  387.30854 1276  216  452.00000  335.98190  25.7%   207 8200s
  5116  2666  390.99637 1277  217  452.00000  335.98190  25.7%   207 8208s
  5118  2667  389.98229 1278  206  452.00000  335.98190  25.7%   208 8219s
  5119  2668  387.30854 1279  220  452.00000  335.98190  25.7%   208 8220s
  5120  2669  389.96820 1279  208  452.00000  335.98190  25.7%   208 8248s
  5124  2671  390.09496 1281  209  452.00000  335.98190  25.7%   208 8250s
  5136  2679  391.03914 1287  210  452.00000  335.98190  25.7%   208 8255s
  5139  2681  387.30854 1289  217  452.00000  335.98190  25.7%   208 8263s
  5141  2683  387.30854 1290  213  452.00000  335.98190  25.7%   208 8265s
  5142  2683  392.61848 1290  214  452.00000  335.98190  25.7%   209 8291s
  5145  2685  387.30854 1292  219  452.00000  335.98190  25.7%   209 8295s
  5148  2687  389.91426 1293  221  452.00000  335.98190  25.7%   210 8337s
  5150  2689  396.92597 1294  222  452.00000  335.98190  25.7%   210 8347s
  5154  2691  392.97051 1296  227  452.00000  335.98190  25.7%   211 8372s
  5156  2693  393.09727 1297  221  452.00000  335.98190  25.7%   211 8377s
  5158  2694  391.02685 1298  221  452.00000  335.98190  25.7%   211 8404s
  5162  2697  390.22403 1300  220  452.00000  335.98190  25.7%   211 8405s
  5164  2698  392.06135 1301  211  452.00000  335.98190  25.7%   212 8410s
  5170  2702  391.02685 1304  224  452.00000  335.98190  25.7%   212 8440s
  5172  2703  391.19586 1305  222  452.00000  335.98190  25.7%   212 8445s
  5176  2706  392.03042 1307  214  452.00000  335.98190  25.7%   213 8479s
  5180  2709  392.17127 1309  220  452.00000  335.98190  25.7%   213 8484s
  5181  2709  387.35101 1310  221  452.00000  335.98190  25.7%   213 8485s
  5190  2715  393.06135 1314  214  452.00000  335.98190  25.7%   212 8490s
  5192  2717  392.99868 1315  218  452.00000  335.98190  25.7%   213 8517s
  5193  2717  387.35817 1316  220  452.00000  335.98190  25.7%   213 8520s
  5200  2722  392.23432 1319  220  452.00000  335.98190  25.7%   213 8537s
  5204  2725  393.10756 1321  217  452.00000  335.98190  25.7%   213 8541s
  5206  2726  393.03714 1322  213  452.00000  335.98190  25.7%   214 8568s
  5212  2730  391.25220 1325  221  452.00000  335.98190  25.7%   214 8570s
  5216  2733  394.06910 1327  216  452.00000  335.98190  25.7%   214 8579s
  5217  2733  387.41808 1328  222  452.00000  335.98190  25.7%   214 8580s
  5220  2735  394.06135 1329  225  452.00000  335.98190  25.7%   214 8589s
  5221  2736  387.42695 1330  221  452.00000  335.98190  25.7%   214 8590s
  5222  2737  393.99868 1330  220  452.00000  335.98190  25.7%   215 8616s
  5228  2741  392.15252 1333  217  452.00000  335.98190  25.7%   215 8651s
  5232  2743  391.31045 1335  218  452.00000  335.98190  25.7%   215 8675s
  5236  2746  392.32154 1337  221  452.00000  335.98190  25.7%   215 8681s
  5240  2749  393.15252 1339  223  452.00000  335.98190  25.7%   215 8711s
  5243  2751  387.49055 1341  224  452.00000  335.98190  25.7%   215 8715s
  5245  2752  387.49055 1342  223  452.00000  335.98190  25.7%   215 8720s
  5250  2755  391.32154 1344  218  452.00000  335.98190  25.7%   215 8727s
  5258  2761  394.23703 1348  220  452.00000  335.98190  25.7%   215 8730s
  5262  2763  394.20886 1350  215  452.00000  335.98190  25.7%   216 8768s
  5264  2765  397.04762 1351  208  452.00000  335.98190  25.7%   216 8788s
  5265  2765  391.32154 1352  219  452.00000  335.98190  25.7%   216 8790s
  5266  2766  397.03353 1352  222  452.00000  335.98190  25.7%   217 8824s
  5268  2767  398.01945 1353  209  452.00000  335.98190  25.7%   217 8837s
  5270  2769  395.19478 1354  229  452.00000  335.98190  25.7%   218 8856s
  5272  2770  399.96311 1355  207  452.00000  335.98190  25.7%   218 8895s
  5274  2771  395.20886 1356  219  452.00000  335.98190  25.7%   218 8901s
  5278  2774  398.99128 1358  213  452.00000  335.98190  25.7%   218 8914s
  5279  2775  391.32154 1359  220  452.00000  335.98190  25.7%   218 8915s
  5280  2775  398.00536 1359  211  452.00000  335.98190  25.7%   219 8958s
  5282  2777  396.18069 1360  219  452.00000  335.98190  25.7%   219 8960s
  5284  2778  398.97719 1361  223  452.00000  335.98190  25.7%   220 9001s
  5288  2781  398.12435 1363  215  452.00000  335.98190  25.7%   220 9006s
  5292  2783  395.20886 1365  217  452.00000  335.98190  25.7%   220 9012s
  5294  2785  396.18069 1366  232  452.00000  335.98190  25.7%   221 9027s
  5300  2789  399.05393 1369  215  452.00000  335.98190  25.7%   221 9035s
  5304  2791  398.92717 1371  214  452.00000  335.98190  25.7%   221 9066s
  5308  2794  393.22295 1373  220  452.00000  335.98190  25.7%   221 9072s
  5312  2797  396.23703 1375  221  452.00000  335.98190  25.7%   221 9075s
  5314  2798  397.99902 1376  207  452.00000  335.98190  25.7%   222 9105s
  5318  2801  396.18069 1378  210  452.00000  335.98190  25.7%   222 9120s
  5320  2802  396.07578 1379  208  452.00000  335.98190  25.7%   222 9135s
  5322  2803  396.18069 1380  224  452.00000  335.98190  25.7%   222 9143s
  5324  2805  398.12435 1381  209  452.00000  335.98190  25.7%   223 9150s
  5326  2806  398.01945 1382  210  452.00000  335.98190  25.7%   223 9164s
  5327  2807  391.32154 1383  221  452.00000  335.98190  25.7%   223 9165s
  5328  2807  396.18069 1383  219  452.00000  335.98190  25.7%   223 9170s
  5330  2809  394.23703 1384  210  452.00000  335.98190  25.7%   223 9179s
  5331  2809  391.32154 1385  221  452.00000  335.98190  25.7%   223 9180s
  5332  2810  399.03165 1385  220  452.00000  335.98190  25.7%   223 9194s
  5333  2811  391.32154 1386  220  452.00000  335.98190  25.7%   223 9195s
  5339  2815  391.32154 1389  220  452.00000  335.98190  25.7%   223 9201s
  5342  2817  398.99128 1390  206  452.00000  335.98190  25.7%   223 9213s
  5346  2819  396.14435 1392  219  452.00000  335.98190  25.7%   223 9215s
  5354  2825  396.98351 1396  223  452.00000  335.98190  25.7%   223 9238s
  5355  2825  391.32154 1397  221  452.00000  335.98190  25.7%   223 9241s
  5357  2827  391.32154 1398  221  452.00000  335.98190  25.7%   223 9245s
  5372  2837  396.22966 1405  215  452.00000  335.98190  25.7%   223 9268s
  5379  2841  391.56769 1409  222  452.00000  335.98190  25.7%   223 9270s
  5380  2842  397.22966 1409  209  452.00000  335.98190  25.7%   223 9282s
  5382  2843  392.16769 1410  221  452.00000  335.98190  25.7%   223 9287s
  5391  2849  391.61203 1415  222  452.00000  335.98190  25.7%   223 9290s
  5400  2855  395.05502 1419  220  452.00000  335.98190  25.7%   223 9297s
  5409  2861  391.69857 1424  220  452.00000  335.98190  25.7%   222 9302s
  5420  2869  396.89234 1429  216  452.00000  335.98190  25.7%   222 9306s
  5422  2870  396.82966 1430  207  452.00000  335.98190  25.7%   223 9326s
  5424  2871  396.99868 1431  216  452.00000  335.98190  25.7%   223 9333s
  5432  2877  396.05502 1435  220  452.00000  335.98190  25.7%   222 9335s
  5436  2879  396.05502 1437  220  452.00000  335.98190  25.7%   222 9341s
  5443  2884  391.94992 1441  221  452.00000  335.98190  25.7%   222 9345s
  5448  2887  397.82966 1443  218  452.00000  335.98190  25.7%   223 9372s
  5450  2889  397.97051 1444  217  452.00000  335.98190  25.7%   223 9378s
  5452  2890  397.89234 1445  220  452.00000  335.98190  25.7%   223 9380s
  5454  2891  397.82966 1446  213  452.00000  335.98190  25.7%   223 9401s
  5461  2896  392.07560 1450  220  452.00000  335.98190  25.7%   223 9405s
  5467  2900  392.28318 1453  221  452.00000  335.98190  25.7%   223 9410s
  5486  2913  394.13952 1462  219  452.00000  335.98190  25.7%   222 9415s
H 5490  2861                     451.0000000  335.98190  25.5%   222 9423s
  5492  2865  395.82966 1465  225  451.00000  335.98190  25.5%   223 9445s
  5500  2870  395.05502 1469  220  451.00000  335.98190  25.5%   222 9450s
  5515  2880  392.68318 1477  220  451.00000  335.98190  25.5%   222 9455s
  5522  2885  397.77333 1480  220  451.00000  335.98190  25.5%   222 9484s
  5524  2886  395.08318 1481  220  451.00000  335.98190  25.5%   222 9485s
  5533  2892  392.68318 1486  221  451.00000  335.98190  25.5%   222 9490s
  5544  2899  395.11135 1491  220  451.00000  335.98190  25.5%   221 9496s
  5554  2906  396.99868 1496  220  451.00000  335.98190  25.5%   221 9500s
  5560  2910  396.97051 1499  221  451.00000  335.98190  25.5%   221 9506s
  5566  2914  396.99868 1502  216  451.00000  335.98190  25.5%   221 9513s
  5571  2917  393.05502 1505  221  451.00000  335.98190  25.5%   221 9517s
  5578  2922  397.93457 1508  216  451.00000  335.98190  25.5%   221 9525s
  5580  2923  397.96086 1509  223  451.00000  335.98190  25.5%   221 9531s
  5586  2927  398.99868 1512  221  451.00000  335.98190  25.5%   221 9536s
  5588  2929  398.99868 1513  213  451.00000  335.98190  25.5%   222 9545s
  5598  2935  399.95682 1518  214  451.00000  335.98190  25.5%   221 9553s
  5600  2937  400.94234 1519  217  451.00000  335.98190  25.5%   221 9556s
  5608  2942  402.88600 1523  216  451.00000  335.98190  25.5%   221 9560s
  5614  2946  403.83678 1526  221  451.00000  335.98190  25.5%   221 9570s
  5618  2949  405.78044 1528  225  451.00000  335.98190  25.5%   221 9587s
  5620  2950  405.84497 1529  223  451.00000  335.98190  25.5%   222 9593s
  5624  2953  406.78046 1531  216  451.00000  335.98190  25.5%   221 9595s
  5626  2954  403.86496 1532  211  451.00000  335.98190  25.5%   221 9601s
  5628  2955  405.80863 1533  213  451.00000  335.98190  25.5%   222 9606s
  5630  2957  401.95765 1534  219  451.00000  335.98190  25.5%   222 9610s
  5633  2959  401.95765 1536  220  451.00000  335.98190  25.5%   222 9616s
  5638  2962  408.51872 1538  212  451.00000  335.98190  25.5%   222 9651s
  5640  2963  411.53470 1539  204  451.00000  335.98190  25.5%   222 9659s
  5641  2964  401.95765 1540  218  451.00000  335.98190  25.5%   222 9660s
  5642  2965  406.71190 1540  199  451.00000  335.98190  25.5%   223 9672s
  5644  2966  408.65556 1541  223  451.00000  335.98190  25.5%   223 9684s
  5646  2967  406.81680 1542  218  451.00000  335.98190  25.5%   223 9685s
  5652  2972  408.76047 1545  216  451.00000  335.98190  25.5%   223 9690s
  5654  2974  405.78044 1546  213  451.00000  335.98190  25.5%   223 9699s
  5656  2976  408.69593 1547  214  451.00000  335.98190  25.5%   223 9711s
  5658  2978  405.74006 1548  206  451.00000  335.98190  25.5%   223 9732s
  5660  2980  408.65556 1549  200  451.00000  335.98190  25.5%   224 9743s
  5662  2982  408.64147 1550  219  451.00000  335.98190  25.5%   224 9780s
  5670  2990  411.63961 1554  214  451.00000  335.98190  25.5%   224 9786s
  5672  2992  405.47647 1555  216  451.00000  335.98190  25.5%   224 9798s
  5676  2996  404.83679 1557  217  451.00000  335.98190  25.5%   224 9800s
  5678  2998  411.52062 1558  215  451.00000  335.98190  25.5%   225 9846s
  5680  3000  407.75229 1559  216  451.00000  335.98190  25.5%   225 9850s
  5685  3005  401.95805 1562  220  451.00000  335.98190  25.5%   225 9855s
  5688  3008  410.63960 1563  207  451.00000  335.98190  25.5%   225 9864s
  5690  3010  405.78044 1564  210  451.00000  335.98190  25.5%   225 9884s
  5692  3012  406.75227 1565  214  451.00000  335.98190  25.5%   225 9896s
  5694  3014  408.69593 1566  213  451.00000  335.98190  25.5%   226 9913s
  5696  3016  408.50464 1567  212  451.00000  335.98190  25.5%   226 9936s
  5698  3018  408.69593 1568  214  451.00000  335.98190  25.5%   226 9952s
  5700  3020  411.57508 1569  211  451.00000  335.98190  25.5%   226 9962s
  5702  3022  409.66776 1570  227  451.00000  335.98190  25.5%   227 9975s
  5704  3024  411.38379 1571  214  451.00000  335.98190  25.5%   227 9994s
  5706  3026  410.70413 1572  216  451.00000  335.98190  25.5%   227 9998s
  5710  3030  407.82498 1574  214  451.00000  335.98190  25.5%   227 10000s
  5718  3038  410.46239 1578  210  451.00000  335.98190  25.5%   227 10014s
  5720  3040  410.63960 1579  214  451.00000  335.98190  25.5%   227 10021s
  5722  3042  410.59922 1580  203  451.00000  335.98190  25.5%   227 10039s
  5724  3044  407.72007 1581  224  451.00000  335.98190  25.5%   228 10078s
  5727  3047  401.99400 1583  218  451.00000  335.98190  25.5%   228 10082s
  5730  3050  406.81680 1584  216  451.00000  335.98190  25.5%   227 10086s
  5733  3053  401.99400 1586  218  451.00000  335.98190  25.5%   227 10090s
  5738  3058  405.88132 1588  217  451.00000  335.98190  25.5%   227 10095s
  5745  3065  401.99400 1592  217  451.00000  335.98190  25.5%   227 10100s
  5752  3072  410.63960 1595  218  451.00000  335.98190  25.5%   227 10114s
  5754  3074  407.76045 1596  220  451.00000  335.98190  25.5%   227 10127s
  5756  3076  410.44830 1597  202  451.00000  335.98190  25.5%   228 10151s
  5760  3080  405.77744 1599  218  451.00000  335.98190  25.5%   228 10156s
  5767  3087  402.10304 1603  216  451.00000  335.98190  25.5%   227 10160s
  5780  3100  408.68777 1609  215  451.00000  335.98190  25.5%   227 10165s
  5787  3107  402.17573 1613  215  451.00000  335.98190  25.5%   227 10170s
  5792  3112  412.33335 1615  195  451.00000  335.98190  25.5%   227 10189s
  5794  3114  412.45610 1616  215  451.00000  335.98190  25.5%   228 10213s
  5799  3119  402.17613 1619  220  451.00000  335.98190  25.5%   227 10215s
  5802  3122  412.31927 1620  211  451.00000  335.98190  25.5%   228 10247s
  5808  3128  409.97510 1623  214  451.00000  335.98190  25.5%   228 10250s
  5810  3130  409.87019 1624  200  451.00000  335.98190  25.5%   228 10267s
  5814  3134  406.08777 1626  216  451.00000  335.98190  25.5%   228 10270s
  5824  3144  408.03143 1631  215  451.00000  335.98190  25.5%   228 10276s
  5826  3146  409.85610 1632  210  451.00000  335.98190  25.5%   228 10296s
  5828  3148  409.91056 1633  203  451.00000  335.98190  25.5%   228 10320s
  5840  3160  408.06205 1639  215  451.00000  335.98190  25.5%   228 10325s
  5847  3167  402.24843 1643  214  451.00000  335.98190  25.5%   228 10330s
  5850  3170  412.47019 1644  195  451.00000  335.98190  25.5%   228 10348s
  5852  3172  412.51056 1645  200  451.00000  335.98190  25.5%   228 10362s
  5856  3176  405.26176 1647  223  451.00000  335.98190  25.5%   228 10368s
  5860  3180  405.86176 1649  207  451.00000  335.98190  25.5%   229 10377s
  5864  3184  405.86176 1651  217  451.00000  335.98190  25.5%   229 10381s
  5866  3186  407.80542 1652  212  451.00000  335.98190  25.5%   229 10387s
  5868  3188  405.86176 1653  217  451.00000  335.98190  25.5%   229 10390s
  5876  3196  407.80542 1657  227  451.00000  335.98190  25.5%   229 10403s
  5880  3200  411.69274 1659  211  451.00000  335.98190  25.5%   229 10406s
  5884  3204  407.80542 1661  213  451.00000  335.98190  25.5%   229 10412s
  5889  3209  402.94626 1664  217  451.00000  335.98190  25.5%   229 10415s
  5895  3215  402.94626 1667  216  451.00000  335.98190  25.5%   229 10420s
  5900  3220  408.77725 1669  209  451.00000  335.98190  25.5%   229 10427s
  5906  3226  406.83359 1672  217  451.00000  335.98190  25.5%   229 10431s
  5907  3227  402.94626 1673  218  451.00000  335.98190  25.5%   229 10499s
  5908  3228  405.86176 1673  214  451.00000  335.98190  25.5%   229 10501s
  5913  3233  402.94626 1676  216  451.00000  335.98190  25.5%   229 10505s
  5916  3236  408.77725 1677  216  451.00000  335.98190  25.5%   229 10514s
  5918  3238  407.80542 1678  213  451.00000  335.98190  25.5%   229 10517s
  5921  3241  402.94626 1680  217  451.00000  335.98190  25.5%   229 10522s
  5922  3242  406.83359 1680  214  451.00000  335.98190  25.5%   229 10526s
  5924  3244  405.86176 1681  216  451.00000  335.98190  25.5%   229 10531s
  5931  3251  402.94666 1685  221  451.00000  335.98190  25.5%   229 10535s
  5932  3252  411.62821 1685  205  451.00000  335.98190  25.5%   229 10545s
  5934  3254  411.62821 1686  219  451.00000  335.98190  25.5%   230 10573s
  5938  3258  411.43692 1688  214  451.00000  335.98190  25.5%   230 10600s
  5940  3260  406.83359 1689  210  451.00000  335.98190  25.5%   231 10614s
  5942  3262  406.86176 1690  217  451.00000  335.98190  25.5%   231 10629s
  5945  3265  402.97443 1692  216  451.00000  335.98190  25.5%   231 10630s
  5946  3266  409.72091 1692  210  451.00000  335.98190  25.5%   231 10638s
  5948  3268  409.67234 1693  202  451.00000  335.98190  25.5%   232 10656s
  5950  3270  406.86176 1694  213  451.00000  335.98190  25.5%   232 10667s
  5952  3272  406.80542 1695  210  451.00000  335.98190  25.5%   232 10689s
  5954  3274  406.86176 1696  217  451.00000  335.98190  25.5%   232 10690s
  5960  3280  409.67234 1699  193  451.00000  335.98190  25.5%   232 10712s
  5962  3282  406.86176 1700  213  451.00000  335.98190  25.5%   232 10715s
  5964  3284  406.75685 1701  204  451.00000  335.98190  25.5%   233 10741s
  5966  3286  409.74908 1702  209  451.00000  335.98190  25.5%   233 10768s
  5968  3288  406.83359 1703  208  451.00000  335.98190  25.5%   234 10802s
  5970  3290  409.77725 1704  214  451.00000  335.98190  25.5%   234 10809s
  5971  3291  402.97443 1705  216  451.00000  335.98190  25.5%   234 10810s
  5972  3292  412.63640 1705  211  451.00000  335.98190  25.5%   234 10816s
  5976  3296  406.86176 1707  217  451.00000  335.98190  25.5%   234 10821s
  5978  3298  412.58783 1708  198  451.00000  335.98190  25.5%   234 10838s
  5979  3299  402.97443 1709  217  451.00000  335.98190  25.5%   234 10842s
  5982  3302  409.77725 1710  216  451.00000  335.98190  25.5%   234 10853s
  5985  3305  402.97443 1712  216  451.00000  335.98190  25.5%   234 10858s
  5986  3306  409.77725 1712  219  451.00000  335.98190  25.5%   234 10864s
  5987  3307  402.97443 1713  216  451.00000  335.98190  25.5%   234 10865s
  5988  3308  412.66457 1713  211  451.00000  335.98190  25.5%   235 10883s
  5993  3313  402.97443 1716  217  451.00000  335.98190  25.5%   234 10885s
  5998  3318  412.69274 1718  215  451.00000  335.98190  25.5%   235 10895s
  6000  3320  407.83359 1719  216  451.00000  335.98190  25.5%   234 10902s
  6003  3323  402.97443 1721  217  451.00000  335.98190  25.5%   234 10906s
  6004  3324  411.61600 1721  198  451.00000  335.98190  25.5%   235 10934s
  6006  3326  408.80542 1722  217  451.00000  335.98190  25.5%   235 10948s
  6010  3330  406.86176 1724  216  451.00000  335.98190  25.5%   235 10951s
  6012  3332  411.60192 1725  220  451.00000  335.98190  25.5%   236 10985s
  6014  3334  412.57375 1726  208  451.00000  335.98190  25.5%   236 11025s
  6017  3337  402.97443 1728  216  451.00000  335.98190  25.5%   236 11030s
  6020  3340  407.81950 1729  212  451.00000  335.98190  25.5%   237 11054s
  6021  3341  402.97443 1730  216  451.00000  335.98190  25.5%   237 11057s
  6024  3344  408.79173 1731  210  451.00000  335.98190  25.5%   237 11077s
  6026  3346  408.73539 1732  208  451.00000  335.98190  25.5%   237 11093s
  6028  3348  406.86176 1733  218  451.00000  335.98190  25.5%   237 11097s
  6030  3350  406.86176 1734  215  451.00000  335.98190  25.5%   237 11102s
  6032  3352  408.74908 1735  209  451.00000  335.98190  25.5%   238 11125s
  6034  3354  408.70051 1736  205  451.00000  335.98190  25.5%   238 11139s
  6036  3356  405.88993 1737  224  451.00000  335.98190  25.5%   238 11143s
  6038  3358  408.77725 1738  215  451.00000  335.98190  25.5%   239 11151s
  6040  3360  405.88993 1739  218  451.00000  335.98190  25.5%   239 11159s
  6042  3362  405.88993 1740  218  451.00000  335.98190  25.5%   239 11160s
  6046  3366  412.69274 1742  221  451.00000  335.98190  25.5%   239 11177s
  6048  3368  412.69274 1743  216  451.00000  335.98190  25.5%   240 11209s
  6049  3369  402.97443 1744  218  451.00000  335.98190  25.5%   240 11210s
  6054  3374  412.69274 1746  216  451.00000  335.98190  25.5%   240 11242s
  6056  3376  408.80542 1747  215  451.00000  335.98190  25.5%   240 11246s
  6058  3378  411.74908 1748  216  451.00000  335.98190  25.5%   240 11250s
  6073  3393  403.00260 1756  219  451.00000  335.98190  25.5%   239 11255s
  6084  3404  411.74908 1761  215  451.00000  335.98190  25.5%   239 11261s
  6095  3415  403.00260 1767  216  451.00000  335.98190  25.5%   239 11265s
  6100  3420  409.80542 1769  217  451.00000  335.98190  25.5%   239 11270s
  6111  3431  403.21470 1775  218  451.00000  335.98190  25.5%   238 11276s
  6115  3435  403.21470 1777  217  451.00000  335.98190  25.5%   238 11280s
  6123  3443  403.24287 1781  217  451.00000  335.98190  25.5%   238 11285s
  6138  3458  407.71594 1788  215  451.00000  335.98190  25.5%   237 11293s
  6145  3465  403.33234 1792  217  451.00000  335.98190  25.5%   237 11295s
  6163  3483  403.39365 1801  217  451.00000  335.98190  25.5%   236 11300s
  6171  3491  403.42182 1805  215  451.00000  335.98190  25.5%   236 11305s
  6186  3506  408.74411 1812  217  451.00000  335.98190  25.5%   235 11310s
  6194  3514  412.33335 1816  208  451.00000  335.98190  25.5%   236 11327s
  6196  3516  409.65960 1817  215  451.00000  335.98190  25.5%   235 11331s
  6200  3520  409.65960 1819  215  451.00000  335.98190  25.5%   235 11336s
  6204  3524  412.31927 1821  219  451.00000  335.98190  25.5%   236 11354s
  6206  3526  412.51056 1822  210  451.00000  335.98190  25.5%   236 11390s
  6212  3532  409.68777 1825  215  451.00000  335.98190  25.5%   236 11395s
  6219  3539  403.51130 1829  216  451.00000  335.98190  25.5%   236 11402s
  6226  3546  413.57510 1832  222  451.00000  335.98190  25.5%   236 11420s
  6230  3550  409.68777 1834  214  451.00000  335.98190  25.5%   236 11425s
  6246  3566  409.71594 1842  214  451.00000  335.98190  25.5%   235 11433s
  6253  3573  403.55836 1846  219  451.00000  335.98190  25.5%   235 11435s
  6256  3576  413.57510 1847  208  451.00000  335.98190  25.5%   235 11456s
  6258  3578  413.45610 1848  217  451.00000  335.98190  25.5%   236 11508s
  6260  3580  410.65960 1849  214  451.00000  335.98190  25.5%   236 11513s
  6265  3585  403.57244 1852  219  451.00000  335.98190  25.5%   236 11515s
  6274  3594  410.68777 1856  214  451.00000  335.98190  25.5%   236 11520s
  6282  3602  412.51056 1860  209  451.00000  335.98190  25.5%   236 11543s
  6289  3609  403.60310 1864  218  451.00000  335.98190  25.5%   236 11545s
  6300  3620  411.65960 1869  214  451.00000  335.98190  25.5%   236 11554s
  6303  3623  403.64784 1871  218  451.00000  335.98190  25.5%   235 11555s
  6306  3626  413.51876 1872  207  451.00000  335.98190  25.5%   236 11567s
  6308  3628  413.47019 1873  205  451.00000  335.98190  25.5%   236 11590s
  6310  3630  413.57510 1874  211  451.00000  335.98190  25.5%   236 11603s
  6312  3632  413.54693 1875  211  451.00000  335.98190  25.5%   237 11611s
  6314  3634  413.57510 1876  213  451.00000  335.98190  25.5%   237 11621s
  6316  3636  412.63143 1877  214  451.00000  335.98190  25.5%   237 11625s
  6324  3644  415.37561 1881  202  451.00000  335.98190  25.5%   237 11634s
  6326  3646  414.50237 1882  212  451.00000  335.98190  25.5%   237 11635s
  6327  3647  412.63143 1883  212  451.00000  335.98190  25.5%   237 11640s
  6328  3648  415.38969 1883  210  451.00000  335.98190  25.5%   237 11651s
  6330  3650  416.27702 1884  208  451.00000  335.98190  25.5%   238 11675s
  6332  3652  416.27702 1885  210  451.00000  335.98190  25.5%   238 11682s
  6334  3654  420.08035 1886  194  451.00000  335.98190  25.5%   238 11691s
  6338  3658  420.03997 1888  186  451.00000  335.98190  25.5%   239 11712s
  6340  3660  415.43246 1889  207  451.00000  335.98190  25.5%   239 11716s
  6344  3664  418.22119 1891  200  451.00000  335.98190  25.5%   239 11724s
  6346  3666  416.36204 1892  214  451.00000  335.98190  25.5%   239 11727s
  6352  3672  414.50237 1895  212  451.00000  335.98190  25.5%   239 11731s
  6354  3674  416.31927 1896  207  451.00000  335.98190  25.5%   239 11740s
  6356  3676  414.50237 1897  217  451.00000  335.98190  25.5%   240 11760s
  6364  3684  416.36204 1901  203  451.00000  335.98190  25.5%   240 11765s
  6366  3686  419.02349 1902  192  451.00000  335.98190  25.5%   240 11771s
  6369  3689  412.63143 1904  210  451.00000  335.98190  25.5%   240 11775s
  6372  3692  417.17842 1905  191  451.00000  335.98190  25.5%   241 11794s
  6374  3694  414.50237 1906  216  451.00000  335.98190  25.5%   241 11797s
  6376  3696  417.22119 1907  201  451.00000  335.98190  25.5%   241 11805s
H 6378  3696                     449.0000000  335.98190  25.2%   241 11888s
  6381  3701  416.31978 1910  201  449.00000  335.98190  25.2%   241 11893s
  6382  3702  422.08035 1910  206  449.00000  335.98190  25.2%   242 11922s
  6390  3710  417.71469 1914  201  449.00000  335.98190  25.2%   242 11925s
  6400  3720  425.61632 1919  199  449.00000  335.98190  25.2%   241 11933s
  6404  3724  427.54590 1921  193  449.00000  335.98190  25.2%   241 11936s
  6408  3728  427.43322 1923  197  449.00000  335.98190  25.2%   242 11970s
  6416  3736  424.63040 1927  199  449.00000  335.98190  25.2%   241 11975s
  6424  3744  427.57406 1931  194  449.00000  335.98190  25.2%   242 11985s
  6430  3750  422.53369 1934  205  449.00000  335.98190  25.2%   242 12007s
  6432  3752  422.50364 1935  196  449.00000  335.98190  25.2%   242 12030s
  6438  3758  424.63040 1938  203  449.00000  335.98190  25.2%   242 12039s
  6441  3761  417.72899 1940  206  449.00000  335.98190  25.2%   242 12040s
  6444  3764  424.45642 1941  199  449.00000  335.98190  25.2%   242 12047s
  6446  3766  421.67266 1942  200  449.00000  335.98190  25.2%   243 12059s
  6447  3767  417.72899 1943  204  449.00000  335.98190  25.2%   243 12060s
  6456  3776  426.44730 1947  200  449.00000  335.98190  25.2%   243 12092s
  6462  3782  425.61632 1950  203  449.00000  335.98190  25.2%   243 12097s
  6470  3790  423.63040 1954  199  449.00000  335.98190  25.2%   243 12106s
  6478  3798  424.47547 1958  198  449.00000  335.98190  25.2%   243 12134s
  6480  3800  424.58815 1959  202  449.00000  335.98190  25.2%   243 12136s
  6489  3809  417.72899 1964  206  449.00000  335.98190  25.2%   243 12140s
  6498  3818  422.57355 1968  207  449.00000  335.98190  25.2%   243 12149s
  6499  3819  417.75716 1969  207  449.00000  335.98190  25.2%   243 12150s
  6502  3822  421.70083 1970  208  449.00000  335.98190  25.2%   242 12155s
  6506  3826  419.64958 1972  196  449.00000  335.98190  25.2%   243 12165s
  6508  3828  421.64449 1973  206  449.00000  335.98190  25.2%   243 12183s
  6510  3830  420.63549 1974  203  449.00000  335.98190  25.2%   243 12201s
  6515  3835  417.75716 1977  209  449.00000  335.98190  25.2%   243 12205s
  6516  3836  422.54590 1977  199  449.00000  335.98190  25.2%   244 12223s
  6518  3838  421.57406 1978  211  449.00000  335.98190  25.2%   244 12233s
  6522  3842  421.64449 1980  204  449.00000  335.98190  25.2%   244 12238s
  6524  3844  422.61632 1981  200  449.00000  335.98190  25.2%   244 12260s
  6526  3846  422.54590 1982  195  449.00000  335.98190  25.2%   245 12272s
  6533  3853  417.75716 1986  208  449.00000  335.98190  25.2%   245 12275s
  6543  3863  417.77247 1991  207  449.00000  335.98190  25.2%   244 12282s
  6552  3872  421.65980 1995  206  449.00000  335.98190  25.2%   244 12285s
  6564  3884  424.51773 2001  193  449.00000  335.98190  25.2%   244 12304s
  6565  3885  417.78533 2002  208  449.00000  335.98190  25.2%   244 12305s
  6570  3890  421.67266 2004  207  449.00000  335.98190  25.2%   244 12311s
  6581  3901  417.78533 2010  209  449.00000  335.98190  25.2%   243 12315s
  6584  3904  420.70083 2011  208  449.00000  335.98190  25.2%   243 12320s
  6588  3908  422.64292 2013  200  449.00000  335.98190  25.2%   244 12326s
  6597  3917  417.78533 2018  208  449.00000  335.98190  25.2%   243 12332s
  6600  3920  422.64449 2019  207  449.00000  335.98190  25.2%   243 12340s
  6606  3926  422.65735 2022  203  449.00000  335.98190  25.2%   243 12346s
  6616  3936  426.47425 2027  193  449.00000  335.98190  25.2%   243 12363s
  6620  3940  423.61549 2029  204  449.00000  335.98190  25.2%   244 12377s
  6624  3944  424.60101 2031  206  449.00000  335.98190  25.2%   243 12382s
  6630  3950  426.54310 2034  203  449.00000  335.98190  25.2%   243 12386s
  6636  3956  425.47465 2037  196  449.00000  335.98190  25.2%   244 12404s
  6638  3958  425.53249 2038  236  449.00000  335.98190  25.2%   244 12405s
  6644  3964  424.53059 2041  199  449.00000  335.98190  25.2%   244 12426s
  6651  3971  417.79819 2045  207  449.00000  335.98190  25.2%   243 12431s
  6652  3972  423.54507 2045  202  449.00000  335.98190  25.2%   244 12461s
  6660  3980  424.49133 2049  193  449.00000  335.98190  25.2%   244 12477s
  6664  3984  424.56018 2051  196  449.00000  335.98190  25.2%   244 12484s
  6667  3987  417.79819 2053  207  449.00000  335.98190  25.2%   244 12485s
  6678  3998  422.65735 2058  207  449.00000  335.98190  25.2%   244 12497s
  6680  4000  425.50242 2059  192  449.00000  335.98190  25.2%   244 12519s
  6681  4001  417.79819 2060  208  449.00000  335.98190  25.2%   244 12520s
  6687  4007  417.79819 2063  208  449.00000  335.98190  25.2%   244 12525s
  6697  4017  417.79819 2068  208  449.00000  335.98190  25.2%   244 12532s
  6698  4018  424.58732 2068  204  449.00000  335.98190  25.2%   244 12539s
  6699  4019  417.79819 2069  209  449.00000  335.98190  25.2%   244 12540s
  6700  4020  424.51690 2069  197  449.00000  335.98190  25.2%   244 12548s
  6704  4024  424.57475 2071  230  449.00000  335.98190  25.2%   244 12551s
  6709  4029  417.79819 2074  210  449.00000  335.98190  25.2%   244 12555s
  6716  4036  420.71369 2077  211  449.00000  335.98190  25.2%   244 12560s
  6725  4045  417.79819 2082  207  449.00000  335.98190  25.2%   244 12565s
  6728  4048  425.50242 2083  196  449.00000  335.98190  25.2%   244 12580s
  6735  4055  417.79819 2087  209  449.00000  335.98190  25.2%   244 12585s
  6749  4069  417.79819 2094  210  449.00000  335.98190  25.2%   244 12590s
  6750  4070  422.54467 2094  202  449.00000  335.98190  25.2%   244 12596s

Cutting planes:
  Gomory: 35
  Cover: 174
  Implied bound: 3
  MIR: 259
  StrongCG: 20
  Flow cover: 1602
  Zero half: 52
  Network: 97

Explored 6759 nodes (1703773 simplex iterations) in 12600.26 seconds
Thread count was 1 (of 40 available processors)

Solution count 10: 449 451 452 ... 460

Time limit reached
Best objective 4.490000000000e+02, best bound 3.360000000000e+02, gap 25.1670%
Parameter SolutionNumber unchanged
   Value: 0  Min: 0  Max: 2000000000  Default: 0
Changed value of parameter SolutionNumber to 1
   Prev: 0  Min: 0  Max: 2000000000  Default: 0
Changed value of parameter SolutionNumber to 2
   Prev: 1  Min: 0  Max: 2000000000  Default: 0
Changed value of parameter SolutionNumber to 3
   Prev: 2  Min: 0  Max: 2000000000  Default: 0
Changed value of parameter SolutionNumber to 4
   Prev: 3  Min: 0  Max: 2000000000  Default: 0
Changed value of parameter SolutionNumber to 5
   Prev: 4  Min: 0  Max: 2000000000  Default: 0
Changed value of parameter SolutionNumber to 6
   Prev: 5  Min: 0  Max: 2000000000  Default: 0
Changed value of parameter SolutionNumber to 7
   Prev: 6  Min: 0  Max: 2000000000  Default: 0
Changed value of parameter SolutionNumber to 8
   Prev: 7  Min: 0  Max: 2000000000  Default: 0
Changed value of parameter SolutionNumber to 9
   Prev: 8  Min: 0  Max: 2000000000  Default: 0
