
Gurobi 8.1.1 (linux64, Python) logging started Wed Jul 24 13:45:39 2019

Academic license - for non-commercial use only
Changed value of parameter MIPGap to 0.01
   Prev: 0.0001  Min: 0.0  Max: 1e+100  Default: 0.0001
Changed value of parameter Threads to 1
   Prev: 0  Min: 0  Max: 1024  Default: 0
Changed value of parameter Presolve to 2
   Prev: -1  Min: -1  Max: 2  Default: -1
Changed value of parameter MIPFocus to 1
   Prev: 0  Min: 0  Max: 3  Default: 0
Changed value of parameter Cuts to 1
   Prev: -1  Min: -1  Max: 3  Default: -1
Changed value of parameter Method to 4
   Prev: -1  Min: -1  Max: 5  Default: -1
Changed value of parameter TimeLimit to 12600.0
   Prev: 1e+100  Min: 0.0  Max: 1e+100  Default: 1e+100
Optimize a model with 2567300 rows, 5117336 columns and 10234672 nonzeros
Variable types: 0 continuous, 5117336 integer (2558668 binary)
Coefficient statistics:
  Matrix range     [1e-02, 1e+00]
  Objective range  [1e+00, 2e+01]
  Bounds range     [1e+00, 1e+02]
  RHS range        [1e+00, 1e+02]
Presolve removed 17145 rows and 17145 columns (presolve time = 12s) ...
Presolve removed 17508 rows and 17508 columns (presolve time = 15s) ...
Presolve removed 17508 rows and 17511 columns (presolve time = 25s) ...
Presolve removed 17508 rows and 17511 columns (presolve time = 25s) ...
Presolve removed 17512 rows and 17515 columns (presolve time = 30s) ...
Presolve removed 17512 rows and 17515 columns (presolve time = 40s) ...
Presolve removed 17512 rows and 17515 columns (presolve time = 42s) ...
Presolve removed 17512 rows and 17515 columns (presolve time = 76s) ...
Presolve removed 17512 rows and 17515 columns (presolve time = 104s) ...
Presolve removed 17512 rows and 17515 columns
Presolve time: 104.35s
Presolved: 2549788 rows, 5099821 columns, 10199679 nonzeros
Variable types: 0 continuous, 5099821 integer (2541571 binary)
Presolve removed 2541242 rows and 2541248 columns (presolve time = 7s) ...
Presolve removed 2541252 rows and 2541258 columns (presolve time = 10s) ...
Presolve removed 2541253 rows and 2552274 columns (presolve time = 17s) ...
Presolve removed 2541253 rows and 2552274 columns (presolve time = 22s) ...
Presolve removed 2541253 rows and 2552274 columns
Presolved: 8535 rows, 2547547 columns, 5095102 nonzeros


Root simplex log...

Iteration    Objective       Primal Inf.    Dual Inf.      Time
       0    5.2500000e+02   9.550000e+01   0.000000e+00    197s

Starting sifting (using dual simplex for sub-problems)...

    Iter     Pivots    Primal Obj      Dual Obj        Time
       0          0     infinity      5.2500000e+02    197s
       1        463   9.6875436e+07   5.4097937e+02    197s
       2       3592   8.1625513e+07   5.4184406e+02    199s
       3      11112   4.3375618e+07   5.4542139e+02    202s
       4      21241   2.5375707e+07   5.4565392e+02    206s
       5      32312   1.7375729e+07   5.4708693e+02    211s
       6      42537   1.5125733e+07   5.4744499e+02    215s
       7      53233   8.1257680e+06   5.4811511e+02    220s
       8      64116   6.7507759e+06   5.4885740e+02    225s
       9      72039   7.9798125e+02   5.5373206e+02    226s
      10      80483   7.8631284e+02   5.6672950e+02    227s
      11      89634   7.8105220e+02   5.7249478e+02    228s
      12      98225   7.8084374e+02   5.7706405e+02    229s
      13     106900   7.7671728e+02   5.8287640e+02    231s
      14     115504   7.7354351e+02   5.8721218e+02    232s
      15     124141   7.7018129e+02   5.9087203e+02    233s
      16     133485   7.6924234e+02   5.9282554e+02    236s
      17     142499   7.6909788e+02   5.9400457e+02    239s
      18     152223   7.6264715e+02   5.9693336e+02    242s
      19     161280   7.3818637e+02   6.0559194e+02    243s
      20     170356   7.3573872e+02   6.1801665e+02    245s
      21     179735   7.3424819e+02   6.1981887e+02    247s
      22     188993   7.3181867e+02   6.2719313e+02    249s
      23     198601   7.2700930e+02   6.3806340e+02    251s
      24     208115   7.2195809e+02   6.4714688e+02    253s
      25     217270   7.1964276e+02   6.5604677e+02    256s
      26     226612   7.1758660e+02   6.5963308e+02    258s
      27     236062   7.1597055e+02   6.6322022e+02    261s
      28     245094   7.1332382e+02   6.6973122e+02    263s
      29     254031   7.1293004e+02   6.7224840e+02    266s
      30     263112   7.1254445e+02   6.7618591e+02    269s
      31     272084   7.1117612e+02   6.8301894e+02    272s
      32     281518   7.0836854e+02   6.9091841e+02    276s
      33     290000   7.0836576e+02   6.9304145e+02    279s
      34     298097   7.0772368e+02   6.9503925e+02    280s
      35     306298   7.0759959e+02   7.0003313e+02    282s
      36     314323   7.0759959e+02   7.0647093e+02    283s

Sifting complete

  322303    7.0759959e+02   0.000000e+00   0.000000e+00    285s
  322303    7.0759959e+02   0.000000e+00   0.000000e+00    289s

Root relaxation: objective 7.075996e+02, 322303 iterations, 117.04 seconds
Total elapsed time = 301.56s
Total elapsed time = 319.80s

    Nodes    |    Current Node    |     Objective Bounds      |     Work
 Expl Unexpl |  Obj  Depth IntInf | Incumbent    BestBd   Gap | It/Node Time

     0     0  707.59959    0  288          -  707.59959      -     -  329s
H    0     0                    2140.0000000  707.59959  66.9%     -  375s
H    0     0                    1510.0000000  707.59959  53.1%     -  533s
     0     0  828.47748    0  537 1510.00000  828.47748  45.1%     -  684s
H    0     0                    1323.0000000  828.47748  37.4%     -  901s
H    0     0                    1320.0000000  828.47748  37.2%     -  918s
     0     0  839.24885    0  513 1320.00000  839.24885  36.4%     -  924s
     0     0  840.33132    0  513 1320.00000  840.33132  36.3%     -  931s
     0     0  869.04912    0  739 1320.00000  869.04912  34.2%     - 1014s
H    0     0                    1314.0000000  869.04912  33.9%     - 1128s
H    0     0                    1292.0000000  869.04912  32.7%     - 1212s
     0     0  877.66592    0  797 1292.00000  877.66592  32.1%     - 1223s
     0     0  879.99797    0  749 1292.00000  879.99797  31.9%     - 1231s
     0     0  880.22316    0  751 1292.00000  880.22316  31.9%     - 1238s
     0     0  880.25072    0  758 1292.00000  880.25072  31.9%     - 1246s
     0     0  880.25674    0  802 1292.00000  880.25674  31.9%     - 1254s
     0     0  889.42230    0  912 1292.00000  889.42230  31.2%     - 1335s
H    0     0                    1234.0000000  889.42230  27.9%     - 1470s
H    0     0                    1211.0000000  889.42230  26.6%     - 1574s
     0     0  893.26484    0  912 1211.00000  893.26484  26.2%     - 1587s
     0     0  894.08465    0  958 1211.00000  894.08465  26.2%     - 1598s
     0     0  894.22905    0  955 1211.00000  894.22905  26.2%     - 1606s
     0     0  894.28754    0  955 1211.00000  894.28754  26.2%     - 1617s
     0     0  894.28754    0  959 1211.00000  894.28754  26.2%     - 1626s
     0     0  903.37480    0  792 1211.00000  903.37480  25.4%     - 1728s
H    0     0                    1175.0000000  903.37480  23.1%     - 1907s
     0     0  905.89633    0  856 1175.00000  905.89633  22.9%     - 1927s
     0     0  906.48301    0  892 1175.00000  906.48301  22.9%     - 1936s
     0     0  906.51986    0  857 1175.00000  906.51986  22.8%     - 1944s
     0     0  906.52021    0  866 1175.00000  906.52021  22.8%     - 1949s
     0     0  914.12142    0  731 1175.00000  914.12142  22.2%     - 2088s
H    0     0                    1154.0000000  914.12142  20.8%     - 2615s
H    0     0                    1153.0000000  914.12142  20.7%     - 3161s
     0     2  914.14406    0  722 1153.00000  914.14406  20.7%     - 3161s
     1     3  914.34618    1  730 1153.00000  914.34618  20.7% 15193 3187s
     2     4  914.41885    2  726 1153.00000  914.41885  20.7%  7646 3219s
H    3     3                    1150.0000000  914.41885  20.5%  5097 3247s
H    4     4                    1147.0000000  914.41885  20.3%  3825 3278s
     5     7  914.48479    5  704 1147.00000  914.41885  20.3%  3076 3310s
     6     8  914.48509    6  697 1147.00000  914.41885  20.3%  2563 3340s
     8    10  915.18634    8  681 1147.00000  914.41885  20.3%  1974 3350s
    12    12  922.53100   11  664 1147.00000  914.41885  20.3%  1317 3357s
    14    14  922.68309   13  600 1147.00000  914.41885  20.3%  1133 3362s
    16    16  924.05897   15  594 1147.00000  914.41885  20.3%  1025 3412s
    17    17  924.14841   16  568 1147.00000  914.41885  20.3%   965 3415s
    18    18  924.14841   17  568 1147.00000  914.41885  20.3%   911 3423s
    19    19  924.14841   18  568 1147.00000  914.41885  20.3%   863 3425s
    21    21  924.14841   20  570 1147.00000  914.41885  20.3%   781 3432s
    22    22  924.14841   21  568 1147.00000  914.41885  20.3%   746 3435s
    24    24  924.14841   23  570 1147.00000  914.41885  20.3%   684 3441s
    26    26  924.14841   25  568 1147.00000  914.41885  20.3%   631 3445s
    27    27  924.14841   26  568 1147.00000  914.41885  20.3%   608 3466s
    29    29  924.14841   28  568 1147.00000  914.41885  20.3%   566 3471s
    31    31  924.14841   30  568 1147.00000  914.41885  20.3%   530 3475s
    33    33  924.15008   32  548 1147.00000  914.41885  20.3%   507 3489s
    34    34  924.98267   33  535 1147.00000  914.41885  20.3%   492 3520s
    37    37  926.82112   35  556 1147.00000  914.41885  20.3%   453 3527s
    39    39  929.11093   36  526 1147.00000  914.41885  20.3%   430 3532s
    40    40  929.11093   37  530 1147.00000  914.41885  20.3%   425 3552s
    41    41  929.11093   38  530 1147.00000  914.41885  20.3%   414 3555s
    43    43  929.30589   40  560 1147.00000  914.41885  20.3%   399 3564s
    44    44  932.24322   40  536 1147.00000  914.41885  20.3%   392 3567s
    45    45  932.24322   41  537 1147.00000  914.41885  20.3%   383 3570s
    46    46  932.24322   42  540 1147.00000  914.41885  20.3%   378 3589s
    47    47  932.97814   43  535 1147.00000  914.41885  20.3%   371 3591s
    49    49  933.03385   45  527 1147.00000  914.41885  20.3%   356 3599s
    50    50  933.03385   46  530 1147.00000  914.41885  20.3%   350 3602s
    51    51  933.03385   47  529 1147.00000  914.41885  20.3%   343 3605s
    53    53  933.15100   49  535 1147.00000  914.41885  20.3%   331 3611s
H   54    52                    1144.0000000  914.41885  20.1%   324 3633s
    55    55  936.22250   50  531 1144.00000  914.41885  20.1%   320 3635s
    57    57  936.45872   51  485 1144.00000  914.41885  20.1%   310 3641s
    59    59  936.45872   53  487 1144.00000  914.41885  20.1%   301 3647s
    61    61  936.57758   55  467 1144.00000  914.41885  20.1%   291 3651s
    64    64  936.59519   58  440 1144.00000  914.41885  20.1%   278 3655s
    66    66  936.59519   60  442 1144.00000  914.41885  20.1%   274 3664s
    67    67  936.59519   61  443 1144.00000  914.41885  20.1%   270 3667s
    69    69  936.62861   63  438 1144.00000  914.41885  20.1%   264 3684s
    70    70  936.62861   64  433 1144.00000  914.41885  20.1%   260 3687s
    71    71  936.62861   65  438 1144.00000  914.41885  20.1%   256 3690s
    73    73  936.62861   67  440 1144.00000  914.41885  20.1%   250 3695s
    76    76  936.62861   70  440 1144.00000  914.41885  20.1%   240 3701s
    78    78  936.62861   72  440 1144.00000  914.41885  20.1%   234 3705s
    81    81  936.90804   74  420 1144.00000  914.41885  20.1%   225 3729s
    82    82  936.90804   75  421 1144.00000  914.41885  20.1%   223 3733s
    83    83  936.90804   76  422 1144.00000  914.41885  20.1%   220 3736s
    85    85  936.90804   78  417 1144.00000  914.41885  20.1%   215 3743s
    86    86  936.90804   79  415 1144.00000  914.41885  20.1%   213 3746s
    87    87  936.90804   80  419 1144.00000  914.41885  20.1%   210 3750s
    89    89  936.90804   82  419 1144.00000  914.41885  20.1%   208 3765s
    91    91  936.90804   84  418 1144.00000  914.41885  20.1%   203 3770s
    94    94  936.90804   87  419 1144.00000  914.41885  20.1%   197 3776s
    97    97  936.90804   90  419 1144.00000  914.41885  20.1%   191 3782s
   100   100  936.90804   93  419 1144.00000  914.41885  20.1%   185 3836s
   102   102  936.90804   95  419 1144.00000  914.41885  20.1%   181 3870s
   106   106  936.90804   99  420 1144.00000  914.41885  20.1%   175 3876s
   108   108  936.90821  101  421 1144.00000  914.41885  20.1%   172 3904s
   109   109  936.90821  102  420 1144.00000  914.41885  20.1%   172 3918s
   110   110  936.90821  103  421 1144.00000  914.41885  20.1%   172 3922s
   111   111  936.90821  104  423 1144.00000  914.41885  20.1%   171 3925s
   113   113  936.90821  106  424 1144.00000  914.41885  20.1%   168 3931s
   115   115  936.90821  108  423 1144.00000  914.41885  20.1%   165 3936s
   117   117  936.90821  110  424 1144.00000  914.41885  20.1%   162 3941s
   119   119  936.90821  112  426 1144.00000  914.41885  20.1%   160 3946s
   121   121  936.90821  114  426 1144.00000  914.41885  20.1%   157 3953s
   123   123  936.90821  116  427 1144.00000  914.41885  20.1%   154 3955s
   125   125  937.00774  118  450 1144.00000  914.41885  20.1%   152 3961s
   126   126  937.10971  118  403 1144.00000  914.41885  20.1%   151 3965s
   127   127  937.10971  119  405 1144.00000  914.41885  20.1%   151 3970s
   129   129  937.10971  121  406 1144.00000  914.41885  20.1%   149 3976s
   131   131  937.10971  123  407 1144.00000  914.41885  20.1%   147 3981s
   133   133  937.10971  125  409 1144.00000  914.41885  20.1%   145 3987s
   135   135  937.10971  127  408 1144.00000  914.41885  20.1%   143 4009s
   136   136  937.10971  128  408 1144.00000  914.41885  20.1%   142 4011s
   138   138  937.10971  130  408 1144.00000  914.41885  20.1%   140 4015s
   141   141  937.10992  133  409 1144.00000  914.41885  20.1%   137 4020s
   143   143  937.10992  135  408 1144.00000  914.41885  20.1%   135 4025s
   146   146  937.10992  138  407 1144.00000  914.41885  20.1%   132 4030s
   148   148  937.11003  140  408 1144.00000  914.41885  20.1%   131 4036s
   150   150  937.11454  142  408 1144.00000  914.41885  20.1%   129 4041s
   152   152  937.11454  144  409 1144.00000  914.41885  20.1%   127 4045s
   157   157  944.45829  149  406 1144.00000  914.41885  20.1%   127 4076s
   159   159  943.53198  150  402 1144.00000  914.41885  20.1%   126 4080s
   161   161  943.53198  152  402 1144.00000  914.41885  20.1%   125 4086s
   162   162  943.53198  153  403 1144.00000  914.41885  20.1%   124 4107s
   163   163  943.53198  154  400 1144.00000  914.41885  20.1%   124 4120s
   165   165  943.53198  156  405 1144.00000  914.41885  20.1%   123 4127s
   166   166  943.53198  157  404 1144.00000  914.41885  20.1%   122 4130s
   168   168  943.53198  159  400 1144.00000  914.41885  20.1%   120 4138s
   170   170  943.53198  161  398 1144.00000  914.41885  20.1%   119 4145s
   172   172  943.53198  163  399 1144.00000  914.41885  20.1%   118 4153s
   173   173  943.53198  164  403 1144.00000  914.41885  20.1%   118 4159s
   174   174  943.53198  165  400 1144.00000  914.41885  20.1%   117 4168s
   175   175  943.53198  166  399 1144.00000  914.41885  20.1%   117 4171s
   177   177  943.53198  168  394 1144.00000  914.41885  20.1%   116 4180s
   178   178  943.53198  169  403 1144.00000  914.41885  20.1%   115 4186s
   179   179  943.53198  170  403 1144.00000  914.41885  20.1%   114 4227s
   180   180  943.53198  171  397 1144.00000  914.41885  20.1%   114 4235s
   182   182  943.53198  173  401 1144.00000  914.41885  20.1%   113 4244s
   183   183  943.53198  174  397 1144.00000  914.41885  20.1%   112 4247s
   184   184  943.53198  175  401 1144.00000  914.41885  20.1%   112 4251s
   186   186  943.53198  177  405 1144.00000  914.41885  20.1%   111 4256s
   187   187  943.53198  178  400 1144.00000  914.41885  20.1%   110 4261s
   188   188  943.53198  179  404 1144.00000  914.41885  20.1%   110 4265s
H  189   187                    1143.0000000  914.41885  20.0%   109 4287s
   191   191  943.53198  182  403 1143.00000  914.41885  20.0%   108 4290s
   194   194  943.53198  185  403 1143.00000  914.41885  20.0%   106 4296s
   197   197  943.53198  188  406 1143.00000  914.41885  20.0%   105 4301s
   199   199  943.53198  190  407 1143.00000  914.41885  20.0%   104 4307s
   200   200  943.53198  191  407 1143.00000  914.41885  20.0%   103 4360s
   202   202  943.53198  193  408 1143.00000  914.41885  20.0%   102 4366s
   203   203  943.53198  194  405 1143.00000  914.41885  20.0%   102 4370s
   205   205  943.53198  196  407 1143.00000  914.41885  20.0%   101 4375s
   208   208  943.53198  199  408 1143.00000  914.41885  20.0%  99.3 4380s
   211   211  943.53198  202  406 1143.00000  914.41885  20.0%  97.9 4386s
   214   214  943.53198  205  408 1143.00000  914.41885  20.0%  96.5 4391s
   216   216  943.53198  207  409 1143.00000  914.41885  20.0%  95.7 4412s
   218   218  943.53198  209  410 1143.00000  914.41885  20.0%  94.8 4417s
   219   219  943.53198  210  410 1143.00000  914.41885  20.0%  94.4 4420s
   222   222  943.53198  213  406 1143.00000  914.41885  20.0%  93.2 4428s
   223   223  943.53198  214  405 1143.00000  914.41885  20.0%  92.8 4431s
   225   225  943.53198  216  417 1143.00000  914.41885  20.0%  93.1 4451s
   227   227  943.53198  218  414 1143.00000  914.41885  20.0%  92.4 4456s
   228   228  943.53198  219  410 1143.00000  914.41885  20.0%  94.1 4487s
   229   229  943.53198  220  404 1143.00000  914.41885  20.0%  94.7 4514s
   230   230  943.53198  221  403 1143.00000  914.41885  20.0%  98.6 4587s
   231   231  943.53198  222  405 1143.00000  914.41885  20.0%  99.2 4607s
   232   232  943.53198  223  399 1143.00000  914.41885  20.0%   100 4631s
   233   233  943.53198  224  399 1143.00000  914.41885  20.0%  99.4 4665s
   234   234  943.53198  225  394 1143.00000  914.41885  20.0%   101 4698s
   235   235  943.53198  226  389 1143.00000  914.41885  20.0%   101 4710s
   236   236  943.53198  227  396 1143.00000  914.41885  20.0%   103 4745s
   237   237  943.53198  228  399 1143.00000  914.41885  20.0%   104 4792s
   238   238  943.53198  229  400 1143.00000  914.41885  20.0%   106 4824s
H  239   237                    1134.0000000  914.41885  19.4%   106 4867s
   240   240  943.53198  231  400 1134.00000  914.41885  19.4%   107 4885s
   241   241  943.53198  232  398 1134.00000  914.41885  19.4%   107 4904s
   242   242  943.53198  233  398 1134.00000  914.41885  19.4%   109 4949s
   243   243  943.53198  234  392 1134.00000  914.41885  19.4%   109 4982s
   244   244  943.53198  235  397 1134.00000  914.41885  19.4%   110 5027s
   245   245  943.53198  236  401 1134.00000  914.41885  19.4%   112 5069s
   246   246  943.53198  237  409 1134.00000  914.41885  19.4%   113 5139s
   247   247  943.53198  238  407 1134.00000  914.41885  19.4%   112 5145s
   249   249  943.53198  240  400 1134.00000  914.41885  19.4%   113 5258s
   250   250  943.53198  241  402 1134.00000  914.41885  19.4%   114 5275s
   251   251  943.53198  242  403 1134.00000  914.41885  19.4%   115 5319s
   252   252  943.53198  243  402 1134.00000  914.41885  19.4%   114 5328s
   253   253  943.53198  244  402 1134.00000  914.41885  19.4%   114 5331s
   254   254  943.53198  245  403 1134.00000  914.41885  19.4%   114 5336s
   256   256  943.53198  247  404 1134.00000  914.41885  19.4%   113 5343s
   257   257  943.53198  248  405 1134.00000  914.41885  19.4%   116 5441s
   258   258  943.53198  249  407 1134.00000  914.41885  19.4%   115 5445s
   259   259  943.53198  250  407 1134.00000  914.41885  19.4%   116 5494s
   260   260  943.53198  251  412 1134.00000  914.41885  19.4%   116 5551s
   262   262  943.53198  253  404 1134.00000  914.41885  19.4%   117 5592s
   263   263  943.53198  254  401 1134.00000  914.41885  19.4%   117 5601s
   265   265  943.53198  256  405 1134.00000  914.41885  19.4%   116 5608s
   266   266  943.53198  257  407 1134.00000  914.41885  19.4%   116 5612s
   267   267  943.53198  258  407 1134.00000  914.41885  19.4%   115 5615s
   268   268  943.53198  259  409 1134.00000  914.41885  19.4%   115 5651s
   269   269  943.53198  260  405 1134.00000  914.41885  19.4%   115 5655s
   270   270  943.53198  261  409 1134.00000  914.41885  19.4%   114 5675s
   271   271  943.53198  262  406 1134.00000  914.41885  19.4%   115 5742s
   272   272  943.53198  263  405 1134.00000  914.41885  19.4%   116 5775s
   273   273  943.53198  264  408 1134.00000  914.41885  19.4%   116 5785s
   274   274  943.53198  265  406 1134.00000  914.41885  19.4%   116 5824s
   275   275  943.53198  266  407 1134.00000  914.41885  19.4%   116 5827s
   276   276  943.53198  267  399 1134.00000  914.41885  19.4%   117 5853s
   277   277  943.53198  268  411 1134.00000  914.41885  19.4%   118 5880s
   278   278  943.53198  269  400 1134.00000  914.41885  19.4%   118 5909s
   279   279  943.53198  270  400 1134.00000  914.41885  19.4%   118 5945s
   281   281  943.53198  272  402 1134.00000  914.41885  19.4%   117 5950s
   282   282  943.53198  273  403 1134.00000  914.41885  19.4%   117 6112s
   283   283  943.53198  274  409 1134.00000  914.41885  19.4%   118 6137s
   284   284  943.53198  275  411 1134.00000  914.41885  19.4%   117 6163s
   285   285  943.53198  276  408 1134.00000  914.41885  19.4%   118 6227s
   286   286  943.53198  277  411 1134.00000  914.41885  19.4%   118 6242s
   287   287  943.53198  278  406 1134.00000  914.41885  19.4%   119 6269s
   288   288  943.53198  279  409 1134.00000  914.41885  19.4%   119 6323s
   289   289  943.53198  280  405 1134.00000  914.41885  19.4%   119 6351s
   290   290  943.53198  281  409 1134.00000  914.41885  19.4%   119 6401s
   291   291  943.53198  282  404 1134.00000  914.41885  19.4%   121 6439s
   292   292  943.53198  283  409 1134.00000  914.41885  19.4%   121 6453s
   293   293  943.53198  284  410 1134.00000  914.41885  19.4%   121 6508s
H  294   292                    1133.0000000  914.41885  19.3%   120 6535s
   295   295  943.53198  286  409 1133.00000  914.41885  19.3%   121 6567s
   296   296  943.53198  287  414 1133.00000  914.41885  19.3%   121 6577s
   297   297  943.53198  288  415 1133.00000  914.41885  19.3%   121 6598s
   298   298  943.53198  289  418 1133.00000  914.41885  19.3%   122 6624s
   299   299  943.53198  290  418 1133.00000  914.41885  19.3%   121 6627s
H  300   298                    1131.0000000  914.41885  19.1%   121 6657s
   300   300  943.53198  291  417 1131.00000  914.41885  19.1%   121 6695s
   301   301  943.53198  292  421 1131.00000  914.41885  19.1%   121 6738s
   302   302  943.53198  293  417 1131.00000  914.41885  19.1%   121 6742s
   303   303  943.53198  294  421 1131.00000  914.41885  19.1%   120 6859s
   304   304  943.53198  295  422 1131.00000  914.41885  19.1%   120 6922s
   305   305  943.53198  296  421 1131.00000  914.41885  19.1%   119 6950s
   307   307  943.53198  298  421 1131.00000  914.41885  19.1%   119 6958s
   308   308  943.53198  299  417 1131.00000  914.41885  19.1%   119 6964s
   309   309  943.53198  300  415 1131.00000  914.41885  19.1%   118 6967s
   311   311  943.53198  302  421 1131.00000  914.41885  19.1%   118 6972s
   312   312  943.53198  303  410 1131.00000  914.41885  19.1%   119 7058s
   313   313  943.53198  304  411 1131.00000  914.41885  19.1%   119 7088s
   314   314  943.53198  305  409 1131.00000  914.41885  19.1%   120 7115s
   315   315  943.53198  306  407 1131.00000  914.41885  19.1%   120 7228s
   316   316  943.53198  307  411 1131.00000  914.41885  19.1%   121 7243s
   317   317  943.53198  308  420 1131.00000  914.41885  19.1%   121 7258s
   318   318  943.53198  309  414 1131.00000  914.41885  19.1%   121 7265s
   319   319  943.53198  310  416 1131.00000  914.41885  19.1%   121 7286s
   321   321  943.53198  312  418 1131.00000  914.41885  19.1%   120 7291s
   323   323  943.53198  314  419 1131.00000  914.41885  19.1%   120 7334s
   324   324  943.53198  315  418 1131.00000  914.41885  19.1%   119 7353s
   325   325  943.53198  316  419 1131.00000  914.41885  19.1%   119 7355s
   326   326  943.53198  317  418 1131.00000  914.41885  19.1%   119 7416s
   328   328  943.53198  319  420 1131.00000  914.41885  19.1%   118 7421s
   330   330  943.53198  321  417 1131.00000  914.41885  19.1%   117 7427s
   331   331  943.53198  322  413 1131.00000  914.41885  19.1%   117 7465s
   333   333  943.53198  324  418 1131.00000  914.41885  19.1%   117 7472s
   334   334  943.53198  325  419 1131.00000  914.41885  19.1%   116 7518s
   336   336  943.53198  327  414 1131.00000  914.41885  19.1%   116 7528s
   337   337  943.53198  328  415 1131.00000  914.41885  19.1%   116 7602s
   338   338  943.53198  329  415 1131.00000  914.41885  19.1%   117 7615s
   340   340  943.53198  331  416 1131.00000  914.41885  19.1%   116 7630s
   342   342  943.53198  333  420 1131.00000  914.41885  19.1%   116 7638s
   343   343  943.53198  334  418 1131.00000  914.41885  19.1%   116 7641s
   345   345  943.53198  336  420 1131.00000  914.41885  19.1%   115 7682s
   347   347  943.53198  338  419 1131.00000  914.41885  19.1%   114 7685s
   348   348  943.53198  339  421 1131.00000  914.41885  19.1%   114 7746s
   349   349  943.53198  340  426 1131.00000  914.41885  19.1%   114 7750s
   351   351  943.53198  342  424 1131.00000  914.41885  19.1%   113 7772s
   353   353  943.53198  344  426 1131.00000  914.41885  19.1%   112 7775s
   356   356  943.53198  347  426 1131.00000  914.41885  19.1%   111 7819s
   357   357  943.53198  348  427 1131.00000  914.41885  19.1%   111 7822s
   359   359  943.53198  350  422 1131.00000  914.41885  19.1%   111 7884s
   360   360  943.54484  351  419 1131.00000  914.41885  19.1%   110 7886s
   364   364  943.56668  355  409 1131.00000  914.41885  19.1%   109 7891s
   365   365  943.56668  356  399 1131.00000  914.41885  19.1%   109 7900s
   367   367  943.56668  358  406 1131.00000  914.41885  19.1%   109 7943s
   368   368  943.56668  359  404 1131.00000  914.41885  19.1%   108 7947s
   369   369  943.56668  360  404 1131.00000  914.41885  19.1%   108 7979s
   370   370  943.56668  361  396 1131.00000  914.41885  19.1%   109 8071s
   371   371  943.56668  362  399 1131.00000  914.41885  19.1%   110 8094s
   372   372  943.56668  363  405 1131.00000  914.41885  19.1%   109 8097s
   373   373  943.56668  364  407 1131.00000  914.41885  19.1%   109 8100s
   375   375  943.56668  366  404 1131.00000  914.41885  19.1%   109 8110s
   376   376  943.56668  367  401 1131.00000  914.41885  19.1%   109 8188s
   377   377  943.56668  368  403 1131.00000  914.41885  19.1%   109 8223s
   378   378  943.56668  369  393 1131.00000  914.41885  19.1%   111 8316s
   379   379  943.56668  370  393 1131.00000  914.41885  19.1%   110 8373s
   380   380  943.56668  371  389 1131.00000  914.41885  19.1%   110 8414s
   381   381  943.56668  372  388 1131.00000  914.41885  19.1%   110 8475s
   382   382  943.56668  373  392 1131.00000  914.41885  19.1%   110 8553s
   383   383  943.56668  374  390 1131.00000  914.41885  19.1%   110 8557s
   384   384  943.56668  375  390 1131.00000  914.41885  19.1%   110 8560s
   386   386  943.56668  377  401 1131.00000  914.41885  19.1%   111 8613s
   387   387  943.56668  378  404 1131.00000  914.41885  19.1%   111 8616s
H  388   386                    1128.0000000  914.41885  18.9%   110 8657s
   389   389  943.56668  380  395 1128.00000  914.41885  18.9%   111 8712s
   390   390  943.56668  381  397 1128.00000  914.41885  18.9%   111 8717s
   391   391  943.56668  382  395 1128.00000  914.41885  18.9%   110 8720s
   392   392  943.56668  383  394 1128.00000  914.41885  18.9%   111 8809s
   393   393  943.56668  384  386 1128.00000  914.41885  18.9%   111 8833s
   394   394  943.56668  385  386 1128.00000  914.41885  18.9%   111 8843s
   395   395  943.56668  386  389 1128.00000  914.41885  18.9%   111 8848s
   396   396  943.56668  387  390 1128.00000  914.41885  18.9%   111 8851s
H  397   395                    1127.0000000  914.41885  18.9%   111 8871s
   399   399  943.56668  390  392 1127.00000  914.41885  18.9%   110 8906s
   400   400  943.56668  391  398 1127.00000  914.41885  18.9%   111 9013s
   401   401  943.56668  392  387 1127.00000  914.41885  18.9%   111 9031s
   402   402  943.56668  393  394 1127.00000  914.41885  18.9%   112 9056s
   403   403  943.56668  394  397 1127.00000  914.41885  18.9%   112 9105s
   404   404  943.56668  395  401 1127.00000  914.41885  18.9%   112 9213s
   405   405  943.56668  396  406 1127.00000  914.41885  18.9%   112 9237s
   406   406  943.56668  397  408 1127.00000  914.41885  18.9%   113 9292s
   407   407  943.56668  398  409 1127.00000  914.41885  18.9%   112 9295s
   409   409  943.56668  400  400 1127.00000  914.41885  18.9%   113 9323s
   410   410  943.56668  401  395 1127.00000  914.41885  18.9%   113 9345s
   411   411  943.56668  402  396 1127.00000  914.41885  18.9%   113 9381s
   412   412  943.56668  403  398 1127.00000  914.41885  18.9%   114 9416s
   414   414  943.56668  405  402 1127.00000  914.41885  18.9%   113 9494s
   415   415  943.56668  406  404 1127.00000  914.41885  18.9%   113 9496s
   416   416  943.56668  407  406 1127.00000  914.41885  18.9%   113 9504s
   417   417  943.56668  408  393 1127.00000  914.41885  18.9%   114 9534s
   418   418  943.56668  409  395 1127.00000  914.41885  18.9%   114 9536s
   419   419  943.56668  410  396 1127.00000  914.41885  18.9%   115 9572s
   420   420  943.56668  411  400 1127.00000  914.41885  18.9%   115 9607s
   421   421  943.56668  412  398 1127.00000  914.41885  18.9%   116 9623s
   422   422  943.56668  413  398 1127.00000  914.41885  18.9%   115 9686s
   423   423  943.56668  414  405 1127.00000  914.41885  18.9%   116 9705s
   424   424  943.56668  415  399 1127.00000  914.41885  18.9%   116 9720s
   425   425  943.56668  416  404 1127.00000  914.41885  18.9%   116 9785s
   426   426  943.56668  417  396 1127.00000  914.41885  18.9%   116 9795s
   428   428  943.56668  419  400 1127.00000  914.41885  18.9%   115 9801s
   430   430  943.56668  421  402 1127.00000  914.41885  18.9%   115 9807s
   431   431  943.56668  422  402 1127.00000  914.41885  18.9%   114 9810s
   432   432  943.56668  423  404 1127.00000  914.41885  18.9%   114 9830s
   433   433  943.56668  424  408 1127.00000  914.41885  18.9%   114 9872s
   434   434  943.56668  425  413 1127.00000  914.41885  18.9%   114 9875s
   436   436  943.56668  427  419 1127.00000  914.41885  18.9%   113 9937s
   437   437  943.56668  428  418 1127.00000  914.41885  18.9%   113 9940s
   439   439  943.56668  430  417 1127.00000  914.41885  18.9%   112 9946s
   440   440  943.56668  431  418 1127.00000  914.41885  18.9%   112 9950s
   442   442  943.56668  433  417 1127.00000  914.41885  18.9%   112 9956s
   444   444  943.56668  435  417 1127.00000  914.41885  18.9%   111 9999s
   445   445  943.56668  436  419 1127.00000  914.41885  18.9%   111 10002s
   446   446  943.56668  437  417 1127.00000  914.41885  18.9%   111 10005s
   447   447  943.56668  438  417 1127.00000  914.41885  18.9%   111 10066s
   449   449  943.56668  440  417 1127.00000  914.41885  18.9%   110 10072s
   450   450  943.56668  441  417 1127.00000  914.41885  18.9%   110 10075s
   452   452  943.56668  443  417 1127.00000  914.41885  18.9%   110 10081s
   454   454  943.56668  445  417 1127.00000  914.41885  18.9%   109 10087s
   455   455  943.56668  446  419 1127.00000  914.41885  18.9%   109 10128s
   456   456  943.56668  447  418 1127.00000  914.41885  18.9%   109 10130s
   458   458  943.56668  449  419 1127.00000  914.41885  18.9%   109 10218s
   459   459  943.56668  450  417 1127.00000  914.41885  18.9%   108 10237s
   461   461  943.56668  452  417 1127.00000  914.41885  18.9%   108 10240s
   464   464  943.56668  455  416 1127.00000  914.41885  18.9%   107 10246s
   466   466  943.56668  457  416 1127.00000  914.41885  18.9%   107 10289s
   468   468  943.56668  459  416 1127.00000  914.41885  18.9%   106 10292s
   469   469  943.56668  460  416 1127.00000  914.41885  18.9%   106 10345s
   470   470  943.56834  461  416 1127.00000  914.41885  18.9%   106 10410s
   473   473  943.57838  464  414 1127.00000  914.41885  18.9%   105 10462s
   475   475  943.57838  466  412 1127.00000  914.41885  18.9%   105 10467s
   476   476  943.57838  467  412 1127.00000  914.41885  18.9%   105 10530s
   477   477  943.57838  468  411 1127.00000  914.41885  18.9%   104 10567s
   479   479  943.57838  470  409 1127.00000  914.41885  18.9%   104 10572s
   480   480  943.57838  471  411 1127.00000  914.41885  18.9%   104 10625s
   482   482  943.57838  473  409 1127.00000  914.41885  18.9%   103 10630s
   484   484  943.57838  475  409 1127.00000  914.41885  18.9%   103 10635s
   485   485  943.57838  476  410 1127.00000  914.41885  18.9%   103 10640s
   486   486  943.57838  477  410 1127.00000  914.41885  18.9%   103 10657s
   487   487  943.57838  478  410 1127.00000  914.41885  18.9%   102 10660s
   488   488  943.57838  479  409 1127.00000  914.41885  18.9%   102 10695s
   490   490  943.57838  481  410 1127.00000  914.41885  18.9%   102 10701s
   491   491  943.57838  482  411 1127.00000  914.41885  18.9%   102 10753s
   492   492  943.57838  483  411 1127.00000  914.41885  18.9%   102 10756s
   494   494  943.57838  485  411 1127.00000  914.41885  18.9%   101 10778s
   495   495  943.57838  486  411 1127.00000  914.41885  18.9%   101 10781s
   497   497  943.57838  488  414 1127.00000  914.41885  18.9%   101 10785s
   499   499  943.57838  490  415 1127.00000  914.41885  18.9%   100 10823s
   500   500  943.57838  491  416 1127.00000  914.41885  18.9%   100 10859s
   501   501  943.57838  492  415 1127.00000  914.41885  18.9%   100 10860s
   502   502  943.57838  493  415 1127.00000  914.41885  18.9%   100 10913s
   503   503  943.57838  494  417 1127.00000  914.41885  18.9%  99.5 10916s
   505   505  943.57838  496  416 1127.00000  914.41885  18.9%  99.1 11012s
   507   507  943.57838  498  390 1127.00000  914.41885  18.9%  99.3 11055s
   510   510  943.57838  501  391 1127.00000  914.41885  18.9%  98.7 11094s
   511   511  943.57838  502  394 1127.00000  914.41885  18.9%  99.0 11111s
   512   512  943.57838  503  394 1127.00000  914.41885  18.9%  98.8 11115s
   513   513  943.57838  504  393 1127.00000  914.41885  18.9%  98.7 11184s
   514   514  943.57838  505  394 1127.00000  914.41885  18.9%  98.5 11187s
   515   515  943.57838  506  391 1127.00000  914.41885  18.9%  98.3 11190s
   517   517  943.57838  508  383 1127.00000  914.41885  18.9%  98.0 11198s
   518   518  943.57838  509  387 1127.00000  914.41885  18.9%  97.8 11200s
   519   519  943.57838  510  380 1127.00000  914.41885  18.9%  97.8 11211s
   520   520  943.57838  511  375 1127.00000  914.41885  18.9%  97.9 11224s
   521   521  943.57838  512  378 1127.00000  914.41885  18.9%  97.8 11262s
   522   522  943.57838  513  375 1127.00000  914.41885  18.9%  97.7 11266s
   523   523  943.57838  514  380 1127.00000  914.41885  18.9%  97.7 11300s
   524   524  943.57838  515  400 1127.00000  914.41885  18.9%  98.2 11373s
   525   525  943.57838  516  400 1127.00000  914.41885  18.9%  98.0 11376s
   526   526  943.57838  517  391 1127.00000  914.41885  18.9%  98.6 11402s
   527   527  943.57838  518  391 1127.00000  914.41885  18.9%  98.4 11405s
   530   530  943.57838  521  389 1127.00000  914.41885  18.9%  98.1 11417s
   531   531  943.57838  522  390 1127.00000  914.41885  18.9%  98.0 11421s
   532   532  943.57838  523  387 1127.00000  914.41885  18.9%  97.8 11457s
   533   533  943.57838  524  398 1127.00000  914.41885  18.9%  98.1 11477s
   535   535  943.57838  526  397 1127.00000  914.41885  18.9%  97.8 11532s
   536   536  943.57838  527  395 1127.00000  914.41885  18.9%  98.0 11544s
   537   537  943.57838  528  398 1127.00000  914.41885  18.9%  97.8 11547s
   538   538  943.57838  529  402 1127.00000  914.41885  18.9%  97.9 11557s
   540   540  943.57838  531  397 1127.00000  914.41885  18.9%  97.8 11583s
   542   542  943.57838  533  402 1127.00000  914.41885  18.9%  97.4 11586s
   543   543  943.57838  534  396 1127.00000  914.41885  18.9%  97.3 11625s
   544   544  943.57838  535  396 1127.00000  914.41885  18.9%  97.2 11630s
   546   546  943.57838  537  398 1127.00000  914.41885  18.9%  97.0 11687s
   547   547  943.57838  538  396 1127.00000  914.41885  18.9%  96.8 11691s
   548   548  943.57838  539  402 1127.00000  914.41885  18.9%  96.7 11695s
   550   550  943.57838  541  402 1127.00000  914.41885  18.9%  96.4 11701s
   551   551  943.57838  542  400 1127.00000  914.41885  18.9%  96.2 11705s
   553   553  943.57838  544  402 1127.00000  914.41885  18.9%  95.9 11712s
   554   554  943.57838  545  403 1127.00000  914.41885  18.9%  95.8 11771s
   555   555  943.57838  546  401 1127.00000  914.41885  18.9%  95.6 11775s
   556   556  943.57838  547  399 1127.00000  914.41885  18.9%  95.9 11789s
   557   557  943.57838  548  401 1127.00000  914.41885  18.9%  95.7 11842s
   558   558  943.57838  549  403 1127.00000  914.41885  18.9%  95.8 11854s
   559   559  943.57838  550  405 1127.00000  914.41885  18.9%  95.7 11861s
   560   560  943.57838  551  399 1127.00000  914.41885  18.9%  95.6 11865s
   562   562  943.57838  553  401 1127.00000  914.41885  18.9%  95.3 11872s
   563   563  943.57838  554  403 1127.00000  914.41885  18.9%  95.2 11876s
   564   564  943.57838  555  401 1127.00000  914.41885  18.9%  95.0 11942s
   565   565  943.57838  556  401 1127.00000  914.41885  18.9%  94.9 11981s
   567   567  943.57838  558  406 1127.00000  914.41885  18.9%  94.6 12049s
   568   568  943.57838  559  411 1127.00000  914.41885  18.9%  94.4 12103s
   569   569  943.57838  560  411 1127.00000  914.41885  18.9%  94.3 12106s
   570   570  943.57838  561  413 1127.00000  914.41885  18.9%  94.1 12166s
   572   572  943.57838  563  408 1127.00000  914.41885  18.9%  93.8 12172s
   574   574  943.57838  565  412 1127.00000  914.41885  18.9%  93.5 12177s
   576   576  943.57838  567  401 1127.00000  914.41885  18.9%  94.4 12255s
   578   578  943.57838  569  401 1127.00000  914.41885  18.9%  94.1 12261s
   579   579  943.57838  570  399 1127.00000  914.41885  18.9%  93.9 12314s
   580   580  943.57838  571  398 1127.00000  914.41885  18.9%  93.9 12322s
   582   582  943.57838  573  398 1127.00000  914.41885  18.9%  93.7 12332s
   584   584  943.57838  575  401 1127.00000  914.41885  18.9%  93.4 12338s
   585   585  943.57838  576  401 1127.00000  914.41885  18.9%  93.2 12341s
   587   587  943.57838  578  400 1127.00000  914.41885  18.9%  93.0 12379s
   588   588  943.57838  579  400 1127.00000  914.41885  18.9%  92.8 12383s
   589   589  943.57838  580  402 1127.00000  914.41885  18.9%  92.7 12385s
   590   590  943.57838  581  397 1127.00000  914.41885  18.9%  92.9 12456s
   591   591  943.57838  582  395 1127.00000  914.41885  18.9%  93.4 12494s
   592   592  943.57838  583  396 1127.00000  914.41885  18.9%  93.2 12496s
H  594   592                    1125.0000000  914.41885  18.7%  92.9 12517s
   595   595  943.57838  586  393 1125.00000  914.41885  18.7%  93.0 12529s
   596   596  943.57838  587  399 1125.00000  914.41885  18.7%  93.0 12537s
   597   597  943.57838  588  391 1125.00000  914.41885  18.7%  92.9 12541s
   598   598  943.57838  589  392 1125.00000  914.41885  18.7%  92.7 12578s
   599   599  943.57838  590  391 1125.00000  914.41885  18.7%  92.6 12580s

Cutting planes:
  Gomory: 82
  Cover: 104
  Implied bound: 16
  MIR: 280
  StrongCG: 30
  Flow cover: 667
  Zero half: 44
  Network: 71

Explored 600 nodes (447684 simplex iterations) in 12600.57 seconds
Thread count was 1 (of 40 available processors)

Solution count 10: 1125 1127 1128 ... 1150

Time limit reached
Best objective 1.125000000000e+03, best bound 9.150000000000e+02, gap 18.6667%
Parameter SolutionNumber unchanged
   Value: 0  Min: 0  Max: 2000000000  Default: 0
Changed value of parameter SolutionNumber to 1
   Prev: 0  Min: 0  Max: 2000000000  Default: 0
Changed value of parameter SolutionNumber to 2
   Prev: 1  Min: 0  Max: 2000000000  Default: 0
Changed value of parameter SolutionNumber to 3
   Prev: 2  Min: 0  Max: 2000000000  Default: 0
Changed value of parameter SolutionNumber to 4
   Prev: 3  Min: 0  Max: 2000000000  Default: 0
Changed value of parameter SolutionNumber to 5
   Prev: 4  Min: 0  Max: 2000000000  Default: 0
Changed value of parameter SolutionNumber to 6
   Prev: 5  Min: 0  Max: 2000000000  Default: 0
Changed value of parameter SolutionNumber to 7
   Prev: 6  Min: 0  Max: 2000000000  Default: 0
Changed value of parameter SolutionNumber to 8
   Prev: 7  Min: 0  Max: 2000000000  Default: 0
Changed value of parameter SolutionNumber to 9
   Prev: 8  Min: 0  Max: 2000000000  Default: 0
