
Gurobi 8.1.1 (linux64, Python) logging started Wed Jul 24 13:36:08 2019

Academic license - for non-commercial use only
Changed value of parameter MIPGap to 0.01
   Prev: 0.0001  Min: 0.0  Max: 1e+100  Default: 0.0001
Changed value of parameter Threads to 1
   Prev: 0  Min: 0  Max: 1024  Default: 0
Changed value of parameter Presolve to 2
   Prev: -1  Min: -1  Max: 2  Default: -1
Changed value of parameter MIPFocus to 1
   Prev: 0  Min: 0  Max: 3  Default: 0
Changed value of parameter Cuts to 1
   Prev: -1  Min: -1  Max: 3  Default: -1
Changed value of parameter Method to 4
   Prev: -1  Min: -1  Max: 5  Default: -1
Changed value of parameter TimeLimit to 12600.0
   Prev: 1e+100  Min: 0.0  Max: 1e+100  Default: 1e+100
Optimize a model with 664188 rows, 1310478 columns and 2620956 nonzeros
Variable types: 0 continuous, 1310478 integer (655239 binary)
Coefficient statistics:
  Matrix range     [1e-02, 1e+00]
  Objective range  [1e+00, 2e+01]
  Bounds range     [1e+00, 1e+02]
  RHS range        [1e+00, 1e+02]
Presolve removed 23084 rows and 23084 columns (presolve time = 5s) ...
Presolve removed 23084 rows and 23084 columns (presolve time = 37s) ...
Presolve removed 23084 rows and 23084 columns (presolve time = 60s) ...
Presolve removed 23084 rows and 23084 columns
Presolve time: 60.46s
Presolved: 641104 rows, 1287394 columns, 2574789 nonzeros
Variable types: 0 continuous, 1287394 integer (633077 binary)
Presolve removed 632179 rows and 640206 columns
Presolved: 8925 rows, 647188 columns, 1294361 nonzeros


Root simplex log...

Iteration    Objective       Primal Inf.    Dual Inf.      Time
       0    2.3644444e+02   1.143750e+02   0.000000e+00     80s
    1749    3.2279285e+02   6.687500e+01   0.000000e+00     80s
    6399    3.2574911e+02   7.325000e+01   0.000000e+00     85s
    7687    3.2652248e+02   0.000000e+00   0.000000e+00     89s
    7687    3.2652248e+02   0.000000e+00   0.000000e+00     90s

Root relaxation: objective 3.265225e+02, 7687 iterations, 14.65 seconds
Total elapsed time = 95.49s
Total elapsed time = 101.15s

    Nodes    |    Current Node    |     Objective Bounds      |     Work
 Expl Unexpl |  Obj  Depth IntInf | Incumbent    BestBd   Gap | It/Node Time

     0     0  326.52248    0  221          -  326.52248      -     -  102s
H    0     0                     989.0000000  326.52248  67.0%     -  112s
     0     0  381.94211    0  433  989.00000  381.94211  61.4%     -  154s
H    0     0                     858.0000000  381.94211  55.5%     -  166s
H    0     0                     718.0000000  381.94211  46.8%     -  186s
H    0     0                     704.0000000  381.94211  45.7%     -  189s
     0     0  389.15605    0  416  704.00000  389.15605  44.7%     -  190s
     0     0  389.26409    0  431  704.00000  389.26409  44.7%     -  192s
     0     0  389.26414    0  435  704.00000  389.26414  44.7%     -  196s
     0     0  404.09613    0  591  704.00000  404.09613  42.6%     -  209s
H    0     0                     702.0000000  404.09613  42.4%     -  235s
H    0     0                     691.0000000  404.09613  41.5%     -  239s
     0     0  407.23128    0  638  691.00000  407.23128  41.1%     -  242s
     0     0  407.98431    0  644  691.00000  407.98431  41.0%     -  244s
     0     0  408.10999    0  668  691.00000  408.10999  40.9%     -  245s
     0     0  408.11068    0  669  691.00000  408.11068  40.9%     -  247s
     0     0  415.00355    0  604  691.00000  415.00355  39.9%     -  258s
H    0     0                     668.0000000  415.00355  37.9%     -  286s
     0     0  416.40340    0  663  668.00000  416.40340  37.7%     -  288s
     0     0  417.24168    0  714  668.00000  417.24168  37.5%     -  290s
     0     0  417.39189    0  728  668.00000  417.39189  37.5%     -  292s
     0     0  417.45011    0  744  668.00000  417.45011  37.5%     -  294s
     0     0  417.45768    0  754  668.00000  417.45768  37.5%     -  295s
     0     0  422.21566    0  796  668.00000  422.21566  36.8%     -  306s
H    0     0                     634.0000000  422.21566  33.4%     -  338s
     0     0  423.56271    0  871  634.00000  423.56271  33.2%     -  341s
     0     0  424.23056    0  845  634.00000  424.23056  33.1%     -  343s
     0     0  424.28678    0  877  634.00000  424.28678  33.1%     -  345s
     0     0  424.60615    0  855  634.00000  424.60615  33.0%     -  347s
     0     0  424.60615    0  858  634.00000  424.60615  33.0%     -  349s
     0     0  426.47248    0  602  634.00000  426.47248  32.7%     -  390s
H    0     0                     631.0000000  426.47248  32.4%     -  490s
H    0     0                     629.0000000  426.47248  32.2%     -  551s
     0     2  426.47248    0  596  629.00000  426.47248  32.2%     -  551s
H    1     1                     625.0000000  426.47248  31.8%  9576  558s
H    2     2                     624.0000000  426.48775  31.7%  4792  563s
     3     5  426.54885    3  594  624.00000  426.53583  31.6%  3206  568s
     4     6  426.54885    4  594  624.00000  426.53583  31.6%  2406  574s
     5     7  426.54885    5  596  624.00000  426.53583  31.6%  1925  579s
     6     8  426.54885    6  597  624.00000  426.53583  31.6%  1608  580s
    15    17  426.96899   14  517  624.00000  426.53583  31.6%   651  585s
    23    25  427.09401   22  498  624.00000  426.53583  31.6%   434  590s
H   27    27                     623.0000000  426.53583  31.5%   371  595s
H   39    39                     620.0000000  426.53583  31.2%   260  603s
    43    45  428.70847   41  397  620.00000  426.53583  31.2%   236  605s
    52    54  428.70847   50  397  620.00000  426.53583  31.2%   196  610s
    57    59  428.70847   55  397  620.00000  426.53583  31.2%   179  615s
    67    69  428.70847   65  396  620.00000  426.53583  31.2%   152  620s
    78    80  428.70847   76  399  620.00000  426.53583  31.2%   131  625s
    83    85  428.70847   81  397  620.00000  426.53583  31.2%   123  630s
    92    94  428.70847   90  397  620.00000  426.53583  31.2%   111  635s
   100   102  428.70847   98  402  620.00000  426.53583  31.2%   102  647s
   104   106  428.70847  102  400  620.00000  426.53583  31.2%  98.5  650s
   108   110  428.70847  106  400  620.00000  426.53583  31.2%  94.9  655s
   117   119  428.70847  115  399  620.00000  426.53583  31.2%  87.7  660s
   127   129  428.72388  125  394  620.00000  426.53583  31.2%  81.1  665s
   135   137  428.76147  133  379  620.00000  426.53583  31.2%  76.6  672s
   140   142  428.76147  138  379  620.00000  426.53583  31.2%  74.1  675s
   148   150  428.76147  146  380  620.00000  426.53583  31.2%  70.6  680s
   162   164  429.26147  160  376  620.00000  426.53583  31.2%  64.6  687s
   166   168  429.26147  164  377  620.00000  426.53583  31.2%  63.3  690s
   176   178  429.26147  174  382  620.00000  426.53583  31.2%  60.2  695s
H  181   181                     618.0000000  426.53583  31.0%  58.7  702s
   187   189  429.26147  185  376  618.00000  426.53583  31.0%  57.1  705s
   189   191  429.26147  187  385  618.00000  426.53583  31.0%  56.6  710s
   200   202  429.26147  198  376  618.00000  426.53583  31.0%  53.7  724s
   202   204  429.34719  200  376  618.00000  426.53583  31.0%  53.7  725s
   209   211  429.34719  207  378  618.00000  426.53583  31.0%  52.3  730s
   216   218  429.38917  214  403  618.00000  426.53583  31.0%  50.8  737s
   219   221  429.38917  217  411  618.00000  426.53583  31.0%  50.2  740s
   229   229  433.65695  225  417  618.00000  426.53583  31.0%  56.2  754s
   230   230  433.48440  226  403  618.00000  426.53583  31.0%  56.9  755s
   240   240  433.48440  236  403  618.00000  426.53583  31.0%  54.7  760s
H  243   239                     617.0000000  426.53583  30.9%  54.0  766s
   250   248  436.77012  245  414  617.00000  426.53583  30.9%  57.2  770s
   262   260  438.26745  255  379  617.00000  426.53583  30.9%  54.8  775s
H  270   266                     615.0000000  426.53583  30.6%  53.4  782s
   275   273  439.24323  267  375  615.00000  426.53583  30.6%  52.7  785s
   285   283  440.04799  277  376  615.00000  426.53583  30.6%  51.1  790s
   293   291  440.37180  285  376  615.00000  426.53583  30.6%  50.1  798s
   295   293  440.38132  287  376  615.00000  426.53583  30.6%  49.9  800s
   299   297  440.41942  291  375  615.00000  426.53583  30.6%  49.2  805s
   300   298  440.66704  292  375  615.00000  426.53583  30.6%  49.1  814s
   301   299  440.66704  293  374  615.00000  426.53583  30.6%  49.0  815s
   310   308  440.68609  302  375  615.00000  426.53583  30.6%  47.9  820s
   321   319  440.68609  313  375  615.00000  426.53583  30.6%  46.4  825s
   325   323  440.68609  317  375  615.00000  426.53583  30.6%  45.9  830s
   332   330  440.69561  324  376  615.00000  426.53583  30.6%  45.2  835s
   340   338  440.69561  332  375  615.00000  426.53583  30.6%  44.2  840s
   348   346  440.69697  340  376  615.00000  426.53583  30.6%  43.2  845s
   351   349  440.70513  343  375  615.00000  426.53583  30.6%  42.9  850s
   359   357  440.70561  351  376  615.00000  426.53583  30.6%  42.0  855s
   371   369  441.32418  363  375  615.00000  426.53583  30.6%  40.7  860s
   378   376  441.33370  370  375  615.00000  426.53583  30.6%  40.1  866s
   386   384  441.33370  378  375  615.00000  426.53583  30.6%  39.3  870s
   398   396  441.34323  390  376  615.00000  426.53583  30.6%  38.4  875s
   400   398  441.34323  392  375  615.00000  426.53583  30.6%  38.3  886s
   405   403  441.34323  397  375  615.00000  426.53583  30.6%  37.8  891s
   412   410  441.34323  404  375  615.00000  426.53583  30.6%  37.2  895s
   423   421  441.34323  415  375  615.00000  426.53583  30.6%  36.3  900s
   430   428  441.34323  422  375  615.00000  426.53583  30.6%  35.8  905s
   433   431  441.35275  425  376  615.00000  426.53583  30.6%  35.8  910s
   435   433  441.35275  427  375  615.00000  426.53583  30.6%  35.6  916s
   443   441  441.35275  435  375  615.00000  426.53583  30.6%  35.0  920s
   454   452  441.35275  446  375  615.00000  426.53583  30.6%  34.2  925s
H  459   455                     612.0000000  426.53583  30.3%  33.9  932s
   466   464  441.35275  458  375  612.00000  426.53583  30.3%  33.4  935s
   476   474  441.36228  468  377  612.00000  426.53583  30.3%  32.8  940s
H  486   482                     611.0000000  426.53583  30.2%  32.1  948s
   488   486  441.36228  480  375  611.00000  426.53583  30.2%  32.0  950s
   497   495  441.37180  489  375  611.00000  426.53583  30.2%  31.5  955s
   500   498  441.37180  492  376  611.00000  426.53583  30.2%  31.3  965s
   508   506  441.38132  500  375  611.00000  426.53583  30.2%  30.9  970s
   513   511  446.05751  505  376  611.00000  426.53583  30.2%  30.6  976s
   521   519  446.14653  513  384  611.00000  426.53583  30.2%  30.2  980s
   530   528  446.14653  522  384  611.00000  426.53583  30.2%  29.7  985s
   540   538  446.14653  532  377  611.00000  426.53583  30.2%  29.2  993s
   544   542  446.34765  536  371  611.00000  426.53583  30.2%  29.0  995s
   553   551  446.89125  544  358  611.00000  426.53583  30.2%  28.7 1000s
   560   558  446.89125  551  357  611.00000  426.53583  30.2%  28.4 1005s
H  567   563                     609.0000000  426.53583  30.0%  28.1 1012s
   574   572  446.89125  565  357  609.00000  426.53583  30.0%  27.8 1015s
   583   581  446.89125  574  358  609.00000  426.53583  30.0%  27.4 1020s
   594   592  446.89125  585  358  609.00000  426.53583  30.0%  26.9 1028s
   597   595  446.89125  588  358  609.00000  426.53583  30.0%  26.8 1030s
   600   598  446.89125  591  357  609.00000  426.53583  30.0%  26.7 1040s
   613   611  446.89125  604  359  609.00000  426.53583  30.0%  26.1 1045s
H  621   617                     608.0000000  426.53583  29.8%  25.8 1052s
   622   620  446.89125  613  361  608.00000  426.53583  29.8%  25.8 1058s
   627   625  446.89125  618  359  608.00000  426.53583  29.8%  25.6 1060s
   640   638  446.89125  631  360  608.00000  426.53583  29.8%  25.1 1065s
   648   646  446.89125  639  361  608.00000  426.53583  29.8%  24.8 1072s
   654   652  446.89125  645  363  608.00000  426.53583  29.8%  24.6 1075s
   662   660  446.89125  653  358  608.00000  426.53583  29.8%  24.4 1080s
   670   668  446.89125  661  359  608.00000  426.53583  29.8%  24.1 1085s
   675   673  446.89125  666  360  608.00000  426.53583  29.8%  23.9 1091s
   683   681  446.89125  674  358  608.00000  426.53583  29.8%  23.7 1095s
   691   689  446.89125  682  361  608.00000  426.53583  29.8%  23.5 1100s
   699   697  446.89125  690  358  608.00000  426.53583  29.8%  23.2 1105s
   700   698  446.89125  691  363  608.00000  426.53583  29.8%  23.2 1116s
H  702   698                     606.0000000  426.53583  29.6%  23.1 1121s
   709   707  446.89125  700  361  606.00000  426.53583  29.6%  23.0 1125s
   717   715  446.89125  708  361  606.00000  426.53583  29.6%  22.7 1130s
   725   723  446.89130  716  358  606.00000  426.53583  29.6%  22.5 1135s
H  729   725                     605.0000000  426.53583  29.5%  22.4 1140s
   736   734  446.89130  727  358  605.00000  426.53583  29.5%  22.2 1145s
   743   741  446.89130  734  358  605.00000  426.53583  29.5%  22.0 1150s
   752   750  446.89130  743  358  605.00000  426.53583  29.5%  21.8 1155s
   756   754  446.89130  747  358  605.00000  426.53583  29.5%  21.7 1162s
   760   758  446.89130  751  357  605.00000  426.53583  29.5%  21.6 1165s
   768   766  446.89130  759  357  605.00000  426.53583  29.5%  21.4 1170s
   781   779  446.89130  772  357  605.00000  426.53583  29.5%  21.0 1175s
   783   781  446.89130  774  357  605.00000  426.53583  29.5%  21.0 1180s
   797   795  446.89130  788  358  605.00000  426.53583  29.5%  20.6 1185s
   800   798  446.89130  791  356  605.00000  426.53583  29.5%  20.6 1196s
H  810   806                     604.0000000  426.53583  29.4%  20.3 1204s
   813   811  446.89130  804  357  604.00000  426.53583  29.4%  20.2 1205s
   826   824  446.89130  817  357  604.00000  426.53583  29.4%  20.0 1210s
   827   825  446.89130  818  356  604.00000  426.53583  29.4%  19.9 1215s
   837   835  446.97538  828  357  604.00000  426.53583  29.4%  19.7 1223s
   841   839  446.97538  832  359  604.00000  426.53583  29.4%  19.6 1225s
   849   847  446.97702  840  360  604.00000  426.53583  29.4%  19.6 1230s
   857   855  446.97702  848  360  604.00000  426.53583  29.4%  19.5 1235s
   863   861  446.97702  854  363  604.00000  426.53583  29.4%  19.4 1240s
   864   862  446.97702  855  363  604.00000  426.53583  29.4%  19.4 1250s
   870   868  446.97702  861  358  604.00000  426.53583  29.4%  19.3 1255s
   875   873  446.97702  866  362  604.00000  426.53583  29.4%  19.3 1261s
   880   878  446.97702  871  358  604.00000  426.53583  29.4%  19.2 1265s
H  882   878                     597.0000000  426.53583  28.6%  19.2 1271s
   887   885  446.97702  878  360  597.00000  426.53583  28.6%  19.1 1275s
H  891   887                     595.0000000  426.53583  28.3%  19.0 1283s
   893   891  446.97702  884  362  595.00000  426.53583  28.3%  18.9 1285s
   899   897  446.97702  890  364  595.00000  426.53583  28.3%  18.9 1290s
   900   898  446.97702  891  362  595.00000  426.53583  28.3%  18.8 1300s
   906   904  446.97702  897  361  595.00000  426.53583  28.3%  18.7 1313s
   908   906  446.97702  899  361  595.00000  426.53583  28.3%  18.7 1315s
   914   912  446.97702  905  360  595.00000  426.53583  28.3%  18.6 1320s
   917   915  446.97702  908  361  595.00000  426.53583  28.3%  18.6 1332s
H  918   914                     594.0000000  426.53583  28.2%  18.6 1339s
   919   917  446.97702  910  360  594.00000  426.53583  28.2%  18.6 1340s
   920   918  446.97702  911  362  594.00000  426.53583  28.2%  18.5 1351s
   926   924  446.97702  917  361  594.00000  426.53583  28.2%  18.4 1355s
   932   930  446.97702  923  359  594.00000  426.53583  28.2%  18.3 1360s
   933   931  446.97702  924  361  594.00000  426.53583  28.2%  18.3 1368s
   936   934  446.97702  927  360  594.00000  426.53583  28.2%  18.2 1370s
   939   937  446.97702  930  360  594.00000  426.53583  28.2%  18.2 1380s
   942   940  446.97702  933  360  594.00000  426.53583  28.2%  18.1 1393s
   945   943  446.97702  936  360  594.00000  426.53583  28.2%  18.1 1400s
   951   949  446.97702  942  359  594.00000  426.53583  28.2%  18.0 1405s
   953   951  446.97702  944  358  594.00000  426.53583  28.2%  17.9 1415s
   959   957  446.97702  950  361  594.00000  426.53583  28.2%  17.9 1420s
   964   962  446.97702  955  362  594.00000  426.53583  28.2%  17.8 1433s
   967   965  446.97702  958  361  594.00000  426.53583  28.2%  17.8 1435s
   972   970  446.97702  963  362  594.00000  426.53583  28.2%  17.7 1443s
   974   972  446.97702  965  362  594.00000  426.53583  28.2%  17.7 1445s
   975   973  446.97702  966  364  594.00000  426.53583  28.2%  17.7 1455s
   981   979  446.97702  972  358  594.00000  426.53583  28.2%  17.6 1460s
   986   984  446.97702  977  361  594.00000  426.53583  28.2%  17.6 1474s
   987   985  446.97702  978  358  594.00000  426.53583  28.2%  17.6 1475s
   994   992  446.97702  985  362  594.00000  426.53583  28.2%  17.5 1480s
   999   997  446.97702  990  358  594.00000  426.53583  28.2%  17.4 1490s
  1000   998  446.97702  991  361  594.00000  426.53583  28.2%  17.4 1509s
  1001   999  446.97702  992  361  594.00000  426.53583  28.2%  17.4 1510s
  1007  1005  446.97702  998  360  594.00000  426.53583  28.2%  17.3 1515s
  1014  1012  446.97702 1005  362  594.00000  426.53583  28.2%  17.2 1520s
  1020  1018  446.97702 1011  361  594.00000  426.53583  28.2%  17.1 1525s
  1026  1024  446.97702 1017  358  594.00000  426.53583  28.2%  17.0 1536s
  1032  1030  446.97702 1023  362  594.00000  426.53583  28.2%  16.9 1540s
  1039  1037  446.97702 1030  358  594.00000  426.53583  28.2%  16.8 1545s
  1046  1044  446.97702 1037  362  594.00000  426.53583  28.2%  16.7 1550s
  1053  1051  446.97702 1044  361  594.00000  426.53583  28.2%  16.6 1559s
  1054  1052  446.97702 1045  358  594.00000  426.53583  28.2%  16.6 1560s
  1065  1063  446.97702 1056  358  594.00000  426.53583  28.2%  16.4 1565s
  1071  1069  446.97702 1062  358  594.00000  426.53583  28.2%  16.3 1575s
  1074  1072  446.97702 1065  358  594.00000  426.53583  28.2%  16.3 1586s
  1080  1078  446.97702 1071  358  594.00000  426.53583  28.2%  16.2 1593s
  1083  1081  446.97702 1074  360  594.00000  426.53583  28.2%  16.2 1595s
  1094  1092  446.97702 1085  360  594.00000  426.53583  28.2%  16.0 1600s
  1100  1098  446.97702 1091  360  594.00000  426.53583  28.2%  15.9 1610s
  1106  1104  446.97702 1097  360  594.00000  426.53583  28.2%  15.9 1615s
  1107  1105  446.97702 1098  358  594.00000  426.53583  28.2%  15.9 1621s
  1113  1111  446.97702 1104  359  594.00000  426.53583  28.2%  15.8 1625s
  1120  1118  446.97702 1111  360  594.00000  426.53583  28.2%  15.7 1630s
  1127  1125  446.97702 1118  359  594.00000  426.53583  28.2%  15.6 1635s
  1134  1132  446.97702 1125  359  594.00000  426.53583  28.2%  15.5 1645s
  1148  1146  446.97702 1139  359  594.00000  426.53583  28.2%  15.3 1650s
  1161  1159  446.97702 1152  360  594.00000  426.53583  28.2%  15.2 1664s
  1163  1161  446.97702 1154  358  594.00000  426.53583  28.2%  15.1 1665s
  1167  1165  446.97702 1158  361  594.00000  426.53583  28.2%  15.1 1676s
  1168  1166  446.97702 1159  358  594.00000  426.53583  28.2%  15.1 1685s
  1171  1169  446.97702 1162  358  594.00000  426.53583  28.2%  15.1 1696s
  1181  1179  446.97702 1172  358  594.00000  426.53583  28.2%  14.9 1700s
  1188  1186  446.97702 1179  359  594.00000  426.53583  28.2%  14.9 1707s
  1193  1191  446.97702 1184  359  594.00000  426.53583  28.2%  14.8 1710s
  1200  1198  446.97702 1191  357  594.00000  426.53583  28.2%  14.7 1723s
  1205  1203  446.97702 1196  359  594.00000  426.53583  28.2%  14.7 1725s
  1215  1213  446.97702 1206  359  594.00000  426.53583  28.2%  14.6 1736s
  1222  1220  446.97702 1213  358  594.00000  426.53583  28.2%  14.5 1740s
  1230  1228  446.97702 1221  358  594.00000  426.53583  28.2%  14.4 1745s
  1241  1239  446.97702 1232  360  594.00000  426.53583  28.2%  14.3 1750s
  1242  1240  446.97702 1233  360  594.00000  426.53583  28.2%  14.3 1757s
  1248  1246  446.97702 1239  360  594.00000  426.53583  28.2%  14.2 1760s
  1261  1259  446.97702 1252  362  594.00000  426.53583  28.2%  14.1 1765s
  1265  1263  446.97702 1256  362  594.00000  426.53583  28.2%  14.0 1775s
  1268  1266  446.97702 1259  362  594.00000  426.53583  28.2%  14.0 1786s
  1269  1267  446.97702 1260  362  594.00000  426.53583  28.2%  14.0 1791s
  1279  1277  446.97702 1270  363  594.00000  426.53583  28.2%  13.9 1795s
  1290  1288  446.97702 1281  362  594.00000  426.53583  28.2%  13.8 1800s
  1296  1294  446.97702 1287  361  594.00000  426.53583  28.2%  13.7 1807s
  1300  1298  446.97702 1291  359  594.00000  426.53583  28.2%  13.7 1820s
  1312  1310  446.97702 1303  358  594.00000  426.53583  28.2%  13.6 1825s
  1321  1319  446.97702 1312  359  594.00000  426.53583  28.2%  13.5 1830s
  1323  1321  446.97702 1314  359  594.00000  426.53583  28.2%  13.5 1835s
  1332  1330  446.97702 1323  359  594.00000  426.53583  28.2%  13.4 1840s
  1343  1341  446.97702 1334  358  594.00000  426.53583  28.2%  13.3 1845s
  1350  1348  446.97702 1341  361  594.00000  426.53583  28.2%  13.2 1853s
  1355  1353  446.97702 1346  360  594.00000  426.53583  28.2%  13.2 1855s
  1362  1360  446.97702 1353  360  594.00000  426.53583  28.2%  13.1 1868s
  1363  1361  446.97702 1354  361  594.00000  426.53583  28.2%  13.1 1870s
  1365  1363  446.97702 1356  362  594.00000  426.53583  28.2%  13.1 1881s
  1372  1370  446.97702 1363  360  594.00000  426.53583  28.2%  13.0 1885s
  1377  1375  446.97702 1368  358  594.00000  426.53583  28.2%  13.0 1894s
  1378  1376  446.97702 1369  360  594.00000  426.53583  28.2%  13.0 1895s
  1388  1386  446.97702 1379  360  594.00000  426.53583  28.2%  12.9 1900s
  1395  1393  446.97702 1386  359  594.00000  426.53583  28.2%  12.9 1905s
  1400  1398  446.97702 1391  363  594.00000  426.53583  28.2%  12.8 1918s
  1402  1400  446.97702 1393  359  594.00000  426.53583  28.2%  12.8 1920s
  1404  1402  446.97702 1395  362  594.00000  426.53583  28.2%  12.8 1925s
  1412  1410  446.97702 1403  361  594.00000  426.53583  28.2%  12.7 1930s
  1423  1421  446.97707 1414  361  594.00000  426.53583  28.2%  12.6 1935s
  1427  1425  446.97707 1418  362  594.00000  426.53583  28.2%  12.6 1940s
  1431  1429  446.97707 1422  362  594.00000  426.53583  28.2%  12.6 1947s
  1438  1436  446.97707 1429  362  594.00000  426.53583  28.2%  12.5 1950s
  1451  1449  446.97707 1442  362  594.00000  426.53583  28.2%  12.4 1955s
  1458  1456  446.97707 1449  362  594.00000  426.53583  28.2%  12.4 1964s
  1459  1457  446.97707 1450  362  594.00000  426.53583  28.2%  12.3 1976s
  1462  1460  446.97707 1453  362  594.00000  426.53583  28.2%  12.3 1988s
  1465  1463  446.97707 1456  362  594.00000  426.53583  28.2%  12.3 1990s
  1475  1473  446.97707 1466  362  594.00000  426.53583  28.2%  12.2 1995s
  1485  1483  446.97707 1476  362  594.00000  426.53583  28.2%  12.2 2005s
  1494  1492  446.97707 1485  363  594.00000  426.53583  28.2%  12.1 2010s
  1500  1498  446.97707 1491  361  594.00000  426.53583  28.2%  12.0 2023s
  1504  1502  446.97707 1495  362  594.00000  426.53583  28.2%  12.0 2025s
  1512  1510  446.97707 1503  362  594.00000  426.53583  28.2%  12.0 2032s
  1518  1516  446.97707 1509  362  594.00000  426.53583  28.2%  11.9 2035s
  1528  1526  446.97707 1519  362  594.00000  426.53583  28.2%  11.8 2040s
  1539  1537  446.97707 1530  362  594.00000  426.53583  28.2%  11.8 2048s
  1542  1540  446.97707 1533  362  594.00000  426.53583  28.2%  11.7 2050s
  1553  1551  446.97707 1544  362  594.00000  426.53583  28.2%  11.7 2055s
  1556  1554  446.97707 1547  362  594.00000  426.53583  28.2%  11.6 2066s
  1559  1557  446.97707 1550  362  594.00000  426.53583  28.2%  11.6 2078s
  1561  1559  446.97707 1552  362  594.00000  426.53583  28.2%  11.6 2080s
  1566  1564  446.97707 1557  361  594.00000  426.53583  28.2%  11.6 2087s
  1571  1569  446.97707 1562  361  594.00000  426.53583  28.2%  11.5 2090s
  1582  1580  446.97707 1573  361  594.00000  426.53583  28.2%  11.5 2095s
  1593  1591  446.97707 1584  361  594.00000  426.53583  28.2%  11.4 2111s
  1599  1597  446.97707 1590  362  594.00000  426.53583  28.2%  11.4 2115s
  1600  1598  446.97707 1591  361  594.00000  426.53583  28.2%  11.4 2125s
  1610  1608  446.97707 1601  361  594.00000  426.53583  28.2%  11.3 2130s
  1619  1617  446.97707 1610  361  594.00000  426.53583  28.2%  11.2 2135s
  1620  1618  446.97707 1611  361  594.00000  426.53583  28.2%  11.2 2141s
  1625  1623  446.97707 1616  361  594.00000  426.53583  28.2%  11.2 2145s
  1632  1630  446.97707 1623  361  594.00000  426.53583  28.2%  11.2 2150s
  1639  1637  446.97707 1630  362  594.00000  426.53583  28.2%  11.1 2155s
  1645  1643  446.97707 1636  360  594.00000  426.53583  28.2%  11.1 2172s
  1647  1645  446.97707 1638  361  594.00000  426.53583  28.2%  11.1 2179s
  1648  1646  446.97707 1639  361  594.00000  426.53583  28.2%  11.1 2180s
  1653  1651  446.97707 1644  361  594.00000  426.53583  28.2%  11.0 2194s
  1655  1653  446.97707 1646  361  594.00000  426.53583  28.2%  11.0 2196s
  1656  1654  446.97707 1647  361  594.00000  426.53583  28.2%  11.0 2208s
  1660  1658  446.97707 1651  361  594.00000  426.53583  28.2%  11.0 2210s
  1671  1669  446.97707 1662  361  594.00000  426.53583  28.2%  10.9 2215s
  1674  1672  446.97707 1665  361  594.00000  426.53583  28.2%  10.9 2221s
  1678  1676  446.97707 1669  361  594.00000  426.53583  28.2%  10.9 2225s
  1688  1686  446.97707 1679  361  594.00000  426.53583  28.2%  10.8 2230s
  1694  1692  446.97707 1685  361  594.00000  426.53583  28.2%  10.8 2235s
  1700  1698  446.97707 1691  362  594.00000  426.53583  28.2%  10.7 2248s
  1701  1699  446.97707 1692  361  594.00000  426.53583  28.2%  10.7 2257s
  1706  1704  446.97707 1697  361  594.00000  426.53583  28.2%  10.7 2260s
  1716  1714  446.97707 1707  371  594.00000  426.53583  28.2%  10.7 2265s
  1728  1726  446.97707 1719  358  594.00000  426.53583  28.2%  10.6 2278s
  1730  1728  446.97707 1721  359  594.00000  426.53583  28.2%  10.6 2280s
  1744  1742  446.97707 1735  358  594.00000  426.53583  28.2%  10.5 2285s
  1750  1748  446.97707 1741  358  594.00000  426.53583  28.2%  10.5 2298s
  1752  1750  447.07068 1743  358  594.00000  426.53583  28.2%  10.5 2300s
  1753  1751  447.07068 1744  359  594.00000  426.53583  28.2%  10.5 2312s
  1755  1753  447.07068 1746  359  594.00000  426.53583  28.2%  10.5 2318s
  1757  1755  447.07068 1748  360  594.00000  426.53583  28.2%  10.5 2320s
  1761  1759  447.07231 1752  361  594.00000  426.53583  28.2%  10.6 2325s
  1766  1764  447.07231 1757  362  594.00000  426.53583  28.2%  10.6 2330s
  1776  1774  447.07231 1767  362  594.00000  426.53583  28.2%  10.5 2335s
  1781  1779  447.07231 1772  363  594.00000  426.53583  28.2%  10.5 2340s
  1782  1780  447.07231 1773  361  594.00000  426.53583  28.2%  10.5 2356s
  1788  1786  447.07231 1779  361  594.00000  426.53583  28.2%  10.5 2360s
  1795  1793  447.07231 1786  362  594.00000  426.53583  28.2%  10.4 2365s
  1800  1798  447.07231 1791  362  594.00000  426.53583  28.2%  10.4 2377s
  1804  1802  447.07231 1795  363  594.00000  426.53583  28.2%  10.4 2380s
  1809  1807  447.07231 1800  360  594.00000  426.53583  28.2%  10.4 2396s
  1814  1812  447.07231 1805  360  594.00000  426.53583  28.2%  10.3 2400s
  1825  1823  447.07231 1816  363  594.00000  426.53583  28.2%  10.3 2405s
  1835  1833  447.07231 1826  363  594.00000  426.53583  28.2%  10.2 2410s
  1836  1834  447.07231 1827  363  594.00000  426.53583  28.2%  10.2 2420s
  1845  1843  447.07231 1836  363  594.00000  426.53583  28.2%  10.2 2425s
  1847  1845  447.07231 1838  363  594.00000  426.53583  28.2%  10.2 2435s
  1850  1848  447.07231 1841  363  594.00000  426.53583  28.2%  10.2 2448s
  1854  1852  447.07231 1845  363  594.00000  426.53583  28.2%  10.1 2450s
  1863  1861  447.07231 1854  363  594.00000  426.53583  28.2%  10.1 2462s
  1868  1866  447.07231 1859  362  594.00000  426.53583  28.2%  10.1 2465s
  1876  1874  447.07231 1867  362  594.00000  426.53583  28.2%  10.0 2470s
  1881  1879  447.07231 1872  363  594.00000  426.53583  28.2%  10.0 2475s
  1888  1886  447.07231 1879  363  594.00000  426.53583  28.2%  10.0 2480s
  1890  1888  447.07231 1881  363  594.00000  426.53583  28.2%  10.0 2486s
  1895  1893  447.07231 1886  363  594.00000  426.53583  28.2%  10.0 2490s
  1900  1898  447.07231 1891  363  594.00000  426.53583  28.2%   9.9 2503s
  1903  1901  447.07231 1894  363  594.00000  426.53583  28.2%   9.9 2505s
  1913  1911  447.07231 1904  363  594.00000  426.53583  28.2%   9.9 2510s
  1917  1915  447.07231 1908  363  594.00000  426.53583  28.2%   9.9 2521s
  1927  1925  447.07231 1918  365  594.00000  426.53583  28.2%   9.8 2525s
  1940  1938  447.07231 1931  363  594.00000  426.53583  28.2%   9.7 2530s
  1944  1942  447.07231 1935  363  594.00000  426.53583  28.2%   9.7 2545s
  1947  1945  447.07231 1938  363  594.00000  426.53583  28.2%   9.7 2554s
  1948  1946  447.07231 1939  362  594.00000  426.53583  28.2%   9.7 2555s
  1963  1961  447.07231 1954  362  594.00000  426.53583  28.2%   9.6 2560s
  1971  1969  447.07231 1962  363  594.00000  426.53583  28.2%   9.6 2566s
  1975  1973  447.07231 1966  363  594.00000  426.53583  28.2%   9.6 2574s
  1977  1975  447.07231 1968  363  594.00000  426.53583  28.2%   9.6 2575s
  1990  1988  447.07231 1981  363  594.00000  426.53583  28.2%   9.5 2580s
  1994  1992  447.07231 1985  363  594.00000  426.53583  28.2%   9.5 2594s
  1996  1994  447.07231 1987  362  594.00000  426.53583  28.2%   9.5 2595s
  1997  1995  447.07231 1988  364  594.00000  426.53583  28.2%   9.5 2606s
  1998  1996  447.07231 1989  364  594.00000  426.53583  28.2%   9.5 2613s
  2000  1998  447.07231 1991  363  594.00000  426.53583  28.2%   9.5 2635s
  2004  2002  447.07231 1995  363  594.00000  426.53583  28.2%   9.5 2655s
  2014  2012  447.07231 2005  363  594.00000  426.53583  28.2%   9.4 2660s
  2025  2023  447.07231 2016  362  594.00000  426.53583  28.2%   9.4 2668s
  2026  2024  447.07231 2017  362  594.00000  426.53583  28.2%   9.4 2671s
  2035  2033  447.07231 2026  362  594.00000  426.53583  28.2%   9.3 2675s
  2041  2039  447.07231 2032  362  594.00000  426.53583  28.2%   9.3 2685s
  2044  2042  447.07231 2035  362  594.00000  426.53583  28.2%   9.3 2694s
  2045  2043  447.07231 2036  362  594.00000  426.53583  28.2%   9.3 2695s
  2052  2050  447.07231 2043  361  594.00000  426.53583  28.2%   9.3 2702s
  2060  2058  447.07231 2051  362  594.00000  426.53583  28.2%   9.2 2705s
  2074  2072  447.07231 2065  361  594.00000  426.53583  28.2%   9.2 2710s
  2079  2077  447.07231 2070  363  594.00000  426.53583  28.2%   9.2 2719s
  2080  2078  447.07231 2071  362  594.00000  426.53583  28.2%   9.2 2720s
  2092  2090  447.07231 2083  362  594.00000  426.53583  28.2%   9.1 2725s
  2100  2098  447.07231 2091  362  594.00000  426.53583  28.2%   9.1 2737s
  2106  2104  447.07231 2097  362  594.00000  426.53583  28.2%   9.1 2744s
  2107  2105  447.07231 2098  362  594.00000  426.53583  28.2%   9.1 2745s
  2118  2116  447.07231 2109  362  594.00000  426.53583  28.2%   9.0 2750s
  2133  2131  447.07231 2124  363  594.00000  426.53583  28.2%   9.0 2760s
  2138  2136  447.07231 2129  360  594.00000  426.53583  28.2%   8.9 2771s
  2141  2139  447.07231 2132  360  594.00000  426.53583  28.2%   8.9 2780s
  2150  2148  447.07231 2141  360  594.00000  426.53583  28.2%   8.9 2785s
  2159  2157  447.07231 2150  358  594.00000  426.53583  28.2%   8.9 2790s
  2161  2159  447.07231 2152  359  594.00000  426.53583  28.2%   8.9 2795s
  2172  2170  447.07231 2163  358  594.00000  426.53583  28.2%   8.8 2800s
  2183  2181  447.07231 2174  358  594.00000  426.53583  28.2%   8.8 2805s
  2187  2185  447.07231 2178  360  594.00000  426.53583  28.2%   8.8 2813s
  2190  2188  447.07231 2181  360  594.00000  426.53583  28.2%   8.8 2815s
  2200  2198  447.07231 2191  360  594.00000  426.53583  28.2%   8.7 2826s
  2203  2201  447.07231 2194  363  594.00000  426.53583  28.2%   8.7 2830s
  2213  2211  447.07231 2204  364  594.00000  426.53583  28.2%   8.7 2835s
  2214  2212  447.07231 2205  364  594.00000  426.53583  28.2%   8.7 2841s
  2224  2222  447.07231 2215  363  594.00000  426.53583  28.2%   8.7 2845s
  2235  2233  447.07231 2226  364  594.00000  426.53583  28.2%   8.6 2857s
  2238  2236  447.07231 2229  364  594.00000  426.53583  28.2%   8.6 2866s
  2241  2239  447.07231 2232  364  594.00000  426.53583  28.2%   8.6 2871s
  2249  2247  447.07231 2240  363  594.00000  426.53583  28.2%   8.6 2875s
  2256  2254  447.07231 2247  363  594.00000  426.53583  28.2%   8.6 2880s
  2263  2261  447.07231 2254  362  594.00000  426.53583  28.2%   8.5 2885s
  2268  2266  447.07231 2259  363  594.00000  426.53583  28.2%   8.5 2892s
  2273  2271  447.07231 2264  363  594.00000  426.53583  28.2%   8.5 2895s
  2281  2279  447.07231 2272  363  594.00000  426.53583  28.2%   8.5 2900s
  2288  2286  447.07231 2279  363  594.00000  426.53583  28.2%   8.5 2905s
  2295  2293  447.07231 2286  363  594.00000  426.53583  28.2%   8.5 2916s
  2300  2298  447.07231 2291  363  594.00000  426.53583  28.2%   8.4 2928s
  2303  2301  447.07231 2294  363  594.00000  426.53583  28.2%   8.4 2930s
  2311  2309  447.07231 2302  364  594.00000  426.53583  28.2%   8.4 2935s
  2320  2318  447.07231 2311  365  594.00000  426.53583  28.2%   8.4 2940s
  2323  2321  447.07231 2314  364  594.00000  426.53583  28.2%   8.4 2945s
  2331  2329  447.07231 2322  363  594.00000  426.53583  28.2%   8.3 2950s
  2332  2330  447.07231 2323  363  594.00000  426.53583  28.2%   8.3 2959s
  2334  2332  447.07231 2325  363  594.00000  426.53583  28.2%   8.3 2960s
  2335  2333  447.07231 2326  363  594.00000  426.53583  28.2%   8.3 2969s
  2336  2334  447.07231 2327  364  594.00000  426.53583  28.2%   8.3 2970s
  2346  2344  447.07231 2337  363  594.00000  426.53583  28.2%   8.3 2982s
  2349  2347  447.07231 2340  363  594.00000  426.53583  28.2%   8.3 2991s
  2358  2356  447.07231 2349  364  594.00000  426.53583  28.2%   8.3 2995s
  2365  2363  447.07231 2356  363  594.00000  426.53583  28.2%   8.3 3000s
  2372  2370  447.07231 2363  363  594.00000  426.53583  28.2%   8.2 3005s
  2376  2374  447.07231 2367  363  594.00000  426.53583  28.2%   8.2 3010s
  2383  2381  447.07231 2374  363  594.00000  426.53583  28.2%   8.2 3015s
  2395  2393  447.07231 2386  363  594.00000  426.53583  28.2%   8.2 3020s
  2400  2398  447.07231 2391  363  594.00000  426.53583  28.2%   8.2 3031s
  2403  2401  447.07231 2394  363  594.00000  426.53583  28.2%   8.2 3036s
  2407  2405  447.07231 2398  363  594.00000  426.53583  28.2%   8.2 3040s
  2414  2412  447.07231 2405  363  594.00000  426.53583  28.2%   8.2 3045s
  2423  2421  447.07231 2414  364  594.00000  426.53583  28.2%   8.1 3050s
  2429  2427  447.07231 2420  363  594.00000  426.53583  28.2%   8.1 3062s
  2430  2428  447.07231 2421  364  594.00000  426.53583  28.2%   8.1 3066s
  2432  2430  447.07231 2423  362  594.00000  426.53583  28.2%   8.1 3076s
  2438  2436  447.07231 2429  363  594.00000  426.53583  28.2%   8.1 3080s
  2449  2447  447.07231 2440  361  594.00000  426.53583  28.2%   8.1 3085s
  2457  2455  447.07231 2448  361  594.00000  426.53583  28.2%   8.0 3092s
  2466  2464  447.07231 2457  361  594.00000  426.53583  28.2%   8.0 3095s
  2480  2478  447.07231 2471  361  594.00000  426.53583  28.2%   8.0 3100s
  2484  2482  447.07231 2475  361  594.00000  426.53583  28.2%   8.0 3108s
  2488  2486  447.07231 2479  361  594.00000  426.53583  28.2%   8.0 3110s
  2499  2497  447.07231 2490  362  594.00000  426.53583  28.2%   7.9 3115s
  2500  2498  447.07231 2491  361  594.00000  426.53583  28.2%   7.9 3123s
  2505  2503  447.07231 2496  359  594.00000  426.53583  28.2%   7.9 3125s
  2511  2509  447.07231 2502  359  594.00000  426.53583  28.2%   7.9 3132s
  2519  2517  447.07231 2510  360  594.00000  426.53583  28.2%   7.9 3135s
  2526  2524  447.07231 2517  360  594.00000  426.53583  28.2%   7.8 3146s
  2529  2527  447.07231 2520  359  594.00000  426.53583  28.2%   7.8 3156s
  2538  2536  447.07231 2529  360  594.00000  426.53583  28.2%   7.8 3166s
  2547  2545  447.07231 2538  360  594.00000  426.53583  28.2%   7.8 3170s
  2551  2548  428.70847  108  602  594.00000  426.53583  28.2%   7.8 4450s
  2553  2549  446.89125  631  221  594.00000  426.53583  28.2%   7.8 4523s
  2554  2550  447.07068 1746  481  594.00000  426.53583  28.2%   7.8 4563s
  2555  2551  429.34719  204  558  594.00000  426.53583  28.2%   7.8 4566s
  2557  2552  447.07231 2477  615  594.00000  426.53583  28.2%   7.8 4573s
  2558  2553  446.97707 1633  646  594.00000  426.53583  28.2%   7.8 4576s
  2560  2554  446.97702 1304  725  594.00000  427.51418  28.0%   7.8 4580s
  2561  2555  447.07231 2417  738  594.00000  427.52951  28.0%   7.7 4592s
  2562  2555  446.97707 1565  737  594.00000  432.81639  27.1%   7.7 4622s
  2563  2556  447.07231 1961  801  594.00000  433.37612  27.0%   7.7 4626s
  2565  2557  447.07231 1984  831  594.00000  433.70678  27.0%   7.7 4630s
  2567  2559  447.07231 2390  815  594.00000  433.72083  27.0%   7.7 4645s
H 2567  2430                     592.0000000  436.35275  26.3%   7.7 4680s
  2570  2432  446.89130  802  888  592.00000  439.43142  25.8%   7.7 4685s
  2573  2434  446.97702 1122  905  592.00000  439.71541  25.7%   7.7 4690s
  2575  2435  446.97702  926  908  592.00000  439.71578  25.7%   7.7 4704s
  2576  2436  447.07231 2113  919  592.00000  441.55463  25.4%   7.7 4739s
  2577  2436  446.97702 1125  988  592.00000  442.23134  25.3%   7.7 4742s
  2578  2437  446.97707 1429 1013  592.00000  442.42342  25.3%   7.7 4745s
  2580  2438  446.97702 1395 1036  592.00000  442.51489  25.3%   7.7 4750s
  2582  2440  446.89130  764 1023  592.00000  442.52423  25.2%   7.7 4763s
  2583  2440  447.07231 2355  872  592.00000  443.78575  25.0%   7.7 4802s
  2585  2443  446.97707 1651  602  592.00000  443.78575  25.0%  32.9 4886s
  2587  2444  447.07231 1880  220  592.00000  443.78575  25.0%  32.9 4959s
  2588  2445  443.78575  448  440  592.00000  443.78575  25.0%  32.9 5001s
  2590  2446  447.07231 1929  585  592.00000  443.78575  25.0%  32.9 5008s
  2591  2447  446.97702 1139  638  592.00000  443.78575  25.0%  32.9 5012s
  2592  2448  446.89125  650  775  592.00000  443.78575  25.0%  32.8 5016s
  2594  2449  447.07231 1901  855  592.00000  443.78575  25.0%  32.8 5022s
  2595  2450  447.07231 1776  846  592.00000  443.78575  25.0%  32.8 5025s
  2597  2451  446.97702 1102  932  592.00000  443.78575  25.0%  32.8 5032s
  2599  2452  446.89125  624  923  592.00000  443.81552  25.0%  32.8 5048s
H 2599  2329                     591.0000000  445.52904  24.6%  32.8 5086s
  2602  2331  446.97702 1124  974  591.00000  446.64797  24.4%  32.7 5091s
  2604  2333  446.89125  709 1010  591.00000  446.65923  24.4%  32.7 5095s
  2605  2333  446.97702  963 1021  591.00000  446.65938  24.4%  32.7 5106s
  2606  2334  447.93093 1968 1135  591.00000  447.93093  24.2%  32.7 5151s
  2608  2335  448.33994 2440 1201  591.00000  448.33994  24.1%  32.6 5157s
  2609  2336  448.38435 1139 1178  591.00000  448.38435  24.1%  32.6 5160s
  2611  2337  448.48600   45 1205  591.00000  448.48600  24.1%  32.6 5165s
  2612  2338  448.48600 1363 1209  591.00000  448.48600  24.1%  32.6 5179s
H 2612  2220                     590.0000000  449.63719  23.8%  32.6 5225s
  2615  2222  451.58974 1498 1263  590.00000  451.58974  23.5%  32.6 5231s
  2617  2223  451.73627  207 1315  590.00000  451.73627  23.4%  32.5 5236s
  2620  2225  451.73848  879 1316  590.00000  451.73848  23.4%  32.5 5253s
  2621  2226  452.54549 2000 1016  590.00000  452.54549  23.3%  32.5 5284s
  2623  2229  452.54549 1906  602  590.00000  452.54549  23.3%  58.4 5367s
  2625  2230  452.54549  537  220  590.00000  452.54549  23.3%  58.4 5443s
  2626  2231  452.54549 1645  476  590.00000  452.54549  23.3%  58.4 5488s
  2627  2232  452.54549 2221  586  590.00000  452.54549  23.3%  58.4 5491s
  2628  2232  452.54549 1875  709  590.00000  452.54549  23.3%  58.3 5495s
  2629  2233  452.54549  809  715  590.00000  452.54549  23.3%  58.3 5500s
  2630  2234  452.54549 1523  785  590.00000  452.54549  23.3%  58.3 5505s
  2632  2235  452.54549  665  969  590.00000  452.54549  23.3%  58.2 5511s
  2634  2236  452.54549  456 1077  590.00000  452.54549  23.3%  58.2 5517s
  2635  2237  452.54549  184 1094  590.00000  452.54549  23.3%  58.2 5521s
  2637  2238  452.54549  339 1152  590.00000  452.54549  23.3%  58.1 5526s
  2639  2240  452.59033 2466 1160  590.00000  452.59033  23.3%  58.1 5531s
  2641  2241  452.59939 1726 1152  590.00000  452.59939  23.3%  58.0 5548s
H 2641  2128                     589.0000000  452.97774  23.1%  58.0 5582s
  2643  2129  453.71719 1493 1274  589.00000  453.71719  23.0%  58.0 5590s
  2645  2131  453.89214   94 1348  589.00000  453.89214  22.9%  58.0 5596s
  2647  2132  453.89673 2409 1358  589.00000  453.89673  22.9%  57.9 5600s
  2648  2133  453.89720 1280 1362  589.00000  453.89720  22.9%  57.9 5614s
H 2648  2026                     588.0000000  454.90913  22.6%  57.9 5648s
  2650  2027  455.54248  506 1171  588.00000  455.54248  22.5%  57.8 5651s
  2652  2028  455.71088 2447 1175  588.00000  455.71088  22.5%  57.8 5656s
  2654  2030  455.72900 1746 1187  588.00000  455.72900  22.5%  57.8 5660s
  2657  2032  455.73686 2477 1199  588.00000  455.73686  22.5%  57.7 5676s
H 2657  1930                     585.0000000  456.20050  22.0%  57.7 5709s
  2659  1931  456.34653  211 1374  585.00000  456.34653  22.0%  57.7 5714s
  2660  1932  456.39727 1304 1371  585.00000  456.39727  22.0%  57.6 5716s
  2662  1933  456.64409 1565 1409  585.00000  456.64409  21.9%  57.6 5721s
  2664  1934  456.68586 2025 1437  585.00000  456.68586  21.9%  57.5 5726s
  2666  1936  456.68982 2217 1441  585.00000  456.68982  21.9%  57.5 5744s
  2667  1936  457.23320 2390 1158  585.00000  457.23320  21.8%  57.5 5772s
  2669  1939  457.23320   10  602  585.00000  457.23320  21.8%  78.5 5844s
  2671  1940  457.23320 1166  221  585.00000  457.23320  21.8%  78.4 5913s
  2672  1941  457.23320   15  452  585.00000  457.23320  21.8%  78.4 5951s
  2673  1942  457.23320 1122  682  585.00000  457.23320  21.8%  78.3 5957s
  2674  1942  457.23320  230  737  585.00000  457.23320  21.8%  78.3 5960s
  2676  1944  457.23320 2113  860  585.00000  457.23320  21.8%  78.3 5968s
  2677  1944  457.23320 1125  946  585.00000  457.23320  21.8%  78.2 5972s
  2678  1945  457.23320 1429 1010  585.00000  457.23320  21.8%  78.2 5976s
  2680  1946  457.23320 1395 1138  585.00000  457.23320  21.8%  78.1 5981s
  2682  1948  457.23320  764 1194  585.00000  457.23320  21.8%  78.1 5987s
  2684  1949  457.23320  719 1215  585.00000  457.23320  21.8%  78.0 5992s
  2686  1950  457.23320  806 1298  585.00000  457.23320  21.8%  78.0 5997s
  2688  1952  457.23320  448 1308  585.00000  457.23320  21.8%  77.9 6001s
  2690  1953  457.25922 1929 1312  585.00000  457.25922  21.8%  77.8 6005s
  2691  1954  457.26187 1139 1292  585.00000  457.26187  21.8%  77.8 6020s
  2692  1954  458.03468  650 1395  585.00000  458.03468  21.7%  77.8 6056s
  2694  1956  458.34500 1901 1394  585.00000  458.34500  21.7%  77.7 6062s
  2696  1957  458.38926 2275 1389  585.00000  458.38926  21.6%  77.7 6066s
  2697  1958  458.38929 1102 1388  585.00000  458.38929  21.6%  77.6 6078s
H 2697  1859                     583.0000000  458.89098  21.3%  77.6 6112s
  2699  1860  459.55096  624 1390  583.00000  459.55096  21.2%  77.6 6115s
  2701  1861  459.88395  226 1429  583.00000  459.88395  21.1%  77.5 6121s
  2703  1863  459.92410 2473 1459  583.00000  459.92410  21.1%  77.5 6126s
  2704  1863  459.92438  709 1465  583.00000  459.92438  21.1%  77.4 6141s
  2705  1864  460.67534  963 1466  583.00000  460.67534  21.0%  77.4 6186s
  2706  1865  460.89533 1968 1414  583.00000  460.89533  20.9%  77.4 6191s
  2707  1865  460.96288 1103 1392  583.00000  460.96288  20.9%  77.4 6195s
  2709  1867  460.99817 1139 1468  583.00000  460.99817  20.9%  77.3 6201s
  2711  1868  461.00081   45 1505  583.00000  461.00081  20.9%  77.2 6217s
  2712  1869  461.59441 1363 1364  583.00000  461.59441  20.8%  77.2 6257s
  2714  1871  461.59441 2117  602  583.00000  461.59441  20.8%   102 6326s
  2716  1872  461.59441  363  221  583.00000  461.59441  20.8%   102 6384s
  2717  1873  461.59441  207  434  583.00000  461.59441  20.8%   102 6417s
  2718  1874  461.59441  930  672  583.00000  461.59441  20.8%   102 6422s
  2719  1874  461.59441  597  730  583.00000  461.59441  20.8%   102 6425s
  2721  1876  461.59441 2000  867  583.00000  461.59441  20.8%   102 6432s
  2722  1876  461.59441 2179 1012  583.00000  461.59441  20.8%   102 6436s
  2723  1877  461.59441 1906 1044  583.00000  461.59441  20.8%   102 6440s
  2725  1878  461.59441  537 1119  583.00000  461.59441  20.8%   102 6447s
  2726  1879  461.59441 1645 1244  583.00000  461.59441  20.8%   102 6451s
  2727  1880  461.59441 2221 1254  583.00000  461.59441  20.8%   101 6455s
  2729  1881  461.59441  809 1382  583.00000  461.59441  20.8%   101 6461s
  2731  1882  461.59441 2531 1430  583.00000  461.59441  20.8%   101 6466s
  2733  1884  461.59441 1396 1453  583.00000  461.59441  20.8%   101 6471s
  2734  1884  461.59441  456 1488  583.00000  461.59441  20.8%   101 6493s
H 2734  1789                     581.0000000  462.06253  20.5%   101 6533s
  2736  1791  462.21096 1470 1409  581.00000  462.21096  20.4%   101 6536s
  2737  1791  462.24349  339 1520  581.00000  462.24349  20.4%   101 6541s
  2738  1792  462.25498 1166 1502  581.00000  462.25498  20.4%   101 6546s
  2740  1793  462.25830 1805 1530  581.00000  462.25830  20.4%   101 6551s
  2742  1795  462.25985 1475 1542  581.00000  462.25985  20.4%   101 6569s
H 2742  1705                     580.0000000  462.95815  20.2%   101 6606s
  2744  1706  463.10762 2166 1352  580.00000  463.10762  20.2%   101 6617s
  2745  1707  463.16534   94 1332  580.00000  463.16534  20.1%   101 6621s
  2747  1708  463.21564 2409 1396  580.00000  463.21564  20.1%   101 6628s
  2748  1709  463.21753 1280 1402  580.00000  463.21753  20.1%   101 6630s
  2751  1711  463.22154  108 1375  580.00000  463.22154  20.1%   101 6648s
  2752  1711  463.71195 2447 1479  580.00000  463.71195  20.0%   101 6683s
  2753  1712  463.86440  631 1557  580.00000  463.86440  20.0%   101 6686s
  2755  1713  463.90764  204 1481  580.00000  463.90764  20.0%   100 6692s
  2756  1714  463.91791 1825 1535  580.00000  463.91791  20.0%   100 6695s
  2757  1715  463.91807 2477 1545  580.00000  463.91807  20.0%   100 6707s
  2758  1715  464.29965 1633 1240  580.00000  464.29965  19.9%   100 6743s
  2760  1718  464.29965 1304  602  580.00000  464.29965  19.9%   127 6816s
  2762  1719  464.29965 1565  219  580.00000  464.29965  19.9%   127 6873s
  2763  1720  464.29965 1961  499  580.00000  464.29965  19.9%   127 6904s
  2764  1721  464.29965 2025  609  580.00000  464.29965  19.9%   127 6908s
  2765  1721  464.29965 1984  728  580.00000  464.29965  19.9%   127 6912s
  2766  1722  464.29965 2217  711  580.00000  464.29965  19.9%   127 6916s
  2767  1723  464.29965 2390  928  580.00000  464.29965  19.9%   127 6920s
  2769  1724  464.29965   10  993  580.00000  464.29965  19.9%   127 6929s
  2770  1725  464.29965  802  989  580.00000  464.29965  19.9%   127 6932s
  2771  1725  464.29965 1166 1044  580.00000  464.29965  19.9%   127 6935s
  2773  1727  464.29965 1122 1141  580.00000  464.29965  19.9%   127 6941s
  2775  1728  464.29965  926 1200  580.00000  464.29965  19.9%   126 6945s
  2777  1729  464.29965 1125 1261  580.00000  464.29965  19.9%   126 6950s
  2779  1731  464.30046 1450 1260  580.00000  464.30046  19.9%   126 6956s
  2781  1732  464.30695 1008 1279  580.00000  464.30695  19.9%   126 6961s
  2784  1734  464.31032  719 1293  580.00000  464.31032  19.9%   126 6984s
  2785  1735  464.59119 1651 1573  580.00000  464.59119  19.9%   126 7022s
  2786  1735  464.66493  806 1583  580.00000  464.66493  19.9%   126 7025s
  2788  1737  464.71898  448 1484  580.00000  464.71898  19.9%   126 7030s
  2789  1737  464.71918  291 1500  580.00000  464.71918  19.9%   126 7042s
  2790  1738  465.34064 1929 1392  580.00000  465.34064  19.8%   126 7074s
  2791  1739  465.47673 1139 1521  580.00000  465.47673  19.7%   126 7077s
  2792  1739  465.52768  650 1395  580.00000  465.52768  19.7%   126 7080s
  2794  1741  465.59947 1901 1437  580.00000  465.59947  19.7%   126 7085s
  2796  1742  465.60189 2275 1429  580.00000  465.60189  19.7%   126 7098s
  2797  1743  465.74819 1102 1632  580.00000  465.74819  19.7%   125 7131s
  2798  1743  465.90386 1291 1467  580.00000  465.90386  19.7%   125 7135s
  2800  1745  466.10727 2374 1414  580.00000  466.10727  19.6%   125 7141s
  2802  1746  466.11714 1124 1507  580.00000  466.11714  19.6%   125 7146s
  2803  1747  466.11781 2473 1513  580.00000  466.11781  19.6%   125 7159s
  2804  1747  466.32166  709 1315  580.00000  466.32166  19.6%   125 7201s
  2806  1750  466.32166 1968  602  580.00000  466.32166  19.6%   154 7279s
  2808  1751  466.32166 2440  222  580.00000  466.32166  19.6%   153 7344s
  2809  1752  466.32166 1139  531  580.00000  466.32166  19.6%   153 7378s
  2810  1753  466.32166 1943  607  580.00000  466.32166  19.6%   153 7382s
  2812  1754  466.32166 1363  834  580.00000  466.32166  19.6%   153 7387s
  2813  1755  466.32166  508  897  580.00000  466.32166  19.6%   153 7392s
  2814  1755  466.32166 2117  963  580.00000  466.32166  19.6%   153 7399s
  2815  1756  466.32166 1498 1049  580.00000  466.32166  19.6%   153 7403s
  2816  1757  466.32166  363 1157  580.00000  466.32166  19.6%   153 7406s
  2817  1757  466.32166  207 1116  580.00000  466.32166  19.6%   153 7411s
  2818  1758  466.32166  930 1268  580.00000  466.32166  19.6%   153 7421s
  2819  1759  466.32166  597 1259  580.00000  466.32166  19.6%   153 7425s
  2820  1759  466.32166  879 1290  580.00000  466.32166  19.6%   153 7430s
  2821  1760  466.32166 2000 1332  580.00000  466.32166  19.6%   153 7436s
  2822  1761  466.32166 2179 1291  580.00000  466.32166  19.6%   153 7440s
  2824  1762  466.32166  862 1406  580.00000  466.32166  19.6%   153 7447s
  2825  1763  466.32166  537 1390  580.00000  466.32166  19.6%   153 7450s
  2828  1765  466.33085 1875 1411  580.00000  466.33085  19.6%   152 7474s
  2829  1765  466.51150  809 1270  580.00000  466.51150  19.6%   152 7514s
  2830  1766  466.54758 1523 1241  580.00000  466.54758  19.6%   152 7518s
  2831  1767  466.55533 2531 1249  580.00000  466.55533  19.6%   152 7520s
  2833  1768  466.56232 1396 1299  580.00000  466.56232  19.6%   152 7525s
  2836  1770  466.56701 1470 1246  580.00000  466.56701  19.6%   152 7541s
H 2836  1681                     579.0000000  466.61854  19.4%   152 7575s
  2839  1683  466.68866 2466 1466  579.00000  466.68866  19.4%   152 7580s
  2841  1684  466.73566 1726 1483  579.00000  466.73566  19.4%   152 7585s
  2842  1685  466.73573 1475 1497  579.00000  466.73573  19.4%   152 7598s
  2843  1686  466.84922 1493 1510  579.00000  466.84922  19.4%   152 7632s
  2844  1686  466.92117 2166 1595  579.00000  466.92117  19.4%   152 7636s
  2846  1688  467.04275 1659 1617  579.00000  467.04275  19.3%   151 7641s
  2848  1689  467.05648 1280 1595  579.00000  467.05648  19.3%   151 7645s
  2851  1691  467.05820  108 1627  579.00000  467.05820  19.3%   151 7663s
  2852  1692  467.21695 2447 1310  579.00000  467.21695  19.3%   151 7704s
  2854  1694  467.21695 1746  602  579.00000  467.21695  19.3%   175 7785s
  2856  1695  467.21695 1825  223  579.00000  467.21695  19.3%   175 7845s
  2857  1696  467.21695 2477  488  579.00000  467.21695  19.3%   175 7879s
  2858  1697  467.21695 1633  574  579.00000  467.21695  19.3%   175 7883s
  2859  1697  467.21695  211  752  579.00000  467.21695  19.3%   175 7885s
  2861  1699  467.21695 2417 1052  579.00000  467.21695  19.3%   175 7893s
  2862  1699  467.21695 1565  971  579.00000  467.21695  19.3%   175 7901s
  2863  1700  467.21695 1961 1040  579.00000  467.21695  19.3%   175 7909s
  2864  1701  467.21695 2025 1115  579.00000  467.21695  19.3%   175 7912s
  2865  1701  467.21695 1984 1191  579.00000  467.21695  19.3%   174 7917s
  2866  1702  467.21695 2217 1243  579.00000  467.21695  19.3%   174 7924s
  2867  1703  467.21695 2390 1394  579.00000  467.21695  19.3%   174 7928s
  2868  1703  467.21695  720 1314  579.00000  467.21695  19.3%   174 7933s
  2869  1704  467.21695   10 1381  579.00000  467.21695  19.3%   174 7936s
  2871  1705  467.21695 1166 1353  579.00000  467.21695  19.3%   174 7943s
  2872  1706  467.21695   15 1491  579.00000  467.21695  19.3%   174 7947s
  2874  1707  467.21695  230 1460  579.00000  467.21695  19.3%   174 7952s
  2875  1708  467.21695  926 1442  579.00000  467.21695  19.3%   174 7955s
  2878  1710  467.21860 1429 1589  579.00000  467.21860  19.3%   174 7960s
  2879  1711  467.22007 1450 1459  579.00000  467.22007  19.3%   174 7980s
  2880  1711  467.28853 1395 1512  579.00000  467.28853  19.3%   174 8013s
  2881  1712  467.36517 1008 1441  579.00000  467.36517  19.3%   173 8015s
  2883  1713  467.38598 2355 1429  579.00000  467.38598  19.3%   173 8020s
  2886  1715  467.39043  806 1565  579.00000  467.39043  19.3%   173 8037s
  2887  1716  467.75509 1880 1397  579.00000  467.75509  19.2%   173 8067s
  2889  1717  468.02265  291 1379  579.00000  468.02265  19.2%   173 8072s
  2891  1719  468.08060 1139 1405  579.00000  468.08060  19.2%   173 8077s
  2893  1720  468.08158 1700 1392  579.00000  468.08158  19.2%   173 8092s
H 2893  1633                     577.0000000  468.43648  18.8%   173 8130s
  2896  1635  468.73183 2275 1480  577.00000  468.73183  18.8%   173 8137s
  2897  1636  468.75358 1102 1473  577.00000  468.75358  18.8%   173 8140s
  2900  1638  468.77826 2374 1481  577.00000  468.77826  18.8%   172 8158s
  2901  1638  469.21367  226 1426  577.00000  469.21367  18.7%   172 8210s
  2903  1641  469.21367 2473  602  577.00000  469.21367  18.7%   194 8278s
  2905  1642  469.21367  963  223  577.00000  469.21367  18.7%   194 8334s
  2906  1643  469.21367 1968  496  577.00000  469.21367  18.7%   194 8365s
  2908  1644  469.21367 2440  825  577.00000  469.21367  18.7%   194 8372s
  2909  1645  469.21367 1139  865  577.00000  469.21367  18.7%   194 8375s
  2911  1646  469.21367   45 1000  577.00000  469.21367  18.7%   194 8382s
  2912  1647  469.21367 1363 1104  577.00000  469.21367  18.7%   194 8385s
  2913  1648  469.21367  508 1259  577.00000  469.21367  18.7%   193 8392s
  2914  1648  469.21367 2117 1079  577.00000  469.21367  18.7%   193 8398s
  2915  1649  469.21367 1498 1195  577.00000  469.21367  18.7%   193 8402s
  2916  1650  469.21367  363 1267  577.00000  469.21367  18.7%   193 8405s
  2918  1651  469.21367  930 1284  577.00000  469.21367  18.7%   193 8412s
  2919  1652  469.21367  597 1363  577.00000  469.21367  18.7%   193 8415s
  2921  1653  469.21367 2000 1464  577.00000  469.21367  18.7%   193 8421s
  2923  1654  469.21367 1906 1510  577.00000  469.21367  18.7%   193 8426s
  2925  1656  469.24710  537 1407  577.00000  469.24710  18.7%   193 8431s
  2927  1657  469.27055 2221 1492  577.00000  469.27055  18.7%   193 8435s
  2930  1659  469.27646 1523 1521  577.00000  469.27646  18.7%   192 8440s
  2933  1661  469.27884 1396 1517  577.00000  469.27884  18.7%   192 8466s
H 2933  1577                     575.0000000  469.50451  18.3%   192 8511s
  2935  1578  469.61957  184 1538  575.00000  469.61957  18.3%   192 8515s
  2937  1580  469.81996  339 1536  575.00000  469.81996  18.3%   192 8520s
  2940  1582  469.82898 1805 1549  575.00000  469.82898  18.3%   192 8526s
  2941  1582  469.82906 1726 1543  575.00000  469.82906  18.3%   192 8539s
  2942  1583  470.06648 1475 1552  575.00000  470.06648  18.2%   192 8571s
  2943  1584  470.14255 1493 1674  575.00000  470.14255  18.2%   192 8578s
  2944  1584  470.17320 2166 1519  575.00000  470.17320  18.2%   191 8580s
  2946  1586  470.18494 1659 1608  575.00000  470.18494  18.2%   191 8597s
  2947  1586  470.29848 2409 1805  575.00000  470.29848  18.2%   191 8637s
  2948  1587  470.36192 1280 1776  575.00000  470.36192  18.2%   191 8641s
  2950  1588  470.48355  506 1742  575.00000  470.48355  18.2%   191 8649s
  2951  1589  470.50393  108 1718  575.00000  470.50393  18.2%   191 8652s
  2953  1590  470.51311  631 1736  575.00000  470.51311  18.2%   191 8656s
  2954  1591  470.51314 1746 1759  575.00000  470.51314  18.2%   191 8671s
  2955  1592  470.88612  204 1504  575.00000  470.88612  18.1%   191 8709s
  2957  1594  470.88612 2477  602  575.00000  470.88612  18.1%   212 8779s
  2959  1595  470.88612  211  222  575.00000  470.88612  18.1%   212 8837s
  2960  1596  470.88612 1304  486  575.00000  470.88612  18.1%   212 8869s
  2961  1597  470.88612 2417  611  575.00000  470.88612  18.1%   212 8873s
  2962  1597  470.88612 1565  672  575.00000  470.88612  18.1%   212 8876s
  2963  1598  470.88612 1961  866  575.00000  470.88612  18.1%   212 8880s
  2965  1599  470.88612 1984  879  575.00000  470.88612  18.1%   212 8891s
  2966  1600  470.88612 2217  972  575.00000  470.88612  18.1%   212 8895s
  2967  1601  470.88612 2390 1184  575.00000  470.88612  18.1%   212 8902s
  2968  1601  470.88612  720 1209  575.00000  470.88612  18.1%   212 8906s
  2969  1602  470.88612   10 1340  575.00000  470.88612  18.1%   212 8910s
  2971  1603  470.88612 1166 1274  575.00000  470.88612  18.1%   211 8918s
  2972  1604  470.88612   15 1380  575.00000  470.88612  18.1%   211 8922s
  2973  1605  470.88612 1122 1472  575.00000  470.88612  18.1%   211 8926s
  2974  1605  470.88612  230 1511  575.00000  470.88612  18.1%   211 8930s
  2975  1606  470.88612  926 1567  575.00000  470.88612  18.1%   211 8935s
  2977  1607  470.88612 1125 1480  575.00000  470.88612  18.1%   211 8941s
  2979  1609  470.88612 1450 1578  575.00000  470.88612  18.1%   211 8945s
  2981  1610  470.88612 1008 1616  575.00000  470.88612  18.1%   211 8950s
  2984  1612  470.88612  719 1669  575.00000  470.88612  18.1%   210 8957s
  2986  1613  470.88612  806 1607  575.00000  470.88612  18.1%   210 8961s
  2988  1615  470.88612  448 1606  575.00000  470.88612  18.1%   210 8965s
  2990  1616  470.88612 1929 1623  575.00000  470.88612  18.1%   210 8974s
  2991  1617  470.88612 1139 1601  575.00000  470.88612  18.1%   210 8977s
  2992  1617  470.88612  650 1626  575.00000  470.88612  18.1%   210 8980s
  2993  1618  470.88612 1700 1616  575.00000  470.88612  18.1%   210 9005s
H 2993  1536                     573.0000000  471.06421  17.8%   210 9045s
  2996  1538  471.83843 2275 1736  573.00000  471.83843  17.7%   210 9052s
  2998  1539  471.85488 1291 1742  573.00000  471.85488  17.7%   209 9056s
  2999  1540  471.85514  624 1754  573.00000  471.85514  17.7%   209 9071s
H 2999  1462                     572.0000000  472.32026  17.4%   209 9108s
  3001  1463  472.40960  226 1962  572.00000  472.40960  17.4%   209 9113s
  3002  1464  472.43341 1124 1876  572.00000  472.43341  17.4%   209 9116s
  3004  1465  472.44145  709 1923  572.00000  472.44145  17.4%   209 9121s
  3006  1467  472.44309 1968 1930  572.00000  472.44309  17.4%   209 9125s
  3007  1467  472.44309 1103 1930  572.00000  472.44309  17.4%   209 9141s
  3008  1468  472.73337 2440 1895  572.00000  472.73337  17.4%   209 9181s
  3009  1469  472.90060 1139 2050  572.00000  472.90060  17.3%   209 9185s
  3011  1470  472.94773   45 2040  572.00000  472.94773  17.3%   209 9190s
  3014  1472  472.95777 2117 2041  572.00000  472.95777  17.3%   208 9196s
  3015  1473  472.95782 1498 2043  572.00000  472.95782  17.3%   208 9211s
  3016  1473  473.49819  363 1621  572.00000  473.49819  17.2%   208 9245s
  3018  1476  473.49819  930  602  572.00000  473.49819  17.2%   230 9316s
  3020  1477  473.49819  879  222  572.00000  473.49819  17.2%   230 9373s
  3021  1478  473.49819 2000  485  572.00000  473.49819  17.2%   230 9404s
  3022  1479  473.49819 2179  642  572.00000  473.49819  17.2%   230 9408s
  3023  1479  473.49819 1906  714  572.00000  473.49819  17.2%   230 9412s
  3024  1480  473.49819  862  859  572.00000  473.49819  17.2%   230 9416s
  3025  1481  473.49819  537  923  572.00000  473.49819  17.2%   230 9420s
  3027  1482  473.49819 2221 1138  572.00000  473.49819  17.2%   229 9429s
  3028  1483  473.49819 1875 1203  572.00000  473.49819  17.2%   229 9434s
  3029  1483  473.49819  809 1357  572.00000  473.49819  17.2%   229 9438s
  3030  1484  473.49819 1523 1281  572.00000  473.49819  17.2%   229 9443s
  3031  1485  473.49819 2531 1455  572.00000  473.49819  17.2%   229 9450s
  3033  1486  473.49819 1396 1543  572.00000  473.49819  17.2%   229 9457s
  3034  1487  473.49819  456 1563  572.00000  473.49819  17.2%   229 9460s
  3036  1488  473.49819 1470 1440  572.00000  473.49819  17.2%   229 9467s
  3037  1489  473.49819  339 1597  572.00000  473.49819  17.2%   229 9470s
  3039  1490  473.49819 2466 1613  572.00000  473.49819  17.2%   229 9477s
  3041  1491  473.49819 1726 1726  572.00000  473.49819  17.2%   228 9482s
  3042  1492  473.49819 1475 1715  572.00000  473.49819  17.2%   228 9524s
  3043  1493  473.49819 1493 1696  572.00000  473.49819  17.2%   228 9527s
  3044  1493  473.49819 2166 1698  572.00000  473.49819  17.2%   228 9548s
  3045  1494  473.53690   94 1835  572.00000  473.53690  17.2%   228 9588s
  3046  1495  473.61153 1659 1779  572.00000  473.61153  17.2%   228 9591s
  3047  1495  473.65584 2409 1759  572.00000  473.65584  17.2%   228 9595s
  3049  1497  473.69310 1666 1779  572.00000  473.69310  17.2%   228 9600s
  3051  1498  473.70641  108 1782  572.00000  473.70641  17.2%   228 9617s
  3052  1499  473.78817 2447 1837  572.00000  473.78817  17.2%   228 9659s
  3053  1499  473.89572  631 1794  572.00000  473.89572  17.2%   228 9665s
  3055  1501  473.92197  204 1814  572.00000  473.92197  17.1%   227 9671s
  3057  1502  473.92586 2477 1808  572.00000  473.92586  17.1%   227 9687s
  3058  1503  474.05073 1633 1845  572.00000  474.05073  17.1%   227 9727s
  3059  1503  474.11486  211 1882  572.00000  474.11486  17.1%   227 9732s
  3060  1504  474.15197 1304 1939  572.00000  474.15197  17.1%   227 9736s
  3062  1505  474.15561 1565 1970  572.00000  474.15561  17.1%   227 9754s
  3063  1506  474.35529 1961 1759  572.00000  474.35529  17.1%   227 9788s
  3065  1509  474.35529 1984  602  572.00000  474.35529  17.1%   249 9859s
  3067  1510  474.35529 2390  223  572.00000  474.35529  17.1%   249 9914s
  3068  1511  474.35529  720  510  572.00000  474.35529  17.1%   249 9941s
  3069  1512  474.35529   10  629  572.00000  474.35529  17.1%   249 9945s
  3071  1513  474.35529 1166  983  572.00000  474.35529  17.1%   249 9951s
  3072  1514  474.35529   15  998  572.00000  474.35529  17.1%   248 9955s
  3074  1515  474.35529  230 1145  572.00000  474.35529  17.1%   248 9962s
  3075  1516  474.35529  926 1164  572.00000  474.35529  17.1%   248 9965s
  3077  1517  474.35529 1125 1291  572.00000  474.35529  17.1%   248 9972s
  3078  1518  474.35529 1429 1359  572.00000  474.35529  17.1%   248 9975s
  3080  1519  474.35529 1395 1427  572.00000  474.35529  17.1%   248 9981s
  3081  1520  474.35529 1008 1393  572.00000  474.35529  17.1%   248 9987s
  3082  1520  474.35529  764 1513  572.00000  474.35529  17.1%   248 9990s
  3084  1522  474.35529  719 1606  572.00000  474.35529  17.1%   248 9999s
  3085  1522  474.35529 1651 1672  572.00000  474.35529  17.1%   247 10001s
  3086  1523  474.35529  806 1643  572.00000  474.35529  17.1%   247 10005s
  3088  1524  474.35529  448 1725  572.00000  474.35529  17.1%   247 10011s
  3090  1526  474.35529 1929 1712  572.00000  474.35529  17.1%   247 10015s
  3092  1527  474.35529  650 1818  572.00000  474.35529  17.1%   247 10020s
  3095  1529  474.35529 1776 1817  572.00000  474.35529  17.1%   247 10045s
  3096  1530  474.48155 2275 1705  572.00000  474.48155  17.0%   247 10076s
  3097  1530  474.55676 1102 1752  572.00000  474.55676  17.0%   246 10080s
  3099  1532  474.59384  624 1781  572.00000  474.59384  17.0%   246 10085s
  3101  1533  474.59655  226 1792  572.00000  474.59655  17.0%   246 10099s
  3102  1534  474.80908 1124 1797  572.00000  474.80908  17.0%   246 10133s
  3103  1534  474.84404 2473 2025  572.00000  474.84404  17.0%   246 10138s
  3104  1535  474.87575  709 2013  572.00000  474.87575  17.0%   246 10143s
  3105  1536  474.87821  963 1993  572.00000  474.87821  17.0%   246 10146s
  3107  1537  474.87954 1103 1988  572.00000  474.87954  17.0%   246 10164s
  3108  1538  475.03584 2440 1842  572.00000  475.03584  17.0%   246 10213s
  3109  1538  475.72411 1139 1847  572.00000  475.72411  16.8%   246 10220s
  3111  1540  475.77574   45 1792  572.00000  475.77574  16.8%   245 10225s
  3113  1541  475.77832  508 1804  572.00000  475.77832  16.8%   245 10241s
  3114  1542  475.88643 2117 1602  572.00000  475.88643  16.8%   245 10274s
  3116  1544  475.88643  363  602  572.00000  475.88643  16.8%   268 10333s
  3118  1545  475.88643  930  223  572.00000  475.88643  16.8%   268 10390s
  3119  1546  475.88643  597  554  572.00000  475.88643  16.8%   268 10421s
  3121  1547  475.88643 2000  771  572.00000  475.88643  16.8%   268 10428s
  3122  1548  475.88643 2179  941  572.00000  475.88643  16.8%   267 10431s
  3123  1549  475.88643 1906 1023  572.00000  475.88643  16.8%   267 10435s
  3124  1549  475.88643  862 1016  572.00000  475.88643  16.8%   267 10440s
  3126  1551  475.88643 1645  938  572.00000  475.88643  16.8%   267 10446s
  3127  1551  475.88643 2221 1160  572.00000  475.88643  16.8%   267 10450s
  3129  1553  475.88643  809 1367  572.00000  475.88643  16.8%   267 10460s
  3131  1554  475.88643 2531 1433  572.00000  475.88643  16.8%   267 10470s
  3133  1555  475.88643 1396 1503  572.00000  475.88643  16.8%   267 10477s
  3134  1556  475.88643  456 1449  572.00000  475.88643  16.8%   266 10480s
  3136  1557  475.88643 1470 1447  572.00000  475.88643  16.8%   266 10486s
  3138  1559  475.88643 1166 1536  572.00000  475.88643  16.8%   266 10492s
  3139  1559  475.88643 2466 1663  572.00000  475.88643  16.8%   266 10496s
  3140  1560  475.88643 1805 1672  572.00000  475.88643  16.8%   266 10500s
  3142  1561  475.88643 1475 1710  572.00000  475.88643  16.8%   266 10505s
  3145  1563  475.88643   94 1702  572.00000  475.88643  16.8%   266 10511s
  3146  1564  475.88643 1659 1708  572.00000  475.88643  16.8%   265 10539s
  3147  1565  475.92986 2409 1824  572.00000  475.92986  16.8%   265 10574s
  3148  1565  475.99955 1280 1785  572.00000  475.99955  16.8%   265 10577s
  3150  1567  476.01766  506 1773  572.00000  476.01766  16.8%   265 10581s
  3151  1567  476.01770  108 1772  572.00000  476.01770  16.8%   265 10597s
  3152  1568  476.23524 2447 1903  572.00000  476.23524  16.7%   265 10632s
  3153  1569  476.57634  631 1825  572.00000  476.57634  16.7%   265 10637s
  3154  1569  476.59634 1746 1891  572.00000  476.59634  16.7%   265 10640s
  3156  1571  476.60509 1825 1907  572.00000  476.60509  16.7%   265 10645s
  3158  1572  476.60607 1633 1883  572.00000  476.60607  16.7%   264 10660s
  3159  1573  476.75560  211 1838  572.00000  476.75560  16.7%   264 10698s
  3160  1573  476.82607 1304 1876  572.00000  476.82607  16.6%   264 10702s
  3161  1574  476.84744 2417 1873  572.00000  476.84744  16.6%   264 10705s
  3164  1576  476.85950 2025 1888  572.00000  476.85950  16.6%   264 10710s
  3166  1577  477.02624 2217 1879  572.00000  477.02624  16.6%   264 10716s
  3169  1579  477.03191   10 1871  572.00000  477.03191  16.6%   264 10720s
  3171  1581  477.03271 1166 1870  572.00000  477.03271  16.6%   263 10735s
  3172  1581  477.12687   15 1594  572.00000  477.12687  16.6%   263 10769s
  3174  1584  477.12687  230  602  572.00000  477.12687  16.6%   285 10842s
  3176  1585  477.12687 2113  222  572.00000  477.12687  16.6%   285 10900s
  3177  1586  477.12687 1125  552  572.00000  477.12687  16.6%   285 10931s
  3179  1587  477.12687 1450  786  572.00000  477.12687  16.6%   284 10937s
  3180  1588  477.12687 1395  916  572.00000  477.12687  16.6%   284 10940s
  3182  1589  477.12687  764 1055  572.00000  477.12687  16.6%   284 10947s
  3183  1590  477.12687 2355 1102  572.00000  477.12687  16.6%   284 10951s
  3185  1591  477.12687 1651 1152  572.00000  477.12687  16.6%   284 10957s
  3186  1592  477.12687  806 1233  572.00000  477.12687  16.6%   284 10960s
  3188  1593  477.12687  448 1434  572.00000  477.12687  16.6%   284 10968s
  3189  1594  477.12687  291 1485  572.00000  477.12687  16.6%   284 10971s
  3190  1595  477.12687 1929 1535  572.00000  477.12687  16.6%   284 10975s
  3192  1596  477.12687  650 1549  572.00000  477.12687  16.6%   283 10983s
  3193  1597  477.12687 1700 1607  572.00000  477.12687  16.6%   283 10986s
  3195  1598  477.12687 1776 1550  572.00000  477.12687  16.6%   283 10990s
  3197  1599  477.12687 1102 1661  572.00000  477.12687  16.6%   283 10998s
  3198  1600  477.12687 1291 1677  572.00000  477.12687  16.6%   283 11002s
  3200  1601  477.12687 2374 1719  572.00000  477.12687  16.6%   283 11008s
  3201  1602  477.12687  226 1701  572.00000  477.12687  16.6%   283 11010s
  3203  1603  477.12687 2473 1700  572.00000  477.12687  16.6%   282 11015s
  3205  1605  477.12687  963 1717  572.00000  477.12687  16.6%   282 11041s
  3206  1605  477.16978 1968 1911  572.00000  477.16978  16.6%   282 11074s
  3207  1606  477.20031 1103 1867  572.00000  477.20031  16.6%   282 11076s
  3209  1607  477.25825 1139 1881  572.00000  477.25825  16.6%   282 11082s
  3210  1608  477.34911 1943 1897  572.00000  477.34911  16.5%   282 11085s
  3212  1609  477.34965 1363 1891  572.00000  477.34965  16.5%   282 11099s
  3213  1610  477.42147  508 1993  572.00000  477.42147  16.5%   281 11135s
  3215  1611  477.49307 1498 1986  572.00000  477.49307  16.5%   281 11143s
  3216  1612  477.49978  363 2016  572.00000  477.49978  16.5%   281 11146s
  3218  1613  477.50386  930 1991  572.00000  477.50386  16.5%   281 11150s
  3219  1614  477.50386  597 1991  572.00000  477.50386  16.5%   281 11163s
  3220  1615  477.60748  879 1999  572.00000  477.60748  16.5%   281 11210s
  3222  1616  478.12737 2179 2055  572.00000  478.12737  16.4%   281 11220s
  3224  1617  478.14840  862 2049  572.00000  478.14840  16.4%   281 11225s
  3226  1619  478.15189 1645 2054  572.00000  478.15189  16.4%   280 11241s
  3227  1619  478.25856 2221 1775  572.00000  478.25856  16.4%   280 11269s
  3229  1622  478.25856  809  602  572.00000  478.25856  16.4%   300 11333s
  3231  1623  478.25856 2531  222  572.00000  478.25856  16.4%   300 11386s
H 3231  1541                     571.0000000  478.25856  16.2%   300 11413s
  3233  1543  478.25856 1396  738  571.00000  478.25856  16.2%   299 11417s
  3234  1543  478.25856  456  747  571.00000  478.25856  16.2%   299 11420s
  3236  1545  478.25856 1470  998  571.00000  478.25856  16.2%   299 11428s
  3237  1545  478.25856  339 1033  571.00000  478.25856  16.2%   299 11432s
  3238  1546  478.25856 1166 1167  571.00000  478.25856  16.2%   299 11438s
  3239  1547  478.25856 2466 1161  571.00000  478.25856  16.2%   299 11455s
  3241  1548  478.25856 1726 1371  571.00000  478.25856  16.2%   299 11462s
  3242  1549  478.25856 1475 1506  571.00000  478.25856  16.2%   299 11466s
  3243  1549  478.25856 1493 1568  571.00000  478.25856  16.2%   298 11474s
  3244  1550  478.25856 2166 1539  571.00000  478.25856  16.2%   298 11479s
  3245  1551  478.25856   94 1554  571.00000  478.25856  16.2%   298 11482s
  3246  1551  478.25856 1659 1584  571.00000  478.25856  16.2%   298 11488s
  3247  1552  478.25856 2409 1594  571.00000  478.25856  16.2%   298 11492s
  3248  1553  478.25856 1280 1587  571.00000  478.25856  16.2%   298 11496s
  3249  1553  478.25856 1666 1706  571.00000  478.25856  16.2%   298 11501s
  3251  1555  478.25856  108 1673  571.00000  478.25856  16.2%   298 11507s
  3252  1555  478.25856 2447 1623  571.00000  478.25856  16.2%   298 11514s
  3253  1556  478.25856  631 1755  571.00000  478.25856  16.2%   298 11517s
  3255  1557  478.25856  204 1649  571.00000  478.25856  16.2%   297 11521s
  3257  1559  478.25856 2477 1786  571.00000  478.25856  16.2%   297 11527s
  3259  1560  478.25856  211 1836  571.00000  478.25856  16.2%   297 11531s
  3260  1561  478.25856 1304 1832  571.00000  478.25856  16.2%   297 11563s
  3261  1561  478.33532 2417 1992  571.00000  478.33532  16.2%   297 11596s
  3263  1563  478.39772 1961 1931  571.00000  478.39772  16.2%   297 11603s
  3264  1563  478.40437 2025 1954  571.00000  478.40437  16.2%   297 11606s
  3267  1565  478.40729 2390 1946  571.00000  478.40729  16.2%   296 11611s
  3268  1566  478.40729  720 1946  571.00000  478.40729  16.2%   296 11624s
  3269  1567  478.45334   10 1955  571.00000  478.45334  16.2%   296 11657s
  3270  1567  478.48587  802 1941  571.00000  478.48587  16.2%   296 11662s
  3272  1569  478.49860   15 1952  571.00000  478.49860  16.2%   296 11667s
  3274  1570  478.49911  230 1987  571.00000  478.49911  16.2%   296 11683s
  3275  1571  478.58748  926 2075  571.00000  478.58748  16.2%   296 11716s
  3276  1571  478.62977 2113 1938  571.00000  478.62977  16.2%   295 11720s
  3278  1573  478.65755 1429 1998  571.00000  478.65755  16.2%   295 11727s
  3280  1574  478.66504 1395 2062  571.00000  478.66504  16.2%   295 11732s
  3282  1575  478.66632  764 2060  571.00000  478.66632  16.2%   295 11736s
  3283  1576  478.66644 2355 2062  571.00000  478.66644  16.2%   295 11748s
  3284  1577  478.73918  719 1735  571.00000  478.73918  16.2%   295 11780s
  3286  1579  478.73918  806  602  571.00000  478.73918  16.2%   316 11836s
  3288  1580  478.73918  448  222  571.00000  478.73918  16.2%   316 11885s
  3289  1581  478.73918  291  468  571.00000  478.73918  16.2%   316 11911s
  3290  1582  478.73918 1929  709  571.00000  478.73918  16.2%   316 11915s
  3292  1583  478.73918  650  952  571.00000  478.73918  16.2%   315 11922s
  3293  1584  478.73918 1700  980  571.00000  478.73918  16.2%   315 11925s
  3295  1585  478.73918 1776 1182  571.00000  478.73918  16.2%   315 11932s
  3296  1586  478.73918 2275 1139  571.00000  478.73918  16.2%   315 11935s
  3297  1586  478.73918 1102 1185  571.00000  478.73918  16.2%   315 11941s
  3298  1587  478.73918 1291 1379  571.00000  478.73918  16.2%   315 11945s
  3299  1588  478.73918  624 1438  571.00000  478.73918  16.2%   315 11957s
  3300  1588  478.73918 2374 1405  571.00000  478.73918  16.2%   315 11962s
  3301  1589  478.73918  226 1441  571.00000  478.73918  16.2%   315 11966s
  3303  1590  478.73918 2473 1456  571.00000  478.73918  16.2%   314 11973s
  3304  1591  478.73918  709 1566  571.00000  478.73918  16.2%   314 11980s
  3305  1592  478.73918  963 1623  571.00000  478.73918  16.2%   314 11986s
  3306  1592  478.73918 1968 1572  571.00000  478.73918  16.2%   314 11990s
  3308  1594  478.73918 2440 1636  571.00000  478.73918  16.2%   314 12000s
  3310  1595  478.73918 1943 1833  571.00000  478.73918  16.2%   314 12010s
  3312  1596  478.73918 1363 1736  571.00000  478.73918  16.2%   314 12017s
  3313  1597  478.73918  508 1800  571.00000  478.73918  16.2%   313 12022s
  3315  1598  478.73918 1498 1846  571.00000  478.73918  16.2%   313 12026s
  3316  1599  478.73918  363 1864  571.00000  478.73918  16.2%   313 12051s
  3317  1600  478.78917  207 1896  571.00000  478.78917  16.1%   313 12085s
  3318  1600  478.83406  930 1913  571.00000  478.83406  16.1%   313 12091s
  3320  1602  478.84556  879 1908  571.00000  478.84556  16.1%   313 12097s
  3321  1602  478.85083 2000 1944  571.00000  478.85083  16.1%   313 12100s
  3323  1604  478.85206 1906 1937  571.00000  478.85206  16.1%   312 12116s
  3324  1604  478.92922  862 1949  571.00000  478.92922  16.1%   312 12153s
  3325  1605  478.95151  537 1966  571.00000  478.95151  16.1%   312 12157s
  3326  1606  478.95439 1645 1991  571.00000  478.95439  16.1%   312 12160s
  3327  1606  478.95451 2221 1984  571.00000  478.95451  16.1%   312 12173s
  3328  1607  478.99133 1875 1964  571.00000  478.99133  16.1%   312 12202s
  3329  1608  479.01909  809 2080  571.00000  479.01909  16.1%   312 12206s
  3330  1608  479.03427 1523 2034  571.00000  479.03427  16.1%   312 12211s
  3331  1609  479.04342 2531 2061  571.00000  479.04342  16.1%   312 12216s
  3333  1610  479.04950 1396 2014  571.00000  479.04950  16.1%   312 12221s
  3335  1612  479.05046  184 2032  571.00000  479.05046  16.1%   311 12225s
  3336  1612  479.05049 1470 2032  571.00000  479.05049  16.1%   311 12238s
  3337  1613  479.09457  339 1922  571.00000  479.09457  16.1%   311 12269s
H 3337  1531                     570.0000000  479.09457  15.9%   311 12418s
  3338  1532  479.09457 1166 1922  570.00000  479.09457  15.9%   311 12453s
  3339  1534  479.09457  161 1902  570.00000  479.09457  15.9%   332 12519s
  3340  1535  485.97170  161 1928  570.00000  479.09457  15.9%   332 12533s
  3341  1536  479.14616  162 1879  570.00000  479.09457  15.9%   332 12541s
  3343  1537  479.28004  163 1750  570.00000  479.14679  15.9%   332 12545s
  3347  1540  479.30074  165 1744  570.00000  479.14679  15.9%   332 12550s
  3350  1542  479.57616  166 1708  570.00000  479.14679  15.9%   332 12564s
  3352  1543  479.60267  167 1686  570.00000  479.14679  15.9%   331 12565s
  3359  1548  479.60267  171 1680  570.00000  479.14679  15.9%   331 12570s
  3364  1551  479.65347  173 1526  570.00000  479.14679  15.9%   331 12575s
  3365  1552  479.74258  174 1532  570.00000  479.14679  15.9%   331 12582s

Cutting planes:
  Gomory: 20
  Cover: 118
  Implied bound: 1
  MIR: 219
  StrongCG: 19
  Flow cover: 1435
  Zero half: 23
  Network: 34

Explored 3366 nodes (1191355 simplex iterations) in 12600.15 seconds
Thread count was 1 (of 40 available processors)

Solution count 10: 570 571 572 ... 583

Time limit reached
Best objective 5.700000000000e+02, best bound 4.800000000000e+02, gap 15.7895%
Parameter SolutionNumber unchanged
   Value: 0  Min: 0  Max: 2000000000  Default: 0
Changed value of parameter SolutionNumber to 1
   Prev: 0  Min: 0  Max: 2000000000  Default: 0
Changed value of parameter SolutionNumber to 2
   Prev: 1  Min: 0  Max: 2000000000  Default: 0
Changed value of parameter SolutionNumber to 3
   Prev: 2  Min: 0  Max: 2000000000  Default: 0
Changed value of parameter SolutionNumber to 4
   Prev: 3  Min: 0  Max: 2000000000  Default: 0
Changed value of parameter SolutionNumber to 5
   Prev: 4  Min: 0  Max: 2000000000  Default: 0
Changed value of parameter SolutionNumber to 6
   Prev: 5  Min: 0  Max: 2000000000  Default: 0
Changed value of parameter SolutionNumber to 7
   Prev: 6  Min: 0  Max: 2000000000  Default: 0
Changed value of parameter SolutionNumber to 8
   Prev: 7  Min: 0  Max: 2000000000  Default: 0
Changed value of parameter SolutionNumber to 9
   Prev: 8  Min: 0  Max: 2000000000  Default: 0
