
Gurobi 8.1.1 (linux64, Python) logging started Wed Jul 24 12:15:52 2019

Academic license - for non-commercial use only
Changed value of parameter MIPGap to 0.01
   Prev: 0.0001  Min: 0.0  Max: 1e+100  Default: 0.0001
Changed value of parameter Threads to 1
   Prev: 0  Min: 0  Max: 1024  Default: 0
Changed value of parameter Presolve to 2
   Prev: -1  Min: -1  Max: 2  Default: -1
Changed value of parameter MIPFocus to 1
   Prev: 0  Min: 0  Max: 3  Default: 0
Changed value of parameter Cuts to 1
   Prev: -1  Min: -1  Max: 3  Default: -1
Changed value of parameter Method to 4
   Prev: -1  Min: -1  Max: 5  Default: -1
Changed value of parameter TimeLimit to 12600.0
   Prev: 1e+100  Min: 0.0  Max: 1e+100  Default: 1e+100
Optimize a model with 497277 rows, 976914 columns and 1953828 nonzeros
Variable types: 0 continuous, 976914 integer (488457 binary)
Coefficient statistics:
  Matrix range     [2e-02, 1e+00]
  Objective range  [1e+00, 1e+01]
  Bounds range     [1e+00, 5e+01]
  RHS range        [1e+00, 5e+01]
Presolve removed 8340 rows and 8340 columns (presolve time = 6s) ...
Presolve removed 8340 rows and 8341 columns (presolve time = 15s) ...
Presolve removed 8340 rows and 8341 columns (presolve time = 15s) ...
Presolve removed 8341 rows and 8341 columns (presolve time = 21s) ...
Presolve removed 8341 rows and 8341 columns
Presolve time: 21.39s
Presolved: 488936 rows, 968573 columns, 1937156 nonzeros
Variable types: 0 continuous, 968573 integer (480493 binary)
Presolve removed 480145 rows and 487503 columns
Presolved: 8791 rows, 481070 columns, 962091 nonzeros


Root simplex log...

Iteration    Objective       Primal Inf.    Dual Inf.      Time
       0    1.1900000e+02   6.425000e+01   0.000000e+00     32s
    6011    2.0587408e+02   5.500000e+00   0.000000e+00     35s
    6615    2.0609969e+02   0.000000e+00   0.000000e+00     36s
    6615    2.0609969e+02   0.000000e+00   0.000000e+00     36s

Root relaxation: objective 2.060997e+02, 6615 iterations, 6.95 seconds
Total elapsed time = 40.81s

    Nodes    |    Current Node    |     Objective Bounds      |     Work
 Expl Unexpl |  Obj  Depth IntInf | Incumbent    BestBd   Gap | It/Node Time

     0     0  206.09969    0  160          -  206.09969      -     -   43s
H    0     0                     634.0000000  206.09969  67.5%     -   47s
H    0     0                     618.0000000  206.09969  66.7%     -   50s
     0     0  236.58273    0  347  618.00000  236.58273  61.7%     -   68s
H    0     0                     574.0000000  236.58273  58.8%     -   74s
H    0     0                     551.0000000  236.58273  57.1%     -   81s
H    0     0                     534.9999990  236.58273  55.8%     -   88s
     0     0  240.50516    0  375  535.00000  240.50516  55.0%     -   89s
     0     0  240.66060    0  386  535.00000  240.66060  55.0%     -   90s
     0     0  240.68333    0  387  535.00000  240.68333  55.0%     -   91s
     0     0  252.38742    0  370  535.00000  252.38742  52.8%     -   99s
H    0     0                     518.0000000  252.38742  51.3%     -  103s
H    0     0                     507.0000000  252.38742  50.2%     -  115s
     0     0  253.63395    0  415  507.00000  253.63395  50.0%     -  116s
     0     0  253.93692    0  414  507.00000  253.93692  49.9%     -  117s
     0     0  254.09026    0  426  507.00000  254.09026  49.9%     -  118s
     0     0  254.09353    0  424  507.00000  254.09353  49.9%     -  119s
     0     0  260.45258    0  701  507.00000  260.45258  48.6%     -  126s
H    0     0                     504.0000000  260.45258  48.3%     -  130s
H    0     0                     495.0000000  260.45258  47.4%     -  144s
     0     0  262.73948    0  549  495.00000  262.73948  46.9%     -  145s
     0     0  263.37054    0  728  495.00000  263.37054  46.8%     -  147s
     0     0  263.56352    0  737  495.00000  263.56352  46.8%     -  148s
     0     0  263.62325    0  708  495.00000  263.62325  46.7%     -  149s
     0     0  263.63023    0  752  495.00000  263.63023  46.7%     -  151s
     0     0  263.63446    0  752  495.00000  263.63446  46.7%     -  151s
     0     0  267.11096    0  818  495.00000  267.11096  46.0%     -  159s
H    0     0                     486.0000000  267.11096  45.0%     -  164s
H    0     0                     468.0000000  267.11096  42.9%     -  178s
     0     0  267.49848    0  912  468.00000  267.49848  42.8%     -  179s
     0     0  267.79557    0  938  468.00000  267.79557  42.8%     -  181s
     0     0  267.82347    0  963  468.00000  267.82347  42.8%     -  182s
     0     0  267.82528    0  959  468.00000  267.82528  42.8%     -  183s
     0     0  269.79328    0  626  468.00000  269.79328  42.4%     -  208s
H    0     0                     463.0000000  269.79328  41.7%     -  474s
H    0     0                     427.0000000  269.79328  36.8%     -  477s
H    0     0                     423.0000000  269.79328  36.2%     -  513s
     0     2  269.79328    0  620  423.00000  269.79328  36.2%     -  513s
H    1     1                     420.0000000  269.79328  35.8% 16918  517s
H    2     2                     419.0000000  269.79328  35.6%  8470  520s
     4     6  270.25553    4  671  419.00000  269.79328  35.6%  4270  528s
     5     7  270.28545    5  630  419.00000  269.79328  35.6%  3418  531s
H    6     6                     418.0000000  269.79328  35.5%  2848  534s
     7     9  270.46868    7  600  418.00000  269.79328  35.5%  2444  535s
    18    20  270.87739   17  497  418.00000  269.79328  35.5%   973  540s
    27    29  272.22248   24  386  418.00000  269.79328  35.5%   658  546s
    34    36  272.23740   31  387  418.00000  269.79328  35.5%   525  550s
    46    48  274.52271   42  365  418.00000  269.79328  35.5%   393  555s
    54    56  275.45794   50  343  418.00000  269.79328  35.5%   336  560s
    67    69  275.78611   62  332  418.00000  269.79328  35.5%   274  565s
    78    80  275.78611   73  333  418.00000  269.79328  35.5%   236  570s
H   81    81                     414.0000000  269.79328  34.8%   227  573s
    85    87  275.78611   80  335  414.00000  269.79328  34.8%   217  575s
    97    99  276.31588   91  309  414.00000  269.79328  34.8%   191  580s
   100   102  276.31588   94  309  414.00000  269.79328  34.8%   186  586s
H  102   102                     413.0000000  269.79328  34.7%   182  589s
   104   106  276.35924   98  301  413.00000  269.79328  34.7%   179  590s
H  108   108                     412.0000000  269.79328  34.5%   172  593s
   112   114  276.36048  106  301  412.00000  269.79328  34.5%   167  595s
   123   125  276.36048  117  307  412.00000  269.79328  34.5%   153  600s
   135   137  276.36048  129  307  412.00000  269.79328  34.5%   139  606s
   148   150  276.36048  142  307  412.00000  269.79328  34.5%   127  610s
   162   164  276.44125  156  260  412.00000  269.79328  34.5%   117  616s
   171   173  276.90599  165  260  412.00000  269.79328  34.5%   111  620s
   182   184  276.90599  176  260  412.00000  269.79328  34.5%   104  625s
   189   191  276.90599  183  260  412.00000  269.79328  34.5%   101  630s
   198   200  276.90599  192  262  412.00000  269.79328  34.5%  96.5  635s
   200   202  276.90599  194  262  412.00000  269.79328  34.5%  95.8  641s
   209   211  276.90599  203  258  412.00000  269.79328  34.5%  92.0  645s
H  216   216                     411.0000000  269.79328  34.4%  89.2  650s
   220   222  276.90599  214  262  411.00000  269.79328  34.4%  87.8  655s
   234   236  277.51277  227  224  411.00000  269.79328  34.4%  83.5  660s
   244   246  281.37305  234  185  411.00000  269.79328  34.4%  80.5  665s
   256   258  281.44036  246  184  411.00000  269.79328  34.4%  76.9  670s
   269   271  281.67467  259  187  411.00000  269.79328  34.4%  73.7  675s
H  270   270                     410.0000000  269.79328  34.2%  73.4  678s
   276   278  281.68420  266  182  410.00000  269.79328  34.2%  72.0  680s
   285   287  281.68420  275  183  410.00000  269.79328  34.2%  69.8  685s
   296   298  281.68420  286  183  410.00000  269.79328  34.2%  67.2  690s
H  297   297                     407.0000000  269.79328  33.7%  67.0  693s
   300   302  281.68420  290  183  407.00000  269.79328  33.7%  66.4  699s
   301   303  281.68420  291  183  407.00000  269.79328  33.7%  66.1  700s
   312   314  281.68420  302  182  407.00000  269.79328  33.7%  63.8  705s
H  313   313                     406.0000000  269.79328  33.5%  63.6  708s
   316   318  281.68420  306  182  406.00000  269.79328  33.5%  63.1  710s
H  324   324                     404.0000000  269.79328  33.2%  61.5  715s
   333   335  281.68420  323  184  404.00000  269.79328  33.2%  59.9  720s
   345   347  281.68420  335  187  404.00000  269.79328  33.2%  57.9  725s
   351   353  281.68420  341  188  404.00000  269.79328  33.2%  57.0  730s
   363   365  281.68420  353  192  404.00000  269.79328  33.2%  55.2  735s
   373   375  281.75786  363  193  404.00000  269.79328  33.2%  54.3  740s
   381   383  281.75786  371  194  404.00000  269.79328  33.2%  53.2  745s
   396   398  281.75786  386  196  404.00000  269.79328  33.2%  51.3  750s
   400   402  281.75786  390  196  404.00000  269.79328  33.2%  50.9  756s
H  405   405                     401.0000000  269.79328  32.7%  50.3  760s
   416   418  281.75786  406  198  401.00000  269.79328  32.7%  49.0  765s
   429   431  281.75786  419  198  401.00000  269.79328  32.7%  47.6  770s
H  432   432                     400.0000000  269.79328  32.6%  47.3  776s
   439   441  281.75786  429  198  400.00000  269.79328  32.6%  46.5  780s
   450   452  281.75786  440  199  400.00000  269.79328  32.6%  45.4  785s
   459   461  281.75786  449  198  400.00000  269.79328  32.6%  44.6  792s
   466   468  281.75786  456  198  400.00000  269.79328  32.6%  43.9  795s
   476   478  281.75786  466  199  400.00000  269.79328  32.6%  43.0  800s
   486   488  281.75786  476  199  400.00000  269.79328  32.6%  42.2  807s
   493   495  281.75786  483  200  400.00000  269.79328  32.6%  41.6  810s
   500   502  281.75786  490  199  400.00000  269.79328  32.6%  41.1  817s
H  513   513                     399.0000000  269.79328  32.4%  40.1  822s
   520   522  281.75786  510  197  399.00000  269.79328  32.4%  39.6  825s
   534   536  281.75786  524  197  399.00000  269.79328  32.4%  38.6  830s
   542   544  281.75786  532  197  399.00000  269.79328  32.4%  38.1  835s
H  559   559                     396.0000000  269.79328  31.9%  36.9  842s
   566   568  282.76972  556  180  396.00000  269.79328  31.9%  36.5  845s
H  567   567                     395.0000000  269.79328  31.7%  36.5  848s
   572   574  282.76972  562  179  395.00000  269.79328  31.7%  36.2  850s
   585   587  282.83702  575  180  395.00000  269.79328  31.7%  35.4  855s
H  594   594                     394.0000000  269.79328  31.5%  34.9  861s
   600   602  282.83702  590  182  394.00000  269.79328  31.5%  34.6  867s
   605   607  282.90433  595  180  394.00000  269.79328  31.5%  34.3  870s
   616   618  283.01010  606  181  394.00000  269.79328  31.5%  33.8  875s
   624   626  283.01010  614  181  394.00000  269.79328  31.5%  33.4  880s
   633   635  289.20241  623  179  394.00000  269.79328  31.5%  33.0  885s
   648   650  289.20241  638  180  394.00000  269.79328  31.5%  32.3  891s
   661   663  289.57697  651  181  394.00000  269.79328  31.5%  31.7  895s
   673   675  295.15145  663  177  394.00000  269.79328  31.5%  31.3  900s
   678   680  295.15145  668  177  394.00000  269.79328  31.5%  31.1  905s
   692   694  295.15145  682  182  394.00000  269.79328  31.5%  30.6  910s
   700   702  295.15145  690  184  394.00000  269.79328  31.5%  30.3  918s
   702   704  295.15145  692  182  394.00000  269.79328  31.5%  30.2  922s
   711   713  295.15145  701  183  394.00000  269.79328  31.5%  29.9  925s
   722   724  295.15145  712  183  394.00000  269.79328  31.5%  29.4  930s
H  729   729                     393.0000000  269.79328  31.4%  29.1  936s
   736   738  295.15145  726  184  393.00000  269.79328  31.4%  28.9  940s
H  751   751                     386.0000000  269.79328  30.1%  28.3  951s
   756   758  295.15145  746  184  386.00000  269.79328  30.1%  28.2  957s
   765   767  295.15145  755  185  386.00000  269.79328  30.1%  27.8  960s
   782   784  295.15145  772  183  386.00000  269.79328  30.1%  27.3  965s
   787   789  295.15145  777  183  386.00000  269.79328  30.1%  27.1  970s
   800   802  295.15145  790  184  386.00000  269.79328  30.1%  26.7  978s
   804   806  295.15145  794  184  386.00000  269.79328  30.1%  26.5  980s
   810   812  295.15145  800  184  386.00000  269.79328  30.1%  26.4  988s
   816   818  295.15145  806  183  386.00000  269.79328  30.1%  26.2  990s
   832   834  295.15145  822  183  386.00000  269.79328  30.1%  25.7  995s
H  837   837                     385.0000000  269.79328  29.9%  25.6 1002s
   845   847  295.15145  835  183  385.00000  269.79328  29.9%  25.3 1005s
   858   860  295.15145  848  183  385.00000  269.79328  29.9%  25.0 1010s
   864   866  295.15145  854  183  385.00000  269.79328  29.9%  24.8 1019s
   866   868  295.15145  856  184  385.00000  269.79328  29.9%  24.7 1020s
   876   878  295.15145  866  183  385.00000  269.79328  29.9%  24.5 1025s
   887   889  295.15145  877  184  385.00000  269.79328  29.9%  24.2 1030s
H  891   891                     384.0000000  269.79328  29.7%  24.1 1035s
   900   902  295.15145  890  184  384.00000  269.79328  29.7%  23.9 1043s
   906   908  295.15145  896  183  384.00000  269.79328  29.7%  23.7 1045s
   918   920  295.15145  908  184  384.00000  269.79328  29.7%  23.4 1052s
   927   929  295.15145  917  181  384.00000  269.79328  29.7%  23.2 1055s
   945   947  295.15145  935  183  384.00000  269.79328  29.7%  22.8 1063s
   952   954  295.15145  942  183  384.00000  269.79328  29.7%  22.6 1065s
   969   971  295.15145  959  185  384.00000  269.79328  29.7%  22.2 1070s
   972   974  295.15145  962  184  384.00000  269.79328  29.7%  22.2 1075s
   984   986  295.15145  974  184  384.00000  269.79328  29.7%  21.9 1080s
   999  1001  295.15145  989  185  384.00000  269.79328  29.7%  21.6 1089s
  1000  1002  295.15145  990  184  384.00000  269.79328  29.7%  21.6 1094s
  1001  1003  295.15145  991  184  384.00000  269.79328  29.7%  21.6 1095s
  1013  1015  295.15145 1003  185  384.00000  269.79328  29.7%  21.3 1100s
  1022  1024  295.15145 1012  184  384.00000  269.79328  29.7%  21.2 1105s
  1028  1030  295.15145 1018  182  384.00000  269.79328  29.7%  21.0 1110s
  1043  1045  295.15145 1033  183  384.00000  269.79328  29.7%  20.8 1115s
  1053  1055  295.15145 1043  187  384.00000  269.79328  29.7%  20.6 1120s
  1066  1068  295.15145 1056  184  384.00000  269.79328  29.7%  20.3 1125s
  1076  1078  295.15145 1066  185  384.00000  269.79328  29.7%  20.2 1130s
  1080  1082  295.15145 1070  185  384.00000  269.79328  29.7%  20.1 1135s
  1091  1093  295.15145 1081  183  384.00000  269.79328  29.7%  19.9 1140s
  1100  1102  295.15145 1090  185  384.00000  269.79328  29.7%  19.8 1148s
  1107  1109  295.15145 1097  186  384.00000  269.79328  29.7%  19.6 1153s
  1111  1113  295.15145 1101  185  384.00000  269.79328  29.7%  19.6 1155s
  1131  1133  295.15145 1121  188  384.00000  269.79328  29.7%  19.3 1160s
  1134  1136  295.15145 1124  187  384.00000  269.79328  29.7%  19.2 1165s
  1153  1155  295.15145 1143  188  384.00000  269.79328  29.7%  18.9 1170s
  1161  1163  295.15145 1151  187  384.00000  269.79328  29.7%  18.8 1175s
  1180  1182  295.15145 1170  189  384.00000  269.79328  29.7%  18.5 1180s
  1188  1190  295.15145 1178  188  384.00000  269.79328  29.7%  18.4 1187s
  1198  1200  295.15145 1188  188  384.00000  269.79328  29.7%  18.2 1190s
  1200  1202  295.15145 1190  189  384.00000  269.79328  29.7%  18.2 1196s
  1215  1217  295.15145 1205  188  384.00000  269.79328  29.7%  18.0 1203s
  1221  1223  295.15145 1211  188  384.00000  269.79328  29.7%  17.9 1205s
  1240  1242  295.15145 1230  188  384.00000  269.79328  29.7%  17.7 1210s
  1245  1247  295.15145 1235  188  384.00000  269.79328  29.7%  17.6 1215s
  1260  1262  295.20914 1250  187  384.00000  269.79328  29.7%  17.4 1220s
  1269  1271  295.20914 1259  187  384.00000  269.79328  29.7%  17.3 1229s
  1270  1272  295.20914 1260  188  384.00000  269.79328  29.7%  17.3 1230s
  1282  1284  295.20914 1272  188  384.00000  269.79328  29.7%  17.2 1235s
  1296  1298  295.20914 1286  188  384.00000  269.79328  29.7%  17.0 1242s
  1300  1302  295.20914 1290  189  384.00000  269.79328  29.7%  16.9 1249s
  1303  1305  295.20914 1293  189  384.00000  269.79328  29.7%  16.9 1250s
  1321  1323  295.20914 1311  188  384.00000  269.79328  29.7%  16.7 1255s
  1326  1328  295.20914 1316  187  384.00000  269.79328  29.7%  16.6 1260s
  1343  1345  295.20914 1333  187  384.00000  269.79328  29.7%  16.4 1265s
  1350  1352  295.20914 1340  188  384.00000  269.79328  29.7%  16.4 1271s
  1365  1367  295.20914 1355  188  384.00000  269.79328  29.7%  16.2 1275s
  1377  1379  295.20914 1367  188  384.00000  269.79328  29.7%  16.1 1283s
  1383  1385  295.20914 1373  188  384.00000  269.79328  29.7%  16.0 1285s
  1400  1402  295.20914 1390  189  384.00000  269.79328  29.7%  15.8 1294s
  1402  1404  295.20914 1392  191  384.00000  269.79328  29.7%  15.8 1295s
  1410  1412  295.20914 1400  186  384.00000  269.79328  29.7%  15.7 1300s
  1428  1430  295.20914 1418  189  384.00000  269.79328  29.7%  15.5 1305s
H 1431  1431                     382.0000000  269.79328  29.4%  15.5 1309s
  1435  1437  295.20914 1425  189  382.00000  269.79328  29.4%  15.5 1310s
  1455  1457  295.20914 1445  190  382.00000  269.79328  29.4%  15.3 1315s
  1463  1465  295.20914 1453  189  382.00000  269.79328  29.4%  15.2 1320s
  1483  1485  295.20914 1473  190  382.00000  269.79328  29.4%  15.0 1325s
  1491  1493  295.20914 1481  190  382.00000  269.79328  29.4%  14.9 1330s
  1500  1502  295.20914 1490  192  382.00000  269.79328  29.4%  14.8 1337s
  1510  1512  295.20914 1500  190  382.00000  269.79328  29.4%  14.7 1340s
  1514  1516  295.20914 1504  190  382.00000  269.79328  29.4%  14.7 1345s
  1534  1536  295.20914 1524  190  382.00000  269.79328  29.4%  14.5 1350s
  1539  1541  295.20914 1529  190  382.00000  269.79328  29.4%  14.5 1355s
  1551  1553  295.20914 1541  189  382.00000  269.79328  29.4%  14.4 1360s
  1563  1565  295.26683 1553  188  382.00000  269.79328  29.4%  14.3 1365s
  1566  1568  295.26683 1556  188  382.00000  269.79328  29.4%  14.3 1370s
  1583  1585  295.26683 1573  188  382.00000  269.79328  29.4%  14.1 1375s
  1593  1595  295.26683 1583  189  382.00000  269.79328  29.4%  14.0 1382s
  1600  1602  295.26683 1590  188  382.00000  269.79328  29.4%  14.0 1389s
  1601  1603  295.26683 1591  188  382.00000  269.79328  29.4%  14.0 1390s
  1620  1622  295.26683 1610  189  382.00000  269.79328  29.4%  13.8 1397s
  1630  1632  295.26683 1620  189  382.00000  269.79328  29.4%  13.7 1400s
  1647  1649  295.26683 1637  188  382.00000  269.79328  29.4%  13.6 1409s
  1650  1652  295.26683 1640  188  382.00000  269.79328  29.4%  13.6 1410s
  1665  1667  295.26683 1655  190  382.00000  269.79328  29.4%  13.5 1415s
  1674  1676  295.26683 1664  189  382.00000  269.79328  29.4%  13.4 1422s
  1682  1684  295.26683 1672  190  382.00000  269.79328  29.4%  13.4 1425s
  1697  1699  295.26683 1687  194  382.00000  269.79328  29.4%  13.3 1430s
  1700  1702  295.26683 1690  196  382.00000  269.79328  29.4%  13.2 1436s
  1701  1703  295.26683 1691  195  382.00000  269.79328  29.4%  13.2 1443s
  1705  1707  295.26683 1695  195  382.00000  269.79328  29.4%  13.2 1445s
  1717  1719  295.26683 1707  195  382.00000  269.79328  29.4%  13.1 1450s
  1728  1730  295.26683 1718  196  382.00000  269.79328  29.4%  13.0 1459s
  1730  1732  295.26683 1720  195  382.00000  269.79328  29.4%  13.0 1460s
  1749  1751  295.26683 1739  195  382.00000  269.79328  29.4%  12.9 1465s
  1755  1757  295.26683 1745  197  382.00000  269.79328  29.4%  12.9 1472s
  1757  1759  295.26683 1747  197  382.00000  269.79328  29.4%  12.8 1479s
  1760  1762  295.26683 1750  195  382.00000  269.79328  29.4%  12.8 1480s
  1780  1782  295.26683 1770  195  382.00000  269.79328  29.4%  12.7 1485s
  1787  1789  295.26683 1777  194  382.00000  269.79328  29.4%  12.6 1490s
  1800  1802  295.26683 1790  194  382.00000  269.79328  29.4%  12.6 1498s
  1806  1808  295.26683 1796  195  382.00000  269.79328  29.4%  12.5 1500s
  1812  1814  295.26683 1802  196  382.00000  269.79328  29.4%  12.5 1505s
  1832  1834  295.26683 1822  197  382.00000  269.79328  29.4%  12.4 1510s
  1836  1838  295.26683 1826  195  382.00000  269.79328  29.4%  12.3 1515s
  1855  1857  295.26683 1845  196  382.00000  269.79328  29.4%  12.2 1520s
  1863  1865  295.26683 1853  197  382.00000  269.79328  29.4%  12.2 1530s
  1880  1882  295.26683 1870  197  382.00000  269.79328  29.4%  12.1 1535s
  1890  1892  295.26683 1880  198  382.00000  269.79328  29.4%  12.0 1548s
  1896  1898  295.26683 1886  195  382.00000  269.79328  29.4%  12.0 1550s
  1900  1902  295.26683 1890  195  382.00000  269.79328  29.4%  12.0 1556s
  1911  1913  295.26683 1901  195  382.00000  269.79328  29.4%  11.9 1560s
  1917  1919  295.26683 1907  197  382.00000  269.79328  29.4%  11.9 1569s
  1919  1921  295.26683 1909  196  382.00000  269.79328  29.4%  11.8 1570s
  1936  1938  295.26683 1926  194  382.00000  269.79328  29.4%  11.8 1575s
  1944  1946  295.32440 1934  194  382.00000  269.79328  29.4%  11.7 1583s
  1947  1949  295.32440 1937  188  382.00000  269.79328  29.4%  11.7 1585s
  1961  1963  295.32440 1951  190  382.00000  269.79328  29.4%  11.6 1590s
  1971  1973  295.32440 1961  191  382.00000  269.79328  29.4%  11.6 1598s
  1975  1977  295.32440 1965  190  382.00000  269.79328  29.4%  11.6 1600s
  1988  1990  295.32440 1978  191  382.00000  269.79328  29.4%  11.5 1605s
  1998  2000  295.32440 1988  194  382.00000  269.79328  29.4%  11.5 1615s
  2000  2002  295.32440 1990  191  382.00000  269.79328  29.4%  11.4 1622s
  2006  2008  295.32440 1996  192  382.00000  269.79328  29.4%  11.4 1625s
  2015  2017  295.32440 2005  188  382.00000  269.79328  29.4%  11.4 1630s
  2024  2026  295.32440 2014  191  382.00000  269.79328  29.4%  11.3 1635s
  2025  2027  295.32440 2015  191  382.00000  269.79328  29.4%  11.3 1642s
  2031  2033  295.32440 2021  191  382.00000  269.79328  29.4%  11.3 1645s
  2040  2042  295.32440 2030  193  382.00000  269.79328  29.4%  11.2 1650s
  2049  2051  295.32440 2039  187  382.00000  269.79328  29.4%  11.2 1655s
  2052  2054  295.32440 2042  193  382.00000  269.79328  29.4%  11.2 1660s
  2065  2067  295.32440 2055  193  382.00000  269.79328  29.4%  11.1 1665s
  2079  2081  295.32440 2069  190  382.00000  269.79328  29.4%  11.1 1672s
  2088  2090  295.32440 2078  194  382.00000  269.79328  29.4%  11.0 1675s
  2100  2102  295.32440 2090  191  382.00000  269.79328  29.4%  11.0 1683s
  2106  2108  295.32440 2096  191  382.00000  269.79328  29.4%  10.9 1687s
  2114  2116  295.32440 2104  191  382.00000  269.79328  29.4%  10.9 1690s
  2125  2127  295.32440 2115  193  382.00000  269.79328  29.4%  10.8 1695s
  2133  2135  295.32440 2123  191  382.00000  269.79328  29.4%  10.8 1706s
  2145  2147  295.32440 2135  191  382.00000  269.79328  29.4%  10.7 1710s
  2160  2162  295.32440 2150  194  382.00000  269.79328  29.4%  10.7 1716s
  2173  2175  295.32440 2163  191  382.00000  269.79328  29.4%  10.6 1720s
  2187  2189  295.32440 2177  191  382.00000  269.79328  29.4%  10.6 1728s
  2192  2194  295.32440 2182  191  382.00000  269.79328  29.4%  10.5 1730s
  2200  2202  295.32440 2190  191  382.00000  269.79328  29.4%  10.5 1737s
  2211  2213  295.32440 2201  191  382.00000  269.79328  29.4%  10.5 1740s
  2214  2216  295.32440 2204  191  382.00000  269.79328  29.4%  10.4 1747s
  2223  2225  295.32440 2213  190  382.00000  269.79328  29.4%  10.4 1750s
H 2241  2241                     380.0000000  269.79328  29.0%  10.3 1758s
  2247  2249  295.32440 2237  188  380.00000  269.79328  29.0%  10.3 1760s
  2264  2266  295.32440 2254  193  380.00000  269.79328  29.0%  10.2 1765s
  2268  2270  295.32440 2258  189  380.00000  269.79328  29.0%  10.2 1771s
  2282  2284  295.32440 2272  193  380.00000  269.79328  29.0%  10.2 1775s
  2294  2296  295.32440 2284  189  380.00000  269.79328  29.0%  10.1 1780s
  2295  2297  295.32440 2285  187  380.00000  269.79328  29.0%  10.1 1785s
  2300  2302  295.32440 2290  193  380.00000  269.79328  29.0%  10.1 1792s
  2306  2308  295.32440 2296  195  380.00000  269.79328  29.0%  10.1 1795s
  2322  2324  295.32440 2312  193  380.00000  269.79328  29.0%  10.0 1802s
  2330  2332  295.32440 2320  192  380.00000  269.79328  29.0%  10.0 1805s
  2347  2349  295.32440 2337  193  380.00000  269.79328  29.0%   9.9 1810s
  2349  2351  295.32440 2339  193  380.00000  269.79328  29.0%   9.9 1817s
  2358  2360  295.32440 2348  193  380.00000  269.79328  29.0%   9.9 1820s
  2376  2378  295.32440 2366  193  380.00000  269.79328  29.0%   9.8 1829s
  2380  2382  295.32440 2370  193  380.00000  269.79328  29.0%   9.8 1830s
  2398  2400  295.32440 2388  194  380.00000  269.79328  29.0%   9.8 1835s
  2400  2402  295.32440 2390  186  380.00000  269.79328  29.0%   9.8 1841s
  2403  2405  295.32440 2393  186  380.00000  269.79328  29.0%   9.8 1851s
H 2405  2405                     377.0000000  269.79328  28.4%   9.7 1977s
  2412  2414  295.32440 2402  186  377.00000  269.79328  28.4%   9.7 1980s
  2423  2425  295.32440 2413  190  377.00000  269.79328  28.4%   9.7 1985s
  2429  2431  295.32440 2419  191  377.00000  269.79328  28.4%   9.7 1992s
  2430  2432  295.32440 2420  193  377.00000  269.79328  28.4%   9.7 1998s
  2432  2434  295.32440 2422  191  377.00000  269.79328  28.4%   9.7 2004s
  2434  2436  295.32440 2424  191  377.00000  269.79328  28.4%   9.7 2005s
  2447  2449  295.32440 2437  193  377.00000  269.79328  28.4%   9.7 2010s
  2457  2459  295.32440 2447  192  377.00000  269.79328  28.4%   9.6 2017s
  2465  2467  295.32440 2455  192  377.00000  269.79328  28.4%   9.6 2020s
  2484  2486  295.32440 2474  193  377.00000  269.79328  28.4%   9.5 2027s
  2493  2495  295.32440 2483  193  377.00000  269.79328  28.4%   9.5 2030s
  2500  2502  295.32440 2490  193  377.00000  269.79328  28.4%   9.5 2037s
  2511  2513  295.32440 2501  193  377.00000  269.79328  28.4%   9.5 2042s
  2517  2519  295.32440 2507  193  377.00000  269.79328  28.4%   9.4 2045s
  2526  2528  295.32440 2516  193  377.00000  269.79328  28.4%   9.4 2054s
  2529  2531  295.32440 2519  193  377.00000  269.79328  28.4%   9.4 2059s
  2530  2532  295.32440 2520  193  377.00000  269.79328  28.4%   9.4 2060s
  2538  2540  295.32440 2528  194  377.00000  269.79328  28.4%   9.4 2066s
  2551  2552  295.26683 1841  626  377.00000  269.79328  28.4%   9.3 2922s
  2553  2553  295.15145  811  164  377.00000  269.79328  28.4%   9.3 2956s
H 2553  2425                     374.0000000  269.79328  27.9%   9.3 2976s
  2555  2427  281.68420  263  476  374.00000  269.79328  27.9%   9.3 2984s
  2556  2427  295.32440 1957  665  374.00000  269.79328  27.9%   9.3 3002s
  2557  2428  295.26683 1713  739  374.00000  269.79328  27.9%   9.3 3011s
  2558  2429  295.26683 1697  636  374.00000  270.27453  27.7%   9.3 3030s
  2559  2429  295.15145  735  616  374.00000  271.53374  27.4%   9.3 3037s
  2560  2430  272.46588    5  837  374.00000  272.46588  27.1%   9.3 3057s
  2561  2431  295.32440 2320  857  374.00000  273.08155  27.0%   9.3 3065s
  2562  2431  295.20914 1305  764  374.00000  273.92585  26.8%   9.3 3083s
  2564  2434  281.68420  305  626  374.00000  273.92585  26.8%  33.6 3108s
  2566  2435  295.32440 2216  162  374.00000  273.92585  26.8%  33.6 3141s
  2567  2436  295.32440 2344  343  374.00000  273.92585  26.8%  33.6 3161s
  2568  2437  295.32440 2048  461  374.00000  273.92585  26.8%  33.6 3167s
  2569  2437  275.87173   48  577  374.00000  273.92585  26.8%  33.5 3184s
  2570  2438  295.32440 2118  557  374.00000  273.92585  26.8%  33.5 3190s
H 2570  2316                     369.0000000  273.92585  25.8%  33.5 3211s
  2572  2317  281.44036  245  784  369.00000  274.20267  25.7%  33.5 3218s
  2573  2318  295.20914 1263  827  369.00000  275.11139  25.4%  33.5 3238s
  2574  2319  295.20914 1350  756  369.00000  275.56046  25.3%  33.5 3245s
  2575  2319  295.15145 1210  651  369.00000  276.26040  25.1%  33.5 3264s
  2577  2322  295.20914 1290  626  369.00000  276.26040  25.1%  59.8 3288s
  2579  2323  295.26683 1611  162  369.00000  276.26040  25.1%  59.8 3321s
H 2579  2206                     368.0000000  276.26040  24.9%  59.8 3341s
  2581  2208  276.36048  116  411  368.00000  276.26040  24.9%  59.7 3348s
  2582  2208  295.15145 1026  663  368.00000  276.26040  24.9%  59.7 3366s
  2583  2209  295.26683 1841  659  368.00000  276.26040  24.9%  59.7 3373s
  2584  2210  295.20914 1459  694  368.00000  276.26040  24.9%  59.7 3392s
  2585  2210  295.15145 1089  798  368.00000  276.26040  24.9%  59.6 3400s
  2586  2211  295.20914 1338  845  368.00000  276.47777  24.9%  59.6 3429s
  2587  2212  295.20914 1366  905  368.00000  277.03894  24.7%  59.6 3436s
  2588  2212  295.32440 2002  701  368.00000  278.03516  24.4%  59.6 3452s
  2590  2215  295.32440 2378  626  368.00000  278.03516  24.4%  82.2 3481s
  2592  2216  295.32440 2397  162  368.00000  278.03516  24.4%  82.1 3517s
  2593  2217  295.15145  868  447  368.00000  278.03516  24.4%  82.1 3538s
  2594  2218  295.32440 2173  542  368.00000  278.03516  24.4%  82.0 3546s
  2595  2218  295.32440 2060  659  368.00000  278.03516  24.4%  82.0 3565s
  2596  2219  295.15145 1133  599  368.00000  278.03516  24.4%  82.0 3572s
H 2596  2107                     367.0000000  278.03516  24.2%  82.0 3594s
  2598  2108  295.15145  667  863  367.00000  278.03516  24.2%  81.9 3603s
  2599  2109  295.20914 1469  910  367.00000  278.05497  24.2%  81.9 3623s
  2600  2110  295.32440 2217  831  367.00000  278.62181  24.1%  81.8 3632s
  2601  2110  295.15145  772  664  367.00000  279.14536  23.9%  81.8 3664s
  2603  2113  295.32440 2178  626  367.00000  279.14536  23.9%   108 3685s
  2605  2114  295.26683 1820  162  367.00000  279.14536  23.9%   108 3718s
  2606  2115  295.20914 1286  385  367.00000  279.14536  23.9%   108 3737s
  2607  2116  295.32440 2017  506  367.00000  279.14536  23.9%   108 3745s
  2608  2116  295.26683 1890  632  367.00000  279.14536  23.9%   108 3763s
  2609  2117  295.20914 1431  686  367.00000  279.14536  23.9%   108 3783s
H 2609  2011                     366.0000000  279.14536  23.7%   108 3809s
  2611  2012  295.26683 1581  881  366.00000  279.14536  23.7%   108 3818s
  2612  2013  281.75786  373  737  366.00000  279.14536  23.7%   108 3837s
  2613  2014  295.15145 1071  870  366.00000  279.33485  23.7%   108 3846s
  2614  2014  295.15145  689  588  366.00000  279.99162  23.5%   108 3863s
  2616  2017  289.20241  638  626  366.00000  279.99162  23.5%   132 3890s
  2618  2018  295.15145  998  160  366.00000  279.99162  23.5%   132 3924s
  2619  2019  295.15145 1057  402  366.00000  279.99162  23.5%   132 3944s
  2620  2020  295.32440 2142  468  366.00000  279.99162  23.5%   132 3952s
  2621  2020  279.99162  156  611  366.00000  279.99162  23.5%   131 3988s
  2622  2021  295.15145  896  644  366.00000  279.99162  23.5%   131 3997s
  2623  2022  295.26683 1585  759  366.00000  279.99162  23.5%   131 4018s
  2624  2022  282.76972  570  769  366.00000  279.99162  23.5%   131 4026s
  2625  2023  295.15145 1146  706  366.00000  279.99162  23.5%   131 4045s
  2626  2024  295.15145 1083  817  366.00000  280.21147  23.4%   131 4054s
  2627  2024  295.32440 2171  583  366.00000  280.71253  23.3%   131 4070s
  2629  2027  295.15145  700  626  366.00000  280.71253  23.3%   152 4095s
  2631  2028  295.32440 2536  160  366.00000  280.71253  23.3%   152 4130s
  2632  2029  295.32440 2482  445  366.00000  280.71253  23.3%   152 4150s
  2633  2030  281.75786  472  472  366.00000  280.71253  23.3%   152 4158s
  2634  2030  295.20914 1285  637  366.00000  280.71253  23.3%   152 4202s
  2635  2031  295.32440 2027  656  366.00000  280.71253  23.3%   152 4210s
  2636  2032  295.32440 1953  750  366.00000  280.71253  23.3%   152 4230s
  2637  2032  295.32440 2203  850  366.00000  280.71253  23.3%   152 4239s
  2638  2033  295.26683 1709  891  366.00000  280.71253  23.3%   152 4261s
  2639  2034  295.15145  923  981  366.00000  281.10724  23.2%   152 4272s
  2640  2034  295.32440 2083  599  366.00000  281.58229  23.1%   152 4296s
  2642  2037  295.20914 1293  626  366.00000  281.58229  23.1%   180 4319s
  2644  2038  281.75786  463  163  366.00000  281.58229  23.1%   180 4356s
  2645  2039  295.15145 1155  411  366.00000  281.58229  23.1%   180 4376s
  2646  2040  295.15145  881  444  366.00000  281.58229  23.1%   180 4385s
  2647  2040  295.26683 1914  645  366.00000  281.58229  23.1%   180 4404s
  2648  2041  295.15145  910  585  366.00000  281.58229  23.1%   180 4412s
  2649  2042  295.15145  677  798  366.00000  281.58229  23.1%   180 4438s
  2650  2042  281.58229  129  775  366.00000  281.58229  23.1%   180 4452s
  2651  2043  295.26683 1841  715  366.00000  281.58229  23.1%   180 4471s
  2652  2044  295.32440 2252  672  366.00000  281.81455  23.0%   180 4479s
  2653  2044  295.15145  811  838  366.00000  282.19038  22.9%   180 4498s
  2655  2047  282.19038  263  626  366.00000  282.19038  22.9%   202 4522s
  2657  2048  295.26683 1713  162  366.00000  282.19038  22.9%   202 4559s
  2658  2049  295.26683 1697  393  366.00000  282.19038  22.9%   202 4580s
  2659  2050  295.15145  735  377  366.00000  282.19038  22.9%   202 4588s
  2660  2050  282.19038    5  634  366.00000  282.19038  22.9%   202 4611s
  2661  2051  295.32440 2320  696  366.00000  282.19038  22.9%   202 4620s
  2662  2052  295.20914 1305  600  366.00000  282.19038  22.9%   202 4642s
  2663  2052  295.32440 2402  791  366.00000  282.19038  22.9%   202 4652s
  2664  2053  282.19038  305  778  366.00000  282.19038  22.9%   202 4677s
  2665  2054  295.15145 1044  798  366.00000  282.19038  22.9%   202 4686s
  2666  2054  295.32440 2216  649  366.00000  282.46441  22.8%   202 4703s
  2667  2055  295.32440 2344  649  366.00000  282.46441  22.8%   202 4782s
  2668  2058  282.66227   82  603  366.00000  282.49427  22.8%   230 4827s
  2669  2058  282.53288   82  619  366.00000  282.53288  22.8%   230 4835s
  2672  2060  282.78465   84  566  366.00000  282.53288  22.8%   230 4840s
  2676  2063  282.82645   86  552  366.00000  282.53288  22.8%   229 4846s
  2681  2066  283.05956   88  523  366.00000  282.53288  22.8%   229 4850s
  2694  2075  287.97666   95  373  366.00000  282.53288  22.8%   229 4857s
  2700  2079  289.02059   98  324  366.00000  282.53288  22.8%   228 4864s
  2702  2080  289.31633   99  315  366.00000  282.53288  22.8%   228 4865s
  2715  2089  290.09038  105  205  366.00000  282.53288  22.8%   229 4889s
  2717  2090  295.30017  106  198  366.00000  282.53288  22.8%   229 4892s
  2719  2092  295.45036  107  234  366.00000  282.53288  22.8%   230 4917s
  2721  2093  290.12423  108  173  366.00000  282.53288  22.8%   230 4923s
  2725  2096  295.73153  110  158  366.00000  282.53288  22.8%   230 4943s
  2727  2097  295.33576  111  169  366.00000  282.53288  22.8%   230 4947s
  2733  2101  296.15744  114  176  366.00000  282.53288  22.8%   232 4989s
  2735  2102  296.84160  115  276  366.00000  282.53288  22.8%   232 4993s
  2739  2105  290.12600  117  176  366.00000  282.53288  22.8%   232 4995s
  2748  2111  290.12600  122  176  366.00000  282.53288  22.8%   231 5000s
  2758  2118  290.12600  127  174  366.00000  282.53288  22.8%   231 5006s
  2761  2120  296.74234  128  152  366.00000  282.53288  22.8%   231 5019s
  2762  2120  290.12600  129  178  366.00000  282.53288  22.8%   231 5020s
  2773  2128  294.66542  134  159  366.00000  282.53288  22.8%   231 5025s
  2777  2130  296.47311  136  162  366.00000  282.53288  22.8%   231 5030s
  2785  2136  293.56990  140  201  366.00000  282.53288  22.8%   231 5035s
  2787  2137  296.04018  141  194  366.00000  282.53288  22.8%   231 5041s
  2789  2138  295.79210  142  190  366.00000  282.53288  22.8%   233 5069s
  2791  2140  294.59881  143  191  366.00000  282.53288  22.8%   233 5072s
  2793  2141  295.13776  144  197  366.00000  282.53288  22.8%   234 5100s
  2796  2143  290.26510  146  189  366.00000  282.53288  22.8%   234 5105s
  2799  2145  296.04908  147  176  366.00000  282.53288  22.8%   234 5118s
  2800  2146  290.12600  148  188  366.00000  282.53288  22.8%   234 5123s
  2801  2146  296.31880  148  167  366.00000  282.53288  22.8%   235 5150s
  2803  2148  295.88356  149  175  366.00000  282.53288  22.8%   234 5155s
  2807  2150  297.39572  151  177  366.00000  282.53288  22.8%   235 5183s
  2809  2152  297.81831  152  189  366.00000  282.53288  22.8%   235 5187s
  2813  2154  297.31831  154  185  366.00000  282.53288  22.8%   235 5190s
  2815  2156  298.74187  155  169  366.00000  282.53288  22.8%   236 5212s
  2817  2157  296.85677  156  189  366.00000  282.53288  22.8%   236 5217s
  2820  2159  290.12600  158  189  366.00000  282.53288  22.8%   236 5224s
  2822  2160  290.12600  159  189  366.00000  282.53288  22.8%   236 5225s
  2823  2161  297.00808  159  173  366.00000  282.53288  22.8%   236 5242s
  2825  2162  296.47311  160  179  366.00000  282.53288  22.8%   236 5247s
  2827  2164  297.14619  161  160  366.00000  282.53288  22.8%   237 5252s
  2829  2165  294.66542  162  179  366.00000  282.53288  22.8%   237 5255s
  2839  2172  295.56927  167  181  366.00000  282.53288  22.8%   236 5260s
  2847  2177  295.99726  171  171  366.00000  282.53288  22.8%   236 5276s
  2853  2181  293.68960  174  198  366.00000  282.53288  22.8%   236 5280s
  2857  2184  292.18817  176  192  366.00000  282.53288  22.8%   236 5288s
  2859  2185  294.86369  177  177  366.00000  282.53288  22.8%   236 5290s
  2863  2188  300.24138  179  164  366.00000  282.53288  22.8%   237 5305s
  2867  2190  295.70292  181  161  366.00000  282.53288  22.8%   237 5324s
  2868  2191  290.12600  182  188  366.00000  282.53288  22.8%   237 5325s
  2875  2196  296.43369  185  183  366.00000  282.53288  22.8%   237 5330s
  2883  2201  298.20292  189  183  366.00000  282.53288  22.8%   237 5337s
  2889  2205  298.20292  192  183  366.00000  282.53288  22.8%   237 5340s
  2894  2208  290.12600  195  192  366.00000  282.53288  22.8%   237 5345s
  2900  2212  290.12600  198  195  366.00000  282.53288  22.8%   236 5353s
  2903  2214  296.96754  199  183  366.00000  282.53288  22.8%   236 5355s
  2910  2219  290.12600  203  194  366.00000  282.53288  22.8%   236 5361s
  2911  2220  294.81831  203  174  366.00000  282.53288  22.8%   236 5374s
  2913  2221  293.89232  204  205  366.00000  282.53288  22.8%   236 5380s
  2914  2222  290.12600  205  196  366.00000  282.53288  22.8%   236 5385s
  2917  2224  293.89232  206  209  366.00000  282.53288  22.8%   236 5392s
  2924  2228  290.12600  210  195  366.00000  282.53288  22.8%   236 5395s
  2933  2234  295.26411  214  182  366.00000  282.53288  22.8%   236 5418s
  2936  2236  290.12600  216  194  366.00000  282.53288  22.8%   236 5420s
  2942  2240  290.12600  219  194  366.00000  282.53288  22.8%   235 5425s
  2957  2250  294.83385  226  207  366.00000  282.53288  22.8%   235 5430s
  2958  2251  290.12600  227  197  366.00000  282.53288  22.8%   235 5442s
  2961  2253  294.71801  228  196  366.00000  282.53288  22.8%   235 5445s
  2965  2256  294.71801  230  196  366.00000  282.53288  22.8%   235 5450s
  2967  2257  296.15683  231  177  366.00000  282.53288  22.8%   235 5468s
  2971  2260  295.60263  233  188  366.00000  282.53288  22.8%   235 5471s
  2977  2264  297.69488  236  131  366.00000  282.53288  22.8%   236 5499s
  2978  2264  292.00257  237  163  366.00000  282.53288  22.8%   236 5500s
  2981  2266  300.07950  238  137  366.00000  282.53288  22.8%   236 5509s
  2983  2268  298.02181  239  135  366.00000  282.53288  22.8%   237 5534s
  2985  2269  298.52181  240  132  366.00000  282.53288  22.8%   239 5567s
  2987  2270  297.31027  241  137  366.00000  282.53288  22.8%   240 5607s
  2989  2272  298.25257  242  145  366.00000  282.53288  22.8%   240 5617s
  2991  2273  301.84873  243  141  366.00000  282.53288  22.8%   241 5644s
  2993  2274  297.27181  244  141  366.00000  282.53288  22.8%   241 5651s
  2994  2275  292.00257  245  165  366.00000  282.53288  22.8%   241 5658s
  2995  2276  300.65642  245  143  366.00000  282.53288  22.8%   242 5668s
  2997  2277  298.11796  246  148  366.00000  282.53288  22.8%   242 5689s
  2999  2278  295.57950  247  139  366.00000  282.53288  22.8%   242 5691s
  3000  2279  292.00257  248  164  366.00000  282.53288  22.8%   242 5695s
  3003  2281  298.11796  249  137  366.00000  282.53288  22.8%   243 5706s
  3006  2283  292.00257  251  165  366.00000  282.53288  22.8%   243 5716s
  3007  2284  300.57495  251  134  366.00000  282.53288  22.8%   244 5742s
  3009  2285  300.38719  252  135  366.00000  282.53288  22.8%   246 5774s
  3010  2286  292.00257  253  165  366.00000  282.53288  22.8%   246 5775s
  3011  2286  300.50350  253  138  366.00000  282.53288  22.8%   247 5798s
  3013  2288  296.03307  254  244  366.00000  282.53288  22.8%   247 5811s
  3014  2288  292.00257  255  165  366.00000  282.53288  22.8%   247 5817s
  3015  2289  296.42565  255  136  366.00000  282.53288  22.8%   247 5824s
  3017  2290  298.11796  256  139  366.00000  282.53288  22.8%   248 5835s
  3018  2291  292.00257  257  165  366.00000  282.53288  22.8%   248 5840s
  3021  2293  298.11796  258  140  366.00000  282.53288  22.8%   249 5853s
  3023  2294  298.11796  259  140  366.00000  282.53288  22.8%   249 5859s
  3025  2296  298.88264  260  154  366.00000  282.53288  22.8%   250 5881s
  3027  2297  298.69488  261  141  366.00000  282.53288  22.8%   251 5908s
  3029  2298  297.27181  262  144  366.00000  282.53288  22.8%   251 5917s
  3031  2300  297.27181  263  144  366.00000  282.53288  22.8%   251 5921s
  3033  2301  296.32950  264  145  366.00000  282.53288  22.8%   252 5934s
  3035  2302  296.42565  265  146  366.00000  282.53288  22.8%   252 5941s
  3037  2304  296.42565  266  150  366.00000  282.53288  22.8%   253 5945s
  3039  2305  298.88264  267  164  366.00000  282.53288  22.8%   254 5973s
  3041  2306  298.69488  268  144  366.00000  282.53288  22.8%   255 6004s
  3043  2308  298.81120  269  134  366.00000  282.53288  22.8%   256 6018s
  3045  2309  297.07950  270  155  366.00000  282.53288  22.8%   257 6035s
  3047  2310  298.11796  271  160  366.00000  282.53288  22.8%   257 6056s
  3049  2312  296.32950  272  142  366.00000  282.53288  22.8%   258 6067s
  3051  2313  296.42565  273  137  366.00000  282.53288  22.8%   258 6073s
  3053  2314  297.17565  274  147  366.00000  282.53288  22.8%   259 6097s
  3057  2317  296.42565  276  141  366.00000  282.53288  22.8%   259 6103s
  3059  2318  295.57950  277  140  366.00000  282.53288  22.8%   259 6105s
  3061  2320  298.96411  278  136  366.00000  282.53288  22.8%   260 6112s
  3063  2321  297.27181  279  144  366.00000  282.53288  22.8%   260 6116s
  3065  2322  297.27181  280  132  366.00000  282.53288  22.8%   261 6133s
  3067  2324  296.48334  281  142  366.00000  282.53288  22.8%   261 6138s
  3069  2325  299.13719  282  151  366.00000  282.53288  22.8%   261 6146s
  3071  2326  296.48334  283  150  366.00000  282.53288  22.8%   262 6154s
  3072  2327  292.00257  284  164  366.00000  282.53288  22.8%   262 6160s
  3075  2329  298.31027  285  137  366.00000  282.53288  22.8%   262 6165s
  3079  2332  298.31027  287  145  366.00000  282.53288  22.8%   262 6171s
  3081  2333  296.36430  288  165  366.00000  282.53288  22.8%   264 6203s
  3083  2334  296.88353  289  161  366.00000  282.53288  22.8%   264 6221s
  3086  2336  292.00257  291  164  366.00000  282.53288  22.8%   264 6225s
  3087  2337  298.25257  291  140  366.00000  282.53288  22.8%   265 6231s
  3089  2338  295.59873  292  133  366.00000  282.53288  22.8%   265 6237s
  3091  2340  297.63719  293  152  366.00000  282.53288  22.8%   266 6266s
  3093  2341  295.65642  294  138  366.00000  282.53288  22.8%   266 6270s
  3095  2342  298.31027  295  134  366.00000  282.53288  22.8%   267 6284s
  3096  2343  292.00257  296  164  366.00000  282.53288  22.8%   267 6285s
  3099  2345  300.07950  297  140  366.00000  282.53288  22.8%   267 6290s
  3100  2346  292.00257  298  164  366.00000  282.53288  22.8%   267 6295s
  3105  2349  298.31027  300  141  366.00000  282.53288  22.8%   267 6300s
  3108  2351  292.00257  302  164  366.00000  282.53288  22.8%   267 6307s
  3111  2353  298.31027  303  141  366.00000  282.53288  22.8%   267 6316s
  3117  2357  295.57950  306  156  366.00000  282.53288  22.8%   268 6336s
  3119  2358  295.57950  307  141  366.00000  282.53288  22.8%   268 6341s
  3121  2360  296.42430  308  158  366.00000  282.53288  22.8%   269 6367s
  3123  2361  296.42565  309  141  366.00000  282.53288  22.8%   269 6454s
  3124  2362  292.00257  310  165  366.00000  282.53288  22.8%   269 6455s
  3126  2363  292.00257  311  165  366.00000  282.53288  22.8%   269 6461s
  3127  2364  297.27181  311  141  366.00000  282.53288  22.8%   270 6469s
  3128  2364  292.00257  312  165  366.00000  282.53288  22.8%   270 6470s
  3131  2366  298.96411  313  138  366.00000  282.53288  22.8%   270 6476s
  3135  2369  298.31027  315  140  366.00000  282.53288  22.8%   270 6481s
  3137  2370  300.07950  316  141  366.00000  282.53288  22.8%   271 6488s
  3139  2372  298.31027  317  140  366.00000  282.53288  22.8%   271 6490s
  3145  2376  298.31027  320  140  366.00000  282.53288  22.8%   271 6495s
  3149  2378  298.31027  322  139  366.00000  282.53288  22.8%   271 6504s
  3151  2380  297.27181  323  152  366.00000  282.53288  22.8%   271 6508s
  3153  2381  295.57950  324  142  366.00000  282.53288  22.8%   272 6522s
  3155  2382  296.71411  325  156  366.00000  282.53288  22.8%   272 6525s
  3163  2388  296.71411  329  159  366.00000  282.53288  22.8%   272 6530s
  3165  2389  297.42565  330  156  366.00000  282.53288  22.8%   272 6544s
  3167  2390  292.75257  331  169  366.00000  282.53288  22.8%   272 6545s
  3175  2396  293.69618  335  149  366.00000  282.53288  22.8%   272 6575s
  3179  2398  301.80235  337  123  366.00000  282.53288  22.8%   273 6585s
  3180  2399  292.75572  338  170  366.00000  282.53288  22.8%   272 6591s
  3185  2402  297.49417  340  168  366.00000  282.53288  22.8%   272 6595s
  3187  2404  301.53263  341  147  366.00000  282.53288  22.8%   273 6619s
  3189  2405  298.43648  342  168  366.00000  282.53288  22.8%   273 6622s
  3196  2410  292.75572  346  173  366.00000  282.53288  22.8%   272 6625s
  3197  2410  298.76171  346  144  366.00000  282.53288  22.8%   273 6645s
  3200  2412  292.75572  348  174  366.00000  282.53288  22.8%   273 6654s
  3202  2414  292.75572  349  173  366.00000  282.53288  22.8%   273 6655s
  3205  2416  294.08595  350  133  366.00000  282.53288  22.8%   273 6682s
  3207  2417  300.99879  351  127  366.00000  282.53288  22.8%   274 6696s
  3208  2418  294.08595  352  132  366.00000  282.53288  22.8%   273 6703s
  3209  2418  300.14364  352  139  366.00000  282.53288  22.8%   274 6726s
  3213  2421  301.37441  354  135  366.00000  282.53288  22.8%   274 6730s
  3222  2427  294.08759  359  134  366.00000  282.53288  22.8%   274 6735s
  3229  2432  300.51067  362  133  366.00000  282.53288  22.8%   274 6745s
  3231  2433  303.77990  363  117  366.00000  282.53288  22.8%   275 6769s
  3233  2434  300.51067  364  125  366.00000  282.53288  22.8%   275 6782s
  3234  2435  294.08759  365  134  366.00000  282.53288  22.8%   275 6785s
  3235  2436  300.51067  365  131  366.00000  282.53288  22.8%   276 6791s
  3237  2437  300.51067  366  133  366.00000  282.53288  22.8%   276 6797s
  3239  2438  300.51067  367  130  366.00000  282.53288  22.8%   276 6804s
  3241  2440  300.51067  368  129  366.00000  282.53288  22.8%   277 6810s
  3243  2441  302.20298  369  129  366.00000  282.53288  22.8%   278 6848s
  3245  2442  300.51067  370  133  366.00000  282.53288  22.8%   278 6857s
  3249  2445  300.39528  372  133  366.00000  282.53288  22.8%   279 6869s
  3250  2446  294.08759  373  135  366.00000  282.53288  22.8%   279 6870s
  3251  2446  300.39528  373  129  366.00000  282.53288  22.8%   279 6885s
  3253  2448  300.39528  374  133  366.00000  282.53288  22.8%   280 6895s
  3255  2449  302.08759  375  120  366.00000  282.53288  22.8%   281 6919s
  3256  2450  294.08759  376  134  366.00000  282.53288  22.8%   281 6920s
  3258  2451  294.08759  377  133  366.00000  282.53288  22.8%   281 6925s
  3259  2452  302.27990  377  137  366.00000  282.53288  22.8%   281 6933s
  3261  2453  303.97221  378  129  366.00000  282.53288  22.8%   283 6977s
  3263  2454  302.27990  379  132  366.00000  282.53288  22.8%   284 7001s
  3266  2456  294.08759  381  133  366.00000  282.53288  22.8%   284 7005s
  3275  2462  303.67050  385  127  366.00000  282.53288  22.8%   284 7010s
  3279  2465  298.66451  387  128  366.00000  282.53288  22.8%   284 7018s
  3284  2468  294.08759  390  134  366.00000  282.53288  22.8%   284 7020s
  3288  2471  294.08759  392  135  366.00000  282.53288  22.8%   284 7026s
  3289  2472  300.59858  392  129  366.00000  282.53288  22.8%   284 7030s
  3293  2474  298.40428  394  135  366.00000  282.53288  22.8%   285 7056s
  3294  2475  294.08759  395  137  366.00000  282.53288  22.8%   285 7061s
  3295  2476  297.74144  395  129  366.00000  282.53288  22.8%   285 7068s
  3297  2477  298.62605  396  143  366.00000  282.53288  22.8%   285 7078s
  3299  2478  298.62605  397  138  366.00000  282.53288  22.8%   286 7092s
  3300  2479  294.08759  398  137  366.00000  282.53288  22.8%   286 7097s
  3301  2480  299.51067  398  121  366.00000  282.53288  22.8%   286 7104s
  3302  2480  294.08759  399  137  366.00000  282.53288  22.8%   286 7108s
  3303  2481  299.44162  399  224  366.00000  282.53288  22.8%   287 7130s
  3305  2482  299.93026  400  127  366.00000  282.53288  22.8%   287 7136s
  3315  2489  300.93649  405  137  366.00000  282.53288  22.8%   286 7146s
  3322  2494  294.08759  409  141  366.00000  282.53288  22.8%   286 7150s
  3329  2498  300.39528  412  127  366.00000  282.53288  22.8%   286 7155s
  3333  2501  299.74912  414  118  366.00000  282.53288  22.8%   286 7160s
  3335  2502  300.31753  415  127  366.00000  282.53288  22.8%   286 7168s
  3337  2504  300.28807  416  109  366.00000  282.53288  22.8%   286 7179s
  3338  2504  294.08759  417  139  366.00000  282.53288  22.8%   286 7180s
  3341  2506  299.74912  418  117  366.00000  282.53288  22.8%   287 7185s
  3343  2508  300.28758  419  117  366.00000  282.53288  22.8%   287 7190s
  3345  2509  300.42220  420  117  366.00000  282.53288  22.8%   287 7196s
  3350  2512  294.08759  423  138  366.00000  282.53288  22.8%   287 7200s
  3359  2518  304.47270  427  126  366.00000  282.53288  22.8%   287 7207s
  3367  2524  302.16451  431  128  366.00000  282.53288  22.8%   286 7210s
  3369  2525  304.49912  432  125  366.00000  282.53288  22.8%   287 7215s
  3377  2530  304.60682  436  124  366.00000  282.53288  22.8%   286 7221s
  3387  2537  299.51067  441  132  366.00000  282.53288  22.8%   286 7225s
  3396  2543  294.08759  446  139  366.00000  282.53288  22.8%   286 7234s
  3399  2545  300.81836  447  138  366.00000  282.53288  22.8%   285 7239s
  3400  2546  294.08759  448  138  366.00000  282.53288  22.8%   285 7245s
  3402  2547  294.08759  449  138  366.00000  282.53288  22.8%   285 7253s
  3406  2550  294.08759  451  140  366.00000  282.53288  22.8%   285 7255s
  3408  2551  294.08759  452  138  366.00000  282.53288  22.8%   285 7260s
  3418  2558  294.08759  457  138  366.00000  282.53288  22.8%   285 7265s
  3419  2558  301.49144  457  122  366.00000  282.53288  22.8%   286 7285s
  3423  2561  297.89528  459  137  366.00000  282.53288  22.8%   285 7290s
  3429  2565  297.85682  462  135  366.00000  282.53288  22.8%   285 7296s
  3431  2566  296.64163  463  157  366.00000  282.53288  22.8%   286 7303s
  3433  2568  299.46484  464  157  366.00000  282.53288  22.8%   286 7313s
  3435  2569  298.79913  465  140  366.00000  282.53288  22.8%   286 7315s
  3446  2576  294.08759  471  136  366.00000  282.53288  22.8%   286 7320s
  3450  2579  294.08759  473  137  366.00000  282.53288  22.8%   286 7327s
  3452  2580  294.08759  474  139  366.00000  282.53288  22.8%   286 7330s
  3457  2584  300.68375  476  133  366.00000  282.53288  22.8%   286 7335s
  3465  2589  295.26224  480  124  366.00000  282.53288  22.8%   286 7341s
  3475  2596  296.92979  485  137  366.00000  282.53288  22.8%   285 7345s
  3485  2602  299.69903  490  123  366.00000  282.53288  22.8%   285 7350s
  3493  2608  299.21825  494  126  366.00000  282.53288  22.8%   285 7369s
  3496  2610  294.14746  496  127  366.00000  282.53288  22.8%   285 7373s
  3499  2612  298.77596  497  123  366.00000  282.53288  22.8%   285 7379s
  3500  2612  294.14746  498  128  366.00000  282.53288  22.8%   285 7384s
  3501  2613  300.25673  498  115  366.00000  282.53288  22.8%   285 7393s
  3502  2614  294.14746  499  128  366.00000  282.53288  22.8%   285 7395s
  3505  2616  300.60288  500  125  366.00000  282.53288  22.8%   285 7400s
  3521  2626  300.54518  508  126  366.00000  282.53288  22.8%   284 7405s
  3531  2633  300.54518  513  126  366.00000  282.53288  22.8%   283 7412s
  3538  2638  294.14746  517  128  366.00000  282.53288  22.8%   283 7415s
  3545  2642  298.69902  520  135  366.00000  282.53288  22.8%   283 7421s
  3547  2644  297.81441  521  136  366.00000  282.53288  22.8%   283 7425s
  3556  2650  294.14746  526  128  366.00000  282.53288  22.8%   283 7430s
  3558  2651  294.14746  527  129  366.00000  282.53288  22.8%   282 7436s
  3561  2653  299.56441  528  122  366.00000  282.53288  22.8%   283 7449s
  3562  2654  294.14746  529  128  366.00000  282.53288  22.8%   283 7450s
  3569  2658  298.69902  532  131  366.00000  282.53288  22.8%   283 7456s
  3573  2661  298.69902  534  128  366.00000  282.53288  22.8%   283 7461s
  3579  2665  297.44902  537  122  366.00000  282.53288  22.8%   283 7472s
  3581  2666  297.81441  538  130  366.00000  282.53288  22.8%   283 7475s
  3585  2669  296.92979  540  139  366.00000  282.53288  22.8%   283 7483s
  3587  2670  297.79518  541  136  366.00000  282.53288  22.8%   283 7487s
  3589  2672  297.81441  542  141  366.00000  282.53288  22.8%   283 7490s
  3593  2674  296.92979  544  141  366.00000  282.53288  22.8%   283 7498s
  3595  2676  296.92979  545  134  366.00000  282.53288  22.8%   283 7508s
  3596  2676  294.14746  546  127  366.00000  282.53288  22.8%   283 7513s
  3600  2679  294.14746  548  129  366.00000  282.53288  22.8%   283 7519s
  3601  2680  299.80130  548  127  366.00000  282.53288  22.8%   283 7520s
  3609  2685  298.69902  552  132  366.00000  282.53288  22.8%   283 7530s
  3612  2687  294.14746  554  131  366.00000  282.53288  22.8%   283 7536s
  3616  2690  294.14746  556  131  366.00000  282.53288  22.8%   283 7540s
  3621  2693  298.33364  558  133  366.00000  282.53288  22.8%   283 7550s
  3625  2696  298.85900  560  131  366.00000  282.53288  22.8%   284 7558s
  3627  2697  296.97438  561  130  366.00000  282.53288  22.8%   284 7560s
  3631  2700  296.97438  563  123  366.00000  282.53288  22.8%   284 7568s
  3633  2701  298.85900  564  125  366.00000  282.53288  22.8%   284 7570s
  3639  2705  296.95842  567  203  366.00000  282.53288  22.8%   285 7583s
  3642  2707  294.14746  569  132  366.00000  282.53288  22.8%   285 7585s
  3645  2709  296.81688  570  151  366.00000  282.53288  22.8%   285 7590s
  3647  2710  299.80130  571  137  366.00000  282.53288  22.8%   286 7607s
  3649  2712  299.80130  572  143  366.00000  282.53288  22.8%   286 7617s
  3655  2716  297.91669  575  123  366.00000  282.53288  22.8%   286 7623s
  3657  2717  297.91669  576  134  366.00000  282.53288  22.8%   286 7628s
  3659  2718  301.68592  577  123  366.00000  282.53288  22.8%   287 7641s
  3663  2721  299.80130  579  137  366.00000  282.53288  22.8%   288 7649s
  3665  2722  299.80130  580  130  366.00000  282.53288  22.8%   288 7652s
  3666  2723  294.14746  581  131  366.00000  282.53288  22.8%   288 7656s
  3669  2725  301.68592  582  125  366.00000  282.53288  22.8%   288 7666s
  3671  2726  299.80130  583  134  366.00000  282.53288  22.8%   288 7670s
  3683  2734  298.85900  589  128  366.00000  282.53288  22.8%   288 7675s
  3690  2739  294.14746  593  131  366.00000  282.53288  22.8%   287 7682s
  3693  2741  299.80130  594  128  366.00000  282.53288  22.8%   287 7691s
  3700  2746  294.14746  598  133  366.00000  282.53288  22.8%   287 7698s
  3701  2746  297.89517  598  141  366.00000  282.53288  22.8%   287 7700s
  3707  2750  297.80130  601  128  366.00000  282.53288  22.8%   287 7710s
  3715  2756  299.94719  605  129  366.00000  282.53288  22.8%   287 7715s
H 3720  2654                     365.0000000  282.53288  22.6%   287 7723s
  3721  2657  300.57053  608  121  365.00000  282.53288  22.6%   287 7741s
  3725  2659  299.62823  610  121  365.00000  282.53288  22.6%   288 7752s
  3731  2663  299.77383  613  125  365.00000  282.53288  22.6%   287 7755s
  3736  2667  294.18592  616  131  365.00000  282.53288  22.6%   288 7760s
  3743  2671  300.80130  619  127  365.00000  282.53288  22.6%   288 7768s
  3746  2673  294.18592  621  131  365.00000  282.53288  22.6%   288 7770s
  3747  2674  302.68592  621  145  365.00000  282.53288  22.6%   288 7790s
  3751  2677  300.80130  623  127  365.00000  282.53288  22.6%   289 7796s
  3755  2679  300.80130  625  131  365.00000  282.53288  22.6%   289 7804s
  3757  2681  300.80130  626  131  365.00000  282.53288  22.6%   289 7805s
  3759  2682  298.91669  627  131  365.00000  282.53288  22.6%   289 7815s
  3763  2685  299.85900  629  142  365.00000  282.53288  22.6%   290 7827s
  3765  2686  300.80130  630  129  365.00000  282.53288  22.6%   290 7831s
  3773  2691  300.80130  634  129  365.00000  282.53288  22.6%   290 7845s
  3779  2695  299.83976  637  138  365.00000  282.53288  22.6%   290 7850s
  3787  2701  298.89746  641  139  365.00000  282.53288  22.6%   290 7857s
  3790  2703  294.18592  643  131  365.00000  282.53288  22.6%   290 7864s
  3793  2705  300.78207  644  137  365.00000  282.53288  22.6%   289 7865s
  3800  2709  294.18592  648  135  365.00000  282.53288  22.6%   289 7872s
  3801  2710  297.01071  648  153  365.00000  282.53288  22.6%   289 7877s
  3811  2717  300.83530  653  151  365.00000  282.53288  22.6%   288 7880s
  3815  2719  301.40308  655  152  365.00000  282.53288  22.6%   288 7891s
  3819  2722  301.37425  657  133  365.00000  282.53288  22.6%   288 7895s
  3825  2726  301.50838  660  140  365.00000  282.53288  22.6%   288 7900s
  3828  2728  294.24361  662  136  365.00000  282.53288  22.6%   288 7905s
  3831  2730  298.77595  663  155  365.00000  282.53288  22.6%   288 7910s
  3833  2731  298.79518  664  131  365.00000  282.53288  22.6%   289 7915s
  3835  2733  297.91056  665  140  365.00000  282.53288  22.6%   289 7921s
  3839  2735  299.60287  667  129  365.00000  282.53288  22.6%   289 7945s
  3851  2743  303.14746  673  126  365.00000  282.53288  22.6%   289 7950s
  3856  2747  294.30130  676  136  365.00000  282.53288  22.6%   289 7955s
  3871  2757  297.08364  683  145  365.00000  282.53288  22.6%   288 7960s
  3873  2758  300.62210  684  123  365.00000  282.53288  22.6%   288 7979s
  3875  2759  297.96825  685  139  365.00000  282.53288  22.6%   288 7980s
  3882  2764  294.30130  689  136  365.00000  282.53288  22.6%   288 7991s
  3884  2765  294.30130  690  136  365.00000  282.53288  22.6%   288 7996s
  3887  2767  297.12765  691  154  365.00000  282.53288  22.6%   288 8002s
  3893  2771  300.65559  694  136  365.00000  282.53288  22.6%   288 8005s
  3900  2776  294.30130  698  136  365.00000  282.53288  22.6%   287 8012s
  3908  2781  294.30130  702  131  365.00000  282.53288  22.6%   287 8015s
  3909  2782  302.83062  702  139  365.00000  282.53288  22.6%   287 8027s
  3911  2783  302.82822  703  113  365.00000  282.53288  22.6%   287 8031s
  3920  2789  294.30130  708  132  365.00000  282.53288  22.6%   287 8035s
  3921  2790  302.93592  708  118  365.00000  282.53288  22.6%   287 8041s
  3934  2799  294.30130  715  132  365.00000  282.53288  22.6%   286 8045s
  3936  2800  294.30130  716  130  365.00000  282.53288  22.6%   286 8050s
  3941  2803  301.37823  718  129  365.00000  282.53288  22.6%   286 8070s
  3954  2812  294.30130  725  134  365.00000  282.53288  22.6%   285 8075s
  3963  2818  298.72438  729  129  365.00000  282.53288  22.6%   285 8082s
  3970  2823  294.30130  733  134  365.00000  282.53288  22.6%   284 8085s
  3981  2830  300.07053  738  124  365.00000  282.53288  22.6%   284 8094s
  3982  2831  294.30130  739  133  365.00000  282.53288  22.6%   284 8096s
  3984  2832  294.30130  740  132  365.00000  282.53288  22.6%   284 8103s
  3987  2834  298.27053  741  121  365.00000  282.53288  22.6%   284 8105s
  3988  2835  294.30130  742  130  365.00000  282.53288  22.6%   284 8113s
  3990  2836  294.30130  743  131  365.00000  282.53288  22.6%   283 8116s
  3991  2837  297.83976  743  129  365.00000  282.53288  22.6%   283 8122s
  3994  2839  294.30130  745  133  365.00000  282.53288  22.6%   283 8132s
  3999  2842  299.05899  747  125  365.00000  282.53288  22.6%   283 8135s
  4000  2843  294.30130  748  135  365.00000  282.53288  22.6%   283 8140s
  4008  2848  294.30130  752  135  365.00000  282.53288  22.6%   283 8150s
  4016  2853  294.30130  756  134  365.00000  282.53288  22.6%   283 8155s
  4018  2855  294.30130  757  135  365.00000  282.53288  22.6%   283 8160s
  4023  2858  297.45515  759  117  365.00000  282.53288  22.6%   283 8166s
  4028  2861  294.30130  762  131  365.00000  282.53288  22.6%   283 8170s
  4033  2865  297.99410  764  111  365.00000  282.53288  22.6%   283 8179s
  4034  2865  294.30130  765  132  365.00000  282.53288  22.6%   283 8181s
  4044  2872  294.30130  770  132  365.00000  282.53288  22.6%   283 8190s
  4055  2879  299.05899  775  116  365.00000  282.53288  22.6%   282 8195s
  4063  2885  298.27053  779  116  365.00000  282.53288  22.6%   282 8200s
  4071  2890  301.37823  783  128  365.00000  282.53288  22.6%   282 8207s
  4077  2894  303.14746  786  123  365.00000  282.53288  22.6%   282 8210s
  4079  2895  303.14746  787  125  365.00000  282.53288  22.6%   282 8215s
  4081  2897  303.14746  788  114  365.00000  282.53288  22.6%   282 8222s
  4089  2902  299.60900  792  125  365.00000  282.53288  22.6%   281 8225s
  4093  2905  301.46155  794  156  365.00000  282.53288  22.6%   281 8235s
  4098  2908  294.30130  797  132  365.00000  282.53288  22.6%   281 8240s
  4100  2909  294.30130  798  133  365.00000  282.53288  22.6%   281 8245s
  4105  2913  301.37823  800  126  365.00000  282.53288  22.6%   281 8250s
  4107  2914  301.43272  801  125  365.00000  282.53288  22.6%   281 8255s
  4115  2919  300.93223  805  147  365.00000  282.53288  22.6%   281 8260s
  4117  2921  301.60531  806  140  365.00000  282.53288  22.6%   281 8267s
  4123  2925  300.05899  809  112  365.00000  282.53288  22.6%   281 8272s
  4125  2926  300.05899  810  116  365.00000  282.53288  22.6%   281 8278s
  4127  2927  300.05899  811  115  365.00000  282.53288  22.6%   281 8280s
  4135  2933  302.37823  815  127  365.00000  282.53288  22.6%   281 8285s
  4148  2941  294.33976  822  132  365.00000  282.53288  22.6%   281 8290s
  4152  2944  294.33976  824  134  365.00000  282.53288  22.6%   281 8295s
  4156  2947  294.33976  826  132  365.00000  282.53288  22.6%   281 8300s
  4163  2951  305.79502  829  122  365.00000  282.53288  22.6%   282 8308s
  4167  2954  305.91669  831  124  365.00000  282.53288  22.6%   282 8310s
  4175  2959  304.02579  835  123  365.00000  282.53288  22.6%   281 8320s
  4178  2961  294.33976  837  134  365.00000  282.53288  22.6%   281 8327s
  4179  2962  304.14746  837  124  365.00000  282.53288  22.6%   281 8332s
  4183  2965  299.27053  839  120  365.00000  282.53288  22.6%   281 8335s
  4185  2966  301.52053  840  103  365.00000  282.53288  22.6%   282 8356s
  4189  2969  301.63591  842  112  365.00000  282.53288  22.6%   282 8363s
  4190  2969  294.33976  843  133  365.00000  282.53288  22.6%   282 8365s
  4191  2970  305.91669  843  115  365.00000  282.53288  22.6%   282 8370s
  4195  2973  301.63591  845  119  365.00000  282.53288  22.6%   283 8375s
  4200  2976  294.37823  848  133  365.00000  282.53288  22.6%   283 8382s
  4206  2980  294.37823  851  133  365.00000  282.53288  22.6%   282 8388s
  4211  2983  302.49361  853  120  365.00000  282.53288  22.6%   282 8390s
  4217  2987  300.27053  856  112  365.00000  282.53288  22.6%   283 8397s
  4223  2991  302.49361  859  120  365.00000  282.53288  22.6%   282 8400s
  4229  2995  302.63591  862  113  365.00000  282.53288  22.6%   283 8405s
  4233  2998  303.37823  864  128  365.00000  282.53288  22.6%   283 8410s
  4241  3003  306.91669  868  120  365.00000  282.53288  22.6%   283 8415s
  4250  3009  294.37823  873  134  365.00000  282.53288  22.6%   283 8420s
  4257  3014  299.48206  876  115  365.00000  282.53288  22.6%   283 8426s
  4260  3016  294.41669  878  135  365.00000  282.53288  22.6%   283 8430s
  4263  3018  300.48206  879  115  365.00000  282.53288  22.6%   283 8435s
  4269  3022  301.40754  882  138  365.00000  282.53288  22.6%   283 8444s
  4270  3023  294.41669  883  132  365.00000  282.53288  22.6%   283 8445s
  4271  3023  301.60271  883  122  365.00000  282.53288  22.6%   283 8458s
  4272  3024  294.41669  884  132  365.00000  282.53288  22.6%   283 8463s
  4275  3026  304.37823  885  123  365.00000  282.53288  22.6%   283 8470s
  4283  3031  301.72438  889  126  365.00000  282.53288  22.6%   283 8475s
  4287  3034  301.60900  891  126  365.00000  282.53288  22.6%   283 8482s
  4292  3037  294.41669  894  132  365.00000  282.53288  22.6%   283 8485s
  4300  3043  294.41669  898  132  365.00000  282.53288  22.6%   283 8494s
  4301  3043  302.60900  898  122  365.00000  282.53288  22.6%   283 8496s
  4311  3050  300.83976  903  123  365.00000  282.53288  22.6%   282 8500s
  4315  3053  300.10813  905  116  365.00000  282.53288  22.6%   283 8506s
  4323  3058  300.48206  909  113  365.00000  282.53288  22.6%   282 8510s
  4329  3062  300.48206  912  111  365.00000  282.53288  22.6%   282 8516s
  4331  3063  300.30287  913  111  365.00000  282.53288  22.6%   283 8521s
  4337  3067  306.14746  916  118  365.00000  282.53288  22.6%   283 8526s
  4341  3070  302.60900  918  130  365.00000  282.53288  22.6%   283 8530s
  4345  3073  301.82975  920  144  365.00000  282.53288  22.6%   283 8541s
  4351  3077  298.24304  923  153  365.00000  282.53288  22.6%   283 8545s
  4359  3082  299.52292  927  138  365.00000  282.53288  22.6%   283 8556s
  4366  3087  294.47438  931  133  365.00000  282.53288  22.6%   283 8560s
  4368  3088  294.47438  932  133  365.00000  282.53288  22.6%   283 8567s
  4369  3089  304.45999  932  154  365.00000  282.53288  22.6%   283 8579s
  4370  3089  294.47438  933  134  365.00000  282.53288  22.6%   283 8580s
  4372  3091  294.47438  934  134  365.00000  282.53288  22.6%   283 8586s
  4382  3097  294.47438  939  134  365.00000  282.53288  22.6%   282 8590s
  4395  3106  300.12610  945  151  365.00000  282.53288  22.6%   282 8598s
  4400  3109  294.47438  948  136  365.00000  282.53288  22.6%   281 8604s
  4402  3111  294.47438  949  135  365.00000  282.53288  22.6%   281 8605s
  4412  3117  294.47438  954  135  365.00000  282.53288  22.6%   281 8610s
  4413  3118  299.52292  954  146  365.00000  282.53288  22.6%   281 8619s
  4415  3119  298.24304  955  153  365.00000  282.53288  22.6%   281 8620s
  4417  3121  297.90927  956  119  365.00000  282.53288  22.6%   282 8639s
  4419  3122  298.23777  957  120  365.00000  282.53288  22.6%   282 8666s
  4421  3123  298.40077  958   99  365.00000  282.53288  22.6%   283 8689s
  4422  3124  294.47438  959  135  365.00000  282.53288  22.6%   283 8694s
  4423  3125  304.37823  959  119  365.00000  282.53288  22.6%   283 8695s
  4431  3130  300.48206  963  118  365.00000  282.53288  22.6%   283 8700s
  4439  3135  302.60900  967  116  365.00000  282.53288  22.6%   283 8714s
  4442  3137  294.47438  969  133  365.00000  282.53288  22.6%   283 8715s
  4449  3142  304.37823  972  126  365.00000  282.53288  22.6%   283 8722s
  4456  3147  294.47438  976  133  365.00000  282.53288  22.6%   283 8725s
  4463  3151  304.06139  979  139  365.00000  282.53288  22.6%   283 8737s
  4466  3153  294.47438  981  134  365.00000  282.53288  22.6%   283 8742s
  4469  3155  304.37823  982  127  365.00000  282.53288  22.6%   283 8749s
  4472  3157  294.47438  984  134  365.00000  282.53288  22.6%   283 8750s
  4476  3160  294.47438  986  135  365.00000  282.53288  22.6%   283 8760s
  4481  3163  299.04438  988  112  365.00000  282.53288  22.6%   284 8781s
  4483  3165  299.07320  989  122  365.00000  282.53288  22.6%   284 8807s
  4485  3166  298.69773  990  116  365.00000  282.53288  22.6%   285 8818s
  4487  3167  299.17850  991  107  365.00000  282.53288  22.6%   285 8831s
  4489  3169  300.27466  992  114  365.00000  282.53288  22.6%   286 8854s
  4490  3169  294.47438  993  135  365.00000  282.53288  22.6%   286 8855s
  4498  3175  294.47438  997  136  365.00000  282.53288  22.6%   286 8860s
  4500  3176  294.47438  998  135  365.00000  282.53288  22.6%   286 8865s
  4503  3178  300.25283  999  137  365.00000  282.53288  22.6%   286 8883s
  4505  3179  300.47352 1000  121  365.00000  282.53288  22.6%   286 8889s
  4507  3181  298.24304 1001  153  365.00000  282.53288  22.6%   286 8890s
  4517  3187  298.06312 1006  134  365.00000  282.53288  22.6%   287 8924s
  4520  3189  294.47438 1008  134  365.00000  282.53288  22.6%   287 8925s
  4521  3190  299.48619 1008  112  365.00000  282.53288  22.6%   287 8938s
  4526  3193  294.47438 1011  133  365.00000  282.53288  22.6%   287 8940s
  4532  3197  294.47438 1014  134  365.00000  282.53288  22.6%   287 8945s
  4537  3201  304.56529 1016  140  365.00000  282.53288  22.6%   287 8953s
  4539  3202  299.25543 1017  120  365.00000  282.53288  22.6%   287 8979s
  4540  3203  294.47438 1018  133  365.00000  282.53288  22.6%   287 8980s
  4547  3207  299.83976 1021  123  365.00000  282.53288  22.6%   287 8986s
  4553  3211  304.67362 1024  149  365.00000  282.53288  22.6%   287 8991s
  4557  3214  302.00916 1026  148  365.00000  282.53288  22.6%   287 8996s
  4563  3218  304.43117 1029  126  365.00000  282.53288  22.6%   287 9017s
  4566  3220  294.47438 1031  134  365.00000  282.53288  22.6%   287 9022s
  4572  3224  294.47438 1034  134  365.00000  282.53288  22.6%   287 9025s
  4584  3232  294.47438 1040  134  365.00000  282.53288  22.6%   287 9032s
  4591  3237  304.37823 1043  117  365.00000  282.53288  22.6%   287 9036s
  4600  3243  294.47438 1048  133  365.00000  282.53288  22.6%   286 9043s
  4603  3245  304.37823 1049  124  365.00000  282.53288  22.6%   286 9046s
  4607  3247  300.47352 1051  114  365.00000  282.53288  22.6%   286 9050s
  4611  3250  300.47352 1053  128  365.00000  282.53288  22.6%   287 9059s
  4613  3251  298.10813 1054  124  365.00000  282.53288  22.6%   287 9063s
  4617  3254  300.83976 1056  124  365.00000  282.53288  22.6%   287 9065s
  4619  3255  304.03256 1057  109  365.00000  282.53288  22.6%   287 9075s
  4625  3259  296.58094 1060  118  365.00000  282.53288  22.6%   288 9115s
  4627  3261  299.91669 1061  130  365.00000  282.53288  22.6%   288 9124s
  4629  3262  299.54215 1062  156  365.00000  282.53288  22.6%   289 9142s
  4631  3263  299.08976 1063  132  365.00000  282.53288  22.6%   289 9149s
  4633  3265  300.74361 1064  129  365.00000  282.53288  22.6%   289 9165s
  4635  3266  297.64826 1065  113  365.00000  282.53288  22.6%   290 9191s
  4637  3267  301.29215 1066  143  365.00000  282.53288  22.6%   291 9212s
  4638  3268  294.47438 1067  135  365.00000  282.53288  22.6%   290 9216s
  4639  3269  301.26333 1067  115  365.00000  282.53288  22.6%   291 9235s
  4641  3270  301.39746 1068  115  365.00000  282.53288  22.6%   292 9253s
  4643  3271  300.72438 1069  129  365.00000  282.53288  22.6%   292 9260s
  4647  3274  301.48733 1071  122  365.00000  282.53288  22.6%   293 9293s
  4649  3275  298.46587 1072  115  365.00000  282.53288  22.6%   293 9317s
  4651  3277  298.25482 1073  107  365.00000  282.53288  22.6%   294 9342s
  4653  3278  296.58094 1074  126  365.00000  282.53288  22.6%   295 9381s
  4655  3279  300.36908 1075  152  365.00000  282.53288  22.6%   295 9401s
  4657  3281  297.35158 1076  122  365.00000  282.53288  22.6%   296 9442s
  4659  3282  298.20515 1077  131  365.00000  282.53288  22.6%   296 9445s
  4661  3283  298.20515 1078  129  365.00000  282.53288  22.6%   296 9451s
  4663  3285  299.97438 1079  125  365.00000  282.53288  22.6%   296 9470s
  4665  3286  299.97438 1080  130  365.00000  282.53288  22.6%   297 9481s
  4667  3287  299.97438 1081  129  365.00000  282.53288  22.6%   297 9489s
  4669  3289  299.08976 1082  131  365.00000  282.53288  22.6%   297 9500s
  4671  3290  301.74361 1083  129  365.00000  282.53288  22.6%   297 9507s
  4673  3291  299.97438 1084  126  365.00000  282.53288  22.6%   298 9516s
  4675  3293  301.74361 1085  133  365.00000  282.53288  22.6%   298 9524s
  4677  3294  299.08976 1086  126  365.00000  282.53288  22.6%   298 9533s
  4679  3295  299.97438 1087  119  365.00000  282.53288  22.6%   298 9540s
  4681  3297  301.74361 1088  117  365.00000  282.53288  22.6%   299 9545s
  4683  3298  299.08976 1089  123  365.00000  282.53288  22.6%   299 9552s
  4685  3299  299.97225 1090  145  365.00000  282.53288  22.6%   299 9564s
  4686  3300  294.47438 1091  136  365.00000  282.53288  22.6%   299 9565s
  4687  3301  299.59849 1091  165  365.00000  282.53288  22.6%   300 9583s
  4689  3302  299.08976 1092  130  365.00000  282.53288  22.6%   300 9588s
  4691  3303  297.97438 1093  126  365.00000  282.53288  22.6%   300 9606s
  4695  3306  299.08976 1095  133  365.00000  282.53288  22.6%   300 9614s
  4697  3307  299.97438 1096  132  365.00000  282.53288  22.6%   301 9620s
  4700  3309  294.47438 1098  136  365.00000  282.53288  22.6%   300 9625s
  4715  3319  300.74220 1105  118  365.00000  282.53288  22.6%   301 9654s
  4717  3321  299.81547 1106  138  365.00000  282.53288  22.6%   301 9677s
  4719  3322  301.19043 1107  124  365.00000  282.53288  22.6%   301 9680s
  4723  3325  302.78207 1109  132  365.00000  282.53288  22.6%   302 9696s
  4730  3329  294.47438 1113  137  365.00000  282.53288  22.6%   301 9700s
  4737  3334  297.85813 1116  121  365.00000  282.53288  22.6%   301 9708s
  4739  3335  299.92591 1117  135  365.00000  282.53288  22.6%   302 9723s
  4745  3339  301.20515 1120  126  365.00000  282.53288  22.6%   302 9727s
  4746  3340  294.47438 1121  139  365.00000  282.53288  22.6%   302 9732s
  4754  3345  294.47438 1125  140  365.00000  282.53288  22.6%   301 9735s
  4755  3346  299.28207 1125  135  365.00000  282.53288  22.6%   301 9740s
  4758  3348  294.47438 1127  140  365.00000  282.53288  22.6%   301 9745s
  4760  3349  294.47438 1128  139  365.00000  282.53288  22.6%   301 9750s
  4771  3357  298.18592 1133  129  365.00000  282.53288  22.6%   301 9755s
  4773  3358  297.33235 1134  104  365.00000  282.53288  22.6%   301 9789s
  4775  3359  298.18592 1135  130  365.00000  282.53288  22.6%   301 9790s
  4786  3367  294.47438 1141  139  365.00000  282.53288  22.6%   301 9795s
  4791  3370  298.07053 1143  118  365.00000  282.53288  22.6%   301 9801s
  4796  3373  294.47438 1146  139  365.00000  282.53288  22.6%   301 9805s
  4800  3376  294.47438 1148  140  365.00000  282.53288  22.6%   301 9814s
  4802  3377  294.47438 1149  140  365.00000  282.53288  22.6%   301 9815s
  4815  3386  297.80998 1155  135  365.00000  282.53288  22.6%   301 9851s
  4819  3389  298.94902 1157  139  365.00000  282.53288  22.6%   301 9856s
  4825  3393  300.94902 1160  144  365.00000  282.53288  22.6%   301 9860s
  4827  3394  299.17980 1161  133  365.00000  282.53288  22.6%   301 9865s
  4829  3395  299.73750 1162  132  365.00000  282.53288  22.6%   301 9879s
  4830  3396  294.53207 1163  136  365.00000  282.53288  22.6%   301 9880s
  4833  3398  301.58365 1164  126  365.00000  282.53288  22.6%   301 9887s
  4839  3402  301.92980 1167  129  365.00000  282.53288  22.6%   301 9891s
  4848  3408  294.53207 1172  137  365.00000  282.53288  22.6%   301 9895s
  4851  3410  300.96825 1173  140  365.00000  282.53288  22.6%   301 9900s
  4854  3412  294.53207 1175  138  365.00000  282.53288  22.6%   302 9910s
  4855  3413  300.10288 1175  130  365.00000  282.53288  22.6%   302 9918s
  4857  3414  299.16056 1176  132  365.00000  282.53288  22.6%   302 9927s
  4861  3417  301.80417 1178  147  365.00000  282.53288  22.6%   302 9939s
  4862  3417  294.53207 1179  136  365.00000  282.53288  22.6%   302 9940s
  4863  3418  301.02596 1179  126  365.00000  282.53288  22.6%   303 9945s
  4865  3419  301.58365 1180  126  365.00000  282.53288  22.6%   303 9960s
  4867  3421  301.02596 1181  133  365.00000  282.53288  22.6%   303 9965s
  4871  3423  301.87211 1183  122  365.00000  282.53288  22.6%   304 9977s
  4873  3425  301.02596 1184  132  365.00000  282.53288  22.6%   304 9981s
  4877  3427  301.87210 1186  146  365.00000  282.53288  22.6%   304 9989s
  4879  3429  298.25671 1187  150  365.00000  282.53288  22.6%   304 9990s
  4881  3430  301.65428 1188  126  365.00000  282.53288  22.6%   304 10015s
  4885  3433  300.96825 1190  142  365.00000  282.53288  22.6%   305 10020s
  4889  3435  301.79518 1192  141  365.00000  282.53288  22.6%   305 10032s
  4891  3437  300.06441 1193  145  365.00000  282.53288  22.6%   305 10035s
  4896  3440  294.53207 1196  138  365.00000  282.53288  22.6%   306 10040s
  4899  3442  301.86003 1197  153  365.00000  282.53288  22.6%   306 10050s
  4900  3443  294.53207 1198  139  365.00000  282.53288  22.6%   306 10055s
  4903  3445  299.16056 1199  140  365.00000  282.53288  22.6%   306 10061s
  4905  3446  300.96825 1200  142  365.00000  282.53288  22.6%   307 10068s
  4907  3447  300.96825 1201  145  365.00000  282.53288  22.6%   307 10075s
  4909  3449  300.96825 1202  145  365.00000  282.53288  22.6%   307 10085s
  4913  3451  301.02596 1204  141  365.00000  282.53288  22.6%   308 10090s
  4917  3454  298.25671 1206  144  365.00000  282.53288  22.6%   308 10096s
  4921  3457  300.96825 1208  142  365.00000  282.53288  22.6%   308 10100s
  4923  3458  298.68085 1209  162  365.00000  282.53288  22.6%   309 10123s
  4924  3459  294.53207 1210  140  365.00000  282.53288  22.6%   309 10150s
  4925  3459  303.23337 1210  136  365.00000  282.53288  22.6%   309 10165s
  4927  3461  301.54107 1211  127  365.00000  282.53288  22.6%   310 10178s
  4929  3462  297.23337 1212  130  365.00000  282.53288  22.6%   310 10184s
  4931  3463  297.35900 1213  137  365.00000  282.53288  22.6%   310 10185s
  4933  3465  300.69491 1214  124  365.00000  282.53288  22.6%   310 10203s
  4935  3466  298.60271 1215  127  365.00000  282.53288  22.6%   311 10239s
  4938  3468  294.53207 1217  140  365.00000  282.53288  22.6%   311 10240s
  4939  3469  298.22438 1217  130  365.00000  282.53288  22.6%   311 10246s
  4941  3470  301.60900 1218  120  365.00000  282.53288  22.6%   312 10255s
  4943  3471  301.60900 1219  130  365.00000  282.53288  22.6%   312 10267s
  4945  3473  303.26284 1220  133  365.00000  282.53288  22.6%   313 10282s
  4947  3474  299.08976 1221  122  365.00000  282.53288  22.6%   314 10291s
  4949  3475  300.49361 1222  148  365.00000  282.53288  22.6%   314 10312s
  4951  3477  298.26284 1223  133  365.00000  282.53288  22.6%   314 10316s
  4953  3478  301.43592 1224  124  365.00000  282.53288  22.6%   314 10330s
  4955  3479  301.58348 1225  133  365.00000  282.53288  22.6%   315 10358s
  4957  3481  301.53207 1226  127  365.00000  282.53288  22.6%   316 10381s
  4959  3482  301.73337 1227  122  365.00000  282.53288  22.6%   316 10392s
  4961  3483  301.60900 1228  116  365.00000  282.53288  22.6%   317 10407s
  4962  3484  294.53207 1229  141  365.00000  282.53288  22.6%   317 10412s
  4963  3485  298.22438 1229  129  365.00000  282.53288  22.6%   317 10418s
  4965  3486  297.28207 1230  124  365.00000  282.53288  22.6%   317 10428s
  4967  3487  298.26284 1231  132  365.00000  282.53288  22.6%   317 10431s
  4969  3489  299.91669 1232  128  365.00000  282.53288  22.6%   318 10437s
  4973  3491  299.91669 1234  131  365.00000  282.53288  22.6%   318 10444s
  4974  3492  294.53207 1235  140  365.00000  282.53288  22.6%   318 10445s
  4975  3493  301.57053 1235  124  365.00000  282.53288  22.6%   319 10471s
  4977  3494  296.02579 1236  124  365.00000  282.53288  22.6%   319 10491s
  4979  3495  296.11289 1237  131  365.00000  282.53288  22.6%   320 10501s
  4981  3497  297.39004 1238  140  365.00000  282.53288  22.6%   320 10526s
  4983  3498  299.69886 1239  127  365.00000  282.53288  22.6%   321 10541s
  4985  3499  298.22438 1240  140  365.00000  282.53288  22.6%   321 10556s
  4987  3501  299.64746 1241  123  365.00000  282.53288  22.6%   321 10570s
  4988  3501  294.53207 1242  140  365.00000  282.53288  22.6%   321 10576s
  4989  3502  298.22438 1242  144  365.00000  282.53288  22.6%   322 10584s
  4991  3503  299.83976 1243  121  365.00000  282.53288  22.6%   322 10600s
  4995  3506  299.91669 1245  125  365.00000  282.53288  22.6%   322 10608s
  4997  3507  298.68085 1246  150  365.00000  282.53288  22.6%   323 10628s
  4998  3508  294.53207 1247  140  365.00000  282.53288  22.6%   323 10631s
  4999  3509  298.48226 1247  142  365.00000  282.53288  22.6%   324 10658s
  5000  3509  294.53207 1248  141  365.00000  282.53288  22.6%   324 10662s
  5001  3510  299.60271 1248  126  365.00000  282.53288  22.6%   324 10685s
  5003  3511  298.12823 1249  146  365.00000  282.53288  22.6%   325 10692s
  5005  3513  299.55130 1250  119  365.00000  282.53288  22.6%   325 10716s
  5007  3514  299.78207 1251  124  365.00000  282.53288  22.6%   326 10734s
  5009  3515  297.50341 1252  108  365.00000  282.53288  22.6%   326 10756s
  5010  3516  294.53207 1253  141  365.00000  282.53288  22.6%   326 10761s
  5011  3517  297.59057 1253  110  365.00000  282.53288  22.6%   327 10787s
  5013  3518  298.38894 1254  115  365.00000  282.53288  22.6%   328 10803s
  5015  3519  297.06312 1255  121  365.00000  282.53288  22.6%   328 10813s
  5016  3520  294.53207 1256  140  365.00000  282.53288  22.6%   328 10817s
  5017  3521  297.06312 1256  121  365.00000  282.53288  22.6%   328 10824s
  5019  3522  298.44663 1257  124  365.00000  282.53288  22.6%   328 10839s
  5020  3523  294.53207 1258  140  365.00000  282.53288  22.6%   328 10840s
  5021  3523  300.43641 1258  115  365.00000  282.53288  22.6%   329 10856s
  5025  3526  299.55179 1260  110  365.00000  282.53288  22.6%   329 10873s
  5027  3527  299.71810 1261  134  365.00000  282.53288  22.6%   330 10882s
  5029  3529  298.12823 1262  124  365.00000  282.53288  22.6%   330 10885s
  5031  3530  298.00543 1263  113  365.00000  282.53288  22.6%   331 10920s
  5033  3531  297.15012 1264  155  365.00000  282.53288  22.6%   331 10967s
  5038  3535  294.53207 1267  140  365.00000  282.53288  22.6%   331 10970s
  5039  3535  301.32102 1267  110  365.00000  282.53288  22.6%   332 10988s
  5043  3538  300.89746 1269  132  365.00000  282.53288  22.6%   331 10995s
  5047  3541  304.25656 1271  126  365.00000  282.53288  22.6%   332 11003s
  5048  3541  294.53207 1272  142  365.00000  282.53288  22.6%   332 11007s
  5049  3542  298.83348 1272  127  365.00000  282.53288  22.6%   332 11020s
  5051  3543  299.01284 1273  132  365.00000  282.53288  22.6%   332 11025s
  5055  3546  300.47438 1275  122  365.00000  282.53288  22.6%   332 11036s
  5057  3547  300.43641 1276  122  365.00000  282.53288  22.6%   333 11047s
  5059  3549  299.24275 1277  119  365.00000  282.53288  22.6%   333 11059s
  5060  3549  294.53207 1278  142  365.00000  282.53288  22.6%   333 11060s
  5061  3550  299.41582 1278  123  365.00000  282.53288  22.6%   333 11071s
  5065  3553  298.25591 1280  107  365.00000  282.53288  22.6%   334 11095s
  5070  3556  294.53207 1283  142  365.00000  282.53288  22.6%   334 11103s
  5071  3557  296.67963 1283  111  365.00000  282.53288  22.6%   335 11136s
  5072  3557  294.53207 1284  140  365.00000  282.53288  22.6%   335 11141s
  5073  3558  300.60271 1284  119  365.00000  282.53288  22.6%   335 11157s
  5075  3559  301.45515 1285  112  365.00000  282.53288  22.6%   335 11170s
  5077  3561  301.48733 1286  131  365.00000  282.53288  22.6%   336 11175s
  5083  3565  299.53121 1289  116  365.00000  282.53288  22.6%   336 11186s
  5087  3567  299.12823 1291  125  365.00000  282.53288  22.6%   336 11190s
  5097  3574  297.03538 1296  115  365.00000  282.53288  22.6%   336 11208s
  5099  3575  297.28207 1297  133  365.00000  282.53288  22.6%   336 11210s
  5100  3576  294.53207 1298  144  365.00000  282.53288  22.6%   336 11215s
  5101  3577  298.85136 1298  139  365.00000  282.53288  22.6%   337 11239s
  5102  3577  294.53207 1299  141  365.00000  282.53288  22.6%   337 11240s
  5113  3585  299.07053 1304  133  365.00000  282.53288  22.6%   336 11252s
  5121  3590  301.12823 1308  141  365.00000  282.53288  22.6%   336 11255s
  5127  3594  301.12823 1311  141  365.00000  282.53288  22.6%   336 11260s
  5137  3601  299.24361 1316  143  365.00000  282.53288  22.6%   335 11268s
  5141  3603  300.18592 1318  142  365.00000  282.53288  22.6%   335 11270s
  5145  3606  298.30130 1320  143  365.00000  282.53288  22.6%   335 11275s
  5148  3608  294.53207 1322  144  365.00000  282.53288  22.6%   335 11281s
  5151  3610  297.35900 1323  139  365.00000  282.53288  22.6%   335 11286s
  5161  3617  297.35900 1328  137  365.00000  282.53288  22.6%   334 11290s
  5173  3625  298.13465 1334  154  365.00000  282.53288  22.6%   334 11295s
  5178  3628  294.53207 1337  147  365.00000  282.53288  22.6%   334 11303s
  5184  3632  294.53207 1340  148  365.00000  282.53288  22.6%   333 11305s
  5191  3637  298.54389 1343  115  365.00000  282.53288  22.6%   334 11324s
  5193  3638  298.75543 1344  116  365.00000  282.53288  22.6%   334 11326s
  5195  3639  300.57053 1345  128  365.00000  282.53288  22.6%   334 11331s
  5199  3642  302.24361 1347  129  365.00000  282.53288  22.6%   334 11340s
  5200  3643  294.53207 1348  148  365.00000  282.53288  22.6%   334 11345s
  5201  3643  302.20564 1348  107  365.00000  282.53288  22.6%   335 11362s
  5203  3645  300.15927 1349  107  365.00000  282.53288  22.6%   335 11377s
  5205  3646  299.71810 1350  130  365.00000  282.53288  22.6%   335 11384s
  5206  3647  294.53207 1351  147  365.00000  282.53288  22.6%   335 11385s
  5207  3647  298.58235 1351  124  365.00000  282.53288  22.6%   336 11398s
  5213  3651  300.21696 1354  122  365.00000  282.53288  22.6%   336 11404s
  5214  3652  294.53207 1355  149  365.00000  282.53288  22.6%   336 11405s
  5217  3654  297.96696 1356  126  365.00000  282.53288  22.6%   336 11423s
  5220  3656  294.53207 1358  148  365.00000  282.53288  22.6%   336 11425s
  5222  3657  294.53207 1359  149  365.00000  282.53288  22.6%   336 11430s
  5223  3658  299.71810 1359  126  365.00000  282.53288  22.6%   336 11450s
  5225  3659  297.35900 1360  141  365.00000  282.53288  22.6%   336 11459s
  5227  3661  298.80073 1361  138  365.00000  282.53288  22.6%   336 11477s
  5229  3662  298.25671 1362  167  365.00000  282.53288  22.6%   336 11480s
  5231  3663  300.06441 1363  141  365.00000  282.53288  22.6%   337 11492s
  5232  3664  294.53207 1364  144  365.00000  282.53288  22.6%   337 11497s
  5233  3665  300.96825 1364  137  365.00000  282.53288  22.6%   337 11502s
  5235  3666  300.10288 1365  133  365.00000  282.53288  22.6%   337 11505s
  5239  3669  300.60287 1367  156  365.00000  282.53288  22.6%   338 11523s
  5242  3671  294.53207 1369  145  365.00000  282.53288  22.6%   338 11528s
  5245  3673  299.16056 1370  148  365.00000  282.53288  22.6%   338 11534s
  5247  3674  298.25671 1371  152  365.00000  282.53288  22.6%   338 11537s
  5249  3675  300.04518 1372  154  365.00000  282.53288  22.6%   338 11541s
  5251  3677  298.25671 1373  138  365.00000  282.53288  22.6%   338 11546s
  5253  3678  300.06441 1374  151  365.00000  282.53288  22.6%   338 11551s
  5258  3681  294.53207 1377  146  365.00000  282.53288  22.6%   338 11555s
  5261  3683  300.69274 1378  133  365.00000  282.53288  22.6%   339 11570s
  5263  3685  298.03889 1379  128  365.00000  282.53288  22.6%   339 11591s
  5265  3686  300.89133 1380  138  365.00000  282.53288  22.6%   339 11602s
  5269  3689  300.06441 1382  154  365.00000  282.53288  22.6%   340 11610s
  5273  3691  300.06441 1384  154  365.00000  282.53288  22.6%   340 11618s
  5275  3693  299.98748 1385  154  365.00000  282.53288  22.6%   340 11622s
  5279  3695  297.33271 1387  153  365.00000  282.53288  22.6%   340 11625s
  5281  3697  300.06441 1388  144  365.00000  282.53288  22.6%   341 11634s
  5283  3698  298.25671 1389  164  365.00000  282.53288  22.6%   341 11639s
  5286  3700  294.53207 1391  146  365.00000  282.53288  22.6%   341 11642s
  5287  3701  299.80812 1391  151  365.00000  282.53288  22.6%   341 11668s
  5289  3702  299.16056 1392  146  365.00000  282.53288  22.6%   341 11673s
  5292  3704  294.53207 1394  147  365.00000  282.53288  22.6%   341 11675s
  5299  3709  299.10287 1397  149  365.00000  282.53288  22.6%   341 11691s
  5300  3709  294.53207 1398  147  365.00000  282.53288  22.6%   341 11696s
  5303  3711  298.92351 1399  141  365.00000  282.53288  22.6%   342 11714s
  5304  3712  294.53207 1400  147  365.00000  282.53288  22.6%   342 11715s
  5307  3714  297.35900 1401  137  365.00000  282.53288  22.6%   342 11724s
  5309  3715  299.50656 1402  125  365.00000  282.53288  22.6%   343 11749s
  5311  3717  298.22438 1403  156  365.00000  282.53288  22.6%   343 11752s
  5313  3718  301.60900 1404  136  365.00000  282.53288  22.6%   343 11765s
  5315  3719  297.81425 1405  143  365.00000  282.53288  22.6%   344 11793s
  5317  3721  297.96414 1406  127  365.00000  282.53288  22.6%   344 11813s
  5319  3722  299.65645 1407  129  365.00000  282.53288  22.6%   345 11825s
  5321  3723  299.68592 1408  125  365.00000  282.53288  22.6%   345 11844s
  5323  3725  297.18592 1409  122  365.00000  282.53288  22.6%   346 11858s
  5325  3726  297.18592 1410  139  365.00000  282.53288  22.6%   346 11872s
  5329  3729  298.75656 1412  139  365.00000  282.53288  22.6%   346 11899s
  5331  3730  297.35900 1413  143  365.00000  282.53288  22.6%   346 11900s
  5333  3731  297.95515 1414  140  365.00000  282.53288  22.6%   347 11920s
  5337  3734  299.91669 1416  132  365.00000  282.53288  22.6%   347 11930s
  5339  3735  297.28207 1417  128  365.00000  282.53288  22.6%   347 11940s
  5341  3737  298.70515 1418  122  365.00000  282.53288  22.6%   347 11961s
  5342  3737  294.53207 1419  146  365.00000  282.53288  22.6%   347 11966s
  5343  3738  298.90645 1419  135  365.00000  282.53288  22.6%   347 11979s
  5344  3739  294.53207 1420  147  365.00000  282.53288  22.6%   347 11980s
  5345  3739  299.69886 1420  116  365.00000  282.53288  22.6%   348 12006s
  5347  3741  298.22438 1421  152  365.00000  282.53288  22.6%   348 12014s
  5349  3742  299.64746 1422  127  365.00000  282.53288  22.6%   349 12047s
  5351  3743  297.35900 1423  137  365.00000  282.53288  22.6%   349 12052s
  5355  3746  298.22438 1425  150  365.00000  282.53288  22.6%   349 12058s
  5357  3747  299.84876 1426  153  365.00000  282.53288  22.6%   349 12069s
  5359  3749  298.22438 1427  157  365.00000  282.53288  22.6%   349 12076s
  5361  3750  299.91669 1428  127  365.00000  282.53288  22.6%   349 12086s
  5363  3751  299.07053 1429  136  365.00000  282.53288  22.6%   350 12093s
  5365  3753  299.91669 1430  130  365.00000  282.53288  22.6%   350 12102s
  5367  3754  299.91669 1431  128  365.00000  282.53288  22.6%   350 12125s
  5369  3755  301.57053 1432  134  365.00000  282.53288  22.6%   351 12147s
  5371  3757  298.22438 1433  149  365.00000  282.53288  22.6%   351 12155s
  5373  3758  299.07053 1434  135  365.00000  282.53288  22.6%   351 12160s
  5375  3759  299.07053 1435  137  365.00000  282.53288  22.6%   351 12166s
  5377  3761  301.43592 1436  135  365.00000  282.53288  22.6%   352 12189s
  5379  3762  301.58348 1437  124  365.00000  282.53288  22.6%   352 12213s
  5381  3763  301.53207 1438  116  365.00000  282.53288  22.6%   353 12233s
  5383  3765  299.91669 1439  138  365.00000  282.53288  22.6%   353 12237s
  5386  3767  294.53207 1441  143  365.00000  282.53288  22.6%   353 12240s
  5387  3767  300.91669 1441  126  365.00000  282.53288  22.6%   353 12256s
  5389  3769  298.26284 1442  142  365.00000  282.53288  22.6%   353 12262s
  5391  3770  300.03207 1443  139  365.00000  282.53288  22.6%   353 12268s
  5393  3771  298.97438 1444  137  365.00000  282.53288  22.6%   354 12274s
  5394  3772  294.53207 1445  147  365.00000  282.53288  22.6%   354 12277s
  5395  3773  300.58271 1445  147  365.00000  282.53288  22.6%   354 12289s
  5396  3773  294.53207 1446  144  365.00000  282.53288  22.6%   354 12290s
  5397  3774  297.18592 1446  139  365.00000  282.53288  22.6%   354 12299s
  5398  3775  294.53207 1447  140  365.00000  282.53288  22.6%   354 12300s
  5399  3775  296.03597 1447  140  365.00000  282.53288  22.6%   355 12323s
  5400  3776  294.53207 1448  140  365.00000  282.53288  22.6%   355 12328s
  5401  3777  302.33976 1448  126  365.00000  282.53288  22.6%   355 12332s
  5405  3779  300.47438 1450  118  365.00000  282.53288  22.6%   355 12349s
  5407  3781  300.60271 1451  122  365.00000  282.53288  22.6%   355 12364s
  5409  3782  300.03207 1452  135  365.00000  282.53288  22.6%   356 12378s
  5412  3784  294.53207 1454  141  365.00000  282.53288  22.6%   356 12380s
  5419  3789  297.81312 1457  116  365.00000  282.53288  22.6%   356 12386s
  5421  3790  301.33235 1458  117  365.00000  282.53288  22.6%   356 12396s
  5423  3791  298.34307 1459  121  365.00000  282.53288  22.6%   357 12420s
  5425  3793  300.57053 1460  121  365.00000  282.53288  22.6%   357 12437s
  5427  3794  298.22438 1461  156  365.00000  282.53288  22.6%   357 12442s
  5429  3795  300.54502 1462  123  365.00000  282.53288  22.6%   358 12467s
  5431  3797  299.07053 1463  124  365.00000  282.53288  22.6%   358 12478s
  5432  3797  294.53207 1464  144  365.00000  282.53288  22.6%   358 12480s
  5433  3798  300.49361 1464  124  365.00000  282.53288  22.6%   359 12507s
  5435  3799  299.07053 1465  132  365.00000  282.53288  22.6%   359 12520s
  5437  3801  300.72438 1466  142  365.00000  282.53288  22.6%   359 12545s
  5439  3802  297.06312 1467  125  365.00000  282.53288  22.6%   360 12555s
  5441  3803  299.29438 1468  117  365.00000  282.53288  22.6%   360 12573s
  5443  3805  299.01284 1469  118  365.00000  282.53288  22.6%   360 12581s
  5445  3806  297.79389 1470  115  365.00000  282.53288  22.6%   361 12587s
  5447  3807  299.89746 1471  134  365.00000  282.53288  22.6%   361 12590s
  5451  3810  300.89746 1473  130  365.00000  282.53288  22.6%   361 12595s

Cutting planes:
  Gomory: 25
  Cover: 77
  MIR: 156
  StrongCG: 12
  Flow cover: 651
  Zero half: 22
  Network: 33

Explored 5461 nodes (2028990 simplex iterations) in 12600.10 seconds
Thread count was 1 (of 40 available processors)

Solution count 10: 365 366 367 ... 384

Time limit reached
Best objective 3.650000000000e+02, best bound 2.830000000000e+02, gap 22.4658%
Parameter SolutionNumber unchanged
   Value: 0  Min: 0  Max: 2000000000  Default: 0
Changed value of parameter SolutionNumber to 1
   Prev: 0  Min: 0  Max: 2000000000  Default: 0
Changed value of parameter SolutionNumber to 2
   Prev: 1  Min: 0  Max: 2000000000  Default: 0
Changed value of parameter SolutionNumber to 3
   Prev: 2  Min: 0  Max: 2000000000  Default: 0
Changed value of parameter SolutionNumber to 4
   Prev: 3  Min: 0  Max: 2000000000  Default: 0
Changed value of parameter SolutionNumber to 5
   Prev: 4  Min: 0  Max: 2000000000  Default: 0
Changed value of parameter SolutionNumber to 6
   Prev: 5  Min: 0  Max: 2000000000  Default: 0
Changed value of parameter SolutionNumber to 7
   Prev: 6  Min: 0  Max: 2000000000  Default: 0
Changed value of parameter SolutionNumber to 8
   Prev: 7  Min: 0  Max: 2000000000  Default: 0
Changed value of parameter SolutionNumber to 9
   Prev: 8  Min: 0  Max: 2000000000  Default: 0
