
Gurobi 8.1.1 (linux64, Python) logging started Wed Jul 24 12:17:27 2019

Academic license - for non-commercial use only
Changed value of parameter MIPGap to 0.01
   Prev: 0.0001  Min: 0.0  Max: 1e+100  Default: 0.0001
Changed value of parameter Threads to 1
   Prev: 0  Min: 0  Max: 1024  Default: 0
Changed value of parameter Presolve to 2
   Prev: -1  Min: -1  Max: 2  Default: -1
Changed value of parameter MIPFocus to 1
   Prev: 0  Min: 0  Max: 3  Default: 0
Changed value of parameter Cuts to 1
   Prev: -1  Min: -1  Max: 3  Default: -1
Changed value of parameter Method to 4
   Prev: -1  Min: -1  Max: 5  Default: -1
Changed value of parameter TimeLimit to 12600.0
   Prev: 1e+100  Min: 0.0  Max: 1e+100  Default: 1e+100
Optimize a model with 610645 rows, 1200328 columns and 2400656 nonzeros
Variable types: 0 continuous, 1200328 integer (600164 binary)
Coefficient statistics:
  Matrix range     [1e-02, 1e+00]
  Objective range  [1e+00, 1e+01]
  Bounds range     [1e+00, 1e+02]
  RHS range        [1e+00, 1e+02]
Presolve removed 25740 rows and 25740 columns (presolve time = 5s) ...
Presolve removed 25742 rows and 25744 columns (presolve time = 40s) ...
Presolve removed 25743 rows and 25744 columns (presolve time = 68s) ...
Presolve removed 25743 rows and 25744 columns
Presolve time: 67.79s
Presolved: 584902 rows, 1174584 columns, 2349183 nonzeros
Variable types: 0 continuous, 1174584 integer (575182 binary)
Presolve removed 574469 rows and 586201 columns
Presolved: 10433 rows, 588383 columns, 1176760 nonzeros


Root simplex log...

Iteration    Objective       Primal Inf.    Dual Inf.      Time
       0    1.1150000e+02   9.900000e+01   0.000000e+00     80s
    7840    1.8558633e+02   2.723750e+02   0.000000e+00     85s
    9980    1.8720498e+02   1.106250e+02   0.000000e+00     90s
   11360    1.8826689e+02   0.000000e+00   0.000000e+00     93s
   11360    1.8826689e+02   0.000000e+00   0.000000e+00     94s

Root relaxation: objective 1.882669e+02, 11360 iterations, 16.83 seconds
Total elapsed time = 97.26s
Total elapsed time = 101.42s

    Nodes    |    Current Node    |     Objective Bounds      |     Work
 Expl Unexpl |  Obj  Depth IntInf | Incumbent    BestBd   Gap | It/Node Time

     0     0  188.26689    0  300          -  188.26689      -     -  107s
H    0     0                    1317.0000000  188.26689  85.7%     -  113s
H    0     0                    1315.0000000  188.26689  85.7%     -  117s
H    0     0                    1303.0000000  188.26689  85.6%     -  137s
     0     0  247.64976    0  601 1303.00000  247.64976  81.0%     -  150s
H    0     0                    1172.0000000  247.64976  78.9%     -  162s
H    0     0                    1155.0000000  247.64976  78.6%     -  185s
     0     0  256.41325    0  607 1155.00000  256.41325  77.8%     -  186s
     0     0  256.41332    0  619 1155.00000  256.41332  77.8%     -  188s
     0     0  272.17396    0  770 1155.00000  272.17396  76.4%     -  199s
H    0     0                     895.0000000  272.17396  69.6%     -  234s
     0     0  278.09927    0  795  895.00000  278.09927  68.9%     -  236s
     0     0  278.62015    0  814  895.00000  278.62015  68.9%     -  238s
     0     0  278.64795    0  811  895.00000  278.64795  68.9%     -  240s
     0     0  278.64795    0  811  895.00000  278.64795  68.9%     -  242s
     0     0  289.56964    0 1033  895.00000  289.56964  67.6%     -  253s
H    0     0                     799.9999997  289.56964  63.8%     -  286s
     0     0  292.26720    0 1118  800.00000  292.26720  63.5%     -  288s
     0     0  293.25646    0 1138  800.00000  293.25646  63.3%     -  289s
     0     0  293.41068    0 1099  800.00000  293.41068  63.3%     -  291s
     0     0  293.46631    0 1080  800.00000  293.46631  63.3%     -  293s
     0     0  293.51663    0 1087  800.00000  293.51663  63.3%     -  295s
     0     0  296.77389    0 1196  800.00000  296.77389  62.9%     -  311s
H    0     0                     748.0000000  296.77389  60.3%     -  343s
     0     0  299.02419    0 1247  748.00000  299.02419  60.0%     -  345s
     0     0  299.19141    0 1218  748.00000  299.19141  60.0%     -  347s
     0     0  299.46811    0 1239  748.00000  299.46811  60.0%     -  349s
     0     0  299.50693    0 1278  748.00000  299.50693  60.0%     -  350s
     0     0  299.50710    0 1279  748.00000  299.50710  60.0%     -  351s
     0     0  304.36463    0  958  748.00000  304.36463  59.3%     -  388s
H    0     0                     706.0000000  304.36463  56.9%     -  847s
H    0     0                     683.0000000  304.36463  55.4%     -  900s
     0     2  304.36463    0  939  683.00000  304.36463  55.4%     -  900s
H    1     1                     671.0000000  304.36463  54.6% 15338  907s
H    2     2                     669.0000000  304.36463  54.5%  7672  913s
H    3     3                     667.0000000  304.36463  54.4%  5116  919s
H    4     4                     656.0000000  304.36463  53.6%  3837  927s
H    5     5                     655.0000000  304.36463  53.5%  3070  933s
H    6     6                     653.0000000  304.36463  53.4%  2559  940s
H    7     7                     641.0000000  304.36463  52.5%  2201  946s
     8    10  305.03130    8  944  641.00000  304.36463  52.5%  1931  952s
H    9     9                     632.0000000  304.36463  51.8%  1716  958s
    12    14  305.27878   12  948  632.00000  304.36463  51.8%  1292  960s
    13    15  305.27878   13  948  632.00000  304.36463  51.8%  1216  965s
    21    23  305.27878   21  951  632.00000  304.36463  51.8%   754  970s
H   27    27                     627.0000000  304.36463  51.5%   590  978s
    29    31  306.41302   27  924  627.00000  304.36463  51.5%   551  980s
    39    41  307.85523   36  839  627.00000  304.36463  51.5%   415  985s
H   47    47                     625.0000000  304.36463  51.3%   346  995s
H   54    54                     621.0000000  304.36463  51.0%   302 1002s
    60    62  307.97366   57  827  621.00000  304.36463  51.0%   272 1005s
    65    67  307.97366   62  831  621.00000  304.36463  51.0%   254 1011s
    74    76  307.97366   71  826  621.00000  304.36463  51.0%   223 1015s
H   81    81                     620.0000000  304.36463  50.9%   207 1023s
    84    86  308.42241   81  786  620.00000  304.36463  50.9%   200 1025s
    93    95  308.79556   90  760  620.00000  304.36463  50.9%   182 1030s
   100   102  308.79556   97  766  620.00000  304.36463  50.9%   170 1044s
   102   104  308.79556   99  767  620.00000  304.36463  50.9%   167 1045s
H  108   108                     619.0000000  304.36463  50.8%   159 1051s
   114   116  308.96410  111  762  619.00000  304.36463  50.8%   151 1055s
   121   123  308.96410  118  760  619.00000  304.36463  50.8%   145 1060s
   129   131  308.96410  126  767  619.00000  304.36463  50.8%   137 1065s
H  135   135                     617.0000000  304.36463  50.7%   131 1071s
   143   145  308.96410  140  774  617.00000  304.36463  50.7%   125 1075s
   153   155  308.96410  150  771  617.00000  304.36463  50.7%   117 1080s
H  162   162                     614.0000000  304.36463  50.4%   110 1088s
   166   168  308.96410  163  775  614.00000  304.36463  50.4%   108 1090s
   175   177  308.96410  172  771  614.00000  304.36463  50.4%   103 1095s
   184   186  308.96410  181  773  614.00000  304.36463  50.4%  97.8 1100s
   189   191  308.96410  186  776  614.00000  304.36463  50.4%  95.4 1106s
H  190   190                     612.0000000  304.36463  50.3%  94.9 1112s
   195   197  308.96410  192  776  612.00000  304.36463  50.3%  92.6 1115s
   200   202  308.96410  197  775  612.00000  304.36463  50.3%  90.4 1126s
   207   209  308.96410  204  778  612.00000  304.36463  50.3%  87.6 1130s
   216   218  308.96410  213  777  612.00000  304.36463  50.3%  84.0 1137s
   222   224  310.28463  218  758  612.00000  304.36463  50.3%  82.0 1140s
   233   235  310.35482  229  708  612.00000  304.36463  50.3%  78.4 1145s
   243   245  310.35482  239  712  612.00000  304.36463  50.3%  75.5 1153s
   245   247  310.35482  241  714  612.00000  304.36463  50.3%  75.0 1155s
   254   256  310.35482  250  711  612.00000  304.36463  50.3%  72.7 1160s
   263   265  310.35482  259  716  612.00000  304.36463  50.3%  70.6 1165s
H  270   270                     608.0000000  304.36463  49.9%  68.9 1172s
   277   279  310.35482  273  714  608.00000  304.36463  49.9%  67.3 1175s
   286   288  310.35482  282  714  608.00000  304.36463  49.9%  65.3 1180s
   296   298  310.35482  292  715  608.00000  304.36463  49.9%  63.4 1185s
   299   301  310.35482  295  718  608.00000  304.36463  49.9%  62.9 1190s
   300   302  310.35482  296  717  608.00000  304.36463  49.9%  62.7 1198s
   303   305  310.41950  299  707  608.00000  304.36463  49.9%  62.2 1200s
   313   315  310.44456  309  712  608.00000  304.36463  49.9%  60.7 1205s
   324   326  310.44456  320  710  608.00000  304.36463  49.9%  58.8 1212s
   329   331  310.44456  325  708  608.00000  304.36463  49.9%  58.1 1215s
   339   341  310.44456  335  706  608.00000  304.36463  49.9%  56.5 1220s
H  351   351                     607.0000000  304.36463  49.9%  54.6 1228s
   354   356  310.45845  350  711  607.00000  304.36463  49.9%  54.3 1230s
   356   358  310.45845  352  713  607.00000  304.36463  49.9%  54.0 1236s
   364   366  310.45845  360  714  607.00000  304.36463  49.9%  53.0 1240s
   374   376  310.45845  370  718  607.00000  304.36463  49.9%  51.9 1245s
H  378   378                     606.0000000  304.36463  49.8%  51.4 1250s
   389   391  310.45845  385  716  606.00000  304.36463  49.8%  50.0 1255s
   398   400  310.45845  394  719  606.00000  304.36463  49.8%  49.0 1260s
   400   402  310.45845  396  719  606.00000  304.36463  49.8%  48.8 1269s
   402   404  310.45845  398  719  606.00000  304.36463  49.8%  48.6 1270s
H  405   405                     605.0000000  304.36463  49.7%  48.3 1274s
   406   408  310.45845  402  721  605.00000  304.36463  49.7%  48.2 1275s
   416   418  310.46753  412  724  605.00000  304.36463  49.7%  47.1 1280s
   424   426  310.66263  420  691  605.00000  304.36463  49.7%  46.8 1286s
   432   434  310.66263  428  699  605.00000  304.36463  49.7%  46.1 1293s
   436   438  310.66263  432  696  605.00000  304.36463  49.7%  45.7 1295s
   445   447  310.66263  441  693  605.00000  304.36463  49.7%  44.9 1300s
   453   455  310.66263  449  701  605.00000  304.36463  49.7%  44.3 1305s
H  459   459                     600.0000000  304.36463  49.3%  43.8 1312s
   465   467  310.66263  461  702  600.00000  304.36463  49.3%  43.3 1315s
   473   475  310.66263  469  707  600.00000  304.36463  49.3%  42.7 1320s
   484   486  310.66263  480  697  600.00000  304.36463  49.3%  41.9 1325s
H  486   486                     598.0000000  304.36463  49.1%  41.8 1330s
   495   497  310.66263  491  696  598.00000  304.36463  49.1%  41.4 1335s
   500   502  310.66263  496  696  598.00000  304.36463  49.1%  41.0 1345s
   510   512  310.66263  506  699  598.00000  304.36463  49.1%  40.2 1350s
H  513   513                     596.0000000  304.36463  48.9%  40.1 1355s
H  519   519                     595.0000000  304.36463  48.8%  39.7 1364s
   520   522  310.66263  516  709  595.00000  304.36463  48.8%  39.6 1365s
   530   532  310.66263  526  709  595.00000  304.36463  48.8%  39.0 1370s
   539   541  310.66263  535  712  595.00000  304.36463  48.8%  38.4 1375s
   541   543  310.66263  537  711  595.00000  304.36463  48.8%  38.3 1380s
   551   553  310.66263  547  711  595.00000  304.36463  48.8%  37.6 1385s
   561   563  310.66263  557  710  595.00000  304.36463  48.8%  37.0 1390s
H  567   567                     593.0000000  304.36463  48.7%  36.6 1396s
   575   577  310.66263  571  710  593.00000  304.36463  48.7%  36.1 1400s
   585   587  310.66263  581  711  593.00000  304.36463  48.7%  35.5 1405s
H  594   594                     592.0000000  304.36463  48.6%  35.0 1412s
   600   602  310.67709  596  708  592.00000  304.36463  48.6%  35.0 1424s
   602   604  310.67709  598  710  592.00000  304.36463  48.6%  34.9 1425s
   610   612  310.67709  606  708  592.00000  304.36463  48.6%  34.5 1430s
   619   621  310.67709  615  710  592.00000  304.36463  48.6%  34.1 1435s
   621   623  310.67709  617  710  592.00000  304.36463  48.6%  34.0 1440s
   633   635  310.68901  629  709  592.00000  304.36463  48.6%  33.4 1445s
   643   645  311.65471  638  729  592.00000  304.36463  48.6%  33.2 1450s
H  648   648                     590.0000000  304.36463  48.4%  32.9 1456s
   659   661  311.65471  654  730  590.00000  304.36463  48.4%  32.4 1460s
   667   669  311.65471  662  731  590.00000  304.36463  48.4%  32.1 1465s
H  675   675                     588.0000000  304.36463  48.2%  31.7 1473s
   679   681  311.65471  674  730  588.00000  304.36463  48.2%  31.6 1475s
   691   693  311.65471  686  728  588.00000  304.36463  48.2%  31.1 1480s
   700   702  311.65471  695  730  588.00000  304.36463  48.2%  30.7 1493s
H  702   702                     587.0000000  304.36463  48.1%  30.7 1498s
   707   709  311.65471  702  728  587.00000  304.36463  48.1%  30.5 1500s
H  708   708                     585.0000000  304.36463  48.0%  30.4 1506s
   714   716  311.65471  709  729  585.00000  304.36463  48.0%  30.2 1510s
   724   726  311.65471  719  729  585.00000  304.36463  48.0%  29.8 1515s
   729   731  311.65471  724  730  585.00000  304.36463  48.0%  29.6 1521s
   738   740  311.65471  733  731  585.00000  304.36463  48.0%  29.3 1525s
   749   751  311.65471  744  730  585.00000  304.36463  48.0%  28.9 1530s
   756   758  311.65471  751  731  585.00000  304.36463  48.0%  28.7 1536s
   764   766  311.65471  759  730  585.00000  304.36463  48.0%  28.4 1540s
   775   777  311.65471  770  730  585.00000  304.36463  48.0%  28.0 1545s
H  783   783                     584.0000000  304.36463  47.9%  27.7 1552s
   789   791  311.65471  784  730  584.00000  304.36463  47.9%  27.5 1555s
   800   802  311.65471  795  733  584.00000  304.36463  47.9%  27.2 1568s
   802   804  311.65471  797  728  584.00000  304.36463  47.9%  27.1 1570s
H  810   810                     582.0000000  304.36463  47.7%  26.9 1577s
   816   818  311.65471  811  732  582.00000  304.36463  47.7%  26.7 1580s
   825   827  311.65471  820  734  582.00000  304.36463  47.7%  26.4 1585s
   834   836  311.74084  829  734  582.00000  304.36463  47.7%  26.2 1590s
H  837   837                     581.0000000  304.36463  47.6%  26.1 1595s
   846   848  313.09917  840  723  581.00000  304.36463  47.6%  26.0 1600s
   854   856  313.09917  848  726  581.00000  304.36463  47.6%  25.8 1605s
   864   866  313.15135  858  716  581.00000  304.36463  47.6%  25.5 1614s
   866   868  313.15135  860  716  581.00000  304.36463  47.6%  25.5 1615s
   876   878  313.15135  870  718  581.00000  304.36463  47.6%  25.2 1620s
   888   890  313.15425  882  730  581.00000  304.36463  47.6%  24.9 1625s
   891   893  313.15425  885  730  581.00000  304.36463  47.6%  24.8 1630s
   900   902  314.00681  894  708  581.00000  304.36463  47.6%  24.6 1643s
   904   906  314.00681  898  710  581.00000  304.36463  47.6%  24.5 1645s
   918   920  314.00681  912  710  581.00000  304.36463  47.6%  24.2 1654s
   921   923  314.00681  915  706  581.00000  304.36463  47.6%  24.1 1655s
H  931   931                     580.0000000  304.36463  47.5%  23.9 1666s
   939   941  314.08048  933  716  580.00000  304.36463  47.5%  23.7 1670s
   945   947  314.08048  939  715  580.00000  304.36463  47.5%  23.6 1677s
   950   952  314.08048  944  716  580.00000  304.36463  47.5%  23.5 1680s
   958   960  314.08048  952  718  580.00000  304.36463  47.5%  23.3 1685s
   967   969  314.36149  961  714  580.00000  304.36463  47.5%  23.2 1690s
H  972   972                     579.0000000  304.36463  47.4%  23.1 1700s
   983   985  315.67471  976  712  579.00000  304.36463  47.4%  22.9 1705s
   991   993  315.70230  984  711  579.00000  304.36463  47.4%  22.8 1710s
H  999   999                     578.0000000  304.36463  47.3%  22.6 1722s
  1000  1002  315.70230  993  708  578.00000  304.36463  47.3%  22.6 1733s
  1007  1009  315.70230 1000  708  578.00000  304.36463  47.3%  22.5 1735s
  1023  1025  315.70230 1016  707  578.00000  304.36463  47.3%  22.1 1740s
H 1026  1026                     577.0000000  304.36463  47.3%  22.1 1746s
  1037  1039  315.70361 1030  693  577.00000  304.36463  47.3%  21.9 1750s
  1046  1048  315.70361 1039  692  577.00000  304.36463  47.3%  21.8 1755s
H 1053  1053                     576.0000000  304.36463  47.2%  21.7 1768s
  1055  1057  315.70361 1048  693  576.00000  304.36463  47.2%  21.7 1770s
  1063  1065  315.70361 1056  697  576.00000  304.36463  47.2%  21.6 1775s
  1073  1075  315.70361 1066  695  576.00000  304.36463  47.2%  21.4 1780s
  1080  1082  315.70361 1073  694  576.00000  304.36463  47.2%  21.3 1790s
  1089  1091  315.70361 1082  697  576.00000  304.36463  47.2%  21.2 1795s
  1100  1102  315.70361 1093  693  576.00000  304.36463  47.2%  21.0 1810s
H 1107  1107                     575.0000000  304.36463  47.1%  20.8 1818s
  1110  1112  315.70361 1103  694  575.00000  304.36463  47.1%  20.8 1820s
  1119  1121  315.70361 1112  695  575.00000  304.36463  47.1%  20.6 1825s
  1131  1133  315.70361 1124  691  575.00000  304.36463  47.1%  20.4 1830s
  1134  1136  315.70361 1127  695  575.00000  304.36463  47.1%  20.4 1836s
  1141  1143  315.70973 1134  686  575.00000  304.36463  47.1%  20.3 1840s
  1151  1153  315.71067 1144  683  575.00000  304.36463  47.1%  20.2 1852s
  1157  1159  315.71067 1150  683  575.00000  304.36463  47.1%  20.1 1855s
  1161  1163  315.71067 1154  683  575.00000  304.36463  47.1%  20.0 1861s
  1171  1173  315.71278 1164  665  575.00000  304.36463  47.1%  19.9 1865s
  1178  1180  315.71278 1171  670  575.00000  304.36463  47.1%  19.8 1870s
  1187  1189  315.71278 1180  667  575.00000  304.36463  47.1%  19.7 1875s
  1188  1190  315.71278 1181  671  575.00000  304.36463  47.1%  19.7 1881s
  1195  1197  315.71278 1188  671  575.00000  304.36463  47.1%  19.6 1885s
  1200  1202  315.71278 1193  671  575.00000  304.36463  47.1%  19.6 1897s
  1204  1206  315.71278 1197  671  575.00000  304.36463  47.1%  19.5 1900s
  1214  1216  315.71278 1207  669  575.00000  304.36463  47.1%  19.4 1905s
  1215  1217  315.71278 1208  669  575.00000  304.36463  47.1%  19.4 1910s
  1224  1226  315.71278 1217  667  575.00000  304.36463  47.1%  19.2 1915s
  1234  1236  315.71278 1227  671  575.00000  304.36463  47.1%  19.1 1920s
H 1242  1242                     573.0000000  304.36463  46.9%  19.0 1932s
  1246  1248  315.71278 1239  668  573.00000  304.36463  46.9%  19.0 1935s
  1256  1258  315.71278 1249  669  573.00000  304.36463  46.9%  18.9 1940s
  1268  1270  315.71278 1261  669  573.00000  304.36463  46.9%  18.7 1945s
H 1269  1269                     572.0000000  304.36463  46.8%  18.7 1953s
  1273  1275  315.71278 1266  668  572.00000  304.36463  46.8%  18.6 1955s
  1284  1286  315.71278 1277  669  572.00000  304.36463  46.8%  18.5 1960s
  1295  1297  315.71278 1288  669  572.00000  304.36463  46.8%  18.3 1965s
  1297  1299  315.71278 1290  670  572.00000  304.36463  46.8%  18.3 1970s
  1300  1302  315.71278 1293  670  572.00000  304.36463  46.8%  18.3 1980s
  1309  1311  315.71278 1302  672  572.00000  304.36463  46.8%  18.2 1985s
  1316  1318  315.71278 1309  671  572.00000  304.36463  46.8%  18.2 1990s
  1323  1325  315.71278 1316  674  572.00000  304.36463  46.8%  18.2 2004s
  1324  1326  315.71278 1317  673  572.00000  304.36463  46.8%  18.2 2005s
  1333  1335  315.71278 1326  677  572.00000  304.36463  46.8%  18.1 2010s
  1342  1344  316.64135 1334  674  572.00000  304.36463  46.8%  17.9 2015s
  1350  1352  316.64174 1342  651  572.00000  304.36463  46.8%  17.9 2026s
  1357  1359  316.64174 1349  652  572.00000  304.36463  46.8%  17.9 2030s
  1366  1368  316.64174 1358  659  572.00000  304.36463  46.8%  17.8 2035s
  1377  1379  316.64174 1369  658  572.00000  304.36463  46.8%  17.7 2043s
H 1379  1379                     569.0000000  304.36463  46.5%  17.6 2052s
  1386  1388  316.64174 1378  658  569.00000  304.36463  46.5%  17.6 2055s
  1400  1402  316.64174 1392  660  569.00000  304.36463  46.5%  17.4 2067s
  1404  1406  316.64174 1396  660  569.00000  304.36463  46.5%  17.3 2074s
  1405  1407  316.64174 1397  661  569.00000  304.36463  46.5%  17.3 2075s
  1418  1420  316.64174 1410  663  569.00000  304.36463  46.5%  17.2 2080s
  1431  1433  316.64302 1423  664  569.00000  304.36463  46.5%  17.1 2091s
  1437  1439  316.64302 1429  666  569.00000  304.36463  46.5%  17.0 2095s
  1447  1449  316.64302 1439  663  569.00000  304.36463  46.5%  16.9 2100s
  1458  1460  316.64302 1450  662  569.00000  304.36463  46.5%  16.8 2109s
  1461  1463  316.64302 1453  660  569.00000  304.36463  46.5%  16.7 2110s
  1469  1471  316.64302 1461  664  569.00000  304.36463  46.5%  16.7 2115s
  1479  1481  316.64302 1471  669  569.00000  304.36463  46.5%  16.6 2120s
  1485  1487  316.64302 1477  666  569.00000  304.36463  46.5%  16.6 2128s
  1488  1490  316.64302 1480  666  569.00000  304.36463  46.5%  16.5 2130s
  1500  1502  316.64302 1492  662  569.00000  304.36463  46.5%  16.4 2144s
  1503  1505  316.64302 1495  662  569.00000  304.36463  46.5%  16.4 2145s
  1512  1514  316.64302 1504  662  569.00000  304.36463  46.5%  16.3 2156s
  1518  1520  316.64302 1510  665  569.00000  304.36463  46.5%  16.3 2160s
  1530  1532  316.64302 1522  666  569.00000  304.36463  46.5%  16.1 2165s
  1539  1541  316.64302 1531  664  569.00000  304.36463  46.5%  16.1 2173s
  1544  1546  316.64302 1536  662  569.00000  304.36463  46.5%  16.0 2175s
  1559  1561  316.64302 1551  666  569.00000  304.36463  46.5%  15.9 2180s
  1566  1568  316.64302 1558  658  569.00000  304.36463  46.5%  15.8 2190s
  1574  1576  316.64302 1566  665  569.00000  304.36463  46.5%  15.8 2195s
  1585  1587  316.64302 1577  661  569.00000  304.36463  46.5%  15.7 2200s
  1593  1595  316.64302 1585  661  569.00000  304.36463  46.5%  15.6 2207s
  1597  1599  316.64302 1589  664  569.00000  304.36463  46.5%  15.5 2210s
  1600  1602  316.64302 1592  663  569.00000  304.36463  46.5%  15.5 2219s
  1601  1603  316.64302 1593  664  569.00000  304.36463  46.5%  15.5 2220s
  1614  1616  316.64302 1606  662  569.00000  304.36463  46.5%  15.4 2225s
  1620  1622  316.64302 1612  666  569.00000  304.36463  46.5%  15.3 2232s
  1627  1629  316.64302 1619  662  569.00000  304.36463  46.5%  15.3 2235s
  1639  1641  316.64302 1631  664  569.00000  304.36463  46.5%  15.2 2240s
  1647  1649  316.64302 1639  664  569.00000  304.36463  46.5%  15.1 2253s
  1652  1654  316.64302 1644  666  569.00000  304.36463  46.5%  15.1 2255s
  1663  1665  316.64302 1655  664  569.00000  304.36463  46.5%  15.0 2260s
H 1674  1674                     568.0000000  304.36463  46.4%  14.9 2272s
  1682  1684  316.64302 1674  662  568.00000  304.36463  46.4%  14.8 2275s
  1696  1698  316.64302 1688  666  568.00000  304.36463  46.4%  14.7 2280s
  1700  1702  316.64302 1692  666  568.00000  304.36463  46.4%  14.7 2290s
  1701  1703  316.64302 1693  664  568.00000  304.36463  46.4%  14.7 2295s
  1711  1713  316.64302 1703  662  568.00000  304.36463  46.4%  14.6 2300s
  1723  1725  316.64302 1715  667  568.00000  304.36463  46.4%  14.5 2305s
  1728  1730  316.64302 1720  666  568.00000  304.36463  46.4%  14.5 2311s
  1737  1739  316.64302 1729  670  568.00000  304.36463  46.4%  14.4 2315s
  1747  1749  316.64302 1739  668  568.00000  304.36463  46.4%  14.3 2320s
  1753  1755  316.64302 1745  668  568.00000  304.36463  46.4%  14.3 2336s
  1755  1757  316.64302 1747  670  568.00000  304.36463  46.4%  14.3 2344s
  1757  1759  316.64302 1749  670  568.00000  304.36463  46.4%  14.2 2345s
  1771  1773  316.64302 1763  670  568.00000  304.36463  46.4%  14.1 2350s
  1782  1784  316.64302 1774  670  568.00000  304.36463  46.4%  14.1 2361s
  1790  1792  316.64302 1782  672  568.00000  304.36463  46.4%  14.0 2365s
  1799  1801  316.64302 1791  671  568.00000  304.36463  46.4%  14.0 2370s
  1800  1802  316.64302 1792  671  568.00000  304.36463  46.4%  14.0 2379s
  1802  1804  316.64302 1794  671  568.00000  304.36463  46.4%  14.0 2380s
  1809  1811  316.64302 1801  669  568.00000  304.36463  46.4%  13.9 2394s
  1811  1813  316.64302 1803  667  568.00000  304.36463  46.4%  13.9 2395s
  1821  1823  316.64302 1813  667  568.00000  304.36463  46.4%  13.8 2400s
  1834  1836  316.64302 1826  669  568.00000  304.36463  46.4%  13.8 2405s
  1836  1838  316.64302 1828  669  568.00000  304.36463  46.4%  13.7 2410s
  1845  1847  316.69604 1837  670  568.00000  304.36463  46.4%  13.7 2415s
  1859  1861  316.69604 1851  671  568.00000  304.36463  46.4%  13.6 2420s
  1863  1865  316.69604 1855  673  568.00000  304.36463  46.4%  13.6 2426s
  1873  1875  316.69604 1865  669  568.00000  304.36463  46.4%  13.5 2430s
  1883  1885  316.69604 1875  672  568.00000  304.36463  46.4%  13.5 2435s
  1890  1892  316.71176 1882  668  568.00000  304.36463  46.4%  13.4 2445s
  1900  1902  316.71176 1892  670  568.00000  304.36463  46.4%  13.4 2458s
  1902  1904  316.71176 1894  668  568.00000  304.36463  46.4%  13.4 2460s
  1913  1915  316.71176 1905  668  568.00000  304.36463  46.4%  13.3 2465s
  1917  1919  316.71176 1909  666  568.00000  304.36463  46.4%  13.3 2472s
  1925  1927  316.71176 1917  668  568.00000  304.36463  46.4%  13.2 2475s
  1935  1937  316.71176 1927  666  568.00000  304.36463  46.4%  13.2 2480s
  1944  1946  316.71176 1936  664  568.00000  304.36463  46.4%  13.1 2490s
  1954  1956  316.71176 1946  665  568.00000  304.36463  46.4%  13.1 2495s
  1963  1965  316.71176 1955  664  568.00000  304.36463  46.4%  13.0 2500s
H 1971  1971                     567.0000000  304.36463  46.3%  13.0 2509s
  1972  1974  316.71176 1964  664  567.00000  304.36463  46.3%  13.0 2510s
  1984  1986  316.71176 1976  667  567.00000  304.36463  46.3%  12.9 2515s
  1996  1998  316.71176 1988  667  567.00000  304.36463  46.3%  12.9 2520s
  1998  2000  316.71176 1990  665  567.00000  304.36463  46.3%  12.9 2526s
  2000  2002  316.71176 1992  663  567.00000  304.36463  46.3%  12.8 2535s
  2015  2017  316.71176 2007  665  567.00000  304.36463  46.3%  12.8 2540s
  2025  2027  316.71176 2017  663  567.00000  304.36463  46.3%  12.7 2548s
  2029  2031  316.71176 2021  665  567.00000  304.36463  46.3%  12.7 2550s
  2045  2047  316.71176 2037  667  567.00000  304.36463  46.3%  12.6 2555s
  2052  2054  316.71176 2044  665  567.00000  304.36463  46.3%  12.6 2564s
  2054  2056  316.71176 2046  663  567.00000  304.36463  46.3%  12.5 2565s
  2064  2066  316.71176 2056  663  567.00000  304.36463  46.3%  12.5 2570s
  2075  2077  316.71176 2067  665  567.00000  304.36463  46.3%  12.4 2575s
  2079  2081  316.71176 2071  665  567.00000  304.36463  46.3%  12.4 2580s
  2090  2092  316.71176 2082  667  567.00000  304.36463  46.3%  12.4 2585s
  2100  2102  316.71176 2092  665  567.00000  304.36463  46.3%  12.3 2598s
  2104  2106  316.71176 2096  665  567.00000  304.36463  46.3%  12.3 2600s
  2106  2108  316.71176 2098  665  567.00000  304.36463  46.3%  12.3 2605s
  2117  2119  316.71176 2109  665  567.00000  304.36463  46.3%  12.2 2610s
  2128  2130  316.71176 2120  665  567.00000  304.36463  46.3%  12.2 2615s
  2133  2135  316.71176 2125  664  567.00000  304.36463  46.3%  12.2 2624s
  2134  2136  316.71176 2126  666  567.00000  304.36463  46.3%  12.2 2625s
  2145  2147  316.71176 2137  666  567.00000  304.36463  46.3%  12.1 2630s
  2155  2157  316.71176 2147  664  567.00000  304.36463  46.3%  12.1 2635s
  2160  2162  316.71176 2152  664  567.00000  304.36463  46.3%  12.0 2641s
  2168  2170  316.71176 2160  666  567.00000  304.36463  46.3%  12.0 2645s
  2178  2180  316.71176 2170  668  567.00000  304.36463  46.3%  12.0 2650s
  2187  2189  316.71176 2179  663  567.00000  304.36463  46.3%  11.9 2660s
  2194  2196  316.71176 2186  663  567.00000  304.36463  46.3%  11.9 2665s
  2200  2202  316.71176 2192  663  567.00000  304.36463  46.3%  11.9 2677s
  2205  2207  316.71176 2197  664  567.00000  304.36463  46.3%  11.8 2680s
H 2214  2214                     566.0000000  304.36463  46.2%  11.8 2691s
  2223  2225  316.71809 2215  664  566.00000  304.36463  46.2%  11.8 2695s
  2231  2233  316.71809 2223  662  566.00000  304.36463  46.2%  11.7 2700s
  2241  2243  316.71809 2233  664  566.00000  304.36463  46.2%  11.7 2711s
  2250  2252  316.71809 2242  666  566.00000  304.36463  46.2%  11.6 2715s
  2264  2266  316.71809 2256  665  566.00000  304.36463  46.2%  11.6 2720s
  2268  2270  316.71809 2260  664  566.00000  304.36463  46.2%  11.6 2728s
  2273  2275  316.71809 2265  664  566.00000  304.36463  46.2%  11.5 2730s
  2288  2290  316.71809 2280  666  566.00000  304.36463  46.2%  11.5 2735s
  2295  2297  316.71809 2287  666  566.00000  304.36463  46.2%  11.4 2745s
  2300  2302  316.71809 2292  663  566.00000  304.36463  46.2%  11.4 2756s
  2310  2312  316.71809 2302  669  566.00000  304.36463  46.2%  11.4 2760s
  2321  2323  316.74782 2313  666  566.00000  304.36463  46.2%  11.3 2765s
  2322  2324  316.74782 2314  666  566.00000  304.36463  46.2%  11.3 2773s
  2325  2327  316.76510 2317  668  566.00000  304.36463  46.2%  11.3 2775s
  2336  2338  316.76510 2328  665  566.00000  304.36463  46.2%  11.3 2780s
  2343  2345  316.76510 2335  667  566.00000  304.36463  46.2%  11.3 2785s
  2349  2351  316.76510 2341  668  566.00000  304.36463  46.2%  11.2 2794s
  2350  2352  316.76510 2342  671  566.00000  304.36463  46.2%  11.2 2795s
  2359  2361  316.76510 2351  668  566.00000  304.36463  46.2%  11.2 2800s
  2369  2371  316.76510 2361  670  566.00000  304.36463  46.2%  11.2 2805s
  2376  2378  316.76510 2368  670  566.00000  304.36463  46.2%  11.2 2821s
  2382  2384  316.76510 2374  672  566.00000  304.36463  46.2%  11.1 2825s
  2390  2392  316.76510 2382  674  566.00000  304.36463  46.2%  11.1 2830s
  2399  2401  316.76510 2391  675  566.00000  304.36463  46.2%  11.1 2835s
  2400  2402  316.76510 2392  677  566.00000  304.36463  46.2%  11.1 2847s
  2403  2405  316.76510 2395  677  566.00000  304.36463  46.2%  11.1 2860s
  2413  2415  316.76510 2405  682  566.00000  304.36463  46.2%  11.0 2865s
  2424  2426  316.76510 2416  683  566.00000  304.36463  46.2%  11.0 2870s
  2430  2432  316.76510 2422  684  566.00000  304.36463  46.2%  11.0 2878s
  2433  2435  316.76510 2425  686  566.00000  304.36463  46.2%  11.0 2880s
  2444  2446  316.76510 2436  682  566.00000  304.36463  46.2%  10.9 2885s
  2452  2454  316.76510 2444  684  566.00000  304.36463  46.2%  10.9 2890s
  2457  2459  316.76510 2449  684  566.00000  304.36463  46.2%  10.9 2897s
  2463  2465  316.76510 2455  682  566.00000  304.36463  46.2%  10.9 2900s
  2472  2474  316.76510 2464  686  566.00000  304.36463  46.2%  10.8 2905s
  2484  2486  316.76510 2476  689  566.00000  304.36463  46.2%  10.8 2917s
  2488  2490  316.76510 2480  684  566.00000  304.36463  46.2%  10.8 2920s
  2497  2499  316.76510 2489  682  566.00000  304.36463  46.2%  10.8 2925s
  2500  2502  316.76510 2492  686  566.00000  304.36463  46.2%  10.7 2936s
  2511  2513  316.76510 2503  686  566.00000  304.36463  46.2%  10.7 2951s
  2518  2520  316.76510 2510  685  566.00000  304.36463  46.2%  10.7 2955s
  2527  2529  316.76510 2519  682  566.00000  304.36463  46.2%  10.7 2960s
  2537  2539  316.76510 2529  685  566.00000  304.36463  46.2%  10.6 2965s
  2538  2540  316.76510 2530  684  566.00000  304.36463  46.2%  10.6 2972s
  2544  2546  316.76510 2536  684  566.00000  304.36463  46.2%  10.6 2975s
  2551  2552  316.76510 2481  958  566.00000  304.36463  46.2%  10.6 4853s
  2553  2553  316.71809 2311  297  566.00000  304.36463  46.2%  10.6 4912s
H 2553  2425                     563.0000000  304.36463  45.9%  10.6 4948s
  2555  2427  315.70361 1118  804  563.00000  304.36463  45.9%  10.6 4961s
  2556  2427  316.76510 2365 1048  563.00000  304.36463  45.9%  10.6 4995s
  2557  2428  316.71809 2288 1182  563.00000  306.42189  45.6%  10.5 5008s
H 2557  2306                     554.0000000  309.14612  44.2%  10.5 5040s
  2559  2307  316.76510 2325 1264  554.00000  310.78232  43.9%  10.5 5052s
H 2559  2192                     551.0000000  313.13074  43.2%  10.5 5093s
  2561  2194  314.75305  232 1417  551.00000  314.75305  42.9%  10.5 5108s
  2562  2194  317.01755   19 1135  551.00000  317.01755  42.5%  10.5 5133s
  2564  2197  317.01755 1017  958  551.00000  317.01755  42.5%  42.6 5202s
  2566  2198  317.01755  491  298  551.00000  317.01755  42.5%  42.6 5264s
H 2566  2088                     550.0000000  317.01755  42.4%  42.6 5301s
  2568  2090  317.01755 2290  908  550.00000  317.01755  42.4%  42.6 5316s
H 2568  1985                     549.0000000  317.01755  42.3%  42.6 5352s
  2570  1986  317.01755 1435 1119  549.00000  317.01755  42.3%  42.5 5366s
H 2570  1887                     545.0000000  317.12998  41.8%  42.5 5400s
  2572  1888  319.00630 1335 1217  545.00000  319.00630  41.5%  42.5 5414s
H 2572  1793                     542.0000000  321.73218  40.6%  42.5 5450s
  2574  1795  324.02255  555 1498  542.00000  324.02255  40.2%  42.5 5464s
  2575  1795  326.51122 1175 1288  542.00000  326.51122  39.8%  42.5 5492s
  2577  1798  326.51122 1316  958  542.00000  326.51122  39.8%  82.3 5576s
  2579  1799  326.51122 1193  298  542.00000  326.51122  39.8%  82.2 5651s
H 2579  1709                     541.0000000  326.51122  39.6%  82.2 5701s
  2581  1711  326.51122 2097  866  541.00000  326.51122  39.6%  82.1 5721s
  2582  1711  326.51122  990 1171  541.00000  326.51122  39.6%  82.1 5790s
  2583  1712  326.51122 2321 1246  541.00000  326.51122  39.6%  82.1 5809s
  2584  1713  326.51122 2100 1197  541.00000  326.51122  39.6%  82.0 5866s
  2585  1713  326.51122 1876 1391  541.00000  326.51122  39.6%  82.0 5911s
H 2585  1627                     539.0000000  328.85964  39.0%  82.0 5961s
  2587  1629  329.85679  125 1563  539.00000  329.85679  38.8%  81.9 5979s
  2588  1629  331.96609 1686 1182  539.00000  331.96609  38.4%  81.9 6010s
  2590  1632  331.96609  301  958  539.00000  331.96609  38.4%   116 6097s
  2592  1633  331.96609 1823  296  539.00000  331.96609  38.4%   116 6170s
  2593  1634  331.96609 1421  754  539.00000  331.96609  38.4%   116 6231s
  2594  1635  331.96609 2060 1078  539.00000  331.96609  38.4%   116 6252s
H 2594  1553                     538.0000000  331.96609  38.3%   116 6291s
  2596  1554  331.96609 1145 1122  538.00000  331.96609  38.3%   116 6307s
  2597  1555  331.96609 1114 1357  538.00000  331.96609  38.3%   116 6363s
  2598  1555  331.96609 1054 1405  538.00000  331.96609  38.3%   116 6379s
H 2598  1477                     534.0000000  332.37706  37.8%   116 6420s
  2600  1479  333.53182 2449 1554  534.00000  333.53182  37.5%   116 6436s
  2601  1479  334.75444  930 1197  534.00000  334.75444  37.3%   116 6471s
  2603  1482  334.75444 1361  958  534.00000  334.75444  37.3%   153 6545s
  2605  1483  334.75444 1847  294  534.00000  334.75444  37.3%   153 6602s
  2606  1484  334.75444  121  896  534.00000  334.75444  37.3%   153 6657s
  2607  1485  334.75444 2491  958  534.00000  334.75444  37.3%   153 6687s
  2608  1485  334.75444 1128 1195  534.00000  334.75444  37.3%   153 6723s
  2609  1486  334.75444 1768 1194  534.00000  334.75444  37.3%   153 6741s
  2610  1487  334.75444 1249 1425  534.00000  334.75444  37.3%   153 6788s
  2611  1487  334.75444 2305 1451  534.00000  334.75444  37.3%   153 6803s
H 2611  1412                     533.0000000  334.95604  37.2%   153 6841s
  2613  1414  335.78450 1901 1688  533.00000  335.78450  37.0%   152 6856s
  2614  1414  336.79407  396 1459  533.00000  336.79407  36.8%   152 6880s
  2616  1417  336.79407  954  958  533.00000  336.79407  36.8%   186 6947s
  2618  1418  336.79407  650  298  533.00000  336.79407  36.8%   186 7012s
  2619  1419  336.79407 2249  845  533.00000  336.79407  36.8%   186 7079s
  2620  1420  336.79407  596 1036  533.00000  336.79407  36.8%   186 7109s
  2621  1420  336.79407  505 1216  533.00000  336.79407  36.8%   186 7144s
  2622  1421  336.79407  698 1407  533.00000  336.79407  36.8%   186 7160s
  2623  1422  336.79407 1307 1383  533.00000  336.79407  36.8%   186 7204s
  2624  1422  336.79407 1721 1384  533.00000  336.79407  36.8%   185 7220s
  2625  1423  336.79407 2035 1600  533.00000  336.79407  36.8%   185 7271s
  2626  1424  337.55610   17 1712  533.00000  337.55610  36.7%   185 7299s
  2627  1424  338.78886 2082 1378  533.00000  338.78886  36.4%   185 7336s
  2629  1427  338.78886 1927  958  533.00000  338.78886  36.4%   220 7434s
  2631  1428  338.78886  255  298  533.00000  338.78886  36.4%   220 7512s
  2632  1429  338.78886 2313  867  533.00000  338.78886  36.4%   220 7593s
  2633  1430  338.78886 1427 1040  533.00000  338.78886  36.4%   220 7619s
  2634  1430  338.78886 1112 1244  533.00000  338.78886  36.4%   220 7664s
  2635  1431  338.78886 1004 1197  533.00000  338.78886  36.4%   220 7682s
  2636  1432  338.78886 2392 1382  533.00000  338.78886  36.4%   219 7738s
  2637  1432  338.78886  141 1487  533.00000  338.78886  36.4%   219 7760s
H 2637  1360                     532.0000000  339.34236  36.2%   219 7829s
  2639  1362  340.52177 1593 1739  532.00000  340.52177  36.0%   219 7852s
  2640  1362  341.92383  685 1369  532.00000  341.92383  35.7%   219 7885s
  2642  1365  341.92383  784  958  532.00000  341.92383  35.7%   253 7985s
  2644  1366  341.92383 2500  292  532.00000  341.92383  35.7%   253 8070s
  2645  1367  341.92383  895  793  532.00000  341.92383  35.7%   253 8155s
  2646  1368  341.92383 2109 1041  532.00000  341.92383  35.7%   253 8174s
  2647  1368  341.92383 2275 1072  532.00000  341.92383  35.7%   253 8214s
  2648  1369  341.92383 1941 1325  532.00000  341.92383  35.7%   252 8233s
H 2648  1300                     531.0000000  341.92383  35.6%   252 8285s
  2650  1301  341.92383  376 1374  531.00000  341.92383  35.6%   252 8302s
  2651  1302  341.92383 2481 1646  531.00000  341.92383  35.6%   252 8349s
  2652  1303  342.91045 2255 1575  531.00000  342.91045  35.4%   252 8368s
  2653  1303  344.52710 2311 1154  531.00000  344.52710  35.1%   252 8406s
  2655  1306  344.52710 1118  958  531.00000  344.52710  35.1%   293 8488s
  2657  1307  344.52710 2288  294  531.00000  344.52710  35.1%   292 8570s
  2658  1308  344.52710  148  929  531.00000  344.52710  35.1%   292 8657s
  2659  1309  344.52710 2325  917  531.00000  344.52710  35.1%   292 8684s
H 2659  1243                     530.0000000  344.52710  35.0%   292 8728s
  2661  1244  344.52710  232 1190  530.00000  344.52710  35.0%   292 8744s
  2662  1245  344.52710   19 1514  530.00000  344.52710  35.0%   292 8780s
  2663  1245  344.52710 1515 1503  530.00000  344.52710  35.0%   292 8796s
  2664  1246  344.52710 1017 1510  530.00000  344.52710  35.0%   292 8830s
  2665  1247  345.46065 2405 1637  530.00000  345.46065  34.8%   292 8858s
  2666  1247  346.83142  491 1307  530.00000  346.83142  34.6%   291 8899s
  2668  1250  346.83142 2290  958  530.00000  346.83142  34.6%   330 8970s
  2670  1251  346.83142 1435  297  530.00000  346.83142  34.6%   329 9035s
H 2670  1188                     529.0000000  346.83142  34.4%   329 9109s
  2672  1190  346.83142 1335  993  529.00000  346.83142  34.4%   329 9125s
  2673  1190  346.83142 2081 1173  529.00000  346.83142  34.4%   329 9167s
  2674  1191  346.83142  555 1257  529.00000  346.83142  34.4%   329 9182s
  2675  1192  346.83142 1175 1515  529.00000  346.83142  34.4%   329 9223s
  2676  1192  346.83142 1960 1548  529.00000  346.83142  34.4%   329 9240s
H 2676  1132                     528.0000000  346.83142  34.3%   329 9284s
  2678  1134  348.37570  166 1663  528.00000  348.37570  34.0%   328 9301s
  2679  1134  349.60944 1193 1394  528.00000  349.60944  33.8%   328 9332s
  2681  1137  349.60944 2097  958  528.00000  349.60944  33.8%   368 9394s
  2683  1138  349.60944 2321  293  528.00000  349.60944  33.8%   368 9450s
  2684  1139  349.60944 2100  875  528.00000  349.60944  33.8%   368 9508s
  2685  1140  349.60944 1876 1011  528.00000  349.60944  33.8%   367 9524s
  2686  1140  349.60944 2105 1001  528.00000  349.60944  33.8%   367 9556s
  2687  1141  349.60944  125 1123  528.00000  349.60944  33.8%   367 9571s
  2688  1142  349.60944 1686 1487  528.00000  349.60944  33.8%   367 9612s
  2689  1142  349.60944 1042 1498  528.00000  349.60944  33.8%   367 9627s
  2690  1143  349.60944  301 1645  528.00000  349.60944  33.8%   367 9660s
  2691  1144  349.61153 1212 1615  528.00000  349.61153  33.8%   367 9678s
  2692  1144  350.50972 1823 1241  528.00000  350.50972  33.6%   366 9714s
H 2692  1086                     527.0000000  350.50972  33.5%   366 9816s
  2693  1087  350.50972 1421 1241  527.00000  350.50972  33.5%   366 9873s
  2694  1090  350.75329  111 1176  527.00000  350.53658  33.5%   418 9950s
  2695  1090  350.96094  111 1201  527.00000  350.96094  33.4%   418 9956s
  2696  1091  351.25329  112 1168  527.00000  350.96094  33.4%   418 9962s
  2697  1092  351.13036  112 1182  527.00000  351.06561  33.4%   418 9969s
  2698  1092  351.43350  113 1185  527.00000  351.06561  33.4%   418 9974s
  2699  1093  351.45418  113 1159  527.00000  351.06561  33.4%   418 9975s
  2700  1094  351.48882  114 1163  527.00000  351.06561  33.4%   418 9983s
  2703  1096  362.94810  115 1103  527.00000  351.06561  33.4%   417 9985s
  2710  1100  352.11019  119 1148  527.00000  351.06561  33.4%   417 9990s
  2715  1104  364.75508  121 1093  527.00000  351.06561  33.4%   416 9995s
  2718  1106  352.03179  123 1095  527.00000  351.06561  33.4%   416 10000s
  2721  1108  352.15072  124 1063  527.00000  351.06561  33.4%   416 10005s
  2729  1113  358.87212  128 1012  527.00000  351.06561  33.4%   417 10047s
  2730  1114  358.87212  129 1017  527.00000  351.06561  33.4%   417 10050s
H 2731  1058                     526.0000000  351.06561  33.3%   417 10169s
H 2733  1008                     525.0000000  351.06561  33.1%   421 10175s
  2743  1016  361.11715  135  938  525.00000  351.06561  33.1%   419 10180s
  2748  1020  361.86881  138  947  525.00000  351.06561  33.1%   419 10185s
  2759  1027  373.79086  143  875  525.00000  351.06561  33.1%   417 10190s
  2761  1028  369.79245  144  855  525.00000  351.06561  33.1%   418 10206s
  2769  1034  371.17682  148  872  525.00000  351.06561  33.1%   418 10211s
  2774  1037  362.78506  151  858  525.00000  351.06561  33.1%   417 10216s
  2775  1038  371.16632  151  841  525.00000  351.06561  33.1%   418 10232s
  2777  1039  372.95464  152  838  525.00000  351.06561  33.1%   418 10239s
  2778  1040  362.78506  153  859  525.00000  351.06561  33.1%   418 10240s
  2779  1040  373.56881  153  893  525.00000  351.06561  33.1%   419 10266s
  2785  1044  364.60748  156  882  525.00000  351.06561  33.1%   420 10315s
  2787  1046  369.42111  157  892  525.00000  351.06561  33.1%   422 10348s
  2789  1047  376.69889  158  861  525.00000  351.06561  33.1%   422 10356s
  2793  1050  366.69607  160  893  525.00000  351.06561  33.1%   426 10486s
  2795  1051  370.31479  161  838  525.00000  351.06561  33.1%   427 10496s
  2796  1052  362.78506  162  867  525.00000  351.06561  33.1%   427 10501s
  2800  1054  362.78506  164  867  525.00000  351.06561  33.1%   426 10509s
  2801  1055  362.78506  164  861  525.00000  351.06561  33.1%   426 10512s
  2805  1058  366.08055  166  866  525.00000  351.06561  33.1%   427 10532s
  2807  1059  366.87303  167  881  525.00000  351.06561  33.1%   429 10556s
  2809  1060  368.60757  168  902  525.00000  351.06561  33.1%   430 10578s
  2811  1062  365.40582  169  882  525.00000  351.06561  33.1%   432 10640s
  2813  1063  368.34249  170  870  525.00000  351.06561  33.1%   432 10647s
  2815  1064  369.33277  171  902  525.00000  351.06561  33.1%   433 10665s
  2817  1066  369.22771  172  858  525.00000  351.06561  33.1%   434 10677s
  2819  1067  367.66551  173  886  525.00000  351.06561  33.1%   436 10711s
  2820  1068  362.78506  174  865  525.00000  351.06561  33.1%   435 10721s
  2821  1068  368.28766  174  868  525.00000  351.06561  33.1%   437 10739s
  2822  1069  362.78506  175  865  525.00000  351.06561  33.1%   436 10740s
  2823  1070  367.38331  175  876  525.00000  351.06561  33.1%   437 10747s
  2828  1073  364.97917  178  811  525.00000  351.06561  33.1%   437 10753s
  2832  1076  364.98722  180  776  525.00000  351.06561  33.1%   436 10755s
  2837  1079  371.80620  182  760  525.00000  351.06561  33.1%   440 10888s
  2839  1080  373.82246  183  775  525.00000  351.06561  33.1%   440 10894s
  2840  1081  364.98722  184  776  525.00000  351.06561  33.1%   440 10899s
  2842  1082  364.98722  185  777  525.00000  351.06561  33.1%   440 10900s
  2845  1084  373.79515  186  792  525.00000  351.06561  33.1%   440 10905s
  2851  1088  371.51759  189  799  525.00000  351.06561  33.1%   440 10934s
  2852  1089  365.08722  190  782  525.00000  351.06561  33.1%   440 10935s
  2853  1090  376.18165  190  795  525.00000  351.06561  33.1%   440 10944s
  2854  1090  365.08722  191  782  525.00000  351.06561  33.1%   440 10945s
  2857  1092  365.16566  192  762  525.00000  351.06561  33.1%   440 10950s
  2861  1095  371.99724  194  750  525.00000  351.06561  33.1%   440 10955s
  2863  1096  367.36244  195  795  525.00000  351.06561  33.1%   442 11006s
  2865  1098  371.00951  196  763  525.00000  351.06561  33.1%   445 11118s
  2867  1099  371.15356  197  760  525.00000  351.06561  33.1%   449 11235s
  2869  1100  372.69347  198  739  525.00000  351.06561  33.1%   449 11243s
  2870  1101  365.16566  199  765  525.00000  351.06561  33.1%   449 11248s
  2871  1102  368.75421  199  744  525.00000  351.06561  33.1%   451 11306s
  2873  1103  369.42000  200  743  525.00000  351.06561  33.1%   454 11394s
  2875  1104  371.90096  201  728  525.00000  351.06561  33.1%   456 11430s
  2877  1106  370.42978  202  736  525.00000  351.06561  33.1%   458 11463s
  2879  1107  368.48088  203  725  525.00000  351.06561  33.1%   461 11534s
  2880  1108  365.16566  204  772  525.00000  351.06561  33.1%   461 11535s
H 2881  1056                     524.0000000  351.06561  33.0%   461 11541s
  2882  1059  365.16566  205  772  524.00000  351.06561  33.0%   461 11549s
  2883  1060  371.86160  205  781  524.00000  351.06561  33.0%   461 11551s
  2885  1061  372.80993  206  792  524.00000  351.06561  33.0%   462 11566s
  2887  1062  374.70016  207  768  524.00000  351.06561  33.0%   462 11573s
  2889  1064  375.63876  208  762  524.00000  351.06561  33.0%   463 11585s
  2893  1066  373.00208  210  795  524.00000  351.06561  33.0%   464 11593s
  2896  1068  365.16566  212  772  524.00000  351.06561  33.0%   463 11595s
  2899  1070  371.94669  213  792  524.00000  351.06561  33.0%   463 11601s
  2900  1071  365.16566  214  774  524.00000  351.06561  33.0%   463 11609s
  2901  1072  373.89072  214  761  524.00000  351.06561  33.0%   464 11622s
  2907  1076  365.20717  217  746  524.00000  351.06561  33.0%   463 11625s
H 2909  1029                     523.0000000  351.06561  32.9%   463 11629s
  2910  1032  365.52904  219  680  523.00000  351.06561  32.9%   463 11631s
  2913  1034  372.20236  220  705  523.00000  351.06561  32.9%   465 11724s
  2914  1034  365.52904  221  679  523.00000  351.06561  32.9%   465 11736s
  2915  1035  373.92607  221  690  523.00000  351.06561  32.9%   465 11743s
  2917  1036  372.50920  222  690  523.00000  351.06561  32.9%   467 11805s
  2919  1038  374.40358  223  694  523.00000  351.06561  32.9%   468 11818s
  2921  1039  374.36071  224  699  523.00000  351.06561  32.9%   468 11820s
  2932  1046  365.52904  230  681  523.00000  351.06561  32.9%   466 11825s
  2937  1050  368.22904  232  680  523.00000  351.06561  32.9%   465 11830s
  2947  1056  371.94530  237  663  523.00000  351.06561  32.9%   466 11880s
  2949  1058  372.03396  238  677  523.00000  351.06561  32.9%   466 11885s
  2951  1059  372.98596  239  663  523.00000  351.06561  32.9%   466 11897s
  2953  1060  371.75953  240  656  523.00000  351.06561  32.9%   467 11912s
  2955  1062  372.33908  241  668  523.00000  351.06561  32.9%   471 12026s
  2957  1063  371.79192  242  636  523.00000  351.06561  32.9%   473 12072s
  2958  1064  366.20238  243  679  523.00000  351.06561  32.9%   473 12108s
  2959  1064  373.05569  243  674  523.00000  351.06561  32.9%   473 12113s
  2960  1065  366.20238  244  680  523.00000  351.06561  32.9%   473 12118s
  2961  1066  375.92795  244  666  523.00000  351.06561  32.9%   473 12122s
  2963  1067  375.92795  245  658  523.00000  351.06561  32.9%   473 12135s
  2965  1068  367.93543  246  697  523.00000  351.06561  32.9%   475 12180s
  2967  1070  372.07607  247  684  523.00000  351.06561  32.9%   474 12185s
  2969  1071  372.35320  248  658  523.00000  351.06561  32.9%   478 12301s
  2971  1072  369.27813  249  680  523.00000  351.06561  32.9%   481 12372s
  2972  1073  366.20238  250  682  523.00000  351.06561  32.9%   481 12376s
  2973  1074  370.41484  250  652  523.00000  351.06561  32.9%   484 12474s
  2974  1074  366.20238  251  679  523.00000  351.06561  32.9%   484 12479s
  2975  1075  368.56416  251  705  523.00000  351.06561  32.9%   486 12526s

Cutting planes:
  Gomory: 26
  Cover: 64
  Implied bound: 3
  Clique: 2
  MIR: 296
  StrongCG: 12
  Flow cover: 1349
  Zero half: 91
  Network: 64

Explored 2977 nodes (1530165 simplex iterations) in 12600.23 seconds
Thread count was 1 (of 40 available processors)

Solution count 10: 523 524 525 ... 532

Time limit reached
Best objective 5.230000000000e+02, best bound 3.520000000000e+02, gap 32.6960%
Parameter SolutionNumber unchanged
   Value: 0  Min: 0  Max: 2000000000  Default: 0
Changed value of parameter SolutionNumber to 1
   Prev: 0  Min: 0  Max: 2000000000  Default: 0
Changed value of parameter SolutionNumber to 2
   Prev: 1  Min: 0  Max: 2000000000  Default: 0
Changed value of parameter SolutionNumber to 3
   Prev: 2  Min: 0  Max: 2000000000  Default: 0
Changed value of parameter SolutionNumber to 4
   Prev: 3  Min: 0  Max: 2000000000  Default: 0
Changed value of parameter SolutionNumber to 5
   Prev: 4  Min: 0  Max: 2000000000  Default: 0
Changed value of parameter SolutionNumber to 6
   Prev: 5  Min: 0  Max: 2000000000  Default: 0
Changed value of parameter SolutionNumber to 7
   Prev: 6  Min: 0  Max: 2000000000  Default: 0
Changed value of parameter SolutionNumber to 8
   Prev: 7  Min: 0  Max: 2000000000  Default: 0
Changed value of parameter SolutionNumber to 9
   Prev: 8  Min: 0  Max: 2000000000  Default: 0
