
Gurobi 8.1.1 (linux64, Python) logging started Wed Jul 24 12:22:44 2019

Academic license - for non-commercial use only
Changed value of parameter MIPGap to 0.01
   Prev: 0.0001  Min: 0.0  Max: 1e+100  Default: 0.0001
Changed value of parameter Threads to 1
   Prev: 0  Min: 0  Max: 1024  Default: 0
Changed value of parameter Presolve to 2
   Prev: -1  Min: -1  Max: 2  Default: -1
Changed value of parameter MIPFocus to 1
   Prev: 0  Min: 0  Max: 3  Default: 0
Changed value of parameter Cuts to 1
   Prev: -1  Min: -1  Max: 3  Default: -1
Changed value of parameter Method to 4
   Prev: -1  Min: -1  Max: 5  Default: -1
Changed value of parameter TimeLimit to 12600.0
   Prev: 1e+100  Min: 0.0  Max: 1e+100  Default: 1e+100
Optimize a model with 415660 rows, 813472 columns and 1626944 nonzeros
Variable types: 0 continuous, 813472 integer (406736 binary)
Coefficient statistics:
  Matrix range     [1e-02, 1e+00]
  Objective range  [1e+00, 1e+01]
  Bounds range     [1e+00, 8e+01]
  RHS range        [1e+00, 8e+01]
Presolve removed 16404 rows and 16404 columns (presolve time = 23s) ...
Presolve removed 16404 rows and 16404 columns (presolve time = 38s) ...
Presolve removed 16404 rows and 16404 columns
Presolve time: 37.57s
Presolved: 399256 rows, 797068 columns, 1594138 nonzeros
Variable types: 0 continuous, 797068 integer (391333 binary)
Presolve removed 390346 rows and 406241 columns
Presolved: 8910 rows, 390827 columns, 781641 nonzeros


Root simplex log...

Iteration    Objective       Primal Inf.    Dual Inf.      Time
       0    8.7000000e+01   8.875000e+01   0.000000e+00     46s
    4141    1.8242387e+02   0.000000e+00   0.000000e+00     48s
    4141    1.8242387e+02   0.000000e+00   0.000000e+00     49s

Root relaxation: objective 1.824239e+02, 4141 iterations, 4.75 seconds
Total elapsed time = 50.24s

    Nodes    |    Current Node    |     Objective Bounds      |     Work
 Expl Unexpl |  Obj  Depth IntInf | Incumbent    BestBd   Gap | It/Node Time

     0     0  182.42387    0  223          -  182.42387      -     -   52s
H    0     0                     697.0000000  182.42387  73.8%     -   55s
     0     0  222.80506    0  325  697.00000  222.80506  68.0%     -   74s
H    0     0                     663.0000000  222.80506  66.4%     -   79s
     0     0  227.50832    0  361  663.00000  227.50832  65.7%     -   90s
     0     0  228.13447    0  389  663.00000  228.13447  65.6%     -   91s
     0     0  228.16211    0  399  663.00000  228.16211  65.6%     -   92s
     0     0  228.16926    0  391  663.00000  228.16926  65.6%     -   93s
     0     0  228.32613    0  402  663.00000  228.32613  65.6%     -   94s
     0     0  228.38080    0  392  663.00000  228.38080  65.6%     -   95s
     0     0  228.55003    0  393  663.00000  228.55003  65.5%     -   96s
     0     0  228.55003    0  393  663.00000  228.55003  65.5%     -   96s
     0     0  242.35041    0  598  663.00000  242.35041  63.4%     -  103s
H    0     0                     592.0000000  242.35041  59.1%     -  107s
H    0     0                     589.0000000  242.35041  58.9%     -  118s
     0     0  246.37457    0  680  589.00000  246.37457  58.2%     -  119s
     0     0  246.61435    0  647  589.00000  246.61435  58.1%     -  120s
     0     0  246.65703    0  653  589.00000  246.65703  58.1%     -  122s
     0     0  246.71021    0  656  589.00000  246.71021  58.1%     -  123s
     0     0  246.71021    0  646  589.00000  246.71021  58.1%     -  124s
     0     0  252.72433    0  635  589.00000  252.72433  57.1%     -  131s
H    0     0                     568.0000000  252.72433  55.5%     -  133s
H    0     0                     561.0000000  252.72433  55.0%     -  143s
     0     0  254.10374    0  688  561.00000  254.10374  54.7%     -  144s
     0     0  254.30722    0  734  561.00000  254.30722  54.7%     -  146s
     0     0  254.70935    0  682  561.00000  254.70935  54.6%     -  148s
     0     0  254.84061    0  692  561.00000  254.84061  54.6%     -  149s
     0     0  254.84317    0  698  561.00000  254.84317  54.6%     -  150s
     0     0  256.61452    0  883  561.00000  256.61452  54.3%     -  156s
H    0     0                     525.0000000  256.61452  51.1%     -  158s
H    0     0                     523.0000000  256.61452  50.9%     -  170s
     0     0  258.08679    0  930  523.00000  258.08679  50.7%     -  171s
     0     0  258.39468    0  838  523.00000  258.39468  50.6%     -  172s
     0     0  258.44765    0  847  523.00000  258.44765  50.6%     -  173s
     0     0  258.44926    0  847  523.00000  258.44926  50.6%     -  174s
     0     0  260.80334    0  581  523.00000  260.80334  50.1%     -  190s
H    0     0                     480.0000000  260.80334  45.7%     -  336s
H    0     0                     459.9999999  260.80334  43.3%     -  338s
H    0     0                     455.0000000  260.80334  42.7%     -  360s
     0     2  260.82413    0  574  455.00000  260.82413  42.7%     -  360s
H    1     1                     446.0000000  260.82413  41.5%  3042  363s
H    2     2                     440.0000000  260.82413  40.7%  1530  367s
     3     5  260.97810    2  543  440.00000  260.85002  40.7%  1040  371s
H    4     4                     439.0000000  260.85002  40.6%   780  374s
H    5     5                     438.0000000  260.85002  40.4%   624  376s
     7     9  261.02897    6  521  438.00000  260.85002  40.4%   449  382s
    13    15  261.43725   12  424  438.00000  260.85002  40.4%   249  385s
    25    27  261.77245   23  456  438.00000  260.85002  40.4%   137  390s
H   27    27                     437.0000000  260.85002  40.3%   127  392s
    42    44  268.07539   36  366  437.00000  260.85002  40.3%  85.0  395s
    54    56  268.16463   48  358  437.00000  260.85002  40.3%  66.9  400s
    72    74  269.37593   64  287  437.00000  260.85002  40.3%  52.0  405s
    83    85  271.32472   73  257  437.00000  260.85002  40.3%  46.6  410s
    98   100  271.34139   88  256  437.00000  260.85002  40.3%  40.3  415s
   100   102  271.34139   90  256  437.00000  260.85002  40.3%  39.6  421s
   106   108  271.34972   96  256  437.00000  260.85002  40.3%  37.5  425s
H  108   108                     436.0000000  260.85002  40.2%  36.9  428s
   114   116  271.34972  104  256  436.00000  260.85002  40.2%  35.1  430s
   131   133  271.36639  121  256  436.00000  260.85002  40.2%  30.9  435s
   141   143  271.39972  131  256  436.00000  260.85002  40.2%  28.9  440s
   157   159  271.41639  147  257  436.00000  260.85002  40.2%  26.3  445s
H  162   162                     435.0000000  260.85002  40.0%  25.5  448s
   165   167  271.42472  155  256  435.00000  260.85002  40.0%  25.1  450s
   184   186  271.43306  174  256  435.00000  260.85002  40.0%  22.7  455s
   195   197  271.47472  185  256  435.00000  260.85002  40.0%  21.6  460s
   200   202  271.49139  190  260  435.00000  260.85002  40.0%  21.2  465s
   215   217  271.50806  205  256  435.00000  260.85002  40.0%  20.0  470s
   224   226  271.50806  214  256  435.00000  260.85002  40.0%  19.2  475s
   240   242  271.52472  230  256  435.00000  260.85002  40.0%  18.1  480s
   249   251  271.57472  239  259  435.00000  260.85002  40.0%  17.5  485s
   268   270  271.59139  258  257  435.00000  260.85002  40.0%  16.4  490s
H  270   270                     433.0000000  260.85002  39.8%  16.3  494s
   272   274  271.59139  262  257  433.00000  260.85002  39.8%  16.2  495s
H  297   297                     431.0000000  260.85002  39.5%  15.0  501s
   300   302  272.40250  290  258  431.00000  260.85002  39.5%  14.9  506s
   312   314  272.41917  302  259  431.00000  260.85002  39.5%  14.5  510s
   324   326  272.46809  314  262  431.00000  260.85002  39.5%  14.0  515s
   349   351  272.50332  339  266  431.00000  260.85002  39.5%  13.1  520s
   371   373  272.51998  361  266  431.00000  260.85002  39.5%  12.4  525s
H  378   378                     429.0000000  260.85002  39.2%  12.1  527s
   391   393  272.53248  381  266  429.00000  260.85002  39.2%  11.8  530s
   400   402  272.53248  390  266  429.00000  260.85002  39.2%  11.6  536s
H  403   403                     427.0000000  260.85002  38.9%  11.5  540s
H  405   405                     426.0000000  260.85002  38.8%  11.4  542s
   422   424  272.54915  412  266  426.00000  260.85002  38.8%  11.0  545s
   443   445  272.56165  433  266  426.00000  260.85002  38.8%  10.5  550s
H  459   459                     425.0000000  260.85002  38.6%  10.2  555s
   481   483  272.61582  471  266  425.00000  260.85002  38.6%   9.8  560s
   500   502  276.10404  488  266  425.00000  260.85002  38.6%   9.5  569s
   501   503  276.10404  489  266  425.00000  260.85002  38.6%   9.5  570s
H  513   513                     424.0000000  260.85002  38.5%   9.3  574s
   515   517  276.18245  503  255  424.00000  260.85002  38.5%   9.3  575s
   536   538  276.21995  524  254  424.00000  260.85002  38.5%   9.0  580s
H  540   540                     423.0000000  260.85002  38.3%   9.0  583s
   545   547  278.75857  532  252  423.00000  260.85002  38.3%   9.0  585s
   564   566  279.31571  551  252  423.00000  260.85002  38.3%   8.8  590s
   577   579  279.55321  564  250  423.00000  260.85002  38.3%   8.7  595s
H  594   594                     421.0000000  260.85002  38.0%   8.6  602s
H  597   597                     419.0000000  260.85002  37.7%   8.5  605s
   600   602  285.48104  586  251  419.00000  260.85002  37.7%   8.5  610s
   617   619  285.48104  603  252  419.00000  260.85002  37.7%   8.3  615s
   629   631  285.48104  615  255  419.00000  260.85002  37.7%   8.2  620s
H  648   648                     417.0000000  260.85002  37.4%   8.0  626s
   664   666  285.57840  650  273  417.00000  260.85002  37.4%   7.9  630s
   675   677  285.81590  661  273  417.00000  260.85002  37.4%   7.9  636s
   690   692  286.98475  675  268  417.00000  260.85002  37.4%   7.9  640s
   700   702  287.08336  685  269  417.00000  260.85002  37.4%   7.9  646s
   705   707  287.09586  690  269  417.00000  260.85002  37.4%   7.9  650s
   723   725  287.18197  708  267  417.00000  260.85002  37.4%   7.9  655s
   734   736  287.19447  719  269  417.00000  260.85002  37.4%   7.8  660s
H  750   750                     416.0000000  260.85002  37.3%   7.8  665s
H  756   756                     412.0000000  260.85002  36.7%   7.8  670s
   769   771  287.21947  754  269  412.00000  260.85002  36.7%   7.7  675s
   783   785  287.23197  768  270  412.00000  260.85002  36.7%   7.6  681s
   800   802  287.29308  785  268  412.00000  260.85002  36.7%   7.6  689s
   802   804  287.29308  787  269  412.00000  260.85002  36.7%   7.6  690s
   810   812  287.29308  795  268  412.00000  260.85002  36.7%   7.5  695s
   825   827  287.30558  810  268  412.00000  260.85002  36.7%   7.4  700s
   837   839  287.30558  822  268  412.00000  260.85002  36.7%   7.3  705s
   858   860  287.30558  843  268  412.00000  260.85002  36.7%   7.2  710s
   865   867  287.31808  850  269  412.00000  260.85002  36.7%   7.2  715s
   878   880  287.31808  863  269  412.00000  260.85002  36.7%   7.1  720s
   891   893  287.33058  876  269  412.00000  260.85002  36.7%   7.0  727s
   900   902  287.33058  885  269  412.00000  260.85002  36.7%   7.0  734s
   903   905  287.33058  888  269  412.00000  260.85002  36.7%   6.9  735s
   906   908  287.33058  891  268  412.00000  260.85002  36.7%   6.9  740s
H  918   918                     410.0000000  260.85002  36.4%   6.8  746s
   930   932  287.65142  915  269  410.00000  260.85002  36.4%   6.8  750s
   945   947  287.66392  930  267  410.00000  260.85002  36.4%   6.7  758s
   951   953  287.66392  936  266  410.00000  260.85002  36.4%   6.7  760s
   965   967  287.66392  950  267  410.00000  260.85002  36.4%   6.6  765s
   972   974  287.66392  957  267  410.00000  260.85002  36.4%   6.6  770s
   985   987  287.66392  970  269  410.00000  260.85002  36.4%   6.5  775s
   999  1001  287.66392  984  271  410.00000  260.85002  36.4%   6.5  783s
  1000  1002  287.66392  985  270  410.00000  260.85002  36.4%   6.5  787s
  1009  1011  287.66392  994  273  410.00000  260.85002  36.4%   6.4  790s
  1026  1028  287.66392 1011  273  410.00000  260.85002  36.4%   6.3  801s
  1039  1041  287.66392 1024  276  410.00000  260.85002  36.4%   6.3  805s
  1053  1055  287.67995 1038  270  410.00000  260.85002  36.4%   6.3  813s
  1059  1061  287.68991 1044  279  410.00000  260.85002  36.4%   6.3  815s
  1076  1078  287.68991 1061  274  410.00000  260.85002  36.4%   6.2  820s
  1080  1082  287.68991 1065  275  410.00000  260.85002  36.4%   6.2  826s
  1092  1094  287.68991 1077  280  410.00000  260.85002  36.4%   6.2  830s
  1100  1102  292.45615 1085  295  410.00000  260.85002  36.4%   7.2  841s
  1101  1103  292.45615 1085  305  410.00000  260.85002  36.4%   8.5  846s
  1107  1109  292.46774 1091  300  410.00000  260.85002  36.4%   8.5  850s
  1126  1128  295.14212 1106  285  410.00000  260.85002  36.4%   8.6  855s
  1134  1136  295.94342 1112  265  410.00000  260.85002  36.4%   8.5  860s
  1152  1154  296.83917 1129  223  410.00000  260.85002  36.4%   8.5  865s
  1161  1163  306.40167 1137  223  410.00000  260.85002  36.4%   8.5  872s
  1171  1173  306.44334 1147  222  410.00000  260.85002  36.4%   8.4  875s
  1187  1189  306.56834 1163  224  410.00000  260.85002  36.4%   8.4  880s
  1199  1201  306.56834 1175  224  410.00000  260.85002  36.4%   8.3  885s
  1204  1206  306.63084 1180  222  410.00000  260.85002  36.4%   8.3  890s
  1215  1217  306.63084 1191  224  410.00000  260.85002  36.4%   8.2  896s
  1217  1217  310.04603 1191  218  410.00000  260.85002  36.4%  10.4  908s
  1218  1218  310.04603 1192  210  410.00000  260.85002  36.4%  12.0  919s
  1220  1220  310.04603 1194  210  410.00000  260.85002  36.4%  12.0  920s
  1236  1234  312.25437 1209  212  410.00000  260.85002  36.4%  11.9  925s
  1245  1243  314.29897 1215  210  410.00000  260.85002  36.4%  11.9  932s
  1252  1250  314.29897 1222  210  410.00000  260.85002  36.4%  11.8  935s
  1267  1265  314.45388 1237  236  410.00000  260.85002  36.4%  11.8  940s
  1279  1277  314.45388 1249  239  410.00000  260.85002  36.4%  11.7  945s
  1296  1294  314.47888 1266  243  410.00000  260.85002  36.4%  11.6  952s
  1300  1298  314.47888 1270  242  410.00000  260.85002  36.4%  11.6  957s
  1310  1308  314.47888 1280  243  410.00000  260.85002  36.4%  11.5  960s
  1323  1321  314.47888 1293  243  410.00000  260.85002  36.4%  11.4  965s
  1340  1338  314.48046 1310  240  410.00000  260.85002  36.4%  11.2  970s
  1350  1348  314.52919 1320  242  410.00000  260.85002  36.4%  11.2  975s
  1366  1362  323.26190 1333  238  410.00000  260.85002  36.4%  11.1  980s
  1377  1373  323.26190 1344  239  410.00000  260.85002  36.4%  11.0  989s
  1379  1375  323.26190 1346  238  410.00000  260.85002  36.4%  11.0  990s
  1396  1392  323.27571 1363  244  410.00000  260.85002  36.4%  10.9  995s
  1400  1396  323.27571 1367  244  410.00000  260.85002  36.4%  10.9 1000s
  1404  1400  323.30118 1371  238  410.00000  260.85002  36.4%  10.9 1006s
  1417  1413  323.30118 1384  239  410.00000  260.85002  36.4%  10.8 1010s
  1431  1427  323.30118 1398  242  410.00000  260.85002  36.4%  10.7 1017s
  1440  1436  323.30118 1407  239  410.00000  260.85002  36.4%  10.7 1020s
H 1458  1452                     408.0000000  260.85002  36.1%  10.6 1031s
  1473  1469  323.30118 1440  238  408.00000  260.85002  36.1%  10.5 1035s
  1485  1481  323.30118 1452  239  408.00000  260.85002  36.1%  10.4 1041s
H 1489  1483                     407.0000000  260.85002  35.9%  10.4 1046s
  1500  1496  323.30118 1467  241  407.00000  260.85002  35.9%  10.3 1053s
  1508  1504  323.30118 1475  240  407.00000  260.85002  35.9%  10.3 1055s
  1518  1514  330.04592 1484  236  407.00000  260.85002  35.9%  10.3 1060s
  1535  1531  330.04592 1501  237  407.00000  260.85002  35.9%  10.2 1065s
  1545  1541  330.04592 1511  237  407.00000  260.85002  35.9%  10.1 1070s
  1566  1562  330.04723 1532  242  407.00000  260.85002  35.9%  10.0 1078s
  1575  1571  330.04723 1541  242  407.00000  260.85002  35.9%   9.9 1080s
  1591  1587  330.05118 1557  236  407.00000  260.85002  35.9%   9.8 1085s
  1599  1595  330.07092 1565  236  407.00000  260.85002  35.9%   9.8 1090s
  1601  1597  330.07092 1567  235  407.00000  260.85002  35.9%   9.8 1095s
  1614  1610  330.07092 1580  235  407.00000  260.85002  35.9%   9.7 1100s
  1620  1616  330.07092 1586  235  407.00000  260.85002  35.9%   9.7 1106s
  1637  1633  330.07092 1603  238  407.00000  260.85002  35.9%   9.6 1110s
  1647  1643  330.07092 1613  236  407.00000  260.85002  35.9%   9.6 1116s
  1665  1661  330.07092 1631  238  407.00000  260.85002  35.9%   9.5 1120s
  1674  1670  330.07092 1640  236  407.00000  260.85002  35.9%   9.4 1126s
  1690  1686  330.07223 1656  242  407.00000  260.85002  35.9%   9.4 1130s
  1700  1696  330.07223 1666  242  407.00000  260.85002  35.9%   9.3 1137s
  1701  1697  330.07223 1667  243  407.00000  260.85002  35.9%   9.3 1141s
  1716  1712  330.07223 1682  242  407.00000  260.85002  35.9%   9.2 1145s
  1728  1724  330.07223 1694  242  407.00000  260.85002  35.9%   9.2 1152s
  1734  1730  330.07223 1700  240  407.00000  260.85002  35.9%   9.2 1155s
  1748  1744  330.07223 1714  238  407.00000  260.85002  35.9%   9.1 1160s
  1755  1751  330.07223 1721  238  407.00000  260.85002  35.9%   9.1 1165s
  1766  1762  330.07618 1732  234  407.00000  260.85002  35.9%   9.0 1170s
  1782  1778  330.07618 1748  235  407.00000  260.85002  35.9%   8.9 1178s
  1787  1783  330.07618 1753  235  407.00000  260.85002  35.9%   8.9 1180s
  1800  1796  330.07618 1766  235  407.00000  260.85002  35.9%   8.9 1186s
  1809  1805  330.07618 1775  233  407.00000  260.85002  35.9%   8.8 1191s
  1825  1821  332.92092 1790  231  407.00000  260.85002  35.9%   8.8 1195s
  1836  1832  332.92092 1801  233  407.00000  260.85002  35.9%   8.7 1201s
  1844  1840  332.97807 1809  225  407.00000  260.85002  35.9%   8.7 1205s
  1863  1859  333.01938 1828  231  407.00000  260.85002  35.9%   8.7 1213s
  1869  1865  333.01938 1834  237  407.00000  260.85002  35.9%   8.7 1215s
  1884  1880  333.01938 1849  239  407.00000  260.85002  35.9%   8.6 1220s
  1892  1888  333.01938 1857  242  407.00000  260.85002  35.9%   8.6 1225s
  1900  1896  333.04438 1865  241  407.00000  260.85002  35.9%   8.5 1231s
  1909  1905  333.05688 1874  242  407.00000  260.85002  35.9%   8.5 1237s
  1917  1913  333.05688 1882  239  407.00000  260.85002  35.9%   8.5 1242s
  1927  1923  333.05688 1892  241  407.00000  260.85002  35.9%   8.5 1245s
  1944  1940  333.08188 1909  240  407.00000  260.85002  35.9%   8.4 1256s
  1947  1943  333.08188 1912  239  407.00000  260.85002  35.9%   8.4 1260s
  1962  1958  333.08188 1927  241  407.00000  260.85002  35.9%   8.3 1265s
  1971  1967  333.09438 1936  241  407.00000  260.85002  35.9%   8.3 1270s
H 1975  1969                     406.0000000  260.85002  35.8%   8.3 1286s
  1984  1980  343.79560 1948  236  406.00000  260.85002  35.8%   8.7 1291s
  1990  1986  343.84438 1953  232  406.00000  260.85002  35.8%   9.2 1295s
  1998  1994  343.84438 1961  235  406.00000  260.85002  35.8%   9.2 1301s
  2000  1996  343.86005 1963  232  406.00000  260.85002  35.8%   9.2 1306s
  2012  2008  344.51437 1975  230  406.00000  260.85002  35.8%   9.2 1310s
  2025  2021  344.56437 1988  230  406.00000  260.85002  35.8%   9.2 1317s
  2036  2032  344.58937 1999  229  406.00000  260.85002  35.8%   9.1 1320s
  2044  2040  355.07324 2007  228  406.00000  260.85002  35.8%   9.3 1325s
  2052  2048  352.31918 2014  226  406.00000  260.85002  35.8%   9.3 1331s
  2066  2062  353.17324 2027  221  406.00000  260.85002  35.8%   9.3 1335s
  2079  2075  353.92324 2040  219  406.00000  260.85002  35.8%   9.2 1341s
  2093  2089  359.70241 2052  217  406.00000  260.85002  35.8%   9.2 1345s
  2100  2096  359.71800 2059  220  406.00000  260.85002  35.8%   9.2 1351s
  2106  2102  360.54717 2064  216  406.00000  260.85002  35.8%   9.2 1358s
  2108  2104  360.54717 2066  216  406.00000  260.85002  35.8%   9.2 1366s
  2121  2117  369.12524 2079  211  406.00000  260.85002  35.8%   9.7 1373s
  2124  2120  369.12524 2082  210  406.00000  260.85002  35.8%   9.7 1375s
  2133  2129  369.12524 2091  211  406.00000  260.85002  35.8%   9.7 1381s
  2138  2134  369.15147 2096  216  406.00000  260.85002  35.8%   9.7 1392s
  2141  2137  369.15147 2099  215  406.00000  260.85002  35.8%   9.7 1397s
  2151  2147  369.17647 2109  216  406.00000  260.85002  35.8%   9.6 1400s
  2160  2156  369.17647 2118  219  406.00000  260.85002  35.8%   9.6 1406s
  2179  2175  369.18770 2136  210  406.00000  260.85002  35.8%   9.6 1410s
  2189  2185  369.20735 2145  208  406.00000  260.85002  35.8%   9.5 1415s
  2200  2196  369.22878 2156  208  406.00000  260.85002  35.8%   9.5 1422s
  2213  2209  369.23235 2169  208  406.00000  260.85002  35.8%   9.4 1425s
  2218  2214  369.25211 2174  211  406.00000  260.85002  35.8%   9.4 1430s
  2231  2227  369.25211 2187  211  406.00000  260.85002  35.8%   9.4 1435s
  2235  2231  369.25211 2191  208  406.00000  260.85002  35.8%   9.4 1440s
  2238  2234  369.25211 2194  208  406.00000  260.85002  35.8%   9.4 1446s
  2241  2237  369.25211 2197  210  406.00000  260.85002  35.8%   9.4 1450s
  2255  2251  370.39968 2210  212  406.00000  260.85002  35.8%   9.4 1455s
  2268  2262  370.73678 2222  194  406.00000  260.85002  35.8%   9.4 1461s
  2279  2273  372.07220 2232  192  406.00000  260.85002  35.8%   9.3 1465s
  2290  2284  376.89672 2242  188  406.00000  260.85002  35.8%   9.5 1470s
  2295  2289  376.89672 2247  187  406.00000  260.85002  35.8%   9.5 1475s
  2300  2294  376.89672 2252  188  406.00000  260.85002  35.8%   9.4 1480s
  2315  2309  376.89672 2267  191  406.00000  260.85002  35.8%   9.4 1485s
  2322  2316  376.89721 2274  191  406.00000  260.85002  35.8%   9.4 1490s
  2332  2326  379.90971 2283  191  406.00000  260.85002  35.8%   9.5 1498s
  2335  2329  380.11983 2286  190  406.00000  260.85002  35.8%   9.5 1503s
  2343  2337  380.33471 2294  190  406.00000  260.85002  35.8%   9.5 1505s
  2351  2345  380.45971 2302  190  406.00000  260.85002  35.8%   9.5 1510s
  2368  2362  390.56035 2318  173  406.00000  260.85002  35.8%   9.5 1515s
  2376  2370  390.66868 2326  176  406.00000  260.85002  35.8%   9.5 1521s
  2391  2385  390.92285 2341  176  406.00000  260.85002  35.8%   9.5 1525s
  2400  2394  391.80856 2349  174  406.00000  260.85002  35.8%   9.4 1531s
  2404  2398  391.95142 2353  174  406.00000  260.85002  35.8%   9.4 1535s
  2425  2419  392.34249 2374  173  406.00000  260.85002  35.8%   9.4 1540s
  2429  2423  398.43540 2377  153  406.00000  260.85002  35.8%   9.8 1549s
  2430  2424  398.43540 2378  153  406.00000  260.85002  35.8%   9.8 1552s
  2432  2426  398.43761 2380  155  406.00000  260.85002  35.8%   9.8 1556s
  2444  2438  398.43908 2392  163  406.00000  260.85002  35.8%   9.7 1560s
  2457  2451  401.40949 2405  166  406.00000  260.85002  35.8%   9.9 1568s
  2462  2456  401.40949 2409  164  406.00000  260.85002  35.8%  10.0 1570s
  2484  2478  401.43449 2431  165  406.00000  260.85002  35.8%  10.0 1578s
  2489  2483  401.43449 2436  166  406.00000  260.85002  35.8%   9.9 1580s
  2500  2494  401.43449 2447  166  406.00000  260.85002  35.8%   9.9 1586s
  2511  2505  401.44699 2458  164  406.00000  260.85002  35.8%   9.9 1593s
  2520  2514  401.44699 2467  165  406.00000  260.85002  35.8%   9.8 1595s
  2526  2520  401.44699 2473  165  406.00000  260.85002  35.8%   9.8 1600s
  2530  2524  401.44699 2477  165  406.00000  260.85002  35.8%   9.8 1605s
  2538  2532  401.44699 2485  167  406.00000  260.85002  35.8%   9.8 1610s
  2551  2544  268.56620   52  581  406.00000  260.85002  35.8%   9.7 1986s
  2553  2545  343.84438 1961  224  406.00000  260.85002  35.8%   9.7 2014s
  2554  2546  283.89044  574  402  406.00000  260.85002  35.8%   9.7 2031s
  2556  2547  390.64785 2323  625  406.00000  260.85002  35.8%   9.7 2035s
  2559  2549  333.08188 1910  678  406.00000  260.96848  35.7%   9.7 2040s
  2563  2552  287.66392  991  739  406.00000  261.24282  35.7%   9.7 2050s
  2564  2553  330.07618 1740  947  406.00000  262.61418  35.3%   9.7 2065s
  2568  2555  285.77007  650 1015  406.00000  263.42076  35.1%   9.7 2076s
  2569  2556  333.05688 1873  933  406.00000  265.15878  34.7%   9.7 2093s
  2571  2557  272.81998  391 1095  406.00000  266.54969  34.3%   9.7 2095s
  2574  2559  271.34139   86 1129  406.00000  266.77816  34.3%   9.6 2100s
  2575  2560  333.09438 1938 1118  406.00000  266.77955  34.3%   9.6 2107s
H 2575  2431                     404.0000000  267.97521  33.7%   9.6 2124s
  2577  2432  275.71013  470 1081  404.00000  268.52391  33.5%   9.6 2126s
  2580  2434  272.54498  406 1162  404.00000  268.98919  33.4%   9.6 2130s
  2582  2436  334.00688 1860 1179  404.00000  269.00767  33.4%   9.6 2138s
  2583  2436  369.25211 2185  929  404.00000  270.90660  32.9%   9.6 2153s
  2585  2439  276.10404  490  581  404.00000  270.90660  32.9%  21.7 2188s
H 2586  2318                     403.0000000  270.90660  32.8%  21.7 2209s
  2587  2318  333.03188 1864  226  403.00000  270.90660  32.8%  21.7 2215s
  2588  2319  390.91035 2341  460  403.00000  270.90660  32.8%  21.7 2232s
  2590  2320  287.68991 1044  641  403.00000  270.90660  32.8%  21.7 2236s
  2593  2322  287.68991 1072  884  403.00000  270.90660  32.8%  21.7 2249s
  2594  2323  270.90660   30  828  403.00000  270.90660  32.8%  21.6 2250s
  2598  2326  369.42466 2121  966  403.00000  270.90660  32.8%  21.6 2256s
  2600  2327  370.37936 2209 1027  403.00000  271.04894  32.7%  21.6 2267s
  2601  2328  287.31808  861  985  403.00000  271.82809  32.5%  21.6 2283s
  2602  2328  272.21615   90 1092  403.00000  272.21615  32.5%  21.6 2285s
  2606  2331  272.55324  363 1120  403.00000  272.55324  32.4%  21.5 2298s
  2607  2332  349.46882 1977 1311  403.00000  273.64680  32.1%  21.5 2315s
  2610  2334  333.01938 1835 1202  403.00000  274.75587  31.8%  21.5 2320s
  2613  2336  314.47919 1301 1235  403.00000  274.77933  31.8%  21.5 2332s
  2614  2336  369.19806 2131 1285  403.00000  276.44872  31.4%  21.5 2351s
  2616  2338  314.47888 1271 1287  403.00000  277.21949  31.2%  21.5 2355s
  2620  2340  360.12142 2046 1293  403.00000  277.51075  31.1%  21.4 2360s
  2621  2341  323.30118 1391 1298  403.00000  277.51096  31.1%  21.4 2369s
  2622  2342  369.45020 2145 1188  403.00000  278.47227  30.9%  21.4 2381s
  2624  2344  287.33058  886  581  403.00000  278.47227  30.9%  34.9 2414s
  2625  2345  323.30118 1440  581  403.00000  278.47227  30.9%  34.9 2415s
  2626  2345  343.84438 1957  227  403.00000  278.47227  30.9%  34.9 2440s
  2627  2346  330.07092 1610  456  403.00000  278.47227  30.9%  34.9 2455s
  2630  2348  333.08188 1921  718  403.00000  278.47227  30.9%  34.8 2461s
  2632  2349  282.83298  556  938  403.00000  278.47227  30.9%  34.8 2465s
  2635  2351  278.47227   80 1023  403.00000  278.47227  30.9%  34.8 2470s
  2638  2353  287.68991 1052 1258  403.00000  278.47227  30.9%  34.7 2475s
  2642  2356  278.49942  180 1284  403.00000  278.49942  30.9%  34.7 2480s
  2645  2358  278.50233  226 1280  403.00000  278.50233  30.9%  34.6 2492s
  2646  2359  287.34308  900 1404  403.00000  279.14630  30.7%  34.6 2509s
  2647  2359  376.89672 2250 1323  403.00000  279.41323  30.7%  34.6 2510s
  2651  2362  279.48275   52 1317  403.00000  279.48275  30.6%  34.6 2523s
  2652  2363  280.14197  464 1272  403.00000  280.14197  30.5%  34.5 2539s
  2653  2363  343.84438 1961 1262  403.00000  280.32986  30.4%  34.5 2541s
  2656  2365  390.64785 2323 1328  403.00000  280.45776  30.4%  34.5 2545s
  2657  2366  360.51800 2060 1312  403.00000  280.45893  30.4%  34.5 2552s
  2658  2367  393.99785 2358 1461  403.00000  281.10866  30.2%  34.5 2567s
  2661  2369  287.66392 1001 1478  403.00000  281.36046  30.2%  34.4 2570s
  2664  2371  330.07618 1740 1537  403.00000  281.36403  30.2%  34.4 2580s
  2665  2371  360.25102 2053 1311  403.00000  281.89279  30.1%  34.4 2593s
  2667  2374  402.31746 2497  581  403.00000  281.89279  30.1%  48.3 2622s
  2669  2375  333.05688 1873  227  403.00000  281.89279  30.1%  48.3 2646s
  2670  2376  281.89279  319  425  403.00000  281.89279  30.1%  48.2 2661s
  2672  2377  287.66392  964  691  403.00000  281.89279  30.1%  48.2 2665s
  2675  2379  333.09438 1938  956  403.00000  281.89279  30.1%  48.2 2670s
  2678  2381  369.25211 2185 1085  403.00000  281.89279  30.1%  48.1 2675s
  2681  2383  330.07223 1674 1221  403.00000  281.89279  30.1%  48.1 2680s
  2685  2386  281.89279  490 1458  403.00000  281.89279  30.1%  48.0 2686s
  2688  2388  390.91035 2341 1412  403.00000  281.89742  30.1%  47.9 2690s
  2691  2390  281.91954  170 1541  403.00000  281.91954  30.0%  47.9 2702s
  2692  2391  287.66392 1002 1655  403.00000  282.32617  29.9%  47.9 2720s
  2695  2393  282.65731  238 1600  403.00000  282.65731  29.9%  47.8 2725s
  2697  2394  369.19942 2096 1599  403.00000  282.66000  29.9%  47.8 2734s
  2698  2395  369.42466 2121 1671  403.00000  283.13469  29.7%  47.7 2752s
  2699  2395  314.29897 1216 1697  403.00000  283.40294  29.7%  47.7 2756s
  2701  2397  287.31808  861 1798  403.00000  283.53476  29.6%  47.7 2763s
  2702  2397  283.54052   90 1779  403.00000  283.54052  29.6%  47.7 2765s
  2705  2399  334.04438 1887 1791  403.00000  283.54740  29.6%  47.6 2779s
  2706  2400  284.04549  363 1887  403.00000  284.04549  29.5%  47.6 2805s
  2708  2401  287.68991 1049 1843  403.00000  284.18430  29.5%  47.6 2810s
  2711  2403  352.69824 2024 1897  403.00000  284.19298  29.5%  47.5 2825s
  2712  2404  314.47856 1250 1420  403.00000  284.49537  29.4%  47.5 2843s
  2714  2407  369.19806 2131  581  403.00000  284.49537  29.4%  61.9 2902s
  2716  2408  314.47888 1271  226  403.00000  284.49537  29.4%  61.8 2932s
  2717  2409  284.49537  202  526  403.00000  284.49537  29.4%  61.8 2951s
  2719  2410  284.49537  225  560  403.00000  284.49537  29.4%  61.7 2956s
  2721  2412  323.30118 1391  847  403.00000  284.49537  29.4%  61.7 2960s
  2724  2414  287.33058  886  877  403.00000  284.49537  29.4%  61.6 2965s
  2726  2415  343.84438 1957 1178  403.00000  284.49537  29.4%  61.6 2970s
  2728  2416  344.49824 1967 1342  403.00000  284.49537  29.4%  61.5 2976s
  2730  2418  333.08188 1921 1355  403.00000  284.49537  29.4%  61.5 2981s
  2731  2418  376.89672 2250 1357  403.00000  284.49537  29.4%  61.5 2985s
  2734  2420  284.49537   33 1489  403.00000  284.49537  29.4%  61.4 2990s
  2737  2422  347.26677 1970 1556  403.00000  284.49537  29.4%  61.3 2998s
  2738  2423  287.68991 1052 1497  403.00000  284.49537  29.4%  61.3 3000s
  2741  2425  330.07618 1751 1555  403.00000  284.49723  29.4%  61.3 3019s
  2742  2426  284.81713  180 1611  403.00000  284.81713  29.3%  61.2 3041s
  2745  2428  285.29342  226 1567  403.00000  285.29342  29.2%  61.2 3046s
  2749  2430  401.43449 2437 1605  403.00000  285.31362  29.2%  61.1 3050s
  2750  2431  285.31438  207 1605  403.00000  285.31438  29.2%  61.0 3059s
  2751  2432  285.59410   52 1705  403.00000  285.59410  29.1%  61.0 3077s
  2752  2432  285.77786  464 1570  403.00000  285.77786  29.1%  61.0 3080s
  2756  2435  390.64785 2323 1590  403.00000  286.00058  29.0%  60.9 3086s
  2758  2436  393.99785 2358 1684  403.00000  286.00477  29.0%  60.9 3099s
  2759  2437  333.08188 1910 1643  403.00000  286.53819  28.9%  60.9 3119s
  2760  2438  286.76944   46 1892  403.00000  286.76944  28.8%  60.8 3124s
  2761  2438  287.66392 1001 1812  403.00000  286.83600  28.8%  60.8 3127s
  2763  2440  287.66392  991 1895  403.00000  286.87928  28.8%  60.8 3131s
  2767  2442  402.31746 2497 1894  403.00000  286.88903  28.8%  60.7 3148s
  2768  2443  287.21610  650 1654  403.00000  287.21610  28.7%  60.7 3165s
  2770  2446  287.21610  319  581  403.00000  287.21610  28.7%  75.6 3206s
  2772  2447  287.66392  964  227  403.00000  287.21610  28.7%  75.6 3235s
  2773  2448  330.04592 1504  476  403.00000  287.21610  28.7%  75.5 3253s
  2774  2449  287.21610   86  528  403.00000  287.21610  28.7%  75.5 3255s
  2776  2450  287.21610  549  794  403.00000  287.21610  28.7%  75.5 3261s
  2778  2451  369.25211 2185 1012  403.00000  287.21610  28.7%  75.4 3266s
  2780  2453  287.21610  406 1329  403.00000  287.21610  28.7%  75.4 3272s
  2781  2453  330.07223 1674 1232  403.00000  287.21610  28.7%  75.3 3275s
  2783  2455  369.25211 2185 1306  403.00000  287.21610  28.7%  75.3 3280s
  2786  2457  287.21610  622 1594  403.00000  287.21610  28.7%  75.2 3287s
  2787  2457  333.03188 1864 1612  403.00000  287.21610  28.7%  75.2 3290s
  2789  2459  369.43081 2134 1818  403.00000  287.21610  28.7%  75.1 3296s
  2791  2460  287.21610  170 1796  403.00000  287.21610  28.7%  75.1 3300s
  2795  2463  287.21610  238 1863  403.00000  287.21610  28.7%  74.9 3305s
  2797  2464  369.19942 2096 1784  403.00000  287.24442  28.7%  74.9 3320s
H 2797  2340                     402.0000000  287.70351  28.4%  74.9 3346s
  2800  2342  370.37936 2209 2068  402.00000  287.86164  28.4%  74.8 3353s
  2801  2343  287.89614  861 1975  402.00000  287.89614  28.4%  74.8 3355s
  2803  2344  287.90760  607 1972  402.00000  287.90760  28.4%  74.7 3367s
  2804  2345  398.43908 2392 1927  402.00000  288.18691  28.3%  74.7 3402s
  2805  2345  334.04438 1887 1812  402.00000  288.29202  28.3%  74.7 3407s
  2806  2346  288.34891  363 1777  402.00000  288.34891  28.3%  74.7 3410s
  2809  2348  288.36742 1005 1899  402.00000  288.36742  28.3%  74.6 3424s
H 2809  2230                     399.0000000  288.97282  27.6%  74.6 3458s
  2811  2231  352.69824 2024 1971  399.00000  289.10333  27.5%  74.5 3467s
  2813  2233  314.47919 1301 2101  399.00000  289.15194  27.5%  74.5 3471s
  2815  2234  343.83310 1949 2069  399.00000  289.16083  27.5%  74.4 3482s
  2816  2235  314.47888 1271 1770  399.00000  289.59743  27.4%  74.4 3498s
  2818  2237  289.59743  845  581  399.00000  289.59743  27.4%  90.4 3533s
  2820  2238  360.12142 2046  228  399.00000  289.59743  27.4%  90.3 3558s
  2821  2239  323.30118 1391  495  399.00000  289.59743  27.4%  90.3 3575s
  2824  2241  289.59743  886  756  399.00000  289.59743  27.4%  90.2 3580s
  2826  2242  343.84438 1957 1180  399.00000  289.59743  27.4%  90.1 3585s
  2829  2244  330.09592 1788 1134  399.00000  289.59743  27.4%  90.0 3591s
  2831  2246  376.89672 2250 1420  399.00000  289.59743  27.4%  90.0 3595s
  2833  2247  289.59743  798 1372  399.00000  289.59743  27.4%  89.9 3601s
  2835  2248  289.59743   80 1697  399.00000  289.59743  27.4%  89.8 3607s
  2836  2249  330.07618 1755 1773  399.00000  289.59743  27.4%  89.8 3610s
  2838  2250  289.59743 1052 1852  399.00000  289.59743  27.4%  89.7 3616s
  2840  2252  289.59743  879 1855  399.00000  289.59743  27.4%  89.7 3621s
  2842  2253  289.59743  180 1862  399.00000  289.59743  27.4%  89.6 3625s
  2846  2256  289.60098  900 1841  399.00000  289.60098  27.4%  89.5 3646s
H 2846  2142                     398.0000000  289.97569  27.1%  89.5 3669s
  2848  2143  369.83283 2157 1881  398.00000  290.05991  27.1%  89.4 3671s
  2851  2145  290.08737   52 1804  398.00000  290.08737  27.1%  89.3 3675s
  2855  2148  290.11027  845 1810  398.00000  290.11027  27.1%  89.2 3687s
  2856  2148  390.64785 2323 1844  398.00000  290.33366  27.1%  89.2 3710s
  2858  2150  393.99785 2358 1895  398.00000  290.50074  27.0%  89.1 3715s
  2862  2152  290.51910  706 1874  398.00000  290.51910  27.0%  89.0 3721s
  2863  2153  290.51910  991 1878  398.00000  290.51910  27.0%  89.0 3730s
  2864  2154  330.07618 1740 2020  398.00000  290.68119  27.0%  88.9 3753s
  2865  2154  360.25102 2053 1854  398.00000  290.81214  26.9%  88.9 3757s
  2867  2156  398.00000 2497 2041  398.00000  290.86553  26.9%  88.8 3761s
  2869  2157  333.05688 1873 2010  398.00000  290.87367  26.9%  88.8 3773s
  2870  2158  291.09788  319 1772  398.00000  291.09788  26.9%  88.7 3790s
  2872  2160  291.09788  964  581  398.00000  291.09788  26.9%   104 3831s
  2874  2161  291.09788   86  227  398.00000  291.09788  26.9%   104 3856s
H 2874  2052                     397.0000000  291.09788  26.7%   104 3871s
  2877  2054  291.09788  470  702  397.00000  291.09788  26.7%   104 3875s
  2879  2056  291.09788 1027  923  397.00000  291.09788  26.7%   103 3880s
  2881  2057  330.07223 1674 1126  397.00000  291.09788  26.7%   103 3886s
  2883  2058  369.25211 2185 1208  397.00000  291.09788  26.7%   103 3892s
  2884  2059  344.55187 1985 1385  397.00000  291.09788  26.7%   103 3896s
  2886  2060  291.09788  622 1392  397.00000  291.09788  26.7%   103 3903s
  2887  2061  333.03188 1864 1430  397.00000  291.09788  26.7%   103 3906s
  2889  2062  369.43081 2134 1564  397.00000  291.09788  26.7%   103 3911s
  2891  2064  291.09788  170 1830  397.00000  291.09788  26.7%   103 3917s
  2892  2064  291.09788 1002 1783  397.00000  291.09788  26.7%   103 3921s
  2893  2065  291.09788 1072 1792  397.00000  291.09788  26.7%   103 3925s
  2895  2066  291.09788  238 1808  397.00000  291.09788  26.7%   103 3930s
  2898  2068  369.42466 2121 1830  397.00000  291.09788  26.7%   103 3935s
  2901  2070  291.09788  861 1903  397.00000  291.09788  26.7%   103 3958s
  2902  2071  291.20190   90 1987  397.00000  291.20190  26.6%   103 3985s
  2905  2073  334.04438 1887 1844  397.00000  291.24543  26.6%   103 3990s
  2908  2075  291.24749 1049 1873  397.00000  291.24749  26.6%   102 4002s
  2909  2076  291.41573 1005 2264  397.00000  291.41573  26.6%   102 4032s
  2910  2076  333.01938 1835 2045  397.00000  291.53340  26.6%   102 4036s
  2913  2078  314.47919 1301 2110  397.00000  291.55516  26.6%   102 4040s
  2915  2080  343.83310 1949 2123  397.00000  291.56340  26.6%   102 4054s
  2916  2080  314.47888 1271 2070  397.00000  291.85762  26.5%   102 4080s
  2918  2082  291.95571  845 2062  397.00000  291.95571  26.5%   102 4105s
  2921  2084  323.30118 1391 2108  397.00000  291.98066  26.5%   102 4119s
  2922  2084  369.45020 2145 1945  397.00000  292.11352  26.4%   102 4143s
  2924  2087  292.11352  886  581  397.00000  292.11352  26.4%   118 4179s
  2926  2088  343.84438 1957  227  397.00000  292.11352  26.4%   118 4205s
  2927  2089  330.07092 1610  463  397.00000  292.11352  26.4%   118 4221s
  2930  2091  333.08188 1921  866  397.00000  292.11352  26.4%   118 4227s
  2932  2092  292.11352  556 1068  397.00000  292.11352  26.4%   118 4231s
  2934  2094  292.11352   33 1111  397.00000  292.11352  26.4%   118 4236s
  2936  2095  330.07618 1755 1167  397.00000  292.11352  26.4%   118 4242s
  2937  2096  347.26677 1970 1273  397.00000  292.11352  26.4%   118 4245s
  2939  2097  306.50584 1153 1534  397.00000  292.11352  26.4%   118 4251s
  2941  2098  330.07618 1751 1589  397.00000  292.11352  26.4%   118 4257s
  2942  2099  292.11352  180 1763  397.00000  292.11352  26.4%   118 4261s
  2944  2100  323.30118 1388 1761  397.00000  292.11352  26.4%   118 4268s
  2945  2101  292.11352  226 2038  397.00000  292.11352  26.4%   118 4275s
  2947  2102  376.89672 2250 1865  397.00000  292.11352  26.4%   118 4280s
  2950  2104  292.11352  207 2054  397.00000  292.11352  26.4%   117 4286s
  2953  2106  343.84438 1961 2082  397.00000  292.11715  26.4%   117 4291s
  2954  2107  292.11728  574 2071  397.00000  292.11728  26.4%   117 4321s
  2955  2108  292.19242  845 1960  397.00000  292.19242  26.4%   117 4345s
  2957  2109  360.51800 2060 1955  397.00000  292.25202  26.4%   117 4351s
  2959  2110  333.08188 1910 1959  397.00000  292.25934  26.4%   117 4355s
  2960  2111  292.25938   46 1954  397.00000  292.25938  26.4%   117 4367s
  2961  2112  292.42118 1001 2232  397.00000  292.42118  26.3%   117 4401s
  2963  2113  292.52038  991 2265  397.00000  292.52038  26.3%   117 4406s
  2966  2115  292.52486  112 2305  397.00000  292.52486  26.3%   117 4410s
  2968  2116  292.52582  650 2345  397.00000  292.52582  26.3%   117 4424s
  2969  2117  333.05688 1873 2204  397.00000  292.65324  26.3%   117 4453s
  2970  2118  292.71766  319 2232  397.00000  292.71766  26.3%   117 4458s
  2971  2118  292.72887  391 2280  397.00000  292.72887  26.3%   117 4460s
  2975  2121  333.09438 1938 2259  397.00000  292.73712  26.3%   116 4474s
  2976  2122  292.85785  549 1905  397.00000  292.85785  26.2%   116 4498s
  2978  2124  369.25211 2185  581  397.00000  292.85785  26.2%   133 4532s
  2980  2125  292.85785  406  228  397.00000  292.85785  26.2%   133 4557s
  2981  2126  330.07223 1674  494  397.00000  292.85785  26.2%   133 4573s
  2982  2127  334.00688 1860  665  397.00000  292.85785  26.2%   132 4575s
  2984  2128  344.55187 1985  960  397.00000  292.85785  26.2%   132 4580s
  2986  2129  292.85785  622 1122  397.00000  292.85785  26.2%   132 4593s
  2987  2130  333.03188 1864 1035  397.00000  292.85785  26.2%   132 4595s
  2989  2131  369.43081 2134 1239  397.00000  292.85785  26.2%   132 4602s
  2990  2132  292.85785 1044 1313  397.00000  292.85785  26.2%   132 4606s
  2992  2133  292.85785 1002 1594  397.00000  292.85785  26.2%   132 4614s
  2993  2134  292.85785 1072 1559  397.00000  292.85785  26.2%   132 4617s
  2994  2135  292.85785   30 1417  397.00000  292.85785  26.2%   132 4620s
  2996  2136  292.85785 1052 1843  397.00000  292.85785  26.2%   132 4628s
  2997  2137  369.19942 2096 1852  397.00000  292.85785  26.2%   132 4632s
  2999  2138  314.29897 1216 1849  397.00000  292.85785  26.2%   132 4638s
  3000  2139  370.37936 2209 1950  397.00000  292.85785  26.2%   132 4640s
  3001  2139  292.85785  861 1989  397.00000  292.85785  26.2%   132 4645s
  3003  2141  292.85785  607 1943  397.00000  292.85785  26.2%   132 4650s
  3006  2143  292.85785  363 2017  397.00000  292.85785  26.2%   131 4656s
  3009  2145  292.85785 1005 2041  397.00000  292.85785  26.2%   131 4680s
  3010  2145  333.01938 1835 2217  397.00000  292.94668  26.2%   131 4711s
  3011  2146  352.69824 2024 2176  397.00000  292.97539  26.2%   131 4715s
  3014  2148  369.19806 2131 2157  397.00000  292.99776  26.2%   131 4720s
  3015  2149  343.83310 1949 2157  397.00000  292.99776  26.2%   131 4730s
H 3015  2040                     396.0000000  293.05470  26.0%   131 4762s
  3017  2041  293.10668  202 2215  396.00000  293.10668  26.0%   131 4768s
  3018  2042  293.12133  845 2227  396.00000  293.12133  26.0%   131 4770s
  3021  2044  323.30118 1391 2307  396.00000  293.13564  26.0%   131 4775s
  3024  2046  293.13809  886 2310  396.00000  293.13809  26.0%   131 4788s
  3025  2046  323.30118 1440 2279  396.00000  293.30827  25.9%   131 4824s
  3026  2047  343.84438 1957 2113  396.00000  293.33321  25.9%   131 4827s
  3027  2048  330.07092 1610 2121  396.00000  293.34317  25.9%   131 4830s
  3029  2049  330.09592 1788 2215  396.00000  293.35814  25.9%   130 4835s
  3031  2050  376.89672 2250 2210  396.00000  293.35879  25.9%   130 4848s
  3032  2051  293.44679  556 1965  396.00000  293.44679  25.9%   130 4869s
  3034  2054  293.44679   33  581  396.00000  293.44679  25.9%   145 4904s
  3036  2055  330.07618 1755  229  396.00000  293.44679  25.9%   145 4934s
  3037  2056  347.26677 1970  514  396.00000  293.44679  25.9%   145 4954s
  3038  2057  293.44679 1052  616  396.00000  293.44679  25.9%   145 4956s
  3040  2058  293.44679  879  905  396.00000  293.44679  25.9%   144 4961s
  3042  2059  293.44679  180 1140  396.00000  293.44679  25.9%   144 4968s
  3043  2060  306.56834 1155 1220  396.00000  293.44679  25.9%   144 4973s
  3044  2061  323.30118 1388 1236  396.00000  293.44679  25.9%   144 4976s
  3045  2061  293.44679  226 1269  396.00000  293.44679  25.9%   144 4980s
  3047  2063  376.89672 2250 1498  396.00000  293.44679  25.9%   144 4988s
  3048  2063  369.83283 2157 1642  396.00000  293.44679  25.9%   144 5000s
  3049  2064  396.00000 2437 1498  396.00000  293.44679  25.9%   144 5005s
  3050  2065  293.44679  207 1681  396.00000  293.44679  25.9%   144 5010s
  3052  2066  293.44679  464 1520  396.00000  293.44679  25.9%   144 5017s
  3053  2067  343.84438 1961 1732  396.00000  293.44679  25.9%   144 5021s
  3054  2067  293.44679  574 1904  396.00000  293.44679  25.9%   144 5026s
  3055  2068  293.44679  845 1985  396.00000  293.44679  25.9%   144 5030s
  3056  2069  390.64785 2323 1968  396.00000  293.44679  25.9%   144 5036s
  3057  2069  360.51800 2060 2013  396.00000  293.44679  25.9%   144 5041s
  3059  2071  333.08188 1910 2018  396.00000  293.44679  25.9%   144 5048s
  3060  2071  293.44679   46 2020  396.00000  293.44679  25.9%   144 5050s
  3063  2073  293.44679  991 2108  396.00000  293.44679  25.9%   143 5057s
  3064  2074  330.07618 1740 2001  396.00000  293.44679  25.9%   143 5060s
  3067  2076  396.00000 2497 2045  396.00000  293.44679  25.9%   143 5103s
  3068  2077  293.49389  650 2011  396.00000  293.49389  25.9%   143 5132s
  3069  2077  333.05688 1873 2074  396.00000  293.57159  25.9%   143 5137s
  3071  2079  293.60187  391 2004  396.00000  293.60187  25.9%   143 5141s
  3072  2079  293.60187  964 2016  396.00000  293.60187  25.9%   143 5154s
  3073  2080  330.04592 1504 2167  396.00000  293.72511  25.8%   143 5184s
  3074  2081  293.74615   86 2101  396.00000  293.74615  25.8%   143 5191s
  3075  2081  333.09438 1938 2154  396.00000  293.76294  25.8%   143 5195s
  3078  2083  369.25211 2185 2147  396.00000  293.76594  25.8%   143 5201s
  3080  2085  293.76728  406 2101  396.00000  293.76728  25.8%   143 5215s
  3081  2085  330.07223 1674 2265  396.00000  293.86431  25.8%   143 5250s
  3082  2086  334.00688 1860 2277  396.00000  293.89767  25.8%   143 5256s
  3084  2087  344.55187 1985 2263  396.00000  293.91846  25.8%   142 5262s
  3086  2089  293.92754  622 2271  396.00000  293.92754  25.8%   142 5266s
  3087  2089  333.03188 1864 2282  396.00000  293.92759  25.8%   142 5280s
  3088  2090  390.91035 2341 1993  396.00000  294.02834  25.8%   142 5302s
  3090  2093  294.02834 1044  581  396.00000  294.02834  25.8%   157 5349s
  3092  2094  294.02834 1002  229  396.00000  294.02834  25.8%   157 5376s
  3093  2095  294.02834 1072  539  396.00000  294.02834  25.8%   157 5393s
  3094  2096  294.02834   30  579  396.00000  294.02834  25.8%   157 5395s
  3097  2098  369.19942 2096  909  396.00000  294.02834  25.8%   156 5401s
  3099  2099  314.29897 1216 1194  396.00000  294.02834  25.8%   156 5406s
  3101  2100  294.02834  861 1347  396.00000  294.02834  25.8%   156 5412s
  3102  2101  294.02834   90 1315  396.00000  294.02834  25.8%   156 5415s
  3104  2102  396.00000 2392 1664  396.00000  294.02834  25.8%   156 5421s
  3105  2103  334.04438 1887 1616  396.00000  294.02834  25.8%   156 5426s
  3106  2104  294.02834  363 1778  396.00000  294.02834  25.8%   156 5430s
  3107  2104  349.46882 1977 1829  396.00000  294.02834  25.8%   156 5436s
  3108  2105  294.02834 1049 1863  396.00000  294.02834  25.8%   156 5440s
  3110  2106  333.01938 1835 1713  396.00000  294.02834  25.8%   156 5447s
  3111  2107  352.69824 2024 2038  396.00000  294.02834  25.8%   156 5452s
  3112  2108  314.47856 1250 2045  396.00000  294.02834  25.8%   156 5455s
  3114  2109  369.19806 2131 1980  396.00000  294.02834  25.8%   156 5462s
  3115  2110  343.83310 1949 2088  396.00000  294.02834  25.8%   156 5465s
  3117  2111  294.02834  202 2133  396.00000  294.02834  25.8%   155 5471s
  3119  2112  294.02834  225 2174  396.00000  294.02834  25.8%   155 5477s
  3120  2113  360.12142 2046 2132  396.00000  294.02834  25.8%   155 5480s
  3121  2114  323.30118 1391 2090  396.00000  294.02834  25.8%   155 5508s
  3122  2114  369.45020 2145 2326  396.00000  294.10301  25.7%   155 5546s
  3123  2115  294.18112  496 2154  396.00000  294.18112  25.7%   155 5551s
  3125  2116  323.30118 1440 2223  396.00000  294.18374  25.7%   155 5555s
  3126  2117  343.84438 1957 2198  396.00000  294.18379  25.7%   155 5565s
  3127  2118  330.07092 1610 2233  396.00000  294.27197  25.7%   155 5600s
  3128  2118  344.49824 1967 2351  396.00000  294.29262  25.7%   155 5605s
  3130  2120  333.08188 1921 2346  396.00000  294.31871  25.7%   155 5613s
  3131  2120  376.89672 2250 2318  396.00000  294.32296  25.7%   155 5615s
  3132  2121  294.32296  556 2324  396.00000  294.32296  25.7%   155 5626s
  3133  2122  294.43241  798 2401  396.00000  294.43241  25.6%   155 5665s
  3134  2122  294.54682   33 2367  396.00000  294.54682  25.6%   155 5671s
  3136  2124  330.07618 1755 2309  396.00000  294.60249  25.6%   154 5675s
  3139  2126  306.50584 1153 2337  396.00000  294.62679  25.6%   154 5680s
  3142  2128  294.62917  180 2386  396.00000  294.62917  25.6%   154 5695s
  3143  2128  306.56834 1155 2178  396.00000  294.72187  25.6%   154 5721s
  3145  2131  294.72187  226  581  396.00000  294.72187  25.6%   170 5758s
  3147  2132  376.89672 2250  229  396.00000  294.72187  25.6%   170 5785s
  3148  2133  369.83283 2157  587  396.00000  294.72187  25.6%   170 5804s
  3149  2134  396.00000 2437  529  396.00000  294.72187  25.6%   169 5806s
  3151  2135  294.72187   52  853  396.00000  294.72187  25.6%   169 5810s
  3153  2136  343.84438 1961 1230  396.00000  294.72187  25.6%   169 5815s
  3155  2138  294.72187  845 1267  396.00000  294.72187  25.6%   169 5821s
  3157  2139  360.51800 2060 1390  396.00000  294.72187  25.6%   169 5828s
  3158  2140  393.99785 2358 1559  396.00000  294.72187  25.6%   169 5832s
  3159  2140  333.08188 1910 1578  396.00000  294.72187  25.6%   169 5852s
  3160  2141  294.72187   46 1616  396.00000  294.72187  25.6%   169 5856s
  3161  2142  294.72187 1001 1615  396.00000  294.72187  25.6%   169 5860s
  3162  2142  294.72187  706 1771  396.00000  294.72187  25.6%   169 5865s
  3164  2144  330.07618 1740 1805  396.00000  294.72187  25.6%   169 5873s
  3165  2144  360.25102 2053 1817  396.00000  294.72187  25.6%   169 5879s
  3166  2145  294.72187  112 1938  396.00000  294.72187  25.6%   169 5885s
  3167  2146  396.00000 2497 1916  396.00000  294.72187  25.6%   169 5892s
  3168  2146  294.72187  650 1987  396.00000  294.72187  25.6%   168 5898s
  3169  2147  333.05688 1873 2099  396.00000  294.72187  25.6%   168 5907s
  3170  2148  294.72187  319 2165  396.00000  294.72187  25.6%   168 5912s
  3171  2148  294.72187  391 2140  396.00000  294.72187  25.6%   168 5918s
  3172  2149  294.72187  964 2144  396.00000  294.72187  25.6%   168 5921s
  3173  2150  330.04592 1504 2239  396.00000  294.72187  25.6%   168 5929s
  3174  2150  294.72187   86 2172  396.00000  294.72187  25.6%   168 5931s
  3176  2152  294.72272  549 2271  396.00000  294.72272  25.6%   168 5935s
  3177  2152  294.72278  470 2273  396.00000  294.72278  25.6%   168 5988s
  3178  2153  369.25211 2185 2328  396.00000  294.85178  25.5%   168 6031s
  3179  2154  294.89987 1027 2320  396.00000  294.89987  25.5%   168 6038s
  3180  2154  294.93220  406 2218  396.00000  294.93220  25.5%   168 6043s
  3181  2155  330.07223 1674 2216  396.00000  294.94682  25.5%   168 6046s
  3183  2156  369.25211 2185 2211  396.00000  294.94988  25.5%   168 6061s
  3184  2157  344.55187 1985 2211  396.00000  295.08305  25.5%   168 6099s
  3185  2158  295.10854  490 2242  396.00000  295.10854  25.5%   168 6105s
  3186  2158  295.17323  622 2259  396.00000  295.17323  25.5%   168 6110s
  3188  2160  390.91035 2341 2297  396.00000  295.24591  25.4%   167 6118s
  3189  2160  369.43081 2134 2294  396.00000  295.27305  25.4%   167 6124s
  3190  2161  295.27511 1044 2290  396.00000  295.27511  25.4%   167 6126s
  3193  2163  295.27833 1072 2315  396.00000  295.27833  25.4%   167 6141s
  3194  2164  295.48016   30 2403  396.00000  295.48016  25.4%   167 6180s
  3195  2164  295.54442  238 2311  396.00000  295.54442  25.4%   167 6187s
  3196  2165  295.57003 1052 2308  396.00000  295.57003  25.4%   167 6191s
  3198  2166  369.42466 2121 2321  396.00000  295.58279  25.4%   167 6197s
  3199  2167  314.29897 1216 2300  396.00000  295.58932  25.4%   167 6200s
  3202  2169  295.59048   90 2305  396.00000  295.59048  25.4%   167 6213s
  3203  2170  295.83376  607 2026  396.00000  295.83376  25.3%   167 6246s
  3205  2172  334.04438 1887  581  396.00000  295.83376  25.3%   182 6292s
  3207  2173  349.46882 1977  228  396.00000  295.83376  25.3%   182 6327s
  3208  2174  295.83376 1049  608  396.00000  295.83376  25.3%   182 6351s
  3210  2175  333.01938 1835  729  396.00000  295.83376  25.3%   182 6356s
  3212  2177  314.47856 1250 1205  396.00000  295.83376  25.3%   182 6361s
  3214  2178  369.19806 2131 1142  396.00000  295.83376  25.3%   182 6368s
  3215  2179  343.83310 1949 1085  396.00000  295.83376  25.3%   182 6372s
  3216  2179  314.47888 1271 1388  396.00000  295.83376  25.3%   182 6376s
  3217  2180  295.83376  202 1398  396.00000  295.83376  25.3%   182 6381s
  3218  2181  295.83376  845 1486  396.00000  295.83376  25.3%   182 6386s
  3219  2181  295.83376  225 1620  396.00000  295.83376  25.3%   182 6392s
  3220  2182  360.12142 2046 1460  396.00000  295.83376  25.3%   182 6398s
  3221  2183  323.30118 1391 1609  396.00000  295.83376  25.3%   181 6405s
  3222  2183  369.45020 2145 1734  396.00000  295.83376  25.3%   181 6411s
  3223  2184  295.83376  496 1689  396.00000  295.83376  25.3%   181 6417s
  3224  2185  295.83376  886 1818  396.00000  295.83376  25.3%   181 6421s
  3225  2185  323.30118 1440 1844  396.00000  295.83376  25.3%   181 6426s
  3226  2186  343.84438 1957 1889  396.00000  295.83376  25.3%   181 6432s
  3227  2187  330.07092 1610 2047  396.00000  295.83376  25.3%   181 6439s
  3228  2187  344.49824 1967 1973  396.00000  295.83376  25.3%   181 6445s
  3230  2189  333.08188 1921 2104  396.00000  295.83376  25.3%   181 6453s
  3231  2189  376.89672 2250 2056  396.00000  295.83376  25.3%   181 6457s
  3232  2190  295.83376  556 2107  396.00000  295.83376  25.3%   181 6463s
  3233  2191  295.83376  798 2129  396.00000  295.83376  25.3%   181 6467s
  3234  2191  295.83376   33 2144  396.00000  295.83376  25.3%   181 6470s
  3236  2193  330.07618 1755 2034  396.00000  295.83476  25.3%   181 6475s
  3238  2194  295.83611 1052 2041  396.00000  295.83611  25.3%   181 6512s
  3239  2195  306.50584 1153 2269  396.00000  296.00532  25.3%   180 6560s
  3240  2195  296.01997  879 2184  396.00000  296.01997  25.2%   180 6565s
  3242  2197  296.04693  180 2186  396.00000  296.04693  25.2%   180 6571s
  3243  2197  306.56834 1155 2194  396.00000  296.04724  25.2%   180 6584s
  3244  2198  323.30118 1388 2334  396.00000  296.14023  25.2%   180 6631s
  3245  2199  296.17257  226 2294  396.00000  296.17257  25.2%   180 6638s
  3246  2199  296.19357  900 2336  396.00000  296.19357  25.2%   180 6646s
  3248  2201  369.83283 2157 2373  396.00000  296.19888  25.2%   180 6651s
  3249  2201  396.00000 2437 2371  396.00000  296.19888  25.2%   180 6664s
  3250  2202  296.30131  207 2405  396.00000  296.30131  25.2%   180 6715s
  3251  2203  296.34403   52 2352  396.00000  296.34403  25.2%   180 6724s
  3252  2203  296.35390  464 2370  396.00000  296.35390  25.2%   180 6727s
  3253  2204  343.84438 1961 2402  396.00000  296.36068  25.2%   180 6730s
  3255  2205  296.36270  845 2431  396.00000  296.36270  25.2%   180 6735s
  3256  2206  390.64785 2323 2423  396.00000  296.36270  25.2%   180 6749s
  3257  2207  360.51800 2060 2199  396.00000  296.44420  25.1%   179 6773s
  3259  2209  333.08188 1910  581  396.00000  296.44420  25.1%   195 6820s
  3261  2210  296.44420 1001  227  396.00000  296.44420  25.1%   194 6856s
  3262  2211  296.44420  706  557  396.00000  296.44420  25.1%   194 6878s
  3263  2212  296.44420  991  675  396.00000  296.44420  25.1%   194 6881s
  3265  2213  360.25102 2053  916  396.00000  296.44420  25.1%   194 6887s
  3266  2214  296.44420  112 1131  396.00000  296.44420  25.1%   194 6891s
  3267  2214  396.00000 2497 1131  396.00000  296.44420  25.1%   194 6897s
  3268  2215  296.44420  650 1345  396.00000  296.44420  25.1%   194 6904s
  3269  2216  333.05688 1873 1358  396.00000  296.44420  25.1%   194 6911s
  3270  2216  296.44420  319 1350  396.00000  296.44420  25.1%   194 6917s
  3271  2217  296.44420  391 1498  396.00000  296.44420  25.1%   194 6922s
  3272  2218  296.44420  964 1491  396.00000  296.44420  25.1%   194 6928s
  3273  2218  330.04592 1504 1518  396.00000  296.44420  25.1%   194 6934s
  3274  2219  296.44420   86 1575  396.00000  296.44420  25.1%   194 6939s
  3275  2220  333.09438 1938 1503  396.00000  296.44420  25.1%   194 6943s
  3276  2220  296.44420  549 1786  396.00000  296.44420  25.1%   194 6948s
  3277  2221  296.44420  470 1860  396.00000  296.44420  25.1%   193 6952s
  3278  2222  369.25211 2185 1883  396.00000  296.44420  25.1%   193 6957s
  3279  2222  296.44420 1027 1833  396.00000  296.44420  25.1%   193 6961s
  3280  2223  296.44420  406 2039  396.00000  296.44420  25.1%   193 6965s
  3281  2224  330.07223 1674 2033  396.00000  296.44420  25.1%   193 6971s
  3282  2224  334.00688 1860 2069  396.00000  296.44420  25.1%   193 6978s
  3283  2225  369.25211 2185 2140  396.00000  296.44420  25.1%   193 6982s
  3284  2226  344.55187 1985 2103  396.00000  296.44420  25.1%   193 6987s
  3285  2226  296.44420  490 2104  396.00000  296.44420  25.1%   193 6992s
  3286  2227  296.44420  622 2215  396.00000  296.44420  25.1%   193 6996s
  3287  2228  333.03188 1864 2207  396.00000  296.44420  25.1%   193 7001s
  3288  2228  390.91035 2341 2154  396.00000  296.44420  25.1%   193 7007s
  3289  2229  369.43081 2134 2121  396.00000  296.44420  25.1%   193 7011s
  3290  2230  296.44420 1044 2116  396.00000  296.44420  25.1%   193 7017s
  3291  2230  296.44420  170 2211  396.00000  296.44420  25.1%   193 7022s
  3292  2231  296.44420 1002 2181  396.00000  296.44420  25.1%   193 7025s
  3294  2232  296.44825   30 2266  396.00000  296.44825  25.1%   192 7030s
  3296  2234  296.44865 1052 2261  396.00000  296.44865  25.1%   192 7086s
  3297  2234  369.19942 2096 2306  396.00000  296.52269  25.1%   192 7129s
  3298  2235  369.42466 2121 2288  396.00000  296.54566  25.1%   192 7134s
  3299  2236  314.29897 1216 2303  396.00000  296.57051  25.1%   192 7137s
  3301  2237  296.57457  861 2310  396.00000  296.57457  25.1%   192 7140s
  3302  2238  296.57500   90 2316  396.00000  296.57500  25.1%   192 7155s
  3303  2238  296.64600  607 2276  396.00000  296.64600  25.1%   192 7193s
  3304  2239  396.00000 2392 2298  396.00000  296.68705  25.1%   192 7199s
  3305  2240  334.04438 1887 2334  396.00000  296.70066  25.1%   192 7201s
  3307  2241  349.46882 1977 2374  396.00000  296.71683  25.1%   192 7207s
  3309  2242  296.71917 1005 2404  396.00000  296.71917  25.1%   192 7210s
  3312  2244  314.47856 1250 2430  396.00000  296.72177  25.1%   191 7215s
  3313  2245  314.47919 1301 2431  396.00000  296.72179  25.1%   191 7228s
  3314  2246  369.19806 2131 2435  396.00000  296.79058  25.1%   191 7273s
  3315  2246  343.83310 1949 2443  396.00000  296.83186  25.0%   191 7279s
  3316  2247  314.47888 1271 2456  396.00000  296.84938  25.0%   191 7283s
  3317  2248  296.85957  202 2409  396.00000  296.85957  25.0%   191 7287s
  3319  2249  296.86427  225 2390  396.00000  296.86427  25.0%   191 7290s
  3321  2250  323.30118 1391 2441  396.00000  296.86517  25.0%   191 7309s
  3322  2251  369.45020 2145 2292  396.00000  297.03764  25.0%   191 7333s
  3324  2254  297.03764  886  581  396.00000  297.03764  25.0%   205 7378s
  3326  2255  343.84438 1957  227  396.00000  297.03764  25.0%   205 7410s
  3327  2256  330.07092 1610  518  396.00000  297.03764  25.0%   205 7432s
  3328  2257  344.49824 1967  704  396.00000  297.03764  25.0%   205 7435s
  3330  2258  333.08188 1921  917  396.00000  297.03764  25.0%   205 7440s
  3332  2259  297.03764  556 1113  396.00000  297.03764  25.0%   205 7448s
  3333  2260  297.03764  798 1417  396.00000  297.03764  25.0%   204 7453s
  3334  2261  297.03764   33 1418  396.00000  297.03764  25.0%   204 7460s
  3335  2261  297.03764   80 1422  396.00000  297.03764  25.0%   204 7466s
  3336  2262  330.07618 1755 1428  396.00000  297.03764  25.0%   204 7471s
  3337  2263  347.26677 1970 1617  396.00000  297.03764  25.0%   204 7476s
  3338  2263  297.03764 1052 1623  396.00000  297.03764  25.0%   204 7482s
  3339  2264  306.50584 1153 1641  396.00000  297.03764  25.0%   204 7487s
  3340  2265  297.03764  879 1820  396.00000  297.03764  25.0%   204 7494s
  3341  2265  330.07618 1751 1826  396.00000  297.03764  25.0%   204 7502s
  3342  2266  297.03764  180 1945  396.00000  297.03764  25.0%   204 7508s
  3343  2267  306.56834 1155 1894  396.00000  297.03764  25.0%   204 7518s
  3344  2267  323.30118 1388 1962  396.00000  297.03764  25.0%   204 7527s
  3345  2268  297.03764  226 2069  396.00000  297.03764  25.0%   204 7541s
  3346  2269  297.03764  900 2005  396.00000  297.03764  25.0%   204 7547s
  3347  2269  376.89672 2250 1987  396.00000  297.03764  25.0%   204 7554s
  3348  2270  369.83283 2157 2045  396.00000  297.03764  25.0%   204 7559s
  3349  2271  396.00000 2437 2141  396.00000  297.03764  25.0%   204 7564s
  3350  2271  297.03764  207 2107  396.00000  297.03764  25.0%   203 7571s
  3351  2272  297.03764   52 2210  396.00000  297.03764  25.0%   203 7579s
  3352  2273  297.03764  464 2255  396.00000  297.03764  25.0%   203 7583s
  3353  2273  343.84438 1961 2272  396.00000  297.03764  25.0%   203 7588s
  3354  2274  297.03764  574 2343  396.00000  297.03764  25.0%   203 7591s
  3355  2275  297.03764  845 2340  396.00000  297.03764  25.0%   203 7596s
  3356  2275  390.64785 2323 2360  396.00000  297.03764  25.0%   203 7666s
  3357  2276  360.51800 2060 2304  396.00000  297.12593  25.0%   203 7708s
  3358  2277  393.99785 2358 2581  396.00000  297.21094  24.9%   203 7721s
  3359  2277  333.08188 1910 2610  396.00000  297.24625  24.9%   203 7727s
  3360  2278  297.26472   46 2558  396.00000  297.26472  24.9%   203 7733s
  3361  2279  297.26624 1001 2572  396.00000  297.26624  24.9%   203 7736s
  3362  2279  297.26626  706 2568  396.00000  297.26626  24.9%   203 7753s
  3363  2280  297.33257  991 2604  396.00000  297.33257  24.9%   203 7806s
  3364  2281  330.07618 1740 2429  396.00000  297.42930  24.9%   203 7812s
  3365  2281  360.25102 2053 2346  396.00000  297.72398  24.8%   203 7852s
  3366  2282  297.80108  112 2346  396.00000  297.80108  24.8%   202 7855s
  3369  2284  333.05688 1873 2511  396.00000  297.82064  24.8%   202 7860s
  3370  2285  297.82167  319 2468  396.00000  297.82167  24.8%   202 7866s
  3371  2285  297.82169  391 2479  396.00000  297.82169  24.8%   202 7884s
  3372  2286  298.21421  964 2440  396.00000  298.21421  24.7%   202 7926s
  3373  2287  330.04592 1504 2614  396.00000  298.34187  24.7%   202 7934s
  3374  2287  298.37158   86 2597  396.00000  298.37158  24.7%   202 7940s
  3375  2288  333.09438 1938 2551  396.00000  298.38013  24.7%   202 7946s
  3377  2289  298.38672  470 2568  396.00000  298.38672  24.6%   202 7952s
  3378  2290  369.25211 2185 2509  396.00000  298.38747  24.6%   202 7955s
  3379  2291  298.38762 1027 2513  396.00000  298.38762  24.6%   202 7968s
  3380  2291  298.55117  406 2206  396.00000  298.55117  24.6%   202 8001s
  3382  2294  334.00688 1860  581  396.00000  298.55117  24.6%   217 8039s
  3384  2295  344.55187 1985  228  396.00000  298.55117  24.6%   217 8068s
  3385  2296  298.55117  490  556  396.00000  298.55117  24.6%   217 8087s
  3386  2297  298.55117  622  713  396.00000  298.55117  24.6%   217 8090s
  3389  2299  369.43081 2134  827  396.00000  298.55117  24.6%   217 8096s
  3391  2300  298.55117  170 1201  396.00000  298.55117  24.6%   217 8102s
  3392  2301  298.55117 1002 1352  396.00000  298.55117  24.6%   217 8106s
  3393  2301  298.55117 1072 1359  396.00000  298.55117  24.6%   217 8111s
  3394  2302  298.55117   30 1386  396.00000  298.55117  24.6%   217 8115s
  3396  2303  298.55117 1052 1472  396.00000  298.55117  24.6%   216 8122s
  3397  2304  369.19942 2096 1881  396.00000  298.55117  24.6%   216 8129s
  3398  2305  369.42466 2121 1701  396.00000  298.55117  24.6%   216 8137s
  3399  2305  314.29897 1216 1675  396.00000  298.55117  24.6%   216 8141s
  3400  2306  370.37936 2209 1977  396.00000  298.55117  24.6%   216 8156s
  3401  2307  298.55117  861 1796  396.00000  298.55117  24.6%   216 8161s
  3402  2307  298.55117   90 1937  396.00000  298.55117  24.6%   216 8167s
  3403  2308  298.55117  607 2157  396.00000  298.55117  24.6%   216 8175s
  3404  2309  396.00000 2392 2085  396.00000  298.55117  24.6%   216 8181s
  3405  2309  334.04438 1887 2059  396.00000  298.55117  24.6%   216 8185s
  3406  2310  298.55117  363 2116  396.00000  298.55117  24.6%   216 8192s
  3407  2311  349.46882 1977 2147  396.00000  298.55117  24.6%   216 8197s
  3408  2311  298.55117 1049 2244  396.00000  298.55117  24.6%   216 8201s
  3410  2313  333.01938 1835 2261  396.00000  298.55117  24.6%   216 8207s
  3411  2313  352.69824 2024 2237  396.00000  298.55117  24.6%   215 8212s
  3412  2314  314.47856 1250 2198  396.00000  298.55117  24.6%   215 8215s
  3414  2315  369.19806 2131 2278  396.00000  298.55117  24.6%   215 8225s
  3416  2317  314.47888 1271 2281  396.00000  298.55117  24.6%   215 8231s
  3418  2318  298.55117  845 2209  396.00000  298.55117  24.6%   215 8235s
  3419  2319  298.55117  225 2282  396.00000  298.55117  24.6%   215 8286s
  3420  2319  360.12142 2046 2386  396.00000  298.60781  24.6%   215 8331s
  3421  2320  323.30118 1391 2267  396.00000  299.05231  24.5%   215 8337s
  3422  2321  369.45020 2145 2204  396.00000  299.06404  24.5%   215 8341s
  3424  2322  299.06660  886 2291  396.00000  299.06660  24.5%   215 8347s
  3426  2323  343.84438 1957 2263  396.00000  299.06776  24.5%   215 8351s
  3427  2324  330.07092 1610 2266  396.00000  299.06782  24.5%   214 8362s
  3428  2325  344.49824 1967 2445  396.00000  299.26390  24.4%   214 8416s
  3429  2325  330.09592 1788 2397  396.00000  299.28553  24.4%   214 8421s
  3431  2327  376.89672 2250 2351  396.00000  299.34525  24.4%   214 8428s
  3432  2327  299.34672  556 2349  396.00000  299.34672  24.4%   214 8430s
  3433  2328  299.34673  798 2352  396.00000  299.34673  24.4%   214 8441s
  3434  2329  299.41477   33 2323  396.00000  299.41477  24.4%   214 8486s
  3435  2329  299.47383   80 2286  396.00000  299.47383  24.4%   214 8495s
  3437  2331  347.26677 1970 2335  396.00000  299.49301  24.4%   214 8501s
  3439  2332  306.50584 1153 2348  396.00000  299.49521  24.4%   214 8519s
  3440  2333  299.60552  879 2213  396.00000  299.60552  24.3%   214 8576s
  3442  2335  299.60552  180  581  396.00000  299.60552  24.3%   228 8619s
  3444  2336  323.30118 1388  228  396.00000  299.60552  24.3%   228 8654s
  3445  2337  299.60552  226  611  396.00000  299.60552  24.3%   228 8678s
  3446  2338  299.60552  900  687  396.00000  299.60552  24.3%   228 8680s
  3448  2339  369.83283 2157  931  396.00000  299.60552  24.3%   228 8687s
  3449  2340  396.00000 2437 1038  396.00000  299.60552  24.3%   228 8691s
  3450  2340  299.60552  207 1089  396.00000  299.60552  24.3%   228 8695s
  3452  2342  299.60552  464 1253  396.00000  299.60552  24.3%   228 8703s
  3453  2342  343.84438 1961 1281  396.00000  299.60552  24.3%   228 8707s
  3454  2343  299.60552  574 1368  396.00000  299.60552  24.3%   228 8715s
  3455  2344  299.60552  845 1294  396.00000  299.60552  24.3%   228 8723s
  3456  2344  390.64785 2323 1371  396.00000  299.60552  24.3%   228 8728s
  3457  2345  360.51800 2060 1529  396.00000  299.60552  24.3%   228 8738s
  3458  2346  393.99785 2358 1630  396.00000  299.60552  24.3%   227 8746s
  3459  2346  333.08188 1910 1460  396.00000  299.60552  24.3%   227 8751s
  3460  2347  299.60552   46 1637  396.00000  299.60552  24.3%   227 8758s
  3461  2348  299.60552 1001 1686  396.00000  299.60552  24.3%   227 8764s
  3462  2348  299.60552  706 1843  396.00000  299.60552  24.3%   227 8769s
  3463  2349  299.60552  991 2075  396.00000  299.60552  24.3%   227 8792s
  3464  2350  330.07618 1740 1981  396.00000  299.60552  24.3%   227 8799s
  3465  2350  360.25102 2053 1992  396.00000  299.60552  24.3%   227 8807s
  3466  2351  299.60552  112 2075  396.00000  299.60552  24.3%   227 8814s
  3467  2352  396.00000 2497 2123  396.00000  299.60552  24.3%   227 8820s
  3468  2352  299.60552  650 2092  396.00000  299.60552  24.3%   227 8825s
  3469  2353  333.05688 1873 2114  396.00000  299.60552  24.3%   227 8830s
  3470  2354  299.60552  319 2190  396.00000  299.60552  24.3%   227 8835s
  3471  2354  299.60552  391 2209  396.00000  299.60552  24.3%   227 8840s
  3473  2356  330.04592 1504 2189  396.00000  299.60552  24.3%   226 8851s
  3475  2357  333.09438 1938 2262  396.00000  299.60552  24.3%   226 8855s
  3477  2358  299.60552  470 2252  396.00000  299.60552  24.3%   226 8860s
  3479  2360  299.60626 1027 2269  396.00000  299.60626  24.3%   226 8925s
  3480  2360  299.68821  406 2347  396.00000  299.68821  24.3%   226 8967s
  3481  2361  330.07223 1674 2109  396.00000  299.70766  24.3%   226 8971s
  3484  2363  344.55187 1985 2216  396.00000  299.71282  24.3%   226 8990s
H 3484  2244                     395.0000000  299.75338  24.1%   226 9039s
  3486  2245  299.76542  622 2322  395.00000  299.76542  24.1%   226 9046s
  3488  2247  390.91035 2341 2312  395.00000  299.76906  24.1%   225 9051s
  3490  2248  299.77050 1044 2330  395.00000  299.77050  24.1%   225 9065s
  3491  2249  299.83838  170 2216  395.00000  299.83838  24.1%   225 9104s
  3492  2249  299.86658 1002 2268  395.00000  299.86658  24.1%   225 9109s
  3493  2250  299.86962 1072 2276  395.00000  299.86962  24.1%   225 9112s
  3494  2251  299.87076   30 2343  395.00000  299.87076  24.1%   225 9115s
  3496  2252  299.87210 1052 2323  395.00000  299.87210  24.1%   225 9133s
  3497  2253  369.19942 2096 2156  395.00000  299.90344  24.1%   225 9156s
  3499  2255  314.29897 1216  581  395.00000  299.90344  24.1%   239 9198s
  3501  2256  299.90344  861  228  395.00000  299.90344  24.1%   239 9230s
  3502  2257  299.90344   90  541  395.00000  299.90344  24.1%   239 9251s
  3504  2258  395.00000 2392  752  395.00000  299.90344  24.1%   239 9256s
  3506  2260  299.90344  363 1087  395.00000  299.90344  24.1%   239 9263s
  3507  2260  349.46882 1977 1146  395.00000  299.90344  24.1%   239 9267s
  3508  2261  299.90344 1049 1192  395.00000  299.90344  24.1%   239 9273s
  3509  2262  299.90344 1005 1368  395.00000  299.90344  24.1%   239 9277s
  3510  2262  333.01938 1835 1394  395.00000  299.90344  24.1%   239 9282s
  3511  2263  352.69824 2024 1321  395.00000  299.90344  24.1%   239 9286s
  3512  2264  314.47856 1250 1580  395.00000  299.90344  24.1%   239 9298s
  3513  2264  314.47919 1301 1630  395.00000  299.90344  24.1%   238 9305s
  3514  2265  369.19806 2131 1693  395.00000  299.90344  24.1%   238 9312s
  3515  2266  343.83310 1949 1520  395.00000  299.90344  24.1%   238 9321s
  3516  2266  314.47888 1271 1656  395.00000  299.90344  24.1%   238 9327s
  3517  2267  299.90344  202 1784  395.00000  299.90344  24.1%   238 9333s
  3518  2268  299.90344  845 1892  395.00000  299.90344  24.1%   238 9340s
  3519  2268  299.90344  225 2027  395.00000  299.90344  24.1%   238 9345s
  3520  2269  360.12142 2046 1939  395.00000  299.90344  24.1%   238 9350s
  3521  2270  323.30118 1391 1951  395.00000  299.90344  24.1%   238 9355s
  3522  2270  369.45020 2145 1957  395.00000  299.90344  24.1%   238 9360s
  3523  2271  299.90344  496 1939  395.00000  299.90344  24.1%   238 9366s
  3524  2272  299.90344  886 1851  395.00000  299.90344  24.1%   238 9372s
  3525  2272  323.30118 1440 1976  395.00000  299.90344  24.1%   238 9375s
  3527  2274  330.07092 1610 2028  395.00000  299.90344  24.1%   238 9398s
  3528  2274  344.49824 1967 2165  395.00000  299.90344  24.1%   237 9402s
  3529  2275  330.09592 1788 2125  395.00000  299.90344  24.1%   237 9406s
  3531  2276  376.89672 2250 2129  395.00000  299.90344  24.1%   237 9412s
  3532  2277  299.90344  556 2266  395.00000  299.90344  24.1%   237 9415s
  3535  2279  299.90344   80 2219  395.00000  299.90344  24.1%   237 9421s
  3538  2281  299.90344 1052 2261  395.00000  299.90344  24.1%   237 9426s
  3540  2282  299.90344  879 2277  395.00000  299.90344  24.1%   237 9501s
H 3540  2167                     394.0000000  299.93821  23.9%   237 9545s
  3542  2169  299.97921  180 2394  394.00000  299.97921  23.9%   237 9560s
  3545  2171  299.99183  226 2256  394.00000  299.99183  23.9%   236 9566s
  3546  2171  299.99183  900 2256  394.00000  299.99183  23.9%   236 9581s
  3547  2172  376.89672 2250 2444  394.00000  300.03661  23.8%   236 9630s
  3548  2173  369.83283 2157 2413  394.00000  300.07477  23.8%   236 9636s
  3550  2174  300.09324  207 2379  394.00000  300.09324  23.8%   236 9641s
  3552  2175  300.10019  464 2384  394.00000  300.10019  23.8%   236 9645s
  3553  2176  343.84438 1961 2389  394.00000  300.10021  23.8%   236 9660s
H 3553  2066                     392.9999993  300.19243  23.6%   236 9711s
  3555  2067  300.22774  845 2595  393.00000  300.22774  23.6%   236 9718s
  3556  2068  390.64785 2323 2570  393.00000  300.26003  23.6%   236 9723s
  3557  2069  360.51800 2060 2577  393.00000  300.26733  23.6%   236 9727s
  3559  2070  333.08188 1910 2584  393.00000  300.27504  23.6%   235 9731s
  3561  2071  300.27689 1001 2615  393.00000  300.27689  23.6%   235 9747s
  3562  2072  300.32476  706 2274  393.00000  300.32476  23.6%   235 9777s
  3564  2075  330.07618 1740  581  393.00000  300.32476  23.6%   250 9826s
  3566  2076  300.32476  112  227  393.00000  300.32476  23.6%   249 9858s
  3567  2077  393.00000 2497  522  393.00000  300.32476  23.6%   249 9883s
  3568  2078  300.32476  650  664  393.00000  300.32476  23.6%   249 9886s
  3570  2079  300.32476  319  839  393.00000  300.32476  23.6%   249 9891s
  3571  2080  300.32476  391 1005  393.00000  300.32476  23.6%   249 9895s
  3572  2080  300.32476  964 1120  393.00000  300.32476  23.6%   249 9900s
  3573  2081  330.04592 1504 1227  393.00000  300.32476  23.6%   249 9906s
  3574  2082  300.32476   86 1333  393.00000  300.32476  23.6%   249 9912s
  3575  2082  333.09438 1938 1237  393.00000  300.32476  23.6%   249 9916s
  3577  2084  300.32476  470 1477  393.00000  300.32476  23.6%   249 9941s
  3578  2084  369.25211 2185 1506  393.00000  300.32476  23.6%   249 9947s
  3579  2085  300.32476 1027 1733  393.00000  300.32476  23.6%   249 9953s
  3580  2086  300.32476  406 1713  393.00000  300.32476  23.6%   248 9960s
  3581  2086  330.07223 1674 1630  393.00000  300.32476  23.6%   248 9966s
  3582  2087  334.00688 1860 1751  393.00000  300.32476  23.6%   248 9972s
  3583  2088  369.25211 2185 1948  393.00000  300.32476  23.6%   248 9979s
  3584  2088  344.55187 1985 2098  393.00000  300.32476  23.6%   248 9988s
  3585  2089  300.32476  490 1995  393.00000  300.32476  23.6%   248 9996s
  3586  2090  300.32476  622 2077  393.00000  300.32476  23.6%   248 10005s
  3587  2090  333.03188 1864 2101  393.00000  300.32476  23.6%   248 10011s
  3588  2091  390.91035 2341 2063  393.00000  300.32476  23.6%   248 10018s
  3589  2092  369.43081 2134 2181  393.00000  300.32476  23.6%   248 10023s
  3590  2092  300.32476 1044 2179  393.00000  300.32476  23.6%   248 10026s
  3591  2093  300.32476  170 2188  393.00000  300.32476  23.6%   248 10032s
  3592  2094  300.32476 1002 2260  393.00000  300.32476  23.6%   248 10037s
  3593  2094  300.32476 1072 2260  393.00000  300.32476  23.6%   248 10041s
  3594  2095  300.32476   30 2321  393.00000  300.32476  23.6%   247 10045s
  3596  2096  300.32476 1052 2348  393.00000  300.32476  23.6%   247 10052s
  3597  2097  369.19942 2096 2333  393.00000  300.32476  23.6%   247 10055s
  3599  2098  314.29897 1216 2337  393.00000  300.32476  23.6%   247 10060s
  3601  2100  300.32476  861 2402  393.00000  300.32476  23.6%   247 10065s
  3604  2102  393.00000 2392 2382  393.00000  300.32476  23.6%   247 10122s
  3605  2102  334.04438 1887 2388  393.00000  300.36834  23.6%   247 10166s
  3606  2103  300.38982  363 2385  393.00000  300.38982  23.6%   247 10173s
  3607  2104  349.46882 1977 2368  393.00000  300.40939  23.6%   247 10177s
  3609  2105  300.42085 1005 2372  393.00000  300.42085  23.6%   246 10191s
  3610  2106  333.01938 1835 2503  393.00000  300.44729  23.6%   246 10235s
  3611  2106  352.69824 2024 2528  393.00000  300.46116  23.5%   246 10241s
  3612  2107  314.47856 1250 2580  393.00000  300.49594  23.5%   246 10246s
  3613  2108  314.47919 1301 2603  393.00000  300.50557  23.5%   246 10250s
  3614  2108  369.19806 2131 2594  393.00000  300.50850  23.5%   246 10255s
  3616  2110  314.47888 1271 2634  393.00000  300.51234  23.5%   246 10260s
  3617  2110  300.51238  202 2636  393.00000  300.51238  23.5%   246 10281s
  3618  2111  300.58433  845 2645  393.00000  300.58433  23.5%   246 10327s
  3619  2112  300.60985  225 2563  393.00000  300.60985  23.5%   246 10332s
  3620  2112  360.12142 2046 2557  393.00000  300.68027  23.5%   246 10339s
  3621  2113  323.30118 1391 2544  393.00000  300.69072  23.5%   246 10344s
  3622  2114  369.45020 2145 2505  393.00000  300.69755  23.5%   246 10350s
  3625  2116  323.30118 1440 2607  393.00000  300.70020  23.5%   245 10356s
  3626  2116  343.84438 1957 2610  393.00000  300.70042  23.5%   245 10367s
  3627  2117  330.07092 1610 2441  393.00000  300.74116  23.5%   245 10408s
  3629  2120  330.09592 1788  581  393.00000  300.74116  23.5%   259 10449s
  3631  2121  376.89672 2250  227  393.00000  300.74116  23.5%   258 10481s
  3632  2122  300.74116  556  550  393.00000  300.74116  23.5%   258 10501s
  3633  2123  300.74116  798  680  393.00000  300.74116  23.5%   258 10505s
  3635  2124  300.74116   80  823  393.00000  300.74116  23.5%   258 10510s
  3637  2125  347.26677 1970 1120  393.00000  300.74116  23.5%   258 10515s
  3639  2127  306.50584 1153 1296  393.00000  300.74116  23.5%   258 10523s
  3640  2127  300.74116  879 1407  393.00000  300.74116  23.5%   258 10528s
  3641  2128  330.07618 1751 1380  393.00000  300.74116  23.5%   258 10533s
  3642  2129  300.74116  180 1348  393.00000  300.74116  23.5%   258 10539s
  3643  2129  306.56834 1155 1383  393.00000  300.74116  23.5%   258 10545s
  3644  2130  323.30118 1388 1457  393.00000  300.74116  23.5%   258 10551s
  3645  2131  300.74116  226 1502  393.00000  300.74116  23.5%   257 10557s
  3646  2131  300.74116  900 1565  393.00000  300.74116  23.5%   257 10563s
  3647  2132  376.89672 2250 1659  393.00000  300.74116  23.5%   257 10570s
  3649  2133  393.00000 2437 1921  393.00000  300.74116  23.5%   257 10579s
  3650  2134  300.74116  207 2007  393.00000  300.74116  23.5%   257 10584s
  3651  2135  300.74116   52 2154  393.00000  300.74116  23.5%   257 10592s
  3652  2135  300.74116  464 2079  393.00000  300.74116  23.5%   257 10602s
  3653  2136  343.84438 1961 2149  393.00000  300.74116  23.5%   257 10610s
  3654  2137  300.74116  574 2172  393.00000  300.74116  23.5%   257 10615s
  3655  2137  300.74116  845 2141  393.00000  300.74116  23.5%   257 10623s
  3656  2138  390.64785 2323 2126  393.00000  300.74116  23.5%   257 10630s
  3657  2139  360.51800 2060 2289  393.00000  300.74116  23.5%   257 10637s
  3658  2139  393.00000 2358 2335  393.00000  300.74116  23.5%   257 10644s
  3659  2140  333.08188 1910 2328  393.00000  300.74116  23.5%   256 10651s
  3660  2141  300.74116   46 2378  393.00000  300.74116  23.5%   256 10657s
  3661  2141  300.74116 1001 2480  393.00000  300.74116  23.5%   256 10661s
  3662  2142  300.74116  706 2495  393.00000  300.74116  23.5%   256 10665s
  3665  2144  360.25102 2053 2556  393.00000  300.74116  23.5%   256 10672s
  3667  2145  393.00000 2497 2542  393.00000  300.74116  23.5%   256 10747s
  3668  2146  300.76157  650 2606  393.00000  300.76157  23.5%   256 10803s
  3669  2147  333.05688 1873 2564  393.00000  300.81767  23.5%   256 10808s
  3670  2147  300.83458  319 2573  393.00000  300.83458  23.5%   256 10811s
  3672  2149  300.84007  964 2588  393.00000  300.84007  23.5%   256 10815s
  3673  2149  330.04592 1504 2590  393.00000  300.84013  23.5%   256 10827s
  3674  2150  300.87976   86 2598  393.00000  300.87976  23.4%   255 10868s
  3675  2151  333.09438 1938 2522  393.00000  300.88763  23.4%   255 10874s
  3676  2151  300.89100  549 2504  393.00000  300.89100  23.4%   255 10877s
  3678  2153  369.25211 2185 2525  393.00000  300.89250  23.4%   255 10881s
  3679  2153  300.89261 1027 2519  393.00000  300.89261  23.4%   255 10896s
  3680  2154  300.91933  406 2629  393.00000  300.91933  23.4%   255 10941s
  3681  2155  330.07223 1674 2616  393.00000  300.94563  23.4%   255 10948s
  3682  2155  334.00688 1860 2628  393.00000  300.96149  23.4%   255 10951s
  3683  2156  369.25211 2185 2763  393.00000  300.96700  23.4%   255 10955s
  3685  2157  300.97872  490 2696  393.00000  300.97872  23.4%   255 10960s
  3686  2158  300.97887  622 2683  393.00000  300.97887  23.4%   255 10979s
  3687  2159  333.03188 1864 2411  393.00000  301.03735  23.4%   255 11005s
  3689  2161  369.43081 2134  581  393.00000  301.03735  23.4%   269 11051s
  3691  2162  301.03735  170  228  393.00000  301.03735  23.4%   268 11079s
  3692  2163  301.03735 1002  589  393.00000  301.03735  23.4%   268 11098s
  3693  2164  301.03735 1072  652  393.00000  301.03735  23.4%   268 11103s
  3694  2164  301.03735   30  719  393.00000  301.03735  23.4%   268 11110s
  3697  2166  369.19942 2096 1114  393.00000  301.03735  23.4%   268 11117s
  3698  2167  369.42466 2121 1257  393.00000  301.03735  23.4%   268 11122s
  3699  2168  314.29897 1216 1235  393.00000  301.03735  23.4%   268 11125s
  3701  2169  301.03735  861 1264  393.00000  301.03735  23.4%   268 11133s
  3702  2170  301.03735   90 1394  393.00000  301.03735  23.4%   268 11139s
  3703  2170  301.03735  607 1516  393.00000  301.03735  23.4%   268 11146s
  3704  2171  393.00000 2392 1627  393.00000  301.03735  23.4%   267 11156s
  3705  2172  334.04438 1887 1624  393.00000  301.03735  23.4%   267 11163s
  3706  2172  301.03735  363 1666  393.00000  301.03735  23.4%   267 11170s
  3707  2173  349.46882 1977 1795  393.00000  301.03735  23.4%   267 11176s
  3708  2174  301.03735 1049 1809  393.00000  301.03735  23.4%   267 11182s
  3709  2174  301.03735 1005 1805  393.00000  301.03735  23.4%   267 11204s
  3710  2175  333.01938 1835 2182  393.00000  301.03735  23.4%   267 11211s
  3711  2176  352.69824 2024 2099  393.00000  301.03735  23.4%   267 11220s
  3712  2176  314.47856 1250 2140  393.00000  301.03735  23.4%   267 11227s
  3713  2177  314.47919 1301 2195  393.00000  301.03735  23.4%   267 11233s
  3714  2178  369.19806 2131 2125  393.00000  301.03735  23.4%   267 11241s
  3715  2178  343.83310 1949 2319  393.00000  301.03735  23.4%   267 11249s
  3716  2179  314.47888 1271 2285  393.00000  301.03735  23.4%   267 11254s
  3717  2180  301.03735  202 2332  393.00000  301.03735  23.4%   267 11260s
  3718  2180  301.03735  845 2438  393.00000  301.03735  23.4%   266 11267s
  3719  2181  301.03735  225 2573  393.00000  301.03735  23.4%   266 11273s
  3720  2182  360.12142 2046 2478  393.00000  301.03735  23.4%   266 11277s
  3721  2182  323.30118 1391 2567  393.00000  301.03735  23.4%   266 11284s
  3722  2183  369.45020 2145 2533  393.00000  301.03735  23.4%   266 11289s
  3723  2184  301.03735  496 2508  393.00000  301.03735  23.4%   266 11291s
  3724  2184  301.03735  886 2530  393.00000  301.03735  23.4%   266 11295s
  3727  2186  330.07092 1610 2538  393.00000  301.03735  23.4%   266 11364s
  3728  2187  344.49824 1967 2713  393.00000  301.05488  23.4%   266 11415s
  3730  2188  333.08188 1921 2664  393.00000  301.06100  23.4%   266 11421s
  3732  2190  301.06263  556 2659  393.00000  301.06263  23.4%   265 11439s
  3733  2190  301.07649  798 2631  393.00000  301.07649  23.4%   265 11486s
  3734  2191  301.08242   33 2614  393.00000  301.08242  23.4%   265 11490s
  3736  2192  330.07618 1755 2606  393.00000  301.08675  23.4%   265 11495s
  3737  2193  347.26677 1970 2615  393.00000  301.08693  23.4%   265 11507s
H 3737  2082                     392.0000000  301.10986  23.2%   265 11551s
  3739  2083  306.50584 1153 2627  392.00000  301.11863  23.2%   265 11556s
  3740  2084  301.12783  879 2656  392.00000  301.12783  23.2%   265 11560s
  3742  2085  301.13537  180 2704  392.00000  301.13537  23.2%   265 11566s
  3743  2086  306.56834 1155 2692  392.00000  301.13544  23.2%   265 11579s
  3744  2087  323.30118 1388 2431  392.00000  301.17248  23.2%   265 11600s
  3745  2087  301.17248  226 2431  392.00000  301.17248  23.2%   265 11806s
  3746  2090  301.30779  287 2461  392.00000  301.17261  23.2%   280 11869s
  3747  2091  301.43260  287 2395  392.00000  301.30953  23.1%   280 11876s
  3748  2091  301.40750  288 2394  392.00000  301.30953  23.1%   280 11881s
  3749  2092  301.36045  288 2410  392.00000  301.36045  23.1%   280 11885s
  3752  2094  301.45731  290 2421  392.00000  301.36045  23.1%   280 11892s
  3753  2095  301.53134  290 2299  392.00000  301.36045  23.1%   280 11903s
  3754  2095  301.56767  291 2314  392.00000  301.36045  23.1%   280 11905s
  3755  2096  301.70506  291 2211  392.00000  301.36045  23.1%   280 11916s
  3758  2098  301.82525  293 2037  392.00000  301.36045  23.1%   280 11920s
  3760  2099  301.86274  294 2017  392.00000  301.36045  23.1%   280 11925s
  3763  2101  301.87212  295 1978  392.00000  301.36045  23.1%   280 11930s
  3765  2103  302.31971  296 1812  392.00000  301.36045  23.1%   280 11936s
  3767  2104  302.36217  297 1768  392.00000  301.36045  23.1%   279 11940s
  3772  2107  303.06962  300 1678  392.00000  301.36045  23.1%   279 11951s
  3773  2108  303.42142  300 1688  392.00000  301.36045  23.1%   279 11955s
  3777  2111  303.70488  302 1645  392.00000  301.36045  23.1%   279 11971s
  3783  2115  303.63912  305 1490  392.00000  301.36045  23.1%   279 11975s
  3791  2120  304.44073  309 1301  392.00000  301.36045  23.1%   279 11980s
  3799  2125  304.27175  313 1151  392.00000  301.36045  23.1%   278 11990s
  3800  2126  304.27876  314 1146  392.00000  301.36045  23.1%   278 11995s
  3807  2131  304.90241  317 1071  392.00000  301.36045  23.1%   278 12000s
  3816  2137  307.45479  322  909  392.00000  301.36045  23.1%   277 12005s
  3825  2143  308.38281  326  816  392.00000  301.36045  23.1%   277 12010s
  3835  2149  308.86041  331  803  392.00000  301.36045  23.1%   276 12015s
  3837  2151  313.03631  332  704  392.00000  301.36045  23.1%   277 12038s
  3841  2153  309.68173  334  817  392.00000  301.36045  23.1%   277 12042s
  3846  2157  310.06968  337  751  392.00000  301.36045  23.1%   276 12045s
  3853  2161  312.64729  340  696  392.00000  301.36045  23.1%   276 12052s
  3860  2166  311.91896  344  709  392.00000  301.36045  23.1%   276 12055s
  3875  2176  319.18619  351  603  392.00000  301.36045  23.1%   275 12064s
  3876  2177  311.92842  352  703  392.00000  301.36045  23.1%   275 12065s
  3883  2181  319.22193  355  645  392.00000  301.36045  23.1%   275 12073s
  3885  2183  318.85946  356  701  392.00000  301.36045  23.1%   275 12091s
  3897  2191  317.96074  362  717  392.00000  301.36045  23.1%   275 12117s
  3900  2193  311.92842  364  703  392.00000  301.36045  23.1%   275 12122s
  3901  2193  318.28747  364  645  392.00000  301.36045  23.1%   275 12125s
  3910  2199  311.92842  369  702  392.00000  301.36045  23.1%   274 12130s
  3925  2209  316.52355  376  663  392.00000  301.36045  23.1%   273 12135s
  3934  2215  311.96303  381  699  392.00000  301.36045  23.1%   273 12140s
  3947  2224  316.11115  387  689  392.00000  301.36045  23.1%   272 12145s
  3961  2233  317.04380  394  699  392.00000  301.36045  23.1%   271 12151s
  3971  2240  317.96880  399  699  392.00000  301.36045  23.1%   271 12155s
  3986  2250  312.07040  407  699  392.00000  301.36045  23.1%   270 12160s
  3995  2256  318.89380  411  698  392.00000  301.36045  23.1%   269 12165s
  4000  2259  312.07040  414  699  392.00000  301.36045  23.1%   269 12171s
  4009  2265  318.89380  418  698  392.00000  301.36045  23.1%   269 12175s
  4017  2271  319.81880  422  698  392.00000  301.36045  23.1%   268 12180s
  4031  2280  319.81880  429  697  392.00000  301.36045  23.1%   268 12185s
  4042  2287  312.08941  435  699  392.00000  301.36045  23.1%   267 12191s
  4047  2291  321.60655  437  647  392.00000  301.36045  23.1%   267 12198s
  4049  2292  321.24408  438  678  392.00000  301.36045  23.1%   267 12218s
  4053  2295  321.64342  440  731  392.00000  301.36045  23.1%   267 12220s
  4062  2301  312.11688  445  699  392.00000  301.36045  23.1%   267 12225s
  4069  2305  317.11880  448  698  392.00000  301.36045  23.1%   266 12230s
  4082  2314  312.13589  455  701  392.00000  301.36045  23.1%   266 12235s
  4096  2323  312.14540  462  700  392.00000  301.36045  23.1%   265 12242s
  4100  2326  312.14540  464  700  392.00000  301.36045  23.1%   265 12247s
  4109  2332  318.96880  468  697  392.00000  301.36045  23.1%   264 12250s
  4123  2341  318.96880  475  697  392.00000  301.36045  23.1%   263 12256s
  4134  2349  312.15490  481  699  392.00000  301.36045  23.1%   263 12260s
  4148  2358  312.15490  488  699  392.00000  301.36045  23.1%   262 12265s
  4156  2363  312.15490  492  699  392.00000  301.36045  23.1%   262 12270s
  4171  2373  320.81880  499  698  392.00000  301.36045  23.1%   261 12275s
  4175  2376  322.13431  501  769  392.00000  301.36045  23.1%   262 12314s
  4177  2377  319.05739  502  752  392.00000  301.36045  23.1%   262 12351s
  4187  2384  317.27831  507  691  392.00000  301.36045  23.1%   262 12355s
  4200  2393  312.26394  514  706  392.00000  301.36045  23.1%   261 12364s
  4202  2394  312.26394  515  710  392.00000  301.36045  23.1%   261 12365s
  4210  2399  312.26394  519  706  392.00000  301.36045  23.1%   261 12370s
  4224  2409  312.30450  526  706  392.00000  301.36045  23.1%   260 12375s
  4231  2413  318.15489  529  690  392.00000  301.36045  23.1%   259 12380s
  4245  2423  318.21739  536  691  392.00000  301.36045  23.1%   259 12385s
  4258  2431  312.34957  543  698  392.00000  301.36045  23.1%   258 12391s
  4269  2439  318.11880  548  690  392.00000  301.36045  23.1%   257 12395s
  4276  2443  312.35908  552  700  392.00000  301.36045  23.1%   257 12400s
  4285  2449  319.03306  556  691  392.00000  301.36045  23.1%   257 12405s
  4299  2459  319.03306  563  691  392.00000  301.36045  23.1%   257 12410s
  4302  2461  312.36706  565  706  392.00000  301.36045  23.1%   257 12415s
  4312  2467  312.36858  570  699  392.00000  301.36045  23.1%   256 12420s
  4327  2477  319.96880  577  698  392.00000  301.36045  23.1%   256 12425s
  4339  2485  320.89380  583  688  392.00000  301.36045  23.1%   255 12431s
  4350  2493  312.37809  589  699  392.00000  301.36045  23.1%   255 12435s
  4361  2500  321.81880  594  688  392.00000  301.36045  23.1%   255 12441s
  4366  2503  312.38760  597  699  392.00000  301.36045  23.1%   254 12445s
  4379  2512  319.10648  603  691  392.00000  301.36045  23.1%   254 12450s
  4393  2521  319.10648  610  692  392.00000  301.36045  23.1%   253 12457s
  4400  2526  312.43680  614  709  392.00000  301.36045  23.1%   253 12463s
  4405  2529  319.10648  616  691  392.00000  301.36045  23.1%   253 12465s
  4419  2539  319.98148  623  692  392.00000  301.36045  23.1%   252 12470s
  4426  2543  312.48482  627  709  392.00000  301.36045  23.1%   252 12475s
  4428  2545  312.48482  628  709  392.00000  301.36045  23.1%   252 12528s
  4433  2548  319.98148  630  691  392.00000  301.36045  23.1%   252 12530s
  4446  2557  312.48632  637  703  392.00000  301.36045  23.1%   252 12535s
  4452  2561  312.48632  640  705  392.00000  301.36045  23.1%   251 12540s
  4467  2571  320.04380  647  699  392.00000  301.36045  23.1%   251 12545s
  4474  2575  312.49583  651  703  392.00000  301.36045  23.1%   250 12550s
  4491  2587  320.96880  659  698  392.00000  301.36045  23.1%   250 12555s
  4500  2593  312.51484  664  702  392.00000  301.36045  23.1%   249 12562s
  4501  2593  320.96880  664  699  392.00000  301.36045  23.1%   249 12565s
  4507  2597  324.63395  667  700  392.00000  301.36045  23.1%   249 12574s
  4509  2599  321.89380  668  697  392.00000  301.36045  23.1%   249 12575s
  4524  2609  312.90728  676  696  392.00000  301.36045  23.1%   249 12580s
  4531  2613  320.11126  679  692  392.00000  301.36045  23.1%   249 12585s
  4545  2623  320.11126  686  692  392.00000  301.36045  23.1%   248 12590s
  4555  2629  320.17376  691  692  392.00000  301.36045  23.1%   248 12596s

Cutting planes:
  Gomory: 22
  Cover: 155
  Implied bound: 2
  MIR: 217
  StrongCG: 24
  Flow cover: 2029
  Zero half: 40
  Network: 70

Explored 4565 nodes (1157763 simplex iterations) in 12600.17 seconds
Thread count was 1 (of 40 available processors)

Solution count 10: 392 393 394 ... 403

Time limit reached
Best objective 3.920000000000e+02, best bound 3.020000000000e+02, gap 22.9592%
Parameter SolutionNumber unchanged
   Value: 0  Min: 0  Max: 2000000000  Default: 0
Changed value of parameter SolutionNumber to 1
   Prev: 0  Min: 0  Max: 2000000000  Default: 0
Changed value of parameter SolutionNumber to 2
   Prev: 1  Min: 0  Max: 2000000000  Default: 0
Changed value of parameter SolutionNumber to 3
   Prev: 2  Min: 0  Max: 2000000000  Default: 0
Changed value of parameter SolutionNumber to 4
   Prev: 3  Min: 0  Max: 2000000000  Default: 0
Changed value of parameter SolutionNumber to 5
   Prev: 4  Min: 0  Max: 2000000000  Default: 0
Changed value of parameter SolutionNumber to 6
   Prev: 5  Min: 0  Max: 2000000000  Default: 0
Changed value of parameter SolutionNumber to 7
   Prev: 6  Min: 0  Max: 2000000000  Default: 0
Changed value of parameter SolutionNumber to 8
   Prev: 7  Min: 0  Max: 2000000000  Default: 0
Changed value of parameter SolutionNumber to 9
   Prev: 8  Min: 0  Max: 2000000000  Default: 0
