/home/eecs/mattjones/.local/lib/python3.6/site-packages/Cassiopeia/TreeSolver/reconstruct_tree.py:99: NumbaWarning: 
Compilation is falling back to object mode WITH looplifting enabled because Function "compute_distance_mat" failed type inference due to: Untyped global name 'tqdm': cannot determine Numba type of <class 'type'>

File "../../../../../../../../../home/eecs/mattjones/.local/lib/python3.6/site-packages/Cassiopeia/TreeSolver/reconstruct_tree.py", line 104:
def compute_distance_mat(cm, C, priors=None):
    <source elided>
    k = 0
    for i in tqdm(range(C-1), desc = 'solving distance matrix'):
    ^

  @jit(parallel=True)
/home/eecs/mattjones/.local/lib/python3.6/site-packages/Cassiopeia/TreeSolver/reconstruct_tree.py:99: NumbaWarning: 
Compilation is falling back to object mode WITHOUT looplifting enabled because Function "compute_distance_mat" failed type inference due to: cannot determine Numba type of <class 'numba.dispatcher.LiftedLoop'>

File "../../../../../../../../../home/eecs/mattjones/.local/lib/python3.6/site-packages/Cassiopeia/TreeSolver/reconstruct_tree.py", line 104:
def compute_distance_mat(cm, C, priors=None):
    <source elided>
    k = 0
    for i in tqdm(range(C-1), desc = 'solving distance matrix'):
    ^

  @jit(parallel=True)
/home/eecs/mattjones/anaconda3/envs/py36/lib/python3.6/site-packages/numba/compiler.py:725: NumbaWarning: Function "compute_distance_mat" was compiled in object mode without forceobj=True, but has lifted loops.

File "../../../../../../../../../home/eecs/mattjones/.local/lib/python3.6/site-packages/Cassiopeia/TreeSolver/reconstruct_tree.py", line 100:
@jit(parallel=True)
def compute_distance_mat(cm, C, priors=None):
^

  self.func_ir.loc))
/home/eecs/mattjones/anaconda3/envs/py36/lib/python3.6/site-packages/numba/compiler.py:734: NumbaDeprecationWarning: 
Fall-back from the nopython compilation path to the object mode compilation path has been detected, this is deprecated behaviour.

For more information visit http://numba.pydata.org/numba-doc/latest/reference/deprecation.html#deprecation-of-object-mode-fall-back-behaviour-when-using-jit

File "../../../../../../../../../home/eecs/mattjones/.local/lib/python3.6/site-packages/Cassiopeia/TreeSolver/reconstruct_tree.py", line 100:
@jit(parallel=True)
def compute_distance_mat(cm, C, priors=None):
^

  warnings.warn(errors.NumbaDeprecationWarning(msg, self.func_ir.loc))
/home/eecs/mattjones/.local/lib/python3.6/site-packages/Cassiopeia/TreeSolver/reconstruct_tree.py:99: NumbaWarning: 
Compilation is falling back to object mode WITHOUT looplifting enabled because Function "compute_distance_mat" failed type inference due to: Untyped global name 'tqdm': cannot determine Numba type of <class 'type'>

File "../../../../../../../../../home/eecs/mattjones/.local/lib/python3.6/site-packages/Cassiopeia/TreeSolver/reconstruct_tree.py", line 104:
def compute_distance_mat(cm, C, priors=None):
    <source elided>
    k = 0
    for i in tqdm(range(C-1), desc = 'solving distance matrix'):
    ^

  @jit(parallel=True)
/home/eecs/mattjones/anaconda3/envs/py36/lib/python3.6/site-packages/numba/compiler.py:725: NumbaWarning: Function "compute_distance_mat" was compiled in object mode without forceobj=True.

File "../../../../../../../../../home/eecs/mattjones/.local/lib/python3.6/site-packages/Cassiopeia/TreeSolver/reconstruct_tree.py", line 104:
def compute_distance_mat(cm, C, priors=None):
    <source elided>
    k = 0
    for i in tqdm(range(C-1), desc = 'solving distance matrix'):
    ^

  self.func_ir.loc))
/home/eecs/mattjones/anaconda3/envs/py36/lib/python3.6/site-packages/numba/compiler.py:734: NumbaDeprecationWarning: 
Fall-back from the nopython compilation path to the object mode compilation path has been detected, this is deprecated behaviour.

For more information visit http://numba.pydata.org/numba-doc/latest/reference/deprecation.html#deprecation-of-object-mode-fall-back-behaviour-when-using-jit

File "../../../../../../../../../home/eecs/mattjones/.local/lib/python3.6/site-packages/Cassiopeia/TreeSolver/reconstruct_tree.py", line 104:
def compute_distance_mat(cm, C, priors=None):
    <source elided>
    k = 0
    for i in tqdm(range(C-1), desc = 'solving distance matrix'):
    ^

  warnings.warn(errors.NumbaDeprecationWarning(msg, self.func_ir.loc))
/home/eecs/mattjones/.local/lib/python3.6/site-packages/Cassiopeia/TreeSolver/reconstruct_tree.py:99: NumbaWarning: 
Compilation is falling back to object mode WITHOUT looplifting enabled because Function "compute_distance_mat" failed type inference due to: Untyped global name 'tqdm': cannot determine Numba type of <class 'type'>

File "../../../../../../../../../home/eecs/mattjones/.local/lib/python3.6/site-packages/Cassiopeia/TreeSolver/reconstruct_tree.py", line 104:
def compute_distance_mat(cm, C, priors=None):
    <source elided>
    k = 0
    for i in tqdm(range(C-1), desc = 'solving distance matrix'):
    ^

  @jit(parallel=True)
solving distance matrix:   0%|          | 0/159 [00:00<?, ?it/s]solving distance matrix:   4%|▍         | 7/159 [00:00<00:02, 66.65it/s]solving distance matrix:   9%|▉         | 14/159 [00:00<00:02, 67.51it/s]solving distance matrix:  14%|█▍        | 22/159 [00:00<00:01, 69.30it/s]solving distance matrix:  19%|█▉        | 31/159 [00:00<00:01, 72.11it/s]solving distance matrix:  25%|██▌       | 40/159 [00:00<00:01, 75.18it/s]solving distance matrix:  30%|███       | 48/159 [00:00<00:01, 75.98it/s]solving distance matrix:  36%|███▋      | 58/159 [00:00<00:01, 79.67it/s]solving distance matrix:  43%|████▎     | 69/159 [00:00<00:01, 85.00it/s]solving distance matrix:  51%|█████     | 81/159 [00:00<00:00, 92.44it/s]solving distance matrix:  60%|█████▉    | 95/159 [00:01<00:00, 101.91it/s]solving distance matrix:  71%|███████   | 113/159 [00:01<00:00, 117.04it/s]solving distance matrix:  91%|█████████ | 144/159 [00:01<00:00, 143.63it/s]solving distance matrix: 100%|██████████| 159/159 [00:01<00:00, 124.19it/s]
0it [00:00, ?it/s]318it [00:00, 18633.28it/s]
